#
# A fatal error has been detected by the Java Runtime Environment:
#
#  SIGSEGV (0xb) at pc=0x000000010e8a4acc, pid=30521, tid=19203
#
# JRE version: OpenJDK Runtime Environment (21.0.1+12) (build 21.0.1+12-29)
# Java VM: OpenJDK 64-Bit Server VM (21.0.1+12-29, mixed mode, sharing, tiered, compressed oops, compressed class ptrs, g1 gc, bsd-amd64)
# Problematic frame:
# V  [libjvm.dylib+0x8a4acc]  markWord::displaced_mark_helper() const+0x1c
#
# No core dump will be written. Core dumps have been disabled. To enable core dumping, try "ulimit -c unlimited" before starting Java again
#
# If you would like to submit a bug report, please visit:
#   https://bugreport.java.com/bugreport/crash.jsp
#

---------------  S U M M A R Y ------------

Command Line: -javaagent:/Applications/IntelliJ IDEA CE.app/Contents/lib/idea_rt.jar=62647:/Applications/IntelliJ IDEA CE.app/Contents/bin -Dfile.encoding=UTF-8 -Dsun.stdout.encoding=UTF-8 -Dsun.stderr.encoding=UTF-8 com.autorent.rentacar.RentacarApplication

Host: "MacBookAir6,2" x86_64 1400 MHz, 4 cores, 4G, Darwin 20.6.0, macOS 11.7.10 (20G1427)
Time: Thu Oct 24 19:18:19 2024 +03 elapsed time: 797.923187 seconds (0d 0h 13m 17s)

---------------  T H R E A D  ---------------

Current thread (0x00007fae6240e1b0):  WorkerThread "GC Thread#0"    [id=19203, stack(0x000070000cc8e000,0x000070000cd8e000) (1024K)]

Stack: [0x000070000cc8e000,0x000070000cd8e000],  sp=0x000070000cd8db40,  free space=1022k
Native frames: (J=compiled Java code, j=interpreted, Vv=VM code, C=native code)
V  [libjvm.dylib+0x8a4acc]  markWord::displaced_mark_helper() const+0x1c
V  [libjvm.dylib+0x4ed0b8]  G1ParScanThreadState::do_copy_to_survivor_space(G1HeapRegionAttr, oopDesc*, markWord)+0x108
V  [libjvm.dylib+0x4ec341]  G1ParScanThreadState::trim_queue_to_threshold(unsigned int)+0x491
V  [libjvm.dylib+0x4f8c52]  G1ScanHRForRegionClosure::scan_memregion(unsigned int, MemRegion)+0xd2
V  [libjvm.dylib+0x4f8b10]  G1ScanHRForRegionClosure::scan_heap_roots(HeapRegion*)+0x370
V  [libjvm.dylib+0x4f8780]  G1ScanHRForRegionClosure::do_heap_region(HeapRegion*)+0x50
V  [libjvm.dylib+0x4f7388]  G1RemSet::scan_heap_roots(G1ParScanThreadState*, unsigned int, G1GCPhaseTimes::GCParPhases, G1GCPhaseTimes::GCParPhases, bool)+0x148
V  [libjvm.dylib+0x50f2a8]  G1EvacuateRegionsTask::scan_roots(G1ParScanThreadState*, unsigned int)+0x48
V  [libjvm.dylib+0x50f155]  G1EvacuateRegionsBaseTask::work(unsigned int)+0x75
V  [libjvm.dylib+0xbaacfc]  WorkerThread::run()+0x7c
V  [libjvm.dylib+0xae0af5]  Thread::call_run()+0xa5
V  [libjvm.dylib+0x93cf47]  thread_native_entry(Thread*)+0x147
C  [libsystem_pthread.dylib+0x68fc]  _pthread_start+0xe0
C  [libsystem_pthread.dylib+0x2443]  thread_start+0xf

siginfo: si_signo: 11 (SIGSEGV), si_code: 1 (SEGV_MAPERR), si_addr: 0x0000000000041414

Registers:
RAX=0x0000000000000002, RBX=0x000000012a000009, RCX=0x000000010ee0e50c, RDX=0x0000000000000001
RSP=0x000070000cd8db40, RBP=0x000070000cd8db50, RSI=0x0000000000000001, RDI=0x000070000cd8db90
R8 =0x0000000000041414, R9 =0x00000007c2c0d9e0, R10=0x0101010101010101, R11=0xfffffffffff64318
R12=0x0000000000041416, R13=0x0000000000254000, R14=0x0000000000000001, R15=0x00007fae68439c10
RIP=0x000000010e8a4acc, EFLAGS=0x0000000000010206, ERR=0x0000000000000004
  TRAPNO=0x000000000000000e


Register to memory mapping:

RAX=0x0000000000000002 is an unknown value
RBX=0x000000012a000009 is pointing into metadata
RCX=0x000000010ee0e50c: LockingMode+0 in /Users/macbook/Library/Java/JavaVirtualMachines/openjdk-21.0.1/Contents/Home/lib/server/libjvm.dylib at 0x000000010e000000
RDX=0x0000000000000001 is an unknown value
RSP=0x000070000cd8db40 points into unknown readable memory: 0x0000000000000001 | 01 00 00 00 00 00 00 00
RBP=0x000070000cd8db50 points into unknown readable memory: 0x000070000cd8dbd0 | d0 db d8 0c 00 70 00 00
RSI=0x0000000000000001 is an unknown value
RDI=0x000070000cd8db90 points into unknown readable memory: 0x0000000000041416 | 16 14 04 00 00 00 00 00
R8 =0x0000000000041414 is an unknown value
R9 =
[error occurred during error reporting (printing register info), id 0xb, SIGSEGV (0xb) at pc=0x000000010e49bad0]
R10=0x0101010101010101 is an unknown value
R11=0xfffffffffff64318 is an unknown value
R12=0x0000000000041416 is an unknown value
R13=0x0000000000254000 is an unknown value
R14=0x0000000000000001 is an unknown value
R15=0x00007fae68439c10 points into unknown readable memory: 0x000000010ede32a0 | a0 32 de 0e 01 00 00 00

Top of Stack: (sp=0x000070000cd8db40)
0x000070000cd8db40:   0000000000000001 000000012a000009
0x000070000cd8db50:   000070000cd8dbd0 000000010e4ed0b8
0x000070000cd8db60:   0000000000000000 00007fae62413c40
0x000070000cd8db70:   00000001c2ab035c 000000012a000009
0x000070000cd8db80:   00007fae68439c10 0000000000041416
0x000070000cd8db90:   0000000000041416 00000007c2c0d9e0
0x000070000cd8dba0:   000170000cd8dbd0 00000007c2ab043c
0x000070000cd8dbb0:   00007fae68439c10 00007fae6240ca40
0x000070000cd8dbc0:   0000000000000040 000000b9b5c629f7
0x000070000cd8dbd0:   000070000cd8dc20 000000010e4ec341
0x000070000cd8dbe0:   000070000cd8dbf0 000000400e93d3b9
0x000070000cd8dbf0:   00007fae68439c28 00007fae68439c10
0x000070000cd8dc00:   000001736956e88e 000070000cd8dde8
0x000070000cd8dc10:   00000007c1852c10 000000b9b5c629f7
0x000070000cd8dc20:   000070000cd8dc80 000000010e4f8c52
0x000070000cd8dc30:   000000010ede36d8 0000000000000000
0x000070000cd8dc40:   00007fae6400ce00 00007fae68439c10
0x000070000cd8dc50:   000070000cd8dde8 00000001265ee2a0
0x000070000cd8dc60:   00000007c1852a00 00000001265ee296
0x000070000cd8dc70:   0000000000000001 00007fae6240e0c0
0x000070000cd8dc80:   000070000cd8dd00 000000010e4f8b10
0x000070000cd8dc90:   0000000000000060 00007fae6240e550
0x000070000cd8dca0:   00007fae62512760 00000000000003d8
0x000070000cd8dcb0:   00007fae62512770 00007fae62512b48
0x000070000cd8dcc0:   0000000000000000 000070000cd8dd98
0x000070000cd8dcd0:   0000000000000018 000070000cd8dd98
0x000070000cd8dce0:   00007fae6240e0c0 0000000000000000
0x000070000cd8dcf0:   00007fae6240f9c0 000070000cd8dd18
0x000070000cd8dd00:   000070000cd8dd60 000000010e4f8780
0x000070000cd8dd10:   000070000cd8de60 00007fae68439c10
0x000070000cd8dd20:   000000b9b53309b8 000001736830a6b3
0x000070000cd8dd30:   000070000cd8ddf0 000070000cd8de00 

Instructions: (pc=0x000000010e8a4acc)
0x000000010e8a49cc:   00 00 00 00 00 48 c7 05 64 c6 59 00 00 00 00 00
0x000000010e8a49dc:   48 c7 05 61 c6 59 00 00 00 00 00 48 c7 05 5e c6
0x000000010e8a49ec:   59 00 00 00 00 00 48 8d 3d 07 cf ff ff 48 89 da
0x000000010e8a49fc:   e8 fb 50 3a 00 48 c7 05 8c c6 59 00 00 00 00 00
0x000000010e8a4a0c:   48 8d 05 45 d1 54 00 48 89 05 76 c6 59 00 48 c7
0x000000010e8a4a1c:   05 83 c6 59 00 00 00 00 00 48 8d 05 74 c6 59 00
0x000000010e8a4a2c:   c7 05 7a c6 59 00 04 00 00 00 48 8d 0d 7b d0 54
0x000000010e8a4a3c:   00 48 89 0d 5c c6 59 00 48 8d 0d 55 32 54 00 48
0x000000010e8a4a4c:   83 c1 10 48 89 0d 62 c6 59 00 48 89 05 63 c6 59
0x000000010e8a4a5c:   00 c7 05 61 c6 59 00 04 00 00 00 48 89 0d 62 c6
0x000000010e8a4a6c:   59 00 48 8d 05 73 c6 59 00 48 89 05 5c c6 59 00
0x000000010e8a4a7c:   c7 05 5a c6 59 00 08 00 00 00 48 c7 05 5f c6 59
0x000000010e8a4a8c:   00 00 00 00 00 48 8d 05 70 d0 54 00 48 89 05 49
0x000000010e8a4a9c:   c6 59 00 48 83 c4 08 5b 5d c3 90 90 90 90 90 90
0x000000010e8a4aac:   90 90 90 90 55 48 89 e5 53 50 4c 8b 07 4c 89 c0
0x000000010e8a4abc:   48 83 e0 03 74 0a 48 83 f8 02 75 0e 49 83 f0 02
0x000000010e8a4acc:   49 8b 00 48 83 c4 08 5b 5d c3 48 89 fb 48 8d 35
0x000000010e8a4adc:   2c ff 3f 00 48 8d 0d 4e ff 3f 00 bf 00 00 00 e0
0x000000010e8a4aec:   ba 2b 00 00 00 31 c0 e8 88 6a b2 ff 48 8b 03 48
0x000000010e8a4afc:   83 c4 08 5b 5d c3 66 2e 0f 1f 84 00 00 00 00 00
0x000000010e8a4b0c:   0f 1f 40 00 55 48 89 e5 4c 8b 07 4c 89 c0 48 83
0x000000010e8a4b1c:   e0 03 74 0a 48 83 f8 02 75 09 49 83 f0 02 49 89
0x000000010e8a4b2c:   30 5d c3 48 8d 35 d6 fe 3f 00 48 8d 0d f8 fe 3f
0x000000010e8a4b3c:   00 bf 00 00 00 e0 ba 3d 00 00 00 31 c0 5d e9 31
0x000000010e8a4b4c:   6a b2 ff 90 55 48 89 e5 41 57 41 56 53 50 89 d3
0x000000010e8a4b5c:   49 89 f6 49 89 ff 48 8b 17 89 d0 83 e0 03 48 83
0x000000010e8a4b6c:   f8 01 74 1a 83 f8 02 74 7c 83 f8 03 0f 85 a3 00
0x000000010e8a4b7c:   00 00 48 8d 35 c4 fe 3f 00 e9 9e 00 00 00 48 8d
0x000000010e8a4b8c:   35 12 ff 3f 00 4c 89 f7 31 c0 e8 b5 0c 0a 00 41
0x000000010e8a4b9c:   8b 07 83 e0 03 83 f8 01 0f 85 92 00 00 00 48 8d
0x000000010e8a4bac:   35 f9 fe 3f 00 4c 89 f7 31 c0 e8 95 0c 0a 00 49
0x000000010e8a4bbc:   8b 17 48 b8 00 ff ff ff 7f 00 00 00 48 85 c2 0f 


Stack slot to memory mapping:

stack at sp + 0 slots: 0x0000000000000001 is an unknown value
stack at sp + 1 slots: 0x000000012a000009 is pointing into metadata
stack at sp + 2 slots: 0x000070000cd8dbd0 points into unknown readable memory: 0x000070000cd8dc20 | 20 dc d8 0c 00 70 00 00
stack at sp + 3 slots: 0x000000010e4ed0b8: _ZN20G1ParScanThreadState25do_copy_to_survivor_spaceE16G1HeapRegionAttrP7oopDesc8markWord+0x108 in /Users/macbook/Library/Java/JavaVirtualMachines/openjdk-21.0.1/Contents/Home/lib/server/libjvm.dylib at 0x000000010e000000
stack at sp + 4 slots: 0x0 is null
stack at sp + 5 slots: 0x00007fae62413c40 points into unknown readable memory: 0x00000007c2b00000 | 00 00 b0 c2 07 00 00 00
stack at sp + 6 slots: 0x00000001c2ab035c is an unknown value
stack at sp + 7 slots: 0x000000012a000009 is pointing into metadata


---------------  P R O C E S S  ---------------

Threads class SMR info:
_java_thread_list=0x00007fae62708a80, length=30, elements={
0x00007fae62830e00, 0x00007fae6403ac00, 0x00007fae6301e400, 0x00007fae6300f200,
0x00007fae6300fa00, 0x00007fae64036600, 0x00007fae63846400, 0x00007fae63846c00,
0x00007fae630ffe00, 0x00007fae63100600, 0x00007fae64142a00, 0x00007fae669b2200,
0x00007fae62a5ca00, 0x00007fae63237000, 0x00007fae6448aa00, 0x00007fae637cc800,
0x00007fae63cc6e00, 0x00007fae66d79e00, 0x00007fae66d79400, 0x00007fae63019800,
0x00007fae6387c800, 0x00007fae66d78000, 0x00007fae63efa200, 0x00007fae6613e600,
0x00007fae63efcc00, 0x00007fae63efd400, 0x00007fae63efdc00, 0x00007fae63db4000,
0x00007fae63efb000, 0x00007fae66d84a00
}

Java Threads: ( => current thread )
  0x00007fae62830e00 JavaThread "Reference Handler"          daemon [_thread_blocked, id=22787, stack(0x000070000d4a9000,0x000070000d5a9000) (1024K)]
  0x00007fae6403ac00 JavaThread "Finalizer"                  daemon [_thread_blocked, id=23299, stack(0x000070000d5ac000,0x000070000d6ac000) (1024K)]
  0x00007fae6301e400 JavaThread "Signal Dispatcher"          daemon [_thread_blocked, id=43011, stack(0x000070000d6af000,0x000070000d7af000) (1024K)]
  0x00007fae6300f200 JavaThread "Service Thread"             daemon [_thread_blocked, id=23555, stack(0x000070000d7b2000,0x000070000d8b2000) (1024K)]
  0x00007fae6300fa00 JavaThread "Monitor Deflation Thread"   daemon [_thread_blocked, id=24067, stack(0x000070000d8b5000,0x000070000d9b5000) (1024K)]
  0x00007fae64036600 JavaThread "C2 CompilerThread0"         daemon [_thread_blocked, id=24323, stack(0x000070000d9b8000,0x000070000dab8000) (1024K)]
  0x00007fae63846400 JavaThread "C1 CompilerThread0"         daemon [_thread_blocked, id=41987, stack(0x000070000dabb000,0x000070000dbbb000) (1024K)]
  0x00007fae63846c00 JavaThread "Common-Cleaner"             daemon [_thread_blocked, id=41731, stack(0x000070000dbbe000,0x000070000dcbe000) (1024K)]
  0x00007fae630ffe00 JavaThread "Monitor Ctrl-Break"         daemon [_thread_in_native, id=25091, stack(0x000070000dcc1000,0x000070000ddc1000) (1024K)]
  0x00007fae63100600 JavaThread "Notification Thread"        daemon [_thread_blocked, id=41219, stack(0x000070000ddc4000,0x000070000dec4000) (1024K)]
  0x00007fae64142a00 JavaThread "PostgreSQL-JDBC-Cleaner"    daemon [_thread_blocked, id=39435, stack(0x000070000e3d6000,0x000070000e4d6000) (1024K)]
  0x00007fae669b2200 JavaThread "HikariPool-1 housekeeper"   daemon [_thread_blocked, id=26883, stack(0x000070000e4d9000,0x000070000e5d9000) (1024K)]
  0x00007fae62a5ca00 JavaThread "Catalina-utility-1"                [_thread_blocked, id=38915, stack(0x000070000e6df000,0x000070000e7df000) (1024K)]
  0x00007fae63237000 JavaThread "Catalina-utility-2"                [_thread_blocked, id=27651, stack(0x000070000e7e2000,0x000070000e8e2000) (1024K)]
  0x00007fae6448aa00 JavaThread "container-0"                       [_thread_blocked, id=27907, stack(0x000070000e8e5000,0x000070000e9e5000) (1024K)]
  0x00007fae637cc800 JavaThread "File Watcher"               daemon [_thread_blocked, id=27399, stack(0x000070000e5dc000,0x000070000e6dc000) (1024K)]
  0x00007fae63cc6e00 JavaThread "Live Reload Server"         daemon [_thread_in_native, id=28675, stack(0x000070000eaeb000,0x000070000ebeb000) (1024K)]
  0x00007fae66d79e00 JavaThread "http-nio-8080-exec-1"       daemon [_thread_blocked, id=38151, stack(0x000070000e9e8000,0x000070000eae8000) (1024K)]
  0x00007fae66d79400 JavaThread "http-nio-8080-exec-2"       daemon [_thread_blocked, id=28931, stack(0x000070000ebee000,0x000070000ecee000) (1024K)]
  0x00007fae63019800 JavaThread "http-nio-8080-exec-3"       daemon [_thread_blocked, id=29443, stack(0x000070000ecf1000,0x000070000edf1000) (1024K)]
  0x00007fae6387c800 JavaThread "http-nio-8080-exec-4"       daemon [_thread_blocked, id=29699, stack(0x000070000edf4000,0x000070000eef4000) (1024K)]
  0x00007fae66d78000 JavaThread "http-nio-8080-exec-5"       daemon [_thread_blocked, id=30211, stack(0x000070000eef7000,0x000070000eff7000) (1024K)]
  0x00007fae63efa200 JavaThread "http-nio-8080-exec-6"       daemon [_thread_blocked, id=30467, stack(0x000070000effa000,0x000070000f0fa000) (1024K)]
  0x00007fae6613e600 JavaThread "http-nio-8080-exec-7"       daemon [_thread_blocked, id=30723, stack(0x000070000f0fd000,0x000070000f1fd000) (1024K)]
  0x00007fae63efcc00 JavaThread "http-nio-8080-exec-8"       daemon [_thread_blocked, id=31235, stack(0x000070000f200000,0x000070000f300000) (1024K)]
  0x00007fae63efd400 JavaThread "http-nio-8080-exec-9"       daemon [_thread_blocked, id=36611, stack(0x000070000f303000,0x000070000f403000) (1024K)]
  0x00007fae63efdc00 JavaThread "http-nio-8080-exec-10"      daemon [_thread_blocked, id=31491, stack(0x000070000f406000,0x000070000f506000) (1024K)]
  0x00007fae63db4000 JavaThread "http-nio-8080-Poller"       daemon [_thread_blocked, id=35843, stack(0x000070000f509000,0x000070000f609000) (1024K)]
  0x00007fae63efb000 JavaThread "http-nio-8080-Acceptor"     daemon [_thread_in_native, id=35331, stack(0x000070000f60c000,0x000070000f70c000) (1024K)]
  0x00007fae66d84a00 JavaThread "DestroyJavaVM"                     [_thread_blocked, id=9731, stack(0x000070000cb8b000,0x000070000cc8b000) (1024K)]
Total: 30

Other Threads:
  0x00007fae626105c0 VMThread "VM Thread"                           [id=14083, stack(0x000070000d2a0000,0x000070000d3a0000) (1024K)]
  0x00007fae6260b420 WatcherThread "VM Periodic Task Thread"        [id=17155, stack(0x000070000d19d000,0x000070000d29d000) (1024K)]
=>0x00007fae6240e1b0 WorkerThread "GC Thread#0"                     [id=19203, stack(0x000070000cc8e000,0x000070000cd8e000) (1024K)]
  0x00007fae6277fb20 WorkerThread "GC Thread#1"                     [id=25347, stack(0x000070000dec7000,0x000070000dfc7000) (1024K)]
  0x00007fae627bef90 WorkerThread "GC Thread#2"                     [id=26115, stack(0x000070000e1d0000,0x000070000e2d0000) (1024K)]
  0x00007fae627bf7c0 WorkerThread "GC Thread#3"                     [id=39939, stack(0x000070000e2d3000,0x000070000e3d3000) (1024K)]
  0x00007fae6270eb40 ConcurrentGCThread "G1 Main Marker"            [id=18947, stack(0x000070000cd91000,0x000070000ce91000) (1024K)]
  0x00007fae6270f930 WorkerThread "G1 Conc#0"                       [id=18179, stack(0x000070000ce94000,0x000070000cf94000) (1024K)]
  0x00007fae63844400 ConcurrentGCThread "G1 Refine#0"               [id=12035, stack(0x000070000cf97000,0x000070000d097000) (1024K)]
  0x00007fae62714740 ConcurrentGCThread "G1 Service"                [id=17667, stack(0x000070000d09a000,0x000070000d19a000) (1024K)]
Total: 10

Threads with active compile tasks:
Total: 0

VM state: at safepoint (normal execution)

VM Mutex/Monitor currently owned by a thread:  ([mutex/lock_event])
[0x000000010ee80ea0] Threads_lock - owner thread: 0x00007fae626105c0
[0x000000010ee80fa0] Heap_lock - owner thread: 0x00007fae637cc800

Heap address: 0x00000007c0000000, size: 1024 MB, Compressed Oops mode: Zero based, Oop shift amount: 3

CDS archive(s) mapped at: [0x000000012a000000-0x000000012aca4000-0x000000012aca4000), size 13254656, SharedBaseAddress: 0x000000012a000000, ArchiveRelocationMode: 1.
Compressed class space mapped at: 0x000000012b000000-0x000000016b000000, reserved size: 1073741824
Narrow klass base: 0x000000012a000000, Narrow klass shift: 0, Narrow klass range: 0x100000000

GC Precious Log:
 CardTable entry size: 512
 Card Set container configuration: InlinePtr #cards 5 size 8 Array Of Cards #cards 12 size 40 Howl #buckets 4 coarsen threshold 1843 Howl Bitmap #cards 512 size 80 coarsen threshold 460 Card regions per heap region 1 cards per card region 2048
 CPUs: 4 total, 4 available
 Memory: 4096M
 Large Page Support: Disabled
 NUMA Support: Disabled
 Compressed Oops: Enabled (Zero based)
 Heap Region Size: 1M
 Heap Min Capacity: 8M
 Heap Initial Capacity: 64M
 Heap Max Capacity: 1G
 Pre-touch: Disabled
 Parallel Workers: 4
 Concurrent Workers: 1
 Concurrent Refinement Workers: 4
 Periodic GC: Disabled

Heap:
 garbage-first heap   total 89088K, used 79872K [0x00000007c0000000, 0x0000000800000000)
  region size 1024K, 45 young (46080K), 4 survivors (4096K)
 Metaspace       used 79683K, committed 80512K, reserved 1179648K
  class space    used 11002K, committed 11392K, reserved 1048576K

Heap Regions: E=young(eden), S=young(survivor), O=old, HS=humongous(starts), HC=humongous(continues), CS=collection set, F=free, TAMS=top-at-mark-start, PB=parsable bottom
|   0|0x00000007c0000000, 0x00000007c0100000, 0x00000007c0100000|100%|HS|  |TAMS 0x00000007c0000000| PB 0x00000007c0000000| Complete 
|   1|0x00000007c0100000, 0x00000007c0200000, 0x00000007c0200000|100%| O|  |TAMS 0x00000007c0100000| PB 0x00000007c0100000| Untracked 
|   2|0x00000007c0200000, 0x00000007c0300000, 0x00000007c0300000|100%| O|  |TAMS 0x00000007c0200000| PB 0x00000007c0200000| Untracked 
|   3|0x00000007c0300000, 0x00000007c0400000, 0x00000007c0400000|100%| O|  |TAMS 0x00000007c0300000| PB 0x00000007c0300000| Untracked 
|   4|0x00000007c0400000, 0x00000007c0500000, 0x00000007c0500000|100%| O|  |TAMS 0x00000007c0400000| PB 0x00000007c0400000| Untracked 
|   5|0x00000007c0500000, 0x00000007c0600000, 0x00000007c0600000|100%| O|  |TAMS 0x00000007c0500000| PB 0x00000007c0500000| Untracked 
|   6|0x00000007c0600000, 0x00000007c0700000, 0x00000007c0700000|100%| O|  |TAMS 0x00000007c0600000| PB 0x00000007c0600000| Untracked 
|   7|0x00000007c0700000, 0x00000007c0800000, 0x00000007c0800000|100%| O|  |TAMS 0x00000007c0700000| PB 0x00000007c0700000| Untracked 
|   8|0x00000007c0800000, 0x00000007c0900000, 0x00000007c0900000|100%| O|  |TAMS 0x00000007c0800000| PB 0x00000007c0800000| Untracked 
|   9|0x00000007c0900000, 0x00000007c0a00000, 0x00000007c0a00000|100%| O|  |TAMS 0x00000007c0900000| PB 0x00000007c0900000| Untracked 
|  10|0x00000007c0a00000, 0x00000007c0b00000, 0x00000007c0b00000|100%| O|  |TAMS 0x00000007c0a00000| PB 0x00000007c0a00000| Untracked 
|  11|0x00000007c0b00000, 0x00000007c0c00000, 0x00000007c0c00000|100%| O|  |TAMS 0x00000007c0b00000| PB 0x00000007c0b00000| Untracked 
|  12|0x00000007c0c00000, 0x00000007c0d00000, 0x00000007c0d00000|100%| O|  |TAMS 0x00000007c0c00000| PB 0x00000007c0c00000| Untracked 
|  13|0x00000007c0d00000, 0x00000007c0e00000, 0x00000007c0e00000|100%| O|  |TAMS 0x00000007c0d00000| PB 0x00000007c0d00000| Untracked 
|  14|0x00000007c0e00000, 0x00000007c0f00000, 0x00000007c0f00000|100%| O|  |TAMS 0x00000007c0e00000| PB 0x00000007c0e00000| Untracked 
|  15|0x00000007c0f00000, 0x00000007c1000000, 0x00000007c1000000|100%| O|  |TAMS 0x00000007c0f00000| PB 0x00000007c0f00000| Untracked 
|  16|0x00000007c1000000, 0x00000007c1100000, 0x00000007c1100000|100%| O|Cm|TAMS 0x00000007c1000000| PB 0x00000007c1000000| Complete 
|  17|0x00000007c1100000, 0x00000007c1200000, 0x00000007c1200000|100%| O|  |TAMS 0x00000007c1100000| PB 0x00000007c1100000| Untracked 
|  18|0x00000007c1200000, 0x00000007c1300000, 0x00000007c1300000|100%| O|Cm|TAMS 0x00000007c1200000| PB 0x00000007c1200000| Complete 
|  19|0x00000007c1300000, 0x00000007c1400000, 0x00000007c1400000|100%| O|  |TAMS 0x00000007c1300000| PB 0x00000007c1300000| Untracked 
|  20|0x00000007c1400000, 0x00000007c1500000, 0x00000007c1500000|100%| O|  |TAMS 0x00000007c1400000| PB 0x00000007c1400000| Untracked 
|  21|0x00000007c1500000, 0x00000007c1600000, 0x00000007c1600000|100%| O|  |TAMS 0x00000007c1500000| PB 0x00000007c1500000| Untracked 
|  22|0x00000007c1600000, 0x00000007c1700000, 0x00000007c1700000|100%| O|  |TAMS 0x00000007c1600000| PB 0x00000007c1600000| Untracked 
|  23|0x00000007c1700000, 0x00000007c1800000, 0x00000007c1800000|100%| O|  |TAMS 0x00000007c1700000| PB 0x00000007c1700000| Untracked 
|  24|0x00000007c1800000, 0x00000007c1900000, 0x00000007c1900000|100%| O|  |TAMS 0x00000007c1800000| PB 0x00000007c1800000| Untracked 
|  25|0x00000007c1900000, 0x00000007c1a00000, 0x00000007c1a00000|100%| O|  |TAMS 0x00000007c1900000| PB 0x00000007c1900000| Untracked 
|  26|0x00000007c1a00000, 0x00000007c1b00000, 0x00000007c1b00000|100%| O|  |TAMS 0x00000007c1a00000| PB 0x00000007c1a00000| Untracked 
|  27|0x00000007c1b00000, 0x00000007c1c00000, 0x00000007c1c00000|100%| O|  |TAMS 0x00000007c1b00000| PB 0x00000007c1b00000| Untracked 
|  28|0x00000007c1c00000, 0x00000007c1d00000, 0x00000007c1d00000|100%| O|  |TAMS 0x00000007c1c00000| PB 0x00000007c1c00000| Untracked 
|  29|0x00000007c1d00000, 0x00000007c1e00000, 0x00000007c1e00000|100%| O|  |TAMS 0x00000007c1d00000| PB 0x00000007c1d00000| Untracked 
|  30|0x00000007c1e00000, 0x00000007c1f00000, 0x00000007c1f00000|100%| O|  |TAMS 0x00000007c1e00000| PB 0x00000007c1e00000| Untracked 
|  31|0x00000007c1f00000, 0x00000007c2000000, 0x00000007c2000000|100%| O|  |TAMS 0x00000007c1f00000| PB 0x00000007c1f00000| Untracked 
|  32|0x00000007c2000000, 0x00000007c2000000, 0x00000007c2100000|  0%| F|  |TAMS 0x00000007c2000000| PB 0x00000007c2000000| Untracked 
|  33|0x00000007c2100000, 0x00000007c2100000, 0x00000007c2200000|  0%| F|  |TAMS 0x00000007c2100000| PB 0x00000007c2100000| Untracked 
|  34|0x00000007c2200000, 0x00000007c2300000, 0x00000007c2300000|100%| O|  |TAMS 0x00000007c2200000| PB 0x00000007c2200000| Untracked 
|  35|0x00000007c2300000, 0x00000007c2400000, 0x00000007c2400000|100%| O|  |TAMS 0x00000007c2300000| PB 0x00000007c2300000| Untracked 
|  36|0x00000007c2400000, 0x00000007c2400000, 0x00000007c2500000|  0%| F|  |TAMS 0x00000007c2400000| PB 0x00000007c2400000| Untracked 
|  37|0x00000007c2500000, 0x00000007c2500000, 0x00000007c2600000|  0%| F|  |TAMS 0x00000007c2500000| PB 0x00000007c2500000| Untracked 
|  38|0x00000007c2600000, 0x00000007c2600000, 0x00000007c2700000|  0%| F|  |TAMS 0x00000007c2600000| PB 0x00000007c2600000| Untracked 
|  39|0x00000007c2700000, 0x00000007c273c690, 0x00000007c2800000| 23%| S|  |TAMS 0x00000007c2700000| PB 0x00000007c2700000| Complete 
|  40|0x00000007c2800000, 0x00000007c2900000, 0x00000007c2900000|100%| S|  |TAMS 0x00000007c2800000| PB 0x00000007c2800000| Complete 
|  41|0x00000007c2900000, 0x00000007c2a00000, 0x00000007c2a00000|100%| S|  |TAMS 0x00000007c2900000| PB 0x00000007c2900000| Complete 
|  42|0x00000007c2a00000, 0x00000007c2b00000, 0x00000007c2b00000|100%| S|  |TAMS 0x00000007c2a00000| PB 0x00000007c2a00000| Complete 
|  43|0x00000007c2b00000, 0x00000007c2c00000, 0x00000007c2c00000|100%| E|CS|TAMS 0x00000007c2b00000| PB 0x00000007c2b00000| Complete 
|  44|0x00000007c2c00000, 0x00000007c2d00000, 0x00000007c2d00000|100%| E|CS|TAMS 0x00000007c2c00000| PB 0x00000007c2c00000| Complete 
|  45|0x00000007c2d00000, 0x00000007c2e00000, 0x00000007c2e00000|100%| E|CS|TAMS 0x00000007c2d00000| PB 0x00000007c2d00000| Complete 
|  46|0x00000007c2e00000, 0x00000007c2f00000, 0x00000007c2f00000|100%| E|CS|TAMS 0x00000007c2e00000| PB 0x00000007c2e00000| Complete 
|  47|0x00000007c2f00000, 0x00000007c3000000, 0x00000007c3000000|100%| E|CS|TAMS 0x00000007c2f00000| PB 0x00000007c2f00000| Complete 
|  48|0x00000007c3000000, 0x00000007c3100000, 0x00000007c3100000|100%| E|CS|TAMS 0x00000007c3000000| PB 0x00000007c3000000| Complete 
|  49|0x00000007c3100000, 0x00000007c3200000, 0x00000007c3200000|100%| E|CS|TAMS 0x00000007c3100000| PB 0x00000007c3100000| Complete 
|  50|0x00000007c3200000, 0x00000007c3300000, 0x00000007c3300000|100%| E|CS|TAMS 0x00000007c3200000| PB 0x00000007c3200000| Complete 
|  51|0x00000007c3300000, 0x00000007c3400000, 0x00000007c3400000|100%| E|CS|TAMS 0x00000007c3300000| PB 0x00000007c3300000| Complete 
|  52|0x00000007c3400000, 0x00000007c3500000, 0x00000007c3500000|100%| E|CS|TAMS 0x00000007c3400000| PB 0x00000007c3400000| Complete 
|  53|0x00000007c3500000, 0x00000007c3600000, 0x00000007c3600000|100%| E|CS|TAMS 0x00000007c3500000| PB 0x00000007c3500000| Complete 
|  54|0x00000007c3600000, 0x00000007c3700000, 0x00000007c3700000|100%| E|CS|TAMS 0x00000007c3600000| PB 0x00000007c3600000| Complete 
|  55|0x00000007c3700000, 0x00000007c3800000, 0x00000007c3800000|100%| E|CS|TAMS 0x00000007c3700000| PB 0x00000007c3700000| Complete 
|  56|0x00000007c3800000, 0x00000007c3900000, 0x00000007c3900000|100%| E|CS|TAMS 0x00000007c3800000| PB 0x00000007c3800000| Complete 
|  57|0x00000007c3900000, 0x00000007c3a00000, 0x00000007c3a00000|100%| E|CS|TAMS 0x00000007c3900000| PB 0x00000007c3900000| Complete 
|  58|0x00000007c3a00000, 0x00000007c3b00000, 0x00000007c3b00000|100%| E|CS|TAMS 0x00000007c3a00000| PB 0x00000007c3a00000| Complete 
|  59|0x00000007c3b00000, 0x00000007c3c00000, 0x00000007c3c00000|100%| E|CS|TAMS 0x00000007c3b00000| PB 0x00000007c3b00000| Complete 
|  60|0x00000007c3c00000, 0x00000007c3d00000, 0x00000007c3d00000|100%| E|CS|TAMS 0x00000007c3c00000| PB 0x00000007c3c00000| Complete 
|  61|0x00000007c3d00000, 0x00000007c3e00000, 0x00000007c3e00000|100%| E|CS|TAMS 0x00000007c3d00000| PB 0x00000007c3d00000| Complete 
|  62|0x00000007c3e00000, 0x00000007c3f00000, 0x00000007c3f00000|100%| E|CS|TAMS 0x00000007c3e00000| PB 0x00000007c3e00000| Complete 
|  63|0x00000007c3f00000, 0x00000007c4000000, 0x00000007c4000000|100%| E|CS|TAMS 0x00000007c3f00000| PB 0x00000007c3f00000| Complete 
|  64|0x00000007c4000000, 0x00000007c4100000, 0x00000007c4100000|100%| E|CS|TAMS 0x00000007c4000000| PB 0x00000007c4000000| Complete 
|  65|0x00000007c4100000, 0x00000007c4200000, 0x00000007c4200000|100%| E|CS|TAMS 0x00000007c4100000| PB 0x00000007c4100000| Complete 
|  66|0x00000007c4200000, 0x00000007c4300000, 0x00000007c4300000|100%| E|CS|TAMS 0x00000007c4200000| PB 0x00000007c4200000| Complete 
|  67|0x00000007c4300000, 0x00000007c4400000, 0x00000007c4400000|100%| E|CS|TAMS 0x00000007c4300000| PB 0x00000007c4300000| Complete 
|  68|0x00000007c4400000, 0x00000007c4500000, 0x00000007c4500000|100%| E|CS|TAMS 0x00000007c4400000| PB 0x00000007c4400000| Complete 
|  69|0x00000007c4500000, 0x00000007c4600000, 0x00000007c4600000|100%| E|CS|TAMS 0x00000007c4500000| PB 0x00000007c4500000| Complete 
|  70|0x00000007c4600000, 0x00000007c4700000, 0x00000007c4700000|100%| E|CS|TAMS 0x00000007c4600000| PB 0x00000007c4600000| Complete 
|  71|0x00000007c4700000, 0x00000007c4800000, 0x00000007c4800000|100%| E|CS|TAMS 0x00000007c4700000| PB 0x00000007c4700000| Complete 
|  72|0x00000007c4800000, 0x00000007c4900000, 0x00000007c4900000|100%| E|CS|TAMS 0x00000007c4800000| PB 0x00000007c4800000| Complete 
|  73|0x00000007c4900000, 0x00000007c4a00000, 0x00000007c4a00000|100%| E|CS|TAMS 0x00000007c4900000| PB 0x00000007c4900000| Complete 
|  74|0x00000007c4a00000, 0x00000007c4b00000, 0x00000007c4b00000|100%| E|CS|TAMS 0x00000007c4a00000| PB 0x00000007c4a00000| Complete 
|  75|0x00000007c4b00000, 0x00000007c4c00000, 0x00000007c4c00000|100%| E|CS|TAMS 0x00000007c4b00000| PB 0x00000007c4b00000| Complete 
|  76|0x00000007c4c00000, 0x00000007c4d00000, 0x00000007c4d00000|100%| E|CS|TAMS 0x00000007c4c00000| PB 0x00000007c4c00000| Complete 
|  77|0x00000007c4d00000, 0x00000007c4e00000, 0x00000007c4e00000|100%| E|CS|TAMS 0x00000007c4d00000| PB 0x00000007c4d00000| Complete 
|  78|0x00000007c4e00000, 0x00000007c4f00000, 0x00000007c4f00000|100%| E|CS|TAMS 0x00000007c4e00000| PB 0x00000007c4e00000| Complete 
|  79|0x00000007c4f00000, 0x00000007c5000000, 0x00000007c5000000|100%| E|CS|TAMS 0x00000007c4f00000| PB 0x00000007c4f00000| Complete 
|  80|0x00000007c5000000, 0x00000007c5100000, 0x00000007c5100000|100%| E|CS|TAMS 0x00000007c5000000| PB 0x00000007c5000000| Complete 
|  81|0x00000007c5100000, 0x00000007c5200000, 0x00000007c5200000|100%| E|CS|TAMS 0x00000007c5100000| PB 0x00000007c5100000| Complete 
|  82|0x00000007c5200000, 0x00000007c5300000, 0x00000007c5300000|100%| E|CS|TAMS 0x00000007c5200000| PB 0x00000007c5200000| Complete 
|  83|0x00000007c5300000, 0x00000007c5400000, 0x00000007c5400000|100%| E|CS|TAMS 0x00000007c5300000| PB 0x00000007c5300000| Complete 
|  84|0x00000007c5400000, 0x00000007c5500000, 0x00000007c5500000|100%| E|CS|TAMS 0x00000007c5400000| PB 0x00000007c5400000| Complete 
|1022|0x00000007ffe00000, 0x00000007fff00000, 0x00000007fff00000|100%| O|  |TAMS 0x00000007ffe00000| PB 0x00000007ffe00000| Untracked 
|1023|0x00000007fff00000, 0x0000000800000000, 0x0000000800000000|100%| E|CS|TAMS 0x00000007fff00000| PB 0x00000007fff00000| Complete 

Card table byte_map: [0x00000001265e2000,0x00000001267e2000] _byte_map_base: 0x00000001227e2000

Marking Bits: (CMBitMap*) 0x00007fae64012010
 Bits: [0x00000001267e2000, 0x00000001277e2000)

Polling page: 0x000000010ba21000

Metaspace:

Usage:
  Non-class:     67.07 MB used.
      Class:     10.74 MB used.
       Both:     77.82 MB used.

Virtual space:
  Non-class space:      128.00 MB reserved,      67.50 MB ( 53%) committed,  2 nodes.
      Class space:        1.00 GB reserved,      11.12 MB (  1%) committed,  1 nodes.
             Both:        1.12 GB reserved,      78.62 MB (  7%) committed. 

Chunk freelists:
   Non-Class:  11.62 MB
       Class:  4.92 MB
        Both:  16.55 MB

MaxMetaspaceSize: unlimited
CompressedClassSpaceSize: 1.00 GB
Initial GC threshold: 21.00 MB
Current GC threshold: 121.19 MB
CDS: on
 - commit_granule_bytes: 65536.
 - commit_granule_words: 8192.
 - virtual_space_node_default_size: 8388608.
 - enlarge_chunks_in_place: 1.
 - use_allocation_guard: 0.


Internal statistics:

num_allocs_failed_limit: 12.
num_arena_births: 1166.
num_arena_deaths: 0.
num_vsnodes_births: 3.
num_vsnodes_deaths: 0.
num_space_committed: 1258.
num_space_uncommitted: 0.
num_chunks_returned_to_freelist: 12.
num_chunks_taken_from_freelist: 4127.
num_chunk_merges: 12.
num_chunk_splits: 2970.
num_chunks_enlarged: 2310.
num_inconsistent_stats: 0.

CodeHeap 'non-profiled nmethods': size=120032Kb used=3542Kb max_used=3542Kb free=116489Kb
 bounds [0x000000011f0aa000, 0x000000011f42a000, 0x00000001265e2000]
CodeHeap 'profiled nmethods': size=120028Kb used=12327Kb max_used=12327Kb free=107700Kb
 bounds [0x00000001175e2000, 0x00000001181f2000, 0x000000011eb19000]
CodeHeap 'non-nmethods': size=5700Kb used=1653Kb max_used=1689Kb free=4046Kb
 bounds [0x000000011eb19000, 0x000000011ed89000, 0x000000011f0aa000]
 total_blobs=7773 nmethods=7058 adapters=617
 compilation: enabled
              stopped_count=0, restarted_count=0
 full_count=0

Compilation events (20 events):
Event: 643.586 Thread 0x00007fae63846400 7872   !   3       org.apache.catalina.core.ContainerBase::getRealmInternal (38 bytes)
Event: 643.596 Thread 0x00007fae63846400 nmethod 7872 0x00000001181e2610 code [0x00000001181e2840, 0x00000001181e2f78]
Event: 653.591 Thread 0x00007fae63846400 7873   !   3       org.apache.catalina.core.ContainerBase::getClusterInternal (38 bytes)
Event: 653.601 Thread 0x00007fae63846400 nmethod 7873 0x00000001181e3290 code [0x00000001181e34c0, 0x00000001181e3bf8]
Event: 653.602 Thread 0x00007fae63846400 7875   !   3       org.apache.catalina.core.ContainerBase$ContainerBackgroundProcessor::processChildren (202 bytes)
Event: 653.639 Thread 0x00007fae63846400 nmethod 7875 0x00000001181e3f10 code [0x00000001181e42e0, 0x00000001181e6820]
Event: 653.639 Thread 0x00007fae63846400 7874       3       org.apache.catalina.webresources.Cache$$Lambda/0x000000012ba38670::applyAsLong (8 bytes)
Event: 653.641 Thread 0x00007fae63846400 nmethod 7874 0x00000001181e7390 code [0x00000001181e7540, 0x00000001181e7770]
Event: 665.156 Thread 0x00007fae64036600 7876       4       java.util.concurrent.locks.ReentrantLock$Sync::isHeldExclusively (16 bytes)
Event: 665.217 Thread 0x00007fae64036600 nmethod 7876 0x000000011f41f310 code [0x000000011f41f480, 0x000000011f41f540]
Event: 743.654 Thread 0x00007fae63846400 7877       3       java.util.TreeSet::<init> (13 bytes)
Event: 743.708 Thread 0x00007fae63846400 nmethod 7877 0x00000001181e7890 code [0x00000001181e7a60, 0x00000001181e7f30]
Event: 763.672 Thread 0x00007fae64036600 7878       4       java.util.concurrent.CopyOnWriteArrayList$COWIterator::next (32 bytes)
Event: 763.672 Thread 0x00007fae63846400 7879       3       java.util.concurrent.locks.ReentrantReadWriteLock$Sync::tryAcquireShared (177 bytes)
Event: 763.692 Thread 0x00007fae63846400 nmethod 7879 0x00000001181e8110 code [0x00000001181e83e0, 0x00000001181e93c0]
Event: 763.692 Thread 0x00007fae63846400 7880       3       java.util.concurrent.locks.ReentrantReadWriteLock$Sync::tryReleaseShared (146 bytes)
Event: 763.695 Thread 0x00007fae63846400 nmethod 7880 0x00000001181e9890 code [0x00000001181e9b00, 0x00000001181ea778]
Event: 763.699 Thread 0x00007fae64036600 nmethod 7878 0x000000011f41f610 code [0x000000011f41f7a0, 0x000000011f41f898]
Event: 773.675 Thread 0x00007fae63846400 7881       3       java.util.TreeSet::addAll (82 bytes)
Event: 773.708 Thread 0x00007fae63846400 nmethod 7881 0x00000001181eac10 code [0x00000001181eae60, 0x00000001181eba28]

GC Heap History (20 events):
Event: 7.817 GC heap after
{Heap after GC invocations=8 (full 0):
 garbage-first heap   total 61440K, used 21392K [0x00000007c0000000, 0x0000000800000000)
  region size 1024K, 3 young (3072K), 3 survivors (3072K)
 Metaspace       used 31333K, committed 31808K, reserved 1114112K
  class space    used 3957K, committed 4160K, reserved 1048576K
}
Event: 8.523 GC heap before
{Heap before GC invocations=8 (full 0):
 garbage-first heap   total 61440K, used 37776K [0x00000007c0000000, 0x0000000800000000)
  region size 1024K, 21 young (21504K), 3 survivors (3072K)
 Metaspace       used 35789K, committed 36288K, reserved 1114112K
  class space    used 4602K, committed 4800K, reserved 1048576K
}
Event: 8.533 GC heap after
{Heap after GC invocations=9 (full 0):
 garbage-first heap   total 61440K, used 22365K [0x00000007c0000000, 0x0000000800000000)
  region size 1024K, 2 young (2048K), 2 survivors (2048K)
 Metaspace       used 35789K, committed 36288K, reserved 1114112K
  class space    used 4602K, committed 4800K, reserved 1048576K
}
Event: 10.140 GC heap before
{Heap before GC invocations=10 (full 0):
 garbage-first heap   total 61440K, used 51037K [0x00000007c0000000, 0x0000000800000000)
  region size 1024K, 31 young (31744K), 2 survivors (2048K)
 Metaspace       used 44380K, committed 44928K, reserved 1114112K
  class space    used 5838K, committed 6080K, reserved 1048576K
}
Event: 10.148 GC heap after
{Heap after GC invocations=11 (full 0):
 garbage-first heap   total 61440K, used 24280K [0x00000007c0000000, 0x0000000800000000)
  region size 1024K, 4 young (4096K), 4 survivors (4096K)
 Metaspace       used 44380K, committed 44928K, reserved 1114112K
  class space    used 5838K, committed 6080K, reserved 1048576K
}
Event: 11.155 GC heap before
{Heap before GC invocations=11 (full 0):
 garbage-first heap   total 61440K, used 50904K [0x00000007c0000000, 0x0000000800000000)
  region size 1024K, 31 young (31744K), 4 survivors (4096K)
 Metaspace       used 52334K, committed 52928K, reserved 1114112K
  class space    used 7044K, committed 7296K, reserved 1048576K
}
Event: 11.169 GC heap after
{Heap after GC invocations=12 (full 0):
 garbage-first heap   total 61440K, used 25535K [0x00000007c0000000, 0x0000000800000000)
  region size 1024K, 4 young (4096K), 4 survivors (4096K)
 Metaspace       used 52334K, committed 52928K, reserved 1114112K
  class space    used 7044K, committed 7296K, reserved 1048576K
}
Event: 12.111 GC heap before
{Heap before GC invocations=12 (full 0):
 garbage-first heap   total 61440K, used 52159K [0x00000007c0000000, 0x0000000800000000)
  region size 1024K, 31 young (31744K), 4 survivors (4096K)
 Metaspace       used 58227K, committed 58880K, reserved 1114112K
  class space    used 7820K, committed 8128K, reserved 1048576K
}
Event: 12.122 GC heap after
{Heap after GC invocations=13 (full 0):
 garbage-first heap   total 73728K, used 27118K [0x00000007c0000000, 0x0000000800000000)
  region size 1024K, 4 young (4096K), 4 survivors (4096K)
 Metaspace       used 58227K, committed 58880K, reserved 1114112K
  class space    used 7820K, committed 8128K, reserved 1048576K
}
Event: 12.512 GC heap before
{Heap before GC invocations=13 (full 0):
 garbage-first heap   total 73728K, used 37358K [0x00000007c0000000, 0x0000000800000000)
  region size 1024K, 15 young (15360K), 4 survivors (4096K)
 Metaspace       used 60631K, committed 61248K, reserved 1114112K
  class space    used 8290K, committed 8576K, reserved 1048576K
}
Event: 12.530 GC heap after
{Heap after GC invocations=14 (full 0):
 garbage-first heap   total 73728K, used 28510K [0x00000007c0000000, 0x0000000800000000)
  region size 1024K, 3 young (3072K), 3 survivors (3072K)
 Metaspace       used 60631K, committed 61248K, reserved 1114112K
  class space    used 8290K, committed 8576K, reserved 1048576K
}
Event: 13.563 GC heap before
{Heap before GC invocations=15 (full 0):
 garbage-first heap   total 73728K, used 65374K [0x00000007c0000000, 0x0000000800000000)
  region size 1024K, 39 young (39936K), 3 survivors (3072K)
 Metaspace       used 65107K, committed 65664K, reserved 1114112K
  class space    used 9046K, committed 9280K, reserved 1048576K
}
Event: 13.573 GC heap after
{Heap after GC invocations=16 (full 0):
 garbage-first heap   total 73728K, used 31308K [0x00000007c0000000, 0x0000000800000000)
  region size 1024K, 4 young (4096K), 4 survivors (4096K)
 Metaspace       used 65107K, committed 65664K, reserved 1114112K
  class space    used 9046K, committed 9280K, reserved 1048576K
}
Event: 14.566 GC heap before
{Heap before GC invocations=16 (full 0):
 garbage-first heap   total 73728K, used 64076K [0x00000007c0000000, 0x0000000800000000)
  region size 1024K, 36 young (36864K), 4 survivors (4096K)
 Metaspace       used 68076K, committed 68800K, reserved 1114112K
  class space    used 9433K, committed 9728K, reserved 1048576K
}
Event: 14.577 GC heap after
{Heap after GC invocations=17 (full 0):
 garbage-first heap   total 73728K, used 33496K [0x00000007c0000000, 0x0000000800000000)
  region size 1024K, 5 young (5120K), 5 survivors (5120K)
 Metaspace       used 68076K, committed 68800K, reserved 1114112K
  class space    used 9433K, committed 9728K, reserved 1048576K
}
Event: 15.706 GC heap before
{Heap before GC invocations=17 (full 0):
 garbage-first heap   total 73728K, used 63192K [0x00000007c0000000, 0x0000000800000000)
  region size 1024K, 34 young (34816K), 5 survivors (5120K)
 Metaspace       used 70962K, committed 71744K, reserved 1114112K
  class space    used 9811K, committed 10176K, reserved 1048576K
}
Event: 15.787 GC heap after
{Heap after GC invocations=18 (full 0):
 garbage-first heap   total 73728K, used 36210K [0x00000007c0000000, 0x0000000800000000)
  region size 1024K, 5 young (5120K), 5 survivors (5120K)
 Metaspace       used 70962K, committed 71744K, reserved 1114112K
  class space    used 9811K, committed 10176K, reserved 1048576K
}
Event: 131.247 GC heap before
{Heap before GC invocations=18 (full 0):
 garbage-first heap   total 73728K, used 62834K [0x00000007c0000000, 0x0000000800000000)
  region size 1024K, 31 young (31744K), 5 survivors (5120K)
 Metaspace       used 73650K, committed 74432K, reserved 1114112K
  class space    used 10182K, committed 10496K, reserved 1048576K
}
Event: 131.358 GC heap after
{Heap after GC invocations=19 (full 0):
 garbage-first heap   total 89088K, used 37888K [0x00000007c0000000, 0x0000000800000000)
  region size 1024K, 2 young (2048K), 2 survivors (2048K)
 Metaspace       used 73650K, committed 74432K, reserved 1114112K
  class space    used 10182K, committed 10496K, reserved 1048576K
}
Event: 797.431 GC heap before
{Heap before GC invocations=20 (full 0):
 garbage-first heap   total 89088K, used 78848K [0x00000007c0000000, 0x0000000800000000)
  region size 1024K, 43 young (44032K), 2 survivors (2048K)
 Metaspace       used 79683K, committed 80512K, reserved 1179648K
  class space    used 11002K, committed 11392K, reserved 1048576K
}

Dll operation events (20 events):
Event: 6.980 Loading shared library /System/Library/Java/Extensions/libtcnative-1.jnilib failed, dlopen(/System/Library/Java/Extensions/libtcnative-1.jnilib, 1): image not found
Event: 6.981 Loading shared library /usr/lib/java/libtcnative-1.dylib failed, dlopen(/usr/lib/java/libtcnative-1.dylib, 1): image not found
Event: 6.981 Loading shared library /usr/lib/java/libtcnative-1.jnilib failed, dlopen(/usr/lib/java/libtcnative-1.jnilib, 1): image not found
Event: 6.982 Loading shared library /Users/macbook/Documents/GitHub/rentacar/libtcnative-1.dylib failed, dlopen(/Users/macbook/Documents/GitHub/rentacar/libtcnative-1.dylib, 1): image not found
Event: 6.982 Loading shared library /Users/macbook/Documents/GitHub/rentacar/libtcnative-1.jnilib failed, dlopen(/Users/macbook/Documents/GitHub/rentacar/libtcnative-1.jnilib, 1): image not found
Event: 6.983 Loading shared library /Users/macbook/Library/Java/JavaVirtualMachines/openjdk-21.0.1/Contents/Home/lib/liblibtcnative-1.dylib failed, dlopen(/Users/macbook/Library/Java/JavaVirtualMachines/openjdk-21.0.1/Contents/Home/lib/liblibtcnative-1.dylib, 1): imag
Event: 6.984 Loading shared library /Users/macbook/Library/Java/JavaVirtualMachines/openjdk-21.0.1/Contents/Home/lib/liblibtcnative-1.jnilib failed, dlopen(/Users/macbook/Library/Java/JavaVirtualMachines/openjdk-21.0.1/Contents/Home/lib/liblibtcnative-1.jnilib, 1): im
Event: 6.984 Loading shared library /Users/macbook/Library/Java/Extensions/liblibtcnative-1.dylib failed, dlopen(/Users/macbook/Library/Java/Extensions/liblibtcnative-1.dylib, 1): image not found
Event: 6.985 Loading shared library /Users/macbook/Library/Java/Extensions/liblibtcnative-1.jnilib failed, dlopen(/Users/macbook/Library/Java/Extensions/liblibtcnative-1.jnilib, 1): image not found
Event: 6.985 Loading shared library /Library/Java/Extensions/liblibtcnative-1.dylib failed, dlopen(/Library/Java/Extensions/liblibtcnative-1.dylib, 1): image not found
Event: 6.986 Loading shared library /Library/Java/Extensions/liblibtcnative-1.jnilib failed, dlopen(/Library/Java/Extensions/liblibtcnative-1.jnilib, 1): image not found
Event: 6.986 Loading shared library /Network/Library/Java/Extensions/liblibtcnative-1.dylib failed, dlopen(/Network/Library/Java/Extensions/liblibtcnative-1.dylib, 1): image not found
Event: 6.987 Loading shared library /Network/Library/Java/Extensions/liblibtcnative-1.jnilib failed, dlopen(/Network/Library/Java/Extensions/liblibtcnative-1.jnilib, 1): image not found
Event: 6.987 Loading shared library /System/Library/Java/Extensions/liblibtcnative-1.dylib failed, dlopen(/System/Library/Java/Extensions/liblibtcnative-1.dylib, 1): image not found
Event: 6.988 Loading shared library /System/Library/Java/Extensions/liblibtcnative-1.jnilib failed, dlopen(/System/Library/Java/Extensions/liblibtcnative-1.jnilib, 1): image not found
Event: 6.989 Loading shared library /usr/lib/java/liblibtcnative-1.dylib failed, dlopen(/usr/lib/java/liblibtcnative-1.dylib, 1): image not found
Event: 6.990 Loading shared library /usr/lib/java/liblibtcnative-1.jnilib failed, dlopen(/usr/lib/java/liblibtcnative-1.jnilib, 1): image not found
Event: 6.990 Loading shared library /Users/macbook/Documents/GitHub/rentacar/liblibtcnative-1.dylib failed, dlopen(/Users/macbook/Documents/GitHub/rentacar/liblibtcnative-1.dylib, 1): image not found
Event: 6.991 Loading shared library /Users/macbook/Documents/GitHub/rentacar/liblibtcnative-1.jnilib failed, dlopen(/Users/macbook/Documents/GitHub/rentacar/liblibtcnative-1.jnilib, 1): image not found
Event: 8.492 Loaded shared library /Users/macbook/Library/Java/JavaVirtualMachines/openjdk-21.0.1/Contents/Home/lib/libverify.dylib

Deoptimization events (20 events):
Event: 174.820 Thread 0x00007fae66d79400 Uncommon trap: trap_request=0xffffff45 fr.pc=0x000000011f353808 relative=0x0000000000000408
Event: 174.820 Thread 0x00007fae66d79400 Uncommon trap: reason=unstable_if action=reinterpret pc=0x000000011f353808 method=jdk.internal.org.objectweb.asm.MethodWriter.visitVarInsn(II)V @ 242 c2
Event: 174.820 Thread 0x00007fae66d79400 DEOPT PACKING pc=0x000000011f353808 sp=0x000070000ece9340
Event: 174.820 Thread 0x00007fae66d79400 DEOPT UNPACKING pc=0x000000011eb6cf99 sp=0x000070000ece92f8 mode 2
Event: 189.920 Thread 0x00007fae6613e600 Uncommon trap: trap_request=0xfffffff4 fr.pc=0x000000011f3df9fc relative=0x000000000000033c
Event: 189.920 Thread 0x00007fae6613e600 Uncommon trap: reason=null_check action=make_not_entrant pc=0x000000011f3df9fc method=sun.invoke.util.VerifyType.isNullConversion(Ljava/lang/Class;Ljava/lang/Class;Z)Z @ 67 c2
Event: 189.920 Thread 0x00007fae6613e600 DEOPT PACKING pc=0x000000011f3df9fc sp=0x000070000f1f84f0
Event: 189.920 Thread 0x00007fae6613e600 DEOPT UNPACKING pc=0x000000011eb6cf99 sp=0x000070000f1f8490 mode 2
Event: 190.596 Thread 0x00007fae6613e600 Uncommon trap: trap_request=0xffffffc6 fr.pc=0x000000011f236594 relative=0x00000000000014d4
Event: 190.596 Thread 0x00007fae6613e600 Uncommon trap: reason=bimorphic_or_optimized_type_check action=maybe_recompile pc=0x000000011f236594 method=java.util.concurrent.ConcurrentHashMap.putVal(Ljava/lang/Object;Ljava/lang/Object;Z)Ljava/lang/Object; @ 159 c2
Event: 190.596 Thread 0x00007fae6613e600 DEOPT PACKING pc=0x000000011f236594 sp=0x000070000f1f8f10
Event: 190.596 Thread 0x00007fae6613e600 DEOPT UNPACKING pc=0x000000011eb6cf99 sp=0x000070000f1f8ea0 mode 2
Event: 199.202 Thread 0x00007fae63efcc00 DEOPT PACKING pc=0x0000000117c9ca97 sp=0x000070000f2fdbe0
Event: 199.202 Thread 0x00007fae63efcc00 DEOPT UNPACKING pc=0x000000011eb6d72f sp=0x000070000f2fd0b8 mode 0
Event: 408.434 Thread 0x00007fae637cc800 DEOPT PACKING pc=0x0000000118119861 sp=0x000070000e6db4b0
Event: 408.436 Thread 0x00007fae637cc800 DEOPT UNPACKING pc=0x000000011eb6d72f sp=0x000070000e6da968 mode 0
Event: 484.460 Thread 0x00007fae637cc800 DEOPT PACKING pc=0x00000001181c8e7e sp=0x000070000e6db540
Event: 484.460 Thread 0x00007fae637cc800 DEOPT UNPACKING pc=0x000000011eb6d72f sp=0x000070000e6da9a0 mode 0
Event: 550.501 Thread 0x00007fae637cc800 DEOPT PACKING pc=0x000000011811743a sp=0x000070000e6db510
Event: 550.501 Thread 0x00007fae637cc800 DEOPT UNPACKING pc=0x000000011eb6d72f sp=0x000070000e6da9a0 mode 0

Classes loaded (20 events):
Event: 172.734 Loading class java/util/OptionalLong
Event: 172.735 Loading class java/util/OptionalLong done
Event: 172.735 Loading class java/util/OptionalDouble
Event: 172.736 Loading class java/util/OptionalDouble done
Event: 172.744 Loading class org/w3c/dom/Node
Event: 172.747 Loading class org/w3c/dom/Node done
Event: 172.747 Loading class org/w3c/dom/Document
Event: 172.749 Loading class org/w3c/dom/Document done
Event: 173.662 Loading class java/util/stream/LongStream
Event: 173.663 Loading class java/util/stream/LongStream done
Event: 173.663 Loading class java/util/stream/DoubleStream
Event: 173.663 Loading class java/util/stream/DoubleStream done
Event: 174.803 Loading class jdk/internal/reflect/MethodHandleDoubleFieldAccessorImpl
Event: 174.804 Loading class jdk/internal/reflect/MethodHandleDoubleFieldAccessorImpl done
Event: 189.924 Loading class java/time/format/DateTimeParseContext
Event: 189.926 Loading class java/time/format/DateTimeParseContext done
Event: 189.926 Loading class java/time/format/Parsed
Event: 189.933 Loading class java/time/format/Parsed done
Event: 190.431 Loading class jdk/internal/reflect/MethodHandleLongFieldAccessorImpl
Event: 190.431 Loading class jdk/internal/reflect/MethodHandleLongFieldAccessorImpl done

Classes unloaded (0 events):
No events

Classes redefined (0 events):
No events

Internal exceptions (20 events):
Event: 16.498 Thread 0x00007fae6427dc00 Exception <a 'java/lang/NoSuchMethodError'{0x00000007c33f8d68}: 'void java.lang.invoke.DirectMethodHandle$Holder.invokeSpecialIFC(java.lang.Object, java.lang.Object, int, java.lang.Object, java.lang.Object, java.lang.Object, java.lang.Object)'> (0x00000007c33f8d68) 
thrown [open/src/hotspot/share/interpreter/linkResolver.cpp, line 773]
Event: 152.605 Thread 0x00007fae66d79e00 Exception <a 'java/lang/NoSuchMethodError'{0x00000007c53193c8}: 'java.lang.Object java.lang.invoke.DirectMethodHandle$Holder.invokeSpecial(java.lang.Object, java.lang.Object, java.lang.Object, java.lang.Object, java.lang.Object, long)'> (0x00000007c53193c8) 
thrown [open/src/hotspot/share/interpreter/linkResolver.cpp, line 773]
Event: 152.606 Thread 0x00007fae66d79e00 Exception <a 'java/lang/NoSuchMethodError'{0x00000007c531cb88}: 'java.lang.Object java.lang.invoke.Invokers$Holder.linkToTargetMethod(java.lang.Object, java.lang.Object, java.lang.Object, long, java.lang.Object)'> (0x00000007c531cb88) 
thrown [open/src/hotspot/share/interpreter/linkResolver.cpp, line 773]
Event: 173.630 Thread 0x00007fae63efa200 Implicit null exception at 0x000000011f1d075d to 0x000000011f1d08ec
Event: 174.422 Thread 0x00007fae66d79e00 Exception <a 'java/lang/NoSuchMethodError'{0x00000007c41976a8}: 'java.lang.Object java.lang.invoke.DirectMethodHandle$Holder.invokeInterface(java.lang.Object, java.lang.Object, java.lang.Object, java.lang.Object)'> (0x00000007c41976a8) 
thrown [open/src/hotspot/share/interpreter/linkResolver.cpp, line 773]
Event: 174.429 Thread 0x00007fae66d79e00 Exception <a 'java/lang/IncompatibleClassChangeError'{0x00000007c41ac3c8}: Found class java.lang.Object, but interface was expected> (0x00000007c41ac3c8) 
thrown [open/src/hotspot/share/interpreter/linkResolver.cpp, line 840]
Event: 174.625 Thread 0x00007fae66d79e00 Exception <a 'java/lang/IncompatibleClassChangeError'{0x00000007c41bc7e0}: Found class java.lang.Object, but interface was expected> (0x00000007c41bc7e0) 
thrown [open/src/hotspot/share/interpreter/linkResolver.cpp, line 840]
Event: 174.805 Thread 0x00007fae66d79400 Exception <a 'java/lang/NoSuchMethodError'{0x00000007c4063788}: 'double java.lang.invoke.DelegatingMethodHandle$Holder.reinvoke_L(java.lang.Object, java.lang.Object)'> (0x00000007c4063788) 
thrown [open/src/hotspot/share/interpreter/linkResolver.cpp, line 773]
Event: 174.806 Thread 0x00007fae66d79400 Exception <a 'java/lang/NoSuchMethodError'{0x00000007c406e188}: 'void java.lang.invoke.DelegatingMethodHandle$Holder.reinvoke_L(java.lang.Object, java.lang.Object, double)'> (0x00000007c406e188) 
thrown [open/src/hotspot/share/interpreter/linkResolver.cpp, line 773]
Event: 174.819 Thread 0x00007fae66d79400 Exception <a 'java/lang/NoSuchMethodError'{0x00000007c40a2170}: 'double java.lang.invoke.DirectMethodHandle$Holder.invokeVirtual(java.lang.Object, java.lang.Object)'> (0x00000007c40a2170) 
thrown [open/src/hotspot/share/interpreter/linkResolver.cpp, line 773]
Event: 189.920 Thread 0x00007fae6613e600 Implicit null exception at 0x000000011f3df77b to 0x000000011f3df9e8
Event: 189.938 Thread 0x00007fae6613e600 Exception <a 'java/lang/NoSuchMethodError'{0x00000007c3fb83b0}: 'long java.lang.invoke.DirectMethodHandle$Holder.invokeStatic(java.lang.Object, java.lang.Object, int)'> (0x00000007c3fb83b0) 
thrown [open/src/hotspot/share/interpreter/linkResolver.cpp, line 773]
Event: 189.942 Thread 0x00007fae6613e600 Exception <a 'java/lang/NoSuchMethodError'{0x00000007c3fc2c08}: 'void java.lang.invoke.DelegatingMethodHandle$Holder.reinvoke_L(java.lang.Object, java.lang.Object, long)'> (0x00000007c3fc2c08) 
thrown [open/src/hotspot/share/interpreter/linkResolver.cpp, line 773]
Event: 189.967 Thread 0x00007fae6613e600 Exception <a 'java/lang/NoSuchMethodError'{0x00000007c3fe1000}: 'java.lang.Object java.lang.invoke.DirectMethodHandle$Holder.invokeInterface(java.lang.Object, java.lang.Object, java.lang.Object, java.lang.Object, java.lang.Object)'> (0x00000007c3fe1000) 
thrown [open/src/hotspot/share/interpreter/linkResolver.cpp, line 773]
Event: 190.071 Thread 0x00007fae6613e600 Exception <a 'java/lang/NoSuchMethodError'{0x00000007c3e6e678}: 'double java.lang.invoke.Invokers$Holder.invokeExact_MT(java.lang.Object, java.lang.Object, java.lang.Object)'> (0x00000007c3e6e678) 
thrown [open/src/hotspot/share/interpreter/linkResolver.cpp, line 773]
Event: 190.120 Thread 0x00007fae6613e600 Exception <a 'java/lang/NoSuchMethodError'{0x00000007c3eec5a8}: 'int java.lang.invoke.DirectMethodHandle$Holder.invokeStatic(java.lang.Object, java.lang.Object, int, java.lang.Object)'> (0x00000007c3eec5a8) 
thrown [open/src/hotspot/share/interpreter/linkResolver.cpp, line 773]
Event: 190.430 Thread 0x00007fae6613e600 Exception <a 'java/lang/NoSuchMethodError'{0x00000007c3d97c70}: 'int java.lang.invoke.Invokers$Holder.invokeExact_MT(java.lang.Object, java.lang.Object, java.lang.Object)'> (0x00000007c3d97c70) 
thrown [open/src/hotspot/share/interpreter/linkResolver.cpp, line 773]
Event: 190.432 Thread 0x00007fae6613e600 Exception <a 'java/lang/NoSuchMethodError'{0x00000007c3d9df48}: 'long java.lang.invoke.DelegatingMethodHandle$Holder.reinvoke_L(java.lang.Object, java.lang.Object)'> (0x00000007c3d9df48) 
thrown [open/src/hotspot/share/interpreter/linkResolver.cpp, line 773]
Event: 190.432 Thread 0x00007fae6613e600 Exception <a 'java/lang/NoSuchMethodError'{0x00000007c3da54d8}: 'long java.lang.invoke.Invokers$Holder.invokeExact_MT(java.lang.Object, java.lang.Object, java.lang.Object)'> (0x00000007c3da54d8) 
thrown [open/src/hotspot/share/interpreter/linkResolver.cpp, line 773]
Event: 190.446 Thread 0x00007fae6613e600 Exception <a 'java/lang/NoSuchMethodError'{0x00000007c3dc17e8}: 'int java.lang.invoke.DirectMethodHandle$Holder.invokeStatic(java.lang.Object, java.lang.Object, int, int)'> (0x00000007c3dc17e8) 
thrown [open/src/hotspot/share/interpreter/linkResolver.cpp, line 773]

ZGC Phase Switch (0 events):
No events

VM Operations (20 events):
Event: 240.213 Executing VM operation: HandshakeAllThreads (HandshakeForDeflation) done
Event: 240.213 Executing VM operation: RendezvousGCThreads
Event: 240.213 Executing VM operation: RendezvousGCThreads done
Event: 264.276 Executing VM operation: Cleanup
Event: 264.276 Executing VM operation: Cleanup done
Event: 311.400 Executing VM operation: Cleanup
Event: 311.400 Executing VM operation: Cleanup done
Event: 314.408 Executing VM operation: Cleanup
Event: 314.408 Executing VM operation: Cleanup done
Event: 409.763 Executing VM operation: Cleanup
Event: 409.763 Executing VM operation: Cleanup done
Event: 545.161 Executing VM operation: Cleanup
Event: 545.162 Executing VM operation: Cleanup done
Event: 664.598 Executing VM operation: Cleanup
Event: 664.604 Executing VM operation: Cleanup done
Event: 666.608 Executing VM operation: Cleanup
Event: 666.608 Executing VM operation: Cleanup done
Event: 774.014 Executing VM operation: Cleanup
Event: 774.015 Executing VM operation: Cleanup done
Event: 797.419 Executing VM operation: G1CollectForAllocation (G1 Evacuation Pause)

Events (20 events):
Event: 131.553 Thread 0x00007fae626105c0 flushing nmethod 0x000000011f2a2b10
Event: 131.553 Thread 0x00007fae626105c0 flushing nmethod 0x000000011f228110
Event: 131.553 Thread 0x00007fae626105c0 flushing nmethod 0x000000011f226d10
Event: 131.553 Thread 0x00007fae626105c0 flushing nmethod 0x000000011f251090
Event: 131.553 Thread 0x00007fae626105c0 flushing nmethod 0x000000011f224e10
Event: 131.553 Thread 0x00007fae626105c0 flushing nmethod 0x000000011f223c10
Event: 131.553 Thread 0x00007fae626105c0 flushing nmethod 0x000000011f221190
Event: 131.553 Thread 0x00007fae626105c0 flushing nmethod 0x000000011f220b10
Event: 131.553 Thread 0x00007fae626105c0 flushing nmethod 0x000000011f201410
Event: 131.553 Thread 0x00007fae626105c0 flushing nmethod 0x000000011f1ed990
Event: 131.553 Thread 0x00007fae626105c0 flushing nmethod 0x000000011f1aaa90
Event: 131.553 Thread 0x00007fae626105c0 flushing nmethod 0x000000011f16c410
Event: 131.553 Thread 0x00007fae626105c0 flushing nmethod 0x000000011f167810
Event: 131.553 Thread 0x00007fae626105c0 flushing nmethod 0x000000011f166d90
Event: 131.553 Thread 0x00007fae626105c0 flushing nmethod 0x000000011f154810
Event: 131.553 Thread 0x00007fae626105c0 flushing nmethod 0x000000011f111890
Event: 131.553 Thread 0x00007fae626105c0 flushing nmethod 0x000000011f13cf10
Event: 131.553 Thread 0x00007fae626105c0 flushing nmethod 0x000000011f128c10
Event: 131.553 Thread 0x00007fae626105c0 flushing nmethod 0x000000011f0fda90
Event: 131.553 Thread 0x00007fae626105c0 flushing nmethod 0x000000011f0b8710


Dynamic libraries:
0x00007fff2a89d000 	/usr/lib/libz.1.dylib
0x000000010b9e8000 	/Users/macbook/Library/Java/JavaVirtualMachines/openjdk-21.0.1/Contents/Home/lib/libjli.dylib
0x00007fff352f3000 	/System/Library/Frameworks/Cocoa.framework/Versions/A/Cocoa
0x00007fff22619000 	/System/Library/Frameworks/Security.framework/Versions/A/Security
0x00007fff334f6000 	/System/Library/Frameworks/ApplicationServices.framework/Versions/A/ApplicationServices
0x00007fff2a965000 	/usr/lib/libSystem.B.dylib
0x00007fff2a95f000 	/usr/lib/system/libcache.dylib
0x00007fff2a91b000 	/usr/lib/system/libcommonCrypto.dylib
0x00007fff2a945000 	/usr/lib/system/libcompiler_rt.dylib
0x00007fff2a93a000 	/usr/lib/system/libcopyfile.dylib
0x00007fff20510000 	/usr/lib/system/libcorecrypto.dylib
0x00007fff205db000 	/usr/lib/system/libdispatch.dylib
0x00007fff2078e000 	/usr/lib/system/libdyld.dylib
0x00007fff2a956000 	/usr/lib/system/libkeymgr.dylib
0x00007fff2dd6d000 	/usr/lib/system/liblaunch.dylib
0x00007fff2a8f9000 	/usr/lib/system/libmacho.dylib
0x00007fff2a0f1000 	/usr/lib/system/libquarantine.dylib
0x00007fff2a953000 	/usr/lib/system/libremovefile.dylib
0x00007fff24ff4000 	/usr/lib/system/libsystem_asl.dylib
0x00007fff204c0000 	/usr/lib/system/libsystem_blocks.dylib
0x00007fff2065d000 	/usr/lib/system/libsystem_c.dylib
0x00007fff2a94d000 	/usr/lib/system/libsystem_collections.dylib
0x00007fff293f7000 	/usr/lib/system/libsystem_configuration.dylib
0x00007fff286e2000 	/usr/lib/system/libsystem_containermanager.dylib
0x00007fff2a69c000 	/usr/lib/system/libsystem_coreservices.dylib
0x00007fff22bd1000 	/usr/lib/system/libsystem_darwin.dylib
0x00007fff2a957000 	/usr/lib/system/libsystem_dnssd.dylib
0x00007fff2065a000 	/usr/lib/system/libsystem_featureflags.dylib
0x00007fff207d4000 	/usr/lib/system/libsystem_info.dylib
0x00007fff2a8b0000 	/usr/lib/system/libsystem_m.dylib
0x00007fff205ae000 	/usr/lib/system/libsystem_malloc.dylib
0x00007fff24f87000 	/usr/lib/system/libsystem_networkextension.dylib
0x00007fff22ff0000 	/usr/lib/system/libsystem_notify.dylib
0x00007fff30209000 	/usr/lib/system/libsystem_product_info_filter.dylib
0x00007fff293fb000 	/usr/lib/system/libsystem_sandbox.dylib
0x00007fff2a950000 	/usr/lib/system/libsystem_secinit.dylib
0x00007fff20752000 	/usr/lib/system/libsystem_kernel.dylib
0x00007fff207ca000 	/usr/lib/system/libsystem_platform.dylib
0x00007fff20782000 	/usr/lib/system/libsystem_pthread.dylib
0x00007fff266d3000 	/usr/lib/system/libsystem_symptoms.dylib
0x00007fff204f8000 	/usr/lib/system/libsystem_trace.dylib
0x00007fff2a927000 	/usr/lib/system/libunwind.dylib
0x00007fff204c2000 	/usr/lib/system/libxpc.dylib
0x00007fff2073c000 	/usr/lib/libc++abi.dylib
0x00007fff20620000 	/usr/lib/libobjc.A.dylib
0x00007fff2a932000 	/usr/lib/liboah.dylib
0x00007fff206e6000 	/usr/lib/libc++.1.dylib
0x00007fff20800000 	/System/Library/Frameworks/CoreFoundation.framework/Versions/A/CoreFoundation
0x00007fff215b1000 	/System/Library/Frameworks/Foundation.framework/Versions/C/Foundation
0x00007fff2304a000 	/System/Library/Frameworks/AppKit.framework/Versions/C/AppKit
0x00007fff25f0e000 	/System/Library/Frameworks/CoreData.framework/Versions/A/CoreData
0x00007fff23d96000 	/System/Library/PrivateFrameworks/UIFoundation.framework/Versions/A/UIFoundation
0x00007fff2ff9c000 	/System/Library/PrivateFrameworks/RemoteViewServices.framework/Versions/A/RemoteViewServices
0x00007fff28da8000 	/System/Library/PrivateFrameworks/XCTTargetBootstrap.framework/Versions/A/XCTTargetBootstrap
0x00007fff2ba91000 	/usr/lib/libspindump.dylib
0x00007fff23fe5000 	/System/Library/Frameworks/UniformTypeIdentifiers.framework/Versions/A/UniformTypeIdentifiers
0x00007fff275ac000 	/usr/lib/libapp_launch_measurement.dylib
0x00007fff275af000 	/System/Library/PrivateFrameworks/CoreAutoLayout.framework/Versions/A/CoreAutoLayout
0x00007fff2870f000 	/System/Library/Frameworks/Metal.framework/Versions/A/Metal
0x00007fff29406000 	/usr/lib/liblangid.dylib
0x00007fff28dac000 	/System/Library/PrivateFrameworks/CoreSVG.framework/Versions/A/CoreSVG
0x00007fff25024000 	/System/Library/PrivateFrameworks/SkyLight.framework/Versions/A/SkyLight
0x00007fff2538a000 	/System/Library/Frameworks/CoreGraphics.framework/Versions/A/CoreGraphics
0x00007fff304c3000 	/System/Library/Frameworks/Accelerate.framework/Versions/A/Accelerate
0x00007fff2b4cf000 	/System/Library/PrivateFrameworks/IconServices.framework/Versions/A/IconServices
0x00007fff286f3000 	/System/Library/Frameworks/IOSurface.framework/Versions/A/IOSurface
0x00007fff26897000 	/usr/lib/libDiagnosticMessagesClient.dylib
0x00007fff28d94000 	/System/Library/PrivateFrameworks/DFRFoundation.framework/Versions/A/DFRFoundation
0x00007fff22971000 	/usr/lib/libicucore.A.dylib
0x00007fff2cfd6000 	/System/Library/Frameworks/AudioToolbox.framework/Versions/A/AudioToolbox
0x00007fff2c25e000 	/System/Library/PrivateFrameworks/DataDetectorsCore.framework/Versions/A/DataDetectorsCore
0x00007fff24f97000 	/usr/lib/libMobileGestalt.dylib
0x00007fff28a98000 	/System/Library/Frameworks/Carbon.framework/Versions/A/Frameworks/HIToolbox.framework/Versions/A/HIToolbox
0x00007fff26ff1000 	/System/Library/Frameworks/QuartzCore.framework/Versions/A/QuartzCore
0x00007fff2ffd4000 	/System/Library/Frameworks/Carbon.framework/Versions/A/Frameworks/SpeechRecognition.framework/Versions/A/SpeechRecognition
0x00007fff27311000 	/System/Library/PrivateFrameworks/CoreUI.framework/Versions/A/CoreUI
0x00007fff21f87000 	/System/Library/Frameworks/CoreAudio.framework/Versions/A/CoreAudio
0x00007fff26982000 	/System/Library/Frameworks/DiskArbitration.framework/Versions/A/DiskArbitration
0x00007fff2be5f000 	/System/Library/PrivateFrameworks/MultitouchSupport.framework/Versions/A/MultitouchSupport
0x00007fff2c255000 	/System/Library/PrivateFrameworks/InternationalSupport.framework/Versions/A/InternationalSupport
0x00007fff24f96000 	/usr/lib/libenergytrace.dylib
0x00007fff22f41000 	/System/Library/Frameworks/IOKit.framework/Versions/A/IOKit
0x00007fff30307000 	/System/Library/Frameworks/CoreServices.framework/Versions/A/CoreServices
0x00007fff2753e000 	/System/Library/PrivateFrameworks/PerformanceAnalysis.framework/Versions/A/PerformanceAnalysis
0x00007fff6bca0000 	/System/Library/Frameworks/OpenGL.framework/Versions/A/OpenGL
0x00007fff2c2d9000 	/System/Library/PrivateFrameworks/UserActivity.framework/Versions/A/UserActivity
0x00007fff25a14000 	/System/Library/Frameworks/ColorSync.framework/Versions/A/ColorSync
0x00007fff29014000 	/System/Library/Frameworks/CoreImage.framework/Versions/A/CoreImage
0x00007fff21da1000 	/System/Library/Frameworks/CoreText.framework/Versions/A/CoreText
0x00007fff28dd6000 	/System/Library/Frameworks/ImageIO.framework/Versions/A/ImageIO
0x00007fff2a96b000 	/System/Library/PrivateFrameworks/SoftLinking.framework/Versions/A/SoftLinking
0x00007fff275f7000 	/usr/lib/libxml2.2.dylib
0x00007fff2abdd000 	/usr/lib/libcompression.dylib
0x00007fff2c187000 	/System/Library/PrivateFrameworks/TextureIO.framework/Versions/A/TextureIO
0x00007fff2b20d000 	/usr/lib/libate.dylib
0x00007fff2aff1000 	/usr/lib/liblzma.5.dylib
0x00007fff212c5000 	/System/Library/Frameworks/SystemConfiguration.framework/Versions/A/SystemConfiguration
0x00007fff2a967000 	/usr/lib/libfakelink.dylib
0x00007fff24ae9000 	/System/Library/Frameworks/CFNetwork.framework/Versions/A/CFNetwork
0x00007fff2aaa7000 	/usr/lib/libarchive.2.dylib
0x00007fff21343000 	/usr/lib/libCRFSuite.dylib
0x00007fff2a118000 	/usr/lib/libbsm.0.dylib
0x00007fff24462000 	/usr/lib/libnetwork.dylib
0x00007fff2a96c000 	/usr/lib/libpcap.A.dylib
0x00007fff266cc000 	/usr/lib/libdns_services.dylib
0x00007fff2b00a000 	/usr/lib/libcoretls_cfhelpers.dylib
0x00007fff2aba6000 	/usr/lib/libapple_nghttp2.dylib
0x00007fff2a8ff000 	/usr/lib/system/libkxld.dylib
0x00007fff26344000 	/usr/lib/libsqlite3.dylib
0x00007fff2a67f000 	/System/Library/PrivateFrameworks/AppleFSCompression.framework/Versions/A/AppleFSCompression
0x00007fff2a100000 	/usr/lib/libcoretls.dylib
0x00007fff2abd7000 	/usr/lib/libpam.2.dylib
0x00007fff2b108000 	/usr/lib/libxar.1.dylib
0x00007fff29402000 	/System/Library/PrivateFrameworks/AppleSystemInfo.framework/Versions/A/AppleSystemInfo
0x00007fff29d42000 	/System/Library/PrivateFrameworks/IOMobileFramebuffer.framework/Versions/A/IOMobileFramebuffer
0x00007fff2a68f000 	/usr/lib/libbz2.1.0.dylib
0x00007fff2a9a4000 	/usr/lib/libiconv.2.dylib
0x00007fff2a8f8000 	/usr/lib/libcharset.1.dylib
0x00007fff2757a000 	/System/Library/Frameworks/CoreServices.framework/Versions/A/Frameworks/FSEvents.framework/Versions/A/FSEvents
0x00007fff22bdb000 	/System/Library/Frameworks/CoreServices.framework/Versions/A/Frameworks/CarbonCore.framework/Versions/A/CarbonCore
0x00007fff268e7000 	/System/Library/Frameworks/CoreServices.framework/Versions/A/Frameworks/Metadata.framework/Versions/A/Metadata
0x00007fff2a6a1000 	/System/Library/Frameworks/CoreServices.framework/Versions/A/Frameworks/OSServices.framework/Versions/A/OSServices
0x00007fff2ab19000 	/System/Library/Frameworks/CoreServices.framework/Versions/A/Frameworks/SearchKit.framework/Versions/A/SearchKit
0x00007fff26657000 	/System/Library/Frameworks/CoreServices.framework/Versions/A/Frameworks/AE.framework/Versions/A/AE
0x00007fff20c9e000 	/System/Library/Frameworks/CoreServices.framework/Versions/A/Frameworks/LaunchServices.framework/Versions/A/LaunchServices
0x00007fff2afa1000 	/System/Library/Frameworks/CoreServices.framework/Versions/A/Frameworks/DictionaryServices.framework/Versions/A/DictionaryServices
0x00007fff27587000 	/System/Library/Frameworks/CoreServices.framework/Versions/A/Frameworks/SharedFileList.framework/Versions/A/SharedFileList
0x00007fff2a0f4000 	/usr/lib/libCheckFix.dylib
0x00007fff2500b000 	/System/Library/PrivateFrameworks/TCC.framework/Versions/A/TCC
0x00007fff29408000 	/System/Library/PrivateFrameworks/CoreNLP.framework/Versions/A/CoreNLP
0x00007fff2689a000 	/System/Library/PrivateFrameworks/MetadataUtilities.framework/Versions/A/MetadataUtilities
0x00007fff21378000 	/usr/lib/libmecabra.dylib
0x00007fff2a3fe000 	/System/Library/Frameworks/MLCompute.framework/Versions/A/MLCompute
0x00007fff2a129000 	/usr/lib/libmecab.dylib
0x00007fff2a173000 	/usr/lib/libgermantok.dylib
0x00007fff2ab81000 	/usr/lib/libThaiTokenizer.dylib
0x00007fff2b144000 	/usr/lib/libChineseTokenizer.dylib
0x00007fff2abd5000 	/System/Library/Frameworks/MetalPerformanceShaders.framework/Versions/A/MetalPerformanceShaders
0x00007fff26989000 	/System/Library/Frameworks/Accelerate.framework/Versions/A/Frameworks/vImage.framework/Versions/A/vImage
0x00007fff302e1000 	/System/Library/Frameworks/Accelerate.framework/Versions/A/Frameworks/vecLib.framework/Versions/A/vecLib
0x00007fff2b14f000 	/System/Library/Frameworks/Accelerate.framework/Versions/A/Frameworks/vecLib.framework/Versions/A/libvMisc.dylib
0x00007fff29b5d000 	/System/Library/Frameworks/Accelerate.framework/Versions/A/Frameworks/vecLib.framework/Versions/A/libvDSP.dylib
0x00007fff20fab000 	/System/Library/Frameworks/Accelerate.framework/Versions/A/Frameworks/vecLib.framework/Versions/A/libBLAS.dylib
0x00007fff2ac03000 	/System/Library/Frameworks/Accelerate.framework/Versions/A/Frameworks/vecLib.framework/Versions/A/libLAPACK.dylib
0x00007fff2a179000 	/System/Library/Frameworks/Accelerate.framework/Versions/A/Frameworks/vecLib.framework/Versions/A/libLinearAlgebra.dylib
0x00007fff2abbe000 	/System/Library/Frameworks/Accelerate.framework/Versions/A/Frameworks/vecLib.framework/Versions/A/libSparseBLAS.dylib
0x00007fff2abfd000 	/System/Library/Frameworks/Accelerate.framework/Versions/A/Frameworks/vecLib.framework/Versions/A/libQuadrature.dylib
0x00007fff294b4000 	/System/Library/Frameworks/Accelerate.framework/Versions/A/Frameworks/vecLib.framework/Versions/A/libBNNS.dylib
0x00007fff21256000 	/System/Library/Frameworks/Accelerate.framework/Versions/A/Frameworks/vecLib.framework/Versions/A/libSparse.dylib
0x00007fff29390000 	/System/Library/Frameworks/MetalPerformanceShaders.framework/Versions/A/Frameworks/MPSCore.framework/Versions/A/MPSCore
0x00007fff2a5ee000 	/System/Library/Frameworks/MetalPerformanceShaders.framework/Versions/A/Frameworks/MPSImage.framework/Versions/A/MPSImage
0x00007fff2a18f000 	/System/Library/Frameworks/MetalPerformanceShaders.framework/Versions/A/Frameworks/MPSNeuralNetwork.framework/Versions/A/MPSNeuralNetwork
0x00007fff2a560000 	/System/Library/Frameworks/MetalPerformanceShaders.framework/Versions/A/Frameworks/MPSMatrix.framework/Versions/A/MPSMatrix
0x00007fff2a3ae000 	/System/Library/Frameworks/MetalPerformanceShaders.framework/Versions/A/Frameworks/MPSRayIntersector.framework/Versions/A/MPSRayIntersector
0x00007fff2a597000 	/System/Library/Frameworks/MetalPerformanceShaders.framework/Versions/A/Frameworks/MPSNDArray.framework/Versions/A/MPSNDArray
0x00007fff20ed6000 	/System/Library/PrivateFrameworks/MetalTools.framework/Versions/A/MetalTools
0x00007fff29400000 	/System/Library/PrivateFrameworks/AggregateDictionary.framework/Versions/A/AggregateDictionary
0x00007fff26867000 	/System/Library/PrivateFrameworks/CoreAnalytics.framework/Versions/A/CoreAnalytics
0x00007fff2ab83000 	/System/Library/PrivateFrameworks/AppleSauce.framework/Versions/A/AppleSauce
0x00007fff28705000 	/System/Library/PrivateFrameworks/IOAccelerator.framework/Versions/A/IOAccelerator
0x00007fff6bc94000 	/System/Library/Frameworks/OpenGL.framework/Versions/A/Libraries/libCoreFSCache.dylib
0x00007fff21910000 	/System/Library/PrivateFrameworks/LanguageModeling.framework/Versions/A/LanguageModeling
0x00007fff29d30000 	/System/Library/PrivateFrameworks/CoreEmoji.framework/Versions/A/CoreEmoji
0x00007fff294ad000 	/System/Library/PrivateFrameworks/LinguisticData.framework/Versions/A/LinguisticData
0x00007fff21208000 	/System/Library/PrivateFrameworks/Lexicon.framework/Versions/A/Lexicon
0x00007fff2aa95000 	/usr/lib/libcmph.dylib
0x00007fff2755a000 	/System/Library/Frameworks/OpenDirectory.framework/Versions/A/Frameworks/CFOpenDirectory.framework/Versions/A/CFOpenDirectory
0x00007fff2754a000 	/System/Library/Frameworks/OpenDirectory.framework/Versions/A/OpenDirectory
0x00007fff2b00c000 	/System/Library/PrivateFrameworks/APFS.framework/Versions/A/APFS
0x00007fff2a056000 	/System/Library/Frameworks/SecurityFoundation.framework/Versions/A/SecurityFoundation
0x00007fff2b117000 	/usr/lib/libutil.dylib
0x00007fff22f06000 	/System/Library/PrivateFrameworks/CoreServicesStore.framework/Versions/A/CoreServicesStore
0x00007fff2a0ec000 	/System/Library/Frameworks/ServiceManagement.framework/Versions/A/ServiceManagement
0x00007fff2b11b000 	/usr/lib/libxslt.1.dylib
0x00007fff2a0e2000 	/System/Library/PrivateFrameworks/BackgroundTaskManagement.framework/Versions/A/BackgroundTaskManagement
0x00007fff2c0d1000 	/System/Library/Frameworks/ImageIO.framework/Versions/A/Resources/libRadiance.dylib
0x00007fff2c0db000 	/System/Library/Frameworks/ImageIO.framework/Versions/A/Resources/libJPEG.dylib
0x00007fff2c029000 	/System/Library/Frameworks/ImageIO.framework/Versions/A/Resources/libPng.dylib
0x00007fff2c04a000 	/System/Library/Frameworks/ImageIO.framework/Versions/A/Resources/libTIFF.dylib
0x00007fff2c130000 	/System/Library/Frameworks/ImageIO.framework/Versions/A/Resources/libGIF.dylib
0x00007fff2bd7b000 	/System/Library/Frameworks/ImageIO.framework/Versions/A/Resources/libJP2.dylib
0x00007fff2b496000 	/usr/lib/libexpat.1.dylib
0x00007fff2bd31000 	/System/Library/PrivateFrameworks/AppleJPEG.framework/Versions/A/AppleJPEG
0x00007fff2893b000 	/System/Library/PrivateFrameworks/FontServices.framework/libFontParser.dylib
0x00007fff2660e000 	/System/Library/PrivateFrameworks/RunningBoardServices.framework/Versions/A/RunningBoardServices
0x00007fff2be5b000 	/System/Library/PrivateFrameworks/WatchdogClient.framework/Versions/A/WatchdogClient
0x00007fff219f9000 	/System/Library/Frameworks/CoreDisplay.framework/Versions/A/CoreDisplay
0x00007fff28850000 	/System/Library/Frameworks/CoreMedia.framework/Versions/A/CoreMedia
0x00007fff276da000 	/System/Library/Frameworks/CoreVideo.framework/Versions/A/CoreVideo
0x00007fff2be96000 	/System/Library/Frameworks/VideoToolbox.framework/Versions/A/VideoToolbox
0x00007fff2658e000 	/System/Library/PrivateFrameworks/BaseBoard.framework/Versions/A/BaseBoard
0x00007fff2b5db000 	/System/Library/PrivateFrameworks/PersistentConnection.framework/Versions/A/PersistentConnection
0x00007fff2632e000 	/System/Library/PrivateFrameworks/ProtocolBuffer.framework/Versions/A/ProtocolBuffer
0x00007fff26576000 	/System/Library/PrivateFrameworks/CommonUtilities.framework/Versions/A/CommonUtilities
0x00007fff2bcf4000 	/System/Library/PrivateFrameworks/Bom.framework/Versions/A/Bom
0x00007fff2c0c9000 	/System/Library/PrivateFrameworks/GPUWrangler.framework/Versions/A/GPUWrangler
0x00007fff2c0ac000 	/System/Library/PrivateFrameworks/IOPresentment.framework/Versions/A/IOPresentment
0x00007fff2c0d5000 	/System/Library/PrivateFrameworks/DSExternalDisplay.framework/Versions/A/DSExternalDisplay
0x00007fff2c135000 	/System/Library/PrivateFrameworks/CMCaptureCore.framework/Versions/A/CMCaptureCore
0x00007fff2ba77000 	/System/Library/PrivateFrameworks/AppServerSupport.framework/Versions/A/AppServerSupport
0x00007fff2db10000 	/System/Library/PrivateFrameworks/perfdata.framework/Versions/A/perfdata
0x00007fff2a045000 	/System/Library/PrivateFrameworks/AssertionServices.framework/Versions/A/AssertionServices
0x00007fff21b30000 	/System/Library/PrivateFrameworks/AudioToolboxCore.framework/Versions/A/AudioToolboxCore
0x00007fff28833000 	/System/Library/PrivateFrameworks/caulk.framework/Versions/A/caulk
0x00007fff3cfd5000 	/System/Library/PrivateFrameworks/SystemPolicy.framework/Versions/A/SystemPolicy
0x00007fff2b2a5000 	/usr/lib/libIOReport.dylib
0x00007fff2d34c000 	/usr/lib/libSMC.dylib
0x00007fff2bff5000 	/usr/lib/libAudioToolboxUtility.dylib
0x00007fff3d932000 	/usr/lib/libmis.dylib
0x00007fff6bcf0000 	/System/Library/Frameworks/OpenGL.framework/Versions/A/Libraries/libGLU.dylib
0x00007fff6bcb3000 	/System/Library/Frameworks/OpenGL.framework/Versions/A/Libraries/libGFXShared.dylib
0x00007fff6bec1000 	/System/Library/Frameworks/OpenGL.framework/Versions/A/Libraries/libGL.dylib
0x00007fff6bcbc000 	/System/Library/Frameworks/OpenGL.framework/Versions/A/Libraries/libGLImage.dylib
0x00007fff6bcb0000 	/System/Library/Frameworks/OpenGL.framework/Versions/A/Libraries/libCVMSPluginSupport.dylib
0x00007fff6bc9b000 	/System/Library/Frameworks/OpenGL.framework/Versions/A/Libraries/libCoreVMClient.dylib
0x00007fff6d30b000 	/System/Library/Frameworks/OpenCL.framework/Versions/A/OpenCL
0x00007fff2b604000 	/System/Library/PrivateFrameworks/GraphVisualizer.framework/Versions/A/GraphVisualizer
0x00007fff2b613000 	/System/Library/PrivateFrameworks/FaceCore.framework/Versions/A/FaceCore
0x00007fff2ba2f000 	/System/Library/PrivateFrameworks/OTSVG.framework/Versions/A/OTSVG
0x00007fff272cf000 	/System/Library/Frameworks/ApplicationServices.framework/Versions/A/Frameworks/ATS.framework/Versions/A/Resources/libFontRegistry.dylib
0x00007fff2ba7e000 	/System/Library/PrivateFrameworks/FontServices.framework/libhvf.dylib
0x00007fff2b442000 	/System/Library/PrivateFrameworks/AppleVA.framework/Versions/A/AppleVA
0x00007fff2d194000 	/System/Library/Frameworks/ApplicationServices.framework/Versions/A/Frameworks/ATS.framework/Versions/A/ATS
0x00007fff2d4a7000 	/System/Library/Frameworks/ApplicationServices.framework/Versions/A/Frameworks/ColorSyncLegacy.framework/Versions/A/ColorSyncLegacy
0x00007fff25b0c000 	/System/Library/Frameworks/ApplicationServices.framework/Versions/A/Frameworks/HIServices.framework/Versions/A/HIServices
0x00007fff2d48c000 	/System/Library/Frameworks/ApplicationServices.framework/Versions/A/Frameworks/LangAnalysis.framework/Versions/A/LangAnalysis
0x00007fff2c13f000 	/System/Library/Frameworks/ApplicationServices.framework/Versions/A/Frameworks/PrintCore.framework/Versions/A/PrintCore
0x00007fff2d4af000 	/System/Library/Frameworks/ApplicationServices.framework/Versions/A/Frameworks/QD.framework/Versions/A/QD
0x00007fff2d184000 	/System/Library/Frameworks/ApplicationServices.framework/Versions/A/Frameworks/SpeechSynthesis.framework/Versions/A/SpeechSynthesis
0x00007fff2c100000 	/System/Library/Frameworks/ApplicationServices.framework/Versions/A/Frameworks/ATSUI.framework/Versions/A/ATSUI
0x00007fff2d42c000 	/usr/lib/libcups.2.dylib
0x00007fff2d49c000 	/System/Library/PrivateFrameworks/NetAuth.framework/Versions/A/NetAuth
0x00007fff2db2b000 	/System/Library/Frameworks/Kerberos.framework/Versions/A/Kerberos
0x00007fff2db3b000 	/System/Library/Frameworks/GSS.framework/Versions/A/GSS
0x00007fff2d201000 	/usr/lib/libresolv.9.dylib
0x00007fff2ba94000 	/System/Library/PrivateFrameworks/Heimdal.framework/Versions/A/Heimdal
0x00007fff3380b000 	/System/Library/Frameworks/Kerberos.framework/Versions/A/Libraries/libHeimdalProxy.dylib
0x00007fff266db000 	/System/Library/Frameworks/Network.framework/Versions/A/Network
0x00007fff2b4b0000 	/usr/lib/libheimdal-asn1.dylib
0x00007fff2db8c000 	/System/Library/PrivateFrameworks/CommonAuth.framework/Versions/A/CommonAuth
0x00007fff27728000 	/System/Library/PrivateFrameworks/login.framework/Versions/A/Frameworks/loginsupport.framework/Versions/A/loginsupport
0x00007fff2d10b000 	/System/Library/PrivateFrameworks/AudioSession.framework/Versions/A/AudioSession
0x00007fff2d171000 	/usr/lib/libAudioStatistics.dylib
0x00007fff2b53c000 	/System/Library/PrivateFrameworks/MediaExperience.framework/Versions/A/MediaExperience
0x00007fff2cfa4000 	/System/Library/PrivateFrameworks/AudioSession.framework/libSessionUtility.dylib
0x00007fff2db1c000 	/usr/lib/libperfcheck.dylib
0x00007fff2d4bb000 	/System/Library/PrivateFrameworks/AudioResourceArbitration.framework/Versions/A/AudioResourceArbitration
0x00007fff2b4ba000 	/System/Library/PrivateFrameworks/IconFoundation.framework/Versions/A/IconFoundation
0x00007fff2ffc4000 	/System/Library/PrivateFrameworks/SpeechRecognitionCore.framework/Versions/A/SpeechRecognitionCore
0x00007fff581b0000 	/System/Library/CoreServices/Encodings/libLatin5Converter.dylib
0x000000010e000000 	/Users/macbook/Library/Java/JavaVirtualMachines/openjdk-21.0.1/Contents/Home/lib/server/libjvm.dylib
0x000000010ba11000 	/Users/macbook/Library/Java/JavaVirtualMachines/openjdk-21.0.1/Contents/Home/lib/libjimage.dylib
0x000000010ba23000 	/Users/macbook/Library/Java/JavaVirtualMachines/openjdk-21.0.1/Contents/Home/lib/libinstrument.dylib
0x000000010ba37000 	/Users/macbook/Library/Java/JavaVirtualMachines/openjdk-21.0.1/Contents/Home/lib/libjava.dylib
0x000000010bfe1000 	/Users/macbook/Library/Java/JavaVirtualMachines/openjdk-21.0.1/Contents/Home/lib/libzip.dylib
0x00000001297e2000 	/Users/macbook/Library/Java/JavaVirtualMachines/openjdk-21.0.1/Contents/Home/lib/libnio.dylib
0x00000001297fe000 	/Users/macbook/Library/Java/JavaVirtualMachines/openjdk-21.0.1/Contents/Home/lib/libnet.dylib
0x0000000129812000 	/Users/macbook/Library/Java/JavaVirtualMachines/openjdk-21.0.1/Contents/Home/lib/libextnet.dylib
0x0000000129822000 	/Users/macbook/Library/Java/JavaVirtualMachines/openjdk-21.0.1/Contents/Home/lib/libmanagement.dylib
0x0000000129832000 	/Users/macbook/Library/Java/JavaVirtualMachines/openjdk-21.0.1/Contents/Home/lib/libmanagement_ext.dylib
0x0000000129842000 	/Users/macbook/Library/Java/JavaVirtualMachines/openjdk-21.0.1/Contents/Home/lib/libverify.dylib


VM Arguments:
jvm_args: -javaagent:/Applications/IntelliJ IDEA CE.app/Contents/lib/idea_rt.jar=62647:/Applications/IntelliJ IDEA CE.app/Contents/bin -Dfile.encoding=UTF-8 -Dsun.stdout.encoding=UTF-8 -Dsun.stderr.encoding=UTF-8 
java_command: com.autorent.rentacar.RentacarApplication
java_class_path (initial): /Users/macbook/Documents/GitHub/rentacar/target/classes:/Users/macbook/.m2/repository/org/springframework/boot/spring-boot-starter-data-jpa/3.3.4/spring-boot-starter-data-jpa-3.3.4.jar:/Users/macbook/.m2/repository/org/springframework/boot/spring-boot-starter-aop/3.3.4/spring-boot-starter-aop-3.3.4.jar:/Users/macbook/.m2/repository/org/aspectj/aspectjweaver/1.9.22.1/aspectjweaver-1.9.22.1.jar:/Users/macbook/.m2/repository/org/springframework/boot/spring-boot-starter-jdbc/3.3.4/spring-boot-starter-jdbc-3.3.4.jar:/Users/macbook/.m2/repository/com/zaxxer/HikariCP/5.1.0/HikariCP-5.1.0.jar:/Users/macbook/.m2/repository/org/springframework/spring-jdbc/6.1.13/spring-jdbc-6.1.13.jar:/Users/macbook/.m2/repository/org/hibernate/orm/hibernate-core/6.5.3.Final/hibernate-core-6.5.3.Final.jar:/Users/macbook/.m2/repository/jakarta/persistence/jakarta.persistence-api/3.1.0/jakarta.persistence-api-3.1.0.jar:/Users/macbook/.m2/repository/jakarta/transaction/jakarta.transaction-api/2.0.1/jakarta.transaction-api-2.0.1.jar:/Users/macbook/.m2/repository/org/jboss/logging/jboss-logging/3.5.3.Final/jboss-logging-3.5.3.Final.jar:/Users/macbook/.m2/repository/org/hibernate/common/hibernate-commons-annotations/6.0.6.Final/hibernate-commons-annotations-6.0.6.Final.jar:/Users/macbook/.m2/repository/io/smallrye/jandex/3.1.2/jandex-3.1.2.jar:/Users/macbook/.m2/repository/com/fasterxml/classmate/1.7.0/classmate-1.7.0.jar:/Users/macbook/.m2/repository/net/bytebuddy/byte-buddy/1.14.19/byte-buddy-1.14.19.jar:/Users/macbook/.m2/repository/org/glassfish/jaxb/jaxb-runtime/4.0.5/jaxb-runtime-4.0.5.jar:/Users/macbook/.m2/repository/org/glassfish/jaxb/jaxb-core/4.0.5/jaxb-core-4.0.5.jar:/Users/macbook/.m2/repository/org/eclipse/angus/angus-activation/2.0.2/angus-activation-2.0.2.jar:/Users/macbook/.m2/repository/org/glassfish/jaxb/txw2/4.0.5/txw2-4.0.5.jar:/Users/macbook/.m2/repository/com/sun/istack/istack-commons-runtime/4.1.2/istack-commons-runtime-4.1.2.jar:/Users/macbook/.m2/repository/jakarta/inject/jakarta.inject-api/2.0.1/jakarta.inject-api-2.0.1.jar:/Users/macbook/.m2/repository/org/antlr/antlr4-runtime/4.13.0/antlr4-runtime-4.13.0.jar:/Users/macbook/.m2/repository/org/springframework/data/spring-data-jpa/3.3.4/spring-data-jpa-3.3.4.jar:/Users/macbook/.m2/repository/org/springframework/data/spring-data-commons/3.3.4/spring-data-commons-3.3.4.jar:/Users/macbook/.m2/repository/org/springframework/spring-orm/6.1.13/spring-orm-6.1.13.jar:/Users/macbook/.m2/repository/org/springframework/spring-context/6.1.13/spring-context-6.1.13.jar:/Users/macbook/.m2/repository/org/springframework/spring-tx/6.1.13/spring-tx-6.1.13.jar:/Users/macbook/.m2/repository/org/springframework/spring-beans/6.1.13/spring-beans-6.1.13.jar:/Users/macbook/.m2/repository/jakarta/annotation/jakarta.annotation-api/2.1.1/jakarta.annotation-api-2.1.1.jar:/Users/macbook/.m2/repository/org/slf4j/slf4j-api/2.0.16/slf4j-api-2.0.16.jar:/Users/macbook/.m2/repository/org/springframework/spring-aspects/6.1.13/spring-aspects-6.1.13.jar:/Users/macbook/.m2/repository/org/springframework/boot/spring-boot-starter-security/3.3.4/spring-boot-starter-security-3.3.4.jar:/Users/macbook/.m2/repository/org/springframework/boot/spring-boot-starter/3.3.4/spring-boot-starter-3.3.4.jar:/Users/macbook/.m2/repository/org/springframework/boot/spring-boot-starter-logging/3.3.4/spring-boot-starter-logging-3.3.4.jar:/Users/macbook/.m2/repository/ch/qos/logback/logback-classic/1.5.8/logback-classic-1.5.8.jar:/Users/macbook/.m2/repository/ch/qos/logback/logback-core/1.5.8/logback-core-1.5.8.jar:/Users/macbook/.m2/repository/org/apache/logging/log4j/log4j-to-slf4j/2.23.1/log4j-to-slf4j-2.23.1.jar:/Users/macbook/.m2/repository/org/apache/logging/log4j/log4j-api/2.23.1/log4j-api-2.23.1.jar:/Users/macbook/.m2/repository/org/slf4j/jul-to-slf4j/2.0.16/jul-to-slf4j-2.0.16.jar:/Users/macbook/.m2/repository/org/yaml/snakeyaml/2.2/snakeyaml-2.2.jar:/Users/macbook/.m2/repository/org/springframework/spring-aop/6.1.13/spring-aop-6.1.13.jar:/Users/macbook/.m2/repository/org/springframework/security/spring-security-config/6.3.3/spring-security-config-6.3.3.jar:/Users/macbook/.m2/repository/org/springframework/security/spring-security-web/6.3.3/spring-security-web-6.3.3.jar:/Users/macbook/.m2/repository/org/springframework/spring-expression/6.1.13/spring-expression-6.1.13.jar:/Users/macbook/.m2/repository/org/springframework/boot/spring-boot-starter-web/3.3.4/spring-boot-starter-web-3.3.4.jar:/Users/macbook/.m2/repository/org/springframework/boot/spring-boot-starter-json/3.3.4/spring-boot-starter-json-3.3.4.jar:/Users/macbook/.m2/repository/com/fasterxml/jackson/core/jackson-databind/2.17.2/jackson-databind-2.17.2.jar:/Users/macbook/.m2/repository/com/fasterxml/jackson/core/jackson-annotations/2.17.2/jackson-annotations-2.17.2.jar:/Users/macbook/.m2/repository/com/fasterxml/jackson/core/jackson-core/2.17.2/jackson-core-2.17.2.jar:/Users/macbook/.m2/repository/com/fasterxml/jackson/datatype/jackson-datatype-jdk8/2.17.2/jackson-datatype-jdk8-2.17.2.jar:/Users/macbook/.m2/repository/com/fasterxml/jackson/datatype/jackson-datatype-jsr310/2.17.2/jackson-datatype-jsr310-2.17.2.jar:/Users/macbook/.m2/repository/com/fasterxml/jackson/module/jackson-module-parameter-names/2.17.2/jackson-module-parameter-names-2.17.2.jar:/Users/macbook/.m2/repository/org/springframework/boot/spring-boot-starter-tomcat/3.3.4/spring-boot-starter-tomcat-3.3.4.jar:/Users/macbook/.m2/repository/org/apache/tomcat/embed/tomcat-embed-core/10.1.30/tomcat-embed-core-10.1.30.jar:/Users/macbook/.m2/repository/org/apache/tomcat/embed/tomcat-embed-el/10.1.30/tomcat-embed-el-10.1.30.jar:/Users/macbook/.m2/repository/org/apache/tomcat/embed/tomcat-embed-websocket/10.1.30/tomcat-embed-websocket-10.1.30.jar:/Users/macbook/.m2/repository/org/springframework/spring-web/6.1.13/spring-web-6.1.13.jar:/Users/macbook/.m2/repository/io/micrometer/micrometer-observation/1.13.4/micrometer-observation-1.13.4.jar:/Users/macbook/.m2/repository/io/micrometer/micrometer-commons/1.13.4/micrometer-commons-1.13.4.jar:/Users/macbook/.m2/repository/org/springframework/spring-webmvc/6.1.13/spring-webmvc-6.1.13.jar:/Users/macbook/.m2/repository/org/springframework/boot/spring-boot-devtools/3.3.4/spring-boot-devtools-3.3.4.jar:/Users/macbook/.m2/repository/org/springframework/boot/spring-boot/3.3.4/spring-boot-3.3.4.jar:/Users/macbook/.m2/repository/org/springframework/boot/spring-boot-autoconfigure/3.3.4/spring-boot-autoconfigure-3.3.4.jar:/Users/macbook/.m2/repository/org/postgresql/postgresql/42.7.4/postgresql-42.7.4.jar:/Users/macbook/.m2/repository/org/checkerframework/checker-qual/3.42.0/checker-qual-3.42.0.jar:/Users/macbook/.m2/repository/org/projectlombok/lombok/1.18.34/lombok-1.18.34.jar:/Users/macbook/.m2/repository/jakarta/xml/bind/jakarta.xml.bind-api/4.0.2/jakarta.xml.bind-api-4.0.2.jar:/Users/macbook/.m2/repository/jakarta/activation/jakarta.activation-api/2.1.3/jakarta.activation-api-2.1.3.jar:/Users/macbook/.m2/repository/org/springframework/spring-core/6.1.13/spring-core-6.1.13.jar:/Users/macbook/.m2/repository/org/springframework/spring-jcl/6.1.13/spring-jcl-6.1.13.jar:/Users/macbook/.m2/repository/org/springframework/security/spring-security-core/6.3.3/spring-security-core-6.3.3.jar:/Users/macbook/.m2/repository/org/springframework/security/spring-security-crypto/6.3.3/spring-security-crypto-6.3.3.jar:/Users/macbook/.m2/repository/org/springdoc/springdoc-openapi-starter-webmvc-ui/2.5.0/springdoc-openapi-starter-webmvc-ui-2.5.0.jar:/Users/macbook/.m2/repository/org/springdoc/springdoc-openapi-starter-webmvc-api/2.5.0/springdoc-openapi-starter-webmvc-api-2.5.0.jar:/Users/macbook/.m2/repository/org/springdoc/springdoc-openapi-starter-common/2.5.0/springdoc-openapi-starter-common-2.5.0.jar:/Users/macbook/.m2/repository/io/swagger/core/v3/swagger-core-jakarta/2.2.21/swagger-core-jakarta-2.2.21.jar:/Users/macbook/.m2/repository/org/apache/commons/commons-lang3/3.14.0/commons-lang3-3.14.0.jar:/Users/macbook/.m2/repository/io/swagger/core/v3/swagger-annotations-jakarta/2.2.21/swagger-annotations-jakarta-2.2.21.jar:/Users/macbook/.m2/repository/io/swagger/core/v3/swagger-models-jakarta/2.2.21/swagger-models-jakarta-2.2.21.jar:/Users/macbook/.m2/repository/jakarta/validation/jakarta.validation-api/3.0.2/jakarta.validation-api-3.0.2.jar:/Users/macbook/.m2/repository/com/fasterxml/jackson/dataformat/jackson-dataformat-yaml/2.17.2/jackson-dataformat-yaml-2.17.2.jar:/Users/macbook/.m2/repository/org/webjars/swagger-ui/5.13.0/swagger-ui-5.13.0.jar:/Users/macbook/.m2/repository/io/jsonwebtoken/jjwt/0.12.5/jjwt-0.12.5.jar:/Users/macbook/.m2/repository/io/jsonwebtoken/jjwt-api/0.12.5/jjwt-api-0.12.5.jar:/Users/macbook/.m2/repository/io/jsonwebtoken/jjwt-impl/0.12.5/jjwt-impl-0.12.5.jar:/Users/macbook/.m2/repository/io/jsonwebtoken/jjwt-jackson/0.12.5/jjwt-jackson-0.12.5.jar:/Users/macbook/.m2/repository/org/mapstruct/mapstruct/1.5.5.Final/mapstruct-1.5.5.Final.jar:/Users/macbook/.m2/repository/org/mapstruct/mapstruct-processor/1.5.5.Final/mapstruct-processor-1.5.5.Final.jar
Launcher Type: SUN_STANDARD

[Global flags]
     intx CICompilerCount                          = 3                                         {product} {ergonomic}
     uint ConcGCThreads                            = 1                                         {product} {ergonomic}
     uint G1ConcRefinementThreads                  = 4                                         {product} {ergonomic}
   size_t G1HeapRegionSize                         = 1048576                                   {product} {ergonomic}
    uintx GCDrainStackTargetSize                   = 64                                        {product} {ergonomic}
   size_t InitialHeapSize                          = 67108864                                  {product} {ergonomic}
   size_t MarkStackSize                            = 4194304                                   {product} {ergonomic}
   size_t MaxHeapSize                              = 1073741824                                {product} {ergonomic}
   size_t MaxNewSize                               = 643825664                                 {product} {ergonomic}
   size_t MinHeapDeltaBytes                        = 1048576                                   {product} {ergonomic}
   size_t MinHeapSize                              = 8388608                                   {product} {ergonomic}
    uintx NonNMethodCodeHeapSize                   = 5832780                                {pd product} {ergonomic}
    uintx NonProfiledCodeHeapSize                  = 122912730                              {pd product} {ergonomic}
    uintx ProfiledCodeHeapSize                     = 122912730                              {pd product} {ergonomic}
    uintx ReservedCodeCacheSize                    = 251658240                              {pd product} {ergonomic}
     bool SegmentedCodeCache                       = true                                      {product} {ergonomic}
   size_t SoftMaxHeapSize                          = 1073741824                             {manageable} {ergonomic}
     bool UseCompressedOops                        = true                           {product lp64_product} {ergonomic}
     bool UseG1GC                                  = true                                      {product} {ergonomic}
     bool UseNUMA                                  = false                                     {product} {ergonomic}
     bool UseNUMAInterleaving                      = false                                     {product} {ergonomic}

Logging:
Log output configuration:
 #0: stdout all=warning uptime,level,tags foldmultilines=false
 #1: stderr all=off uptime,level,tags foldmultilines=false

Environment Variables:
PATH=/usr/local/bin:/usr/bin:/bin:/usr/sbin:/sbin
SHELL=/bin/zsh
LC_CTYPE=tr_TR.UTF-8
TMPDIR=/var/folders/yn/mjsqfk5x02l160hpbybc80ch0000gn/T/

Active Locale:
LC_ALL=C/tr_TR.UTF-8/C/C/C/C
LC_COLLATE=C
LC_CTYPE=tr_TR.UTF-8
LC_MESSAGES=C
LC_MONETARY=C
LC_NUMERIC=C
LC_TIME=C

Signal Handlers:
   SIGSEGV: crash_handler in libjvm.dylib, mask=11100110000111110111111111111111, flags=SA_ONSTACK|SA_RESTART|SA_SIGINFO, unblocked
    SIGBUS: crash_handler in libjvm.dylib, mask=11100110000111110111111111111111, flags=SA_RESTART|SA_SIGINFO, unblocked
    SIGFPE: crash_handler in libjvm.dylib, mask=11100110000111110111111111111111, flags=SA_RESTART|SA_SIGINFO, unblocked
   SIGPIPE: javaSignalHandler in libjvm.dylib, mask=11100110000111110111111111111111, flags=SA_RESTART|SA_SIGINFO, blocked
   SIGXFSZ: javaSignalHandler in libjvm.dylib, mask=11100110000111110111111111111111, flags=SA_RESTART|SA_SIGINFO, blocked
    SIGILL: crash_handler in libjvm.dylib, mask=11100110000111110111111111111111, flags=SA_RESTART|SA_SIGINFO, unblocked
   SIGUSR2: SR_handler in libjvm.dylib, mask=00000000000000000000000000000000, flags=SA_RESTART|SA_SIGINFO, blocked
    SIGHUP: UserHandler in libjvm.dylib, mask=11100110000111110111111111111111, flags=SA_RESTART|SA_SIGINFO, blocked
    SIGINT: UserHandler in libjvm.dylib, mask=11100110000111110111111111111111, flags=SA_RESTART|SA_SIGINFO, blocked
   SIGTERM: UserHandler in libjvm.dylib, mask=11100110000111110111111111111111, flags=SA_RESTART|SA_SIGINFO, blocked
   SIGQUIT: UserHandler in libjvm.dylib, mask=11100110000111110111111111111111, flags=SA_RESTART|SA_SIGINFO, blocked
   SIGTRAP: crash_handler in libjvm.dylib, mask=11100110000111110111111111111111, flags=SA_RESTART|SA_SIGINFO, unblocked


Periodic native trim disabled

---------------  S Y S T E M  ---------------

OS:
uname: Darwin 20.6.0 Darwin Kernel Version 20.6.0: Thu Jul  6 22:12:47 PDT 2023; root:xnu-7195.141.49.702.12~1/RELEASE_X86_64 x86_64
OS uptime: 2 days 1:26 hours
rlimit (soft/hard): STACK 8192k/65532k , CORE 0k/infinity , NPROC 1392/2088 , NOFILE 10240/infinity , AS infinity/infinity , CPU infinity/infinity , DATA infinity/infinity , FSIZE infinity/infinity , MEMLOCK infinity/infinity , RSS infinity/infinity
load average: 4.28 3.70 4.17

CPU: total 4 (initial active 4) (2 cores per cpu, 2 threads per core) family 6 model 69 stepping 1 microcode 0x26, cx8, cmov, fxsr, ht, mmx, sse, sse2, sse3, ssse3, sse4.1, sse4.2, popcnt, lzcnt, tsc, tscinvbit, avx, avx2, aes, erms, clmul, bmi1, bmi2, fma, vzeroupper, clflush, rdtscp, f16c
machdep.cpu.brand_string:Intel(R) Core(TM) i5-4260U CPU @ 1.40GHz
hw.cpufrequency:1400000000
hw.cpufrequency_min:1400000000
hw.cpufrequency_max:1400000000
hw.cachelinesize:64
hw.l1icachesize:32768
hw.l1dcachesize:32768
hw.l2cachesize:262144
hw.l3cachesize:3145728

Memory: 4k page, physical 4194304k(6364k free), swap 3145728k(1145600k free)

vm_info: OpenJDK 64-Bit Server VM (21.0.1+12-29) for bsd-amd64 JRE (21.0.1+12-29), built on 2023-10-05T13:27:09Z by "mach5one" with clang Apple LLVM 12.0.0 (clang-1200.0.32.29)

END.
