#
# A fatal error has been detected by the Java Runtime Environment:
#
#  SIGSEGV (0xb) at pc=0x000000010ee9b2b6, pid=5546, tid=23043
#
# JRE version: OpenJDK Runtime Environment (21.0.1+12) (build 21.0.1+12-29)
# Java VM: OpenJDK 64-Bit Server VM (21.0.1+12-29, mixed mode, sharing, tiered, compressed oops, compressed class ptrs, g1 gc, bsd-amd64)
# Problematic frame:
# V  [libjvm.dylib+0xa982b6]  Symbol::print_symbol_on(outputStream*) const+0x56
#
# No core dump will be written. Core dumps have been disabled. To enable core dumping, try "ulimit -c unlimited" before starting Java again
#
# If you would like to submit a bug report, please visit:
#   https://bugreport.java.com/bugreport/crash.jsp
#

---------------  S U M M A R Y ------------

Command Line: -javaagent:/Applications/IntelliJ IDEA CE.app/Contents/lib/idea_rt.jar=53509:/Applications/IntelliJ IDEA CE.app/Contents/bin -Dfile.encoding=UTF-8 -Dsun.stdout.encoding=UTF-8 -Dsun.stderr.encoding=UTF-8 com.autorent.rentacar.RentacarApplication

Host: "MacBookAir6,2" x86_64 1400 MHz, 4 cores, 4G, Darwin 20.6.0, macOS 11.7.10 (20G1427)
Time: Wed Oct  2 17:16:21 2024 +03 elapsed time: 248.552325 seconds (0d 0h 4m 8s)

---------------  T H R E A D  ---------------

Current thread (0x00007f866b07e000):  JavaThread "C1 CompilerThread0" daemon [_thread_in_vm, id=23043, stack(0x000070000f78d000,0x000070000f88d000) (1024K)]


Current CompileTask:
C1: 248553 7108       3       sun.nio.ch.Util::
[error occurred during error reporting (printing current compile task), id 0xb, SIGSEGV (0xb) at pc=0x000000010ee9b2b6]
Stack: [0x000070000f78d000,0x000070000f88d000],  sp=0x000070000f88c310,  free space=1020k
Native frames: (J=compiled Java code, j=interpreted, Vv=VM code, C=native code)
V  [libjvm.dylib+0xa982b6]  Symbol::print_symbol_on(outputStream*) const+0x56
V  [libjvm.dylib+0x8dc228]  Method::print_short_name(outputStream*) const+0x78
V  [libjvm.dylib+0x397e42]  CompileTask::print_impl(outputStream*, Method*, int, int, bool, int, bool, char const*, bool, bool, long, long)+0x172
V  [libjvm.dylib+0x397c27]  CompileTask::print(outputStream*, char const*, bool, bool)+0x87
V  [libjvm.dylib+0x379287]  CompilationLog::log_compile(JavaThread*, CompileTask*)+0x67
V  [libjvm.dylib+0x393add]  CompileBroker::invoke_compiler_on_method(CompileTask*)+0x10d
V  [libjvm.dylib+0x3938fb]  CompileBroker::compiler_thread_loop()+0x5eb
V  [libjvm.dylib+0x5bdf8c]  JavaThread::thread_main_inner()+0x9c
V  [libjvm.dylib+0xae0af5]  Thread::call_run()+0xa5
V  [libjvm.dylib+0x93cf47]  thread_native_entry(Thread*)+0x147
C  [libsystem_pthread.dylib+0x68fc]  _pthread_start+0xe0
C  [libsystem_pthread.dylib+0x2443]  thread_start+0xf

siginfo: si_signo: 11 (SIGSEGV), si_code: 1 (SEGV_MAPERR), si_addr: 0x000000052d5ff0ac

Registers:
RAX=0x00000000000003d8, RBX=0x00007f8669e3b280, RCX=0x000000016e0bfbb0, RDX=0x0000000000000002
RSP=0x000070000f88c310, RBP=0x000070000f88c360, RSI=0x000070000f88c490, RDI=0x000000010f2315a8
R8 =0x000070000f88b8a8, R9 =0x0000000000000000, R10=0x000000010f0aaa79, R11=0x00000000000009ca
R12=0x000000052d5ff0ae, R13=0x000000052d5ff0a8, R14=0x00007f8669d13760, R15=0x00000000000003d8
RIP=0x000000010ee9b2b6, EFLAGS=0x0000000000010206, ERR=0x0000000000000004
  TRAPNO=0x000000000000000e


Register to memory mapping:

RAX=0x00000000000003d8 is an unknown value
RBX=0x00007f8669e3b280 points into unknown readable memory: 0x9000000000000007 | 07 00 00 00 00 00 00 90
RCX=0x000000016e0bfbb0 is pointing into metadata
RDX=0x0000000000000002 is an unknown value
RSP=0x000070000f88c310 is pointing into the stack for thread: 0x00007f866b07e000
RBP=0x000070000f88c360 is pointing into the stack for thread: 0x00007f866b07e000
RSI=0x000070000f88c490 is pointing into the stack for thread: 0x00007f866b07e000
RDI=0x000000010f2315a8: _ZN6Thread12_thr_currentE+0 in /Users/macbook/Library/Java/JavaVirtualMachines/openjdk-21.0.1/Contents/Home/lib/server/libjvm.dylib at 0x000000010e403000
R8 =0x000070000f88b8a8 is pointing into the stack for thread: 0x00007f866b07e000
R9 =0x0 is null
R10=0x000000010f0aaa79: _ZZN11ClassLoader24file_name_for_class_nameEPKciE12class_suffix+0x472b7 in /Users/macbook/Library/Java/JavaVirtualMachines/openjdk-21.0.1/Contents/Home/lib/server/libjvm.dylib at 0x000000010e403000
R11=0x00000000000009ca is an unknown value
R12=0x000000052d5ff0ae is an unknown value
R13=0x000000052d5ff0a8 is an unknown value
R14=0x00007f8669d13760 points into unknown readable memory: 0x0000000000000000 | 00 00 00 00 00 00 00 00
R15=0x00000000000003d8 is an unknown value

Top of Stack: (sp=0x000070000f88c310)
0x000070000f88c310:   00007f8669d137b0 00007f8669d13b48
0x000070000f88c320:   00007f8669d13760 00000000000003d8
0x000070000f88c330:   000070000f88c490 00007f8669e3b280
0x000070000f88c340:   000070000f88c490 000000016e0c0c18
0x000070000f88c350:   00007f8669d13760 00000000000003d8
0x000070000f88c360:   000070000f88c3b0 000000010ecdf228
0x000070000f88c370:   00007f8669d137a0 00007f8669d13b48
0x000070000f88c380:   000070000f88c760 0000000000000000
0x000070000f88c390:   000070000f88c490 0000000000000000
0x000070000f88c3a0:   0000000000001bc4 000000016e0c0c18
0x000070000f88c3b0:   000070000f88c410 000000010e79ae42
0x000070000f88c3c0:   0000000000000020 00007f866adf2d01
0x000070000f88c3d0:   ffffffff00000000 0000000000000000
0x000070000f88c3e0:   00007f8600000003 0000000000000000
0x000070000f88c3f0:   0000000000000000 0000000000000001
0x000070000f88c400:   00000000ffffffff 00007f8669f15580
0x000070000f88c410:   000070000f88c480 000000010e79ac27
0x000070000f88c420:   0000000000000000 0000000000000000
0x000070000f88c430:   0000000000000001 0000000000000000
0x000070000f88c440:   000000012217ed00 0000000000000000
0x000070000f88c450:   000070000f88c490 00007f866e234c30
0x000070000f88c460:   000070000f88c490 00007f8669d123e0
0x000070000f88c470:   00007f866b07e000 00007f8669f15580
0x000070000f88c480:   000070000f88c640 000000010e77c287
0x000070000f88c490:   000000010f1f9b08 0000002400000000
0x000070000f88c4a0:   0000000000000000 0000000000000000
0x000070000f88c4b0:   0000000000000000 0000000000000000
0x000070000f88c4c0:   000070000f88c518 0000000000000024
0x000070000f88c4d0:   0000000000000100 000000002d480001
0x000070000f88c4e0:   0000000000000001 000070000f88c438
0x000070000f88c4f0:   000000012217ec08 0000000000000000
0x000070000f88c500:   000000012217ec32 000000012217ece0 

Instructions: (pc=0x000000010ee9b2b6)
0x000000010ee9b1b6:   33 26 0f 10 4c 33 36 0f 11 44 30 20 0f 11 4c 30
0x000000010ee9b1c6:   30 0f 10 44 33 46 0f 10 4c 33 56 0f 11 44 30 40
0x000000010ee9b1d6:   0f 11 4c 30 50 0f 10 44 33 66 0f 10 4c 33 76 0f
0x000000010ee9b1e6:   11 44 30 60 0f 11 4c 30 70 48 83 ee 80 48 83 c7
0x000000010ee9b1f6:   fc 75 a7 48 85 d2 74 2e 48 f7 da 66 2e 0f 1f 84
0x000000010ee9b206:   00 00 00 00 00 0f 1f 44 00 00 0f 10 44 33 06 0f
0x000000010ee9b216:   10 4c 33 16 0f 11 04 30 0f 11 4c 30 10 48 83 c6
0x000000010ee9b226:   20 48 ff c2 75 e4 4c 39 f9 0f 85 d6 fe ff ff 42
0x000000010ee9b236:   c6 04 38 00 48 8d 35 fb d0 1e 00 4c 89 f7 48 89
0x000000010ee9b246:   c2 31 c0 5b 41 5c 41 5e 41 5f 5d e9 fa d5 ea ff
0x000000010ee9b256:   66 2e 0f 1f 84 00 00 00 00 00 55 48 89 e5 41 57
0x000000010ee9b266:   41 56 41 55 41 54 53 48 83 ec 28 49 89 fd 48 85
0x000000010ee9b276:   f6 75 0a 48 8d 05 c0 50 38 00 48 8b 30 48 89 75
0x000000010ee9b286:   d0 48 8d 3d 1a 63 39 00 ff 17 48 8b 00 48 8b 98
0x000000010ee9b296:   18 03 00 00 48 8b 43 10 48 89 45 c0 0f 10 43 18
0x000000010ee9b2a6:   0f 29 45 b0 48 8b 43 28 48 89 45 c8 4d 8d 65 06
0x000000010ee9b2b6:   41 0f b7 75 04 4c 89 e7 e8 fd 53 08 00 ff c0 4c
0x000000010ee9b2c6:   63 f0 4c 89 f7 31 f6 e8 3e ac f2 ff 49 89 c7 41
0x000000010ee9b2d6:   0f b7 75 04 4c 89 e7 48 89 c2 44 89 f1 4c 8b 75
0x000000010ee9b2e6:   c0 e8 c4 54 08 00 4c 89 ff be 09 00 00 00 e8 57
0x000000010ee9b2f6:   04 ea ff 49 89 c5 49 83 3e 00 74 14 48 89 df 48
0x000000010ee9b306:   8b 75 c8 e8 02 0b 6f ff 4c 89 f7 e8 ca 09 6f ff
0x000000010ee9b316:   66 0f 6f 45 b0 66 48 0f 7e c0 48 39 43 18 74 09
0x000000010ee9b326:   4c 89 73 10 f3 0f 7f 43 18 4d 85 ed 74 2b 48 8d
0x000000010ee9b336:   35 01 d0 1e 00 48 8b 7d d0 4c 89 ea 31 c0 e8 07
0x000000010ee9b346:   d5 ea ff 4c 89 ef 48 83 c4 28 5b 41 5c 41 5d 41
0x000000010ee9b356:   5e 41 5f 5d e9 e1 0b ea ff 48 8d 35 5c 30 22 00
0x000000010ee9b366:   48 8b 7d d0 31 c0 48 83 c4 28 5b 41 5c 41 5d 41
0x000000010ee9b376:   5e 41 5f 5d e9 d1 d4 ea ff 90 55 48 89 e5 41 57
0x000000010ee9b386:   41 56 41 54 53 48 89 fb 4c 8d 77 06 0f b7 77 04
0x000000010ee9b396:   4c 89 f7 e8 22 53 08 00 ff c0 4c 63 f8 4c 89 ff
0x000000010ee9b3a6:   31 f6 e8 63 ab f2 ff 49 89 c4 0f b7 73 04 4c 89 


Stack slot to memory mapping:

stack at sp + 0 slots: 0x00007f8669d137b0 points into unknown readable memory: 0x2e6f696e2e6e7573 | 73 75 6e 2e 6e 69 6f 2e
stack at sp + 1 slots: 0x00007f8669d13b48 points into unknown readable memory: 0x0000000000000000 | 00 00 00 00 00 00 00 00
stack at sp + 2 slots: 0x00007f8669d13760 points into unknown readable memory: 0x0000000000000000 | 00 00 00 00 00 00 00 00
stack at sp + 3 slots: 0x00000000000003d8 is an unknown value
stack at sp + 4 slots: 0x000070000f88c490 is pointing into the stack for thread: 0x00007f866b07e000
stack at sp + 5 slots: 0x00007f8669e3b280 points into unknown readable memory: 0x9000000000000007 | 07 00 00 00 00 00 00 90
stack at sp + 6 slots: 0x000070000f88c490 is pointing into the stack for thread: 0x00007f866b07e000
stack at sp + 7 slots: {method} {0x000000016e0c0c18} '
[error occurred during error reporting (inspecting top of stack), id 0xb, SIGSEGV (0xb) at pc=0x000000010ee9c692]


---------------  P R O C E S S  ---------------

Threads class SMR info:
_java_thread_list=0x00007f866d6a8190, length=30, elements={
0x00007f866b077c00, 0x00007f866b07ce00, 0x00007f866a00a600, 0x00007f866a810e00,
0x00007f866a811600, 0x00007f866a812600, 0x00007f866b07e000, 0x00007f866a813e00,
0x00007f866a024200, 0x00007f866a815c00, 0x00007f866b670600, 0x00007f866b66be00,
0x00007f866fc9fe00, 0x00007f8670008800, 0x00007f867111d600, 0x00007f8670516e00,
0x00007f867051b800, 0x00007f8671641a00, 0x00007f866fbdbc00, 0x00007f866fbda800,
0x00007f866fd70400, 0x00007f866fd70c00, 0x00007f866fd81a00, 0x00007f866fd82200,
0x00007f866fd7a000, 0x00007f8671641000, 0x00007f8671644a00, 0x00007f866a25b000,
0x00007f866fd81200, 0x00007f8671645200
}

Java Threads: ( => current thread )
  0x00007f866b077c00 JavaThread "Reference Handler"          daemon [_thread_blocked, id=22275, stack(0x000070000f17b000,0x000070000f27b000) (1024K)]
  0x00007f866b07ce00 JavaThread "Finalizer"                  daemon [_thread_blocked, id=42755, stack(0x000070000f27e000,0x000070000f37e000) (1024K)]
  0x00007f866a00a600 JavaThread "Signal Dispatcher"          daemon [_thread_blocked, id=42243, stack(0x000070000f381000,0x000070000f481000) (1024K)]
  0x00007f866a810e00 JavaThread "Service Thread"             daemon [_thread_blocked, id=41731, stack(0x000070000f484000,0x000070000f584000) (1024K)]
  0x00007f866a811600 JavaThread "Monitor Deflation Thread"   daemon [_thread_blocked, id=41219, stack(0x000070000f587000,0x000070000f687000) (1024K)]
  0x00007f866a812600 JavaThread "C2 CompilerThread0"         daemon [_thread_blocked, id=40963, stack(0x000070000f68a000,0x000070000f78a000) (1024K)]
=>0x00007f866b07e000 JavaThread "C1 CompilerThread0"         daemon [_thread_in_vm, id=23043, stack(0x000070000f78d000,0x000070000f88d000) (1024K)]
  0x00007f866a813e00 JavaThread "Common-Cleaner"             daemon [_thread_blocked, id=23299, stack(0x000070000f890000,0x000070000f990000) (1024K)]
  0x00007f866a024200 JavaThread "Monitor Ctrl-Break"         daemon [_thread_in_native, id=39939, stack(0x000070000f993000,0x000070000fa93000) (1024K)]
  0x00007f866a815c00 JavaThread "Notification Thread"        daemon [_thread_blocked, id=39683, stack(0x000070000fa96000,0x000070000fb96000) (1024K)]
  0x00007f866b670600 JavaThread "PostgreSQL-JDBC-Cleaner"    daemon [_thread_blocked, id=24843, stack(0x00007000100a8000,0x00007000101a8000) (1024K)]
  0x00007f866b66be00 JavaThread "HikariPool-1 housekeeper"   daemon [_thread_blocked, id=25347, stack(0x00007000101ab000,0x00007000102ab000) (1024K)]
  0x00007f866fc9fe00 JavaThread "Catalina-utility-1"                [_thread_blocked, id=37635, stack(0x00007000103b1000,0x00007000104b1000) (1024K)]
  0x00007f8670008800 JavaThread "Catalina-utility-2"                [_thread_blocked, id=37123, stack(0x00007000104b4000,0x00007000105b4000) (1024K)]
  0x00007f867111d600 JavaThread "container-0"                       [_thread_blocked, id=26627, stack(0x00007000105b7000,0x00007000106b7000) (1024K)]
  0x00007f8670516e00 JavaThread "File Watcher"               daemon [_thread_blocked, id=26883, stack(0x00007000106ba000,0x00007000107ba000) (1024K)]
  0x00007f867051b800 JavaThread "Live Reload Server"         daemon [_thread_in_native, id=27399, stack(0x00007000108c0000,0x00007000109c0000) (1024K)]
  0x00007f8671641a00 JavaThread "http-nio-8080-exec-1"       daemon [_thread_blocked, id=36355, stack(0x00007000107bd000,0x00007000108bd000) (1024K)]
  0x00007f866fbdbc00 JavaThread "http-nio-8080-exec-2"       daemon [_thread_blocked, id=35843, stack(0x00007000109c3000,0x0000700010ac3000) (1024K)]
  0x00007f866fbda800 JavaThread "http-nio-8080-exec-3"       daemon [_thread_blocked, id=27651, stack(0x0000700010ac6000,0x0000700010bc6000) (1024K)]
  0x00007f866fd70400 JavaThread "http-nio-8080-exec-4"       daemon [_thread_blocked, id=35075, stack(0x0000700010bc9000,0x0000700010cc9000) (1024K)]
  0x00007f866fd70c00 JavaThread "http-nio-8080-exec-5"       daemon [_thread_blocked, id=28163, stack(0x0000700010ccc000,0x0000700010dcc000) (1024K)]
  0x00007f866fd81a00 JavaThread "http-nio-8080-exec-6"       daemon [_thread_in_vm, id=34563, stack(0x0000700010dcf000,0x0000700010ecf000) (1024K)]
  0x00007f866fd82200 JavaThread "http-nio-8080-exec-7"       daemon [_thread_blocked, id=34051, stack(0x0000700010ed2000,0x0000700010fd2000) (1024K)]
  0x00007f866fd7a000 JavaThread "http-nio-8080-exec-8"       daemon [_thread_blocked, id=33795, stack(0x0000700010fd5000,0x00007000110d5000) (1024K)]
  0x00007f8671641000 JavaThread "http-nio-8080-exec-9"       daemon [_thread_blocked, id=28675, stack(0x00007000110d8000,0x00007000111d8000) (1024K)]
  0x00007f8671644a00 JavaThread "http-nio-8080-exec-10"      daemon [_thread_blocked, id=29187, stack(0x00007000111db000,0x00007000112db000) (1024K)]
  0x00007f866a25b000 JavaThread "http-nio-8080-Poller"       daemon [_thread_in_native, id=29699, stack(0x00007000112de000,0x00007000113de000) (1024K)]
  0x00007f866fd81200 JavaThread "http-nio-8080-Acceptor"     daemon [_thread_in_native, id=33027, stack(0x00007000113e1000,0x00007000114e1000) (1024K)]
  0x00007f8671645200 JavaThread "DestroyJavaVM"                     [_thread_blocked, id=6403, stack(0x000070000e85d000,0x000070000e95d000) (1024K)]
Total: 30

Other Threads:
  0x00007f8669e2f6b0 VMThread "VM Thread"                           [id=17411, stack(0x000070000ef72000,0x000070000f072000) (1024K)]
  0x00007f8669e2ae60 WatcherThread "VM Periodic Task Thread"        [id=13827, stack(0x000070000ee6f000,0x000070000ef6f000) (1024K)]
  0x00007f8669e15a40 WorkerThread "GC Thread#0"                     [id=19715, stack(0x000070000e960000,0x000070000ea60000) (1024K)]
  0x00007f8669d8c1c0 WorkerThread "GC Thread#1"                     [id=24067, stack(0x000070000fb99000,0x000070000fc99000) (1024K)]
  0x00007f8669f9ea20 WorkerThread "GC Thread#2"                     [id=38659, stack(0x000070000fea2000,0x000070000ffa2000) (1024K)]
  0x00007f8669cbde90 WorkerThread "GC Thread#3"                     [id=38147, stack(0x000070000ffa5000,0x00007000100a5000) (1024K)]
  0x00007f8669e169c0 ConcurrentGCThread "G1 Main Marker"            [id=12291, stack(0x000070000ea63000,0x000070000eb63000) (1024K)]
  0x00007f8669c14f70 WorkerThread "G1 Conc#0"                       [id=12803, stack(0x000070000eb66000,0x000070000ec66000) (1024K)]
  0x00007f866b06c400 ConcurrentGCThread "G1 Refine#0"               [id=13315, stack(0x000070000ec69000,0x000070000ed69000) (1024K)]
  0x00007f8669e262a0 ConcurrentGCThread "G1 Service"                [id=13571, stack(0x000070000ed6c000,0x000070000ee6c000) (1024K)]
Total: 10

Threads with active compile tasks:
C1 CompilerThread0   248648 7108       3       sun.nio.ch.Util::
[error occurred during error reporting (printing all threads), id 0xb, SIGSEGV (0xb) at pc=0x000000010ee9b2b6]
VM state: not at safepoint (normal execution)

VM Mutex/Monitor currently owned by a thread: None

Heap address: 0x00000007c0000000, size: 1024 MB, Compressed Oops mode: Zero based, Oop shift amount: 3

CDS archive(s) mapped at: [0x000000012d000000-0x000000012dca4000-0x000000012dca4000), size 13254656, SharedBaseAddress: 0x000000012d000000, ArchiveRelocationMode: 1.
Compressed class space mapped at: 0x000000012e000000-0x000000016e000000, reserved size: 1073741824
Narrow klass base: 0x000000012d000000, Narrow klass shift: 0, Narrow klass range: 0x100000000

GC Precious Log:
 CardTable entry size: 512
 Card Set container configuration: InlinePtr #cards 5 size 8 Array Of Cards #cards 12 size 40 Howl #buckets 4 coarsen threshold 1843 Howl Bitmap #cards 512 size 80 coarsen threshold 460 Card regions per heap region 1 cards per card region 2048
 CPUs: 4 total, 4 available
 Memory: 4096M
 Large Page Support: Disabled
 NUMA Support: Disabled
 Compressed Oops: Enabled (Zero based)
 Heap Region Size: 1M
 Heap Min Capacity: 8M
 Heap Initial Capacity: 64M
 Heap Max Capacity: 1G
 Pre-touch: Disabled
 Parallel Workers: 4
 Concurrent Workers: 1
 Concurrent Refinement Workers: 4
 Periodic GC: Disabled

Heap:
 garbage-first heap   total 73728K, used 38882K [0x00000007c0000000, 0x0000000800000000)
  region size 1024K, 5 young (5120K), 3 survivors (3072K)
 Metaspace       used 74046K, committed 74880K, reserved 1114112K
  class space    used 10211K, committed 10560K, reserved 1048576K

Heap Regions: E=young(eden), S=young(survivor), O=old, HS=humongous(starts), HC=humongous(continues), CS=collection set, F=free, TAMS=top-at-mark-start, PB=parsable bottom
|   0|0x00000007c0000000, 0x00000007c0100000, 0x00000007c0100000|100%|HS|  |TAMS 0x00000007c0100000| PB 0x00000007c0000000| Complete 
|   1|0x00000007c0100000, 0x00000007c0200000, 0x00000007c0200000|100%| O|  |TAMS 0x00000007c0200000| PB 0x00000007c0100000| Untracked 
|   2|0x00000007c0200000, 0x00000007c0300000, 0x00000007c0300000|100%| O|  |TAMS 0x00000007c0300000| PB 0x00000007c0200000| Untracked 
|   3|0x00000007c0300000, 0x00000007c0400000, 0x00000007c0400000|100%| O|  |TAMS 0x00000007c0400000| PB 0x00000007c0300000| Untracked 
|   4|0x00000007c0400000, 0x00000007c0500000, 0x00000007c0500000|100%| O|  |TAMS 0x00000007c0500000| PB 0x00000007c0400000| Untracked 
|   5|0x00000007c0500000, 0x00000007c0600000, 0x00000007c0600000|100%| O|  |TAMS 0x00000007c0600000| PB 0x00000007c0500000| Untracked 
|   6|0x00000007c0600000, 0x00000007c0700000, 0x00000007c0700000|100%| O|  |TAMS 0x00000007c0700000| PB 0x00000007c0600000| Untracked 
|   7|0x00000007c0700000, 0x00000007c0800000, 0x00000007c0800000|100%| O|  |TAMS 0x00000007c0800000| PB 0x00000007c0700000| Untracked 
|   8|0x00000007c0800000, 0x00000007c0900000, 0x00000007c0900000|100%| O|  |TAMS 0x00000007c0900000| PB 0x00000007c0800000| Untracked 
|   9|0x00000007c0900000, 0x00000007c0a00000, 0x00000007c0a00000|100%| O|  |TAMS 0x00000007c0a00000| PB 0x00000007c0900000| Untracked 
|  10|0x00000007c0a00000, 0x00000007c0b00000, 0x00000007c0b00000|100%| O|  |TAMS 0x00000007c0b00000| PB 0x00000007c0a00000| Untracked 
|  11|0x00000007c0b00000, 0x00000007c0c00000, 0x00000007c0c00000|100%| O|  |TAMS 0x00000007c0c00000| PB 0x00000007c0b00000| Untracked 
|  12|0x00000007c0c00000, 0x00000007c0d00000, 0x00000007c0d00000|100%| O|  |TAMS 0x00000007c0d00000| PB 0x00000007c0c00000| Untracked 
|  13|0x00000007c0d00000, 0x00000007c0e00000, 0x00000007c0e00000|100%| O|  |TAMS 0x00000007c0e00000| PB 0x00000007c0d00000| Untracked 
|  14|0x00000007c0e00000, 0x00000007c0f00000, 0x00000007c0f00000|100%| O|  |TAMS 0x00000007c0f00000| PB 0x00000007c0e00000| Untracked 
|  15|0x00000007c0f00000, 0x00000007c1000000, 0x00000007c1000000|100%| O|  |TAMS 0x00000007c1000000| PB 0x00000007c0f00000| Untracked 
|  16|0x00000007c1000000, 0x00000007c1100000, 0x00000007c1100000|100%| O|  |TAMS 0x00000007c1100000| PB 0x00000007c1000000| Untracked 
|  17|0x00000007c1100000, 0x00000007c1200000, 0x00000007c1200000|100%| O|  |TAMS 0x00000007c1200000| PB 0x00000007c1100000| Untracked 
|  18|0x00000007c1200000, 0x00000007c1300000, 0x00000007c1300000|100%| O|  |TAMS 0x00000007c1300000| PB 0x00000007c1200000| Untracked 
|  19|0x00000007c1300000, 0x00000007c1400000, 0x00000007c1400000|100%| O|  |TAMS 0x00000007c1300000| PB 0x00000007c1300000| Untracked 
|  20|0x00000007c1400000, 0x00000007c1500000, 0x00000007c1500000|100%| O|  |TAMS 0x00000007c1500000| PB 0x00000007c1400000| Untracked 
|  21|0x00000007c1500000, 0x00000007c1600000, 0x00000007c1600000|100%| O|  |TAMS 0x00000007c1600000| PB 0x00000007c1500000| Untracked 
|  22|0x00000007c1600000, 0x00000007c1700000, 0x00000007c1700000|100%| O|  |TAMS 0x00000007c1700000| PB 0x00000007c1600000| Untracked 
|  23|0x00000007c1700000, 0x00000007c1800000, 0x00000007c1800000|100%| O|  |TAMS 0x00000007c1800000| PB 0x00000007c1700000| Untracked 
|  24|0x00000007c1800000, 0x00000007c1900000, 0x00000007c1900000|100%| O|  |TAMS 0x00000007c1900000| PB 0x00000007c1800000| Untracked 
|  25|0x00000007c1900000, 0x00000007c1a00000, 0x00000007c1a00000|100%| O|  |TAMS 0x00000007c1a00000| PB 0x00000007c1900000| Untracked 
|  26|0x00000007c1a00000, 0x00000007c1b00000, 0x00000007c1b00000|100%| O|  |TAMS 0x00000007c1b00000| PB 0x00000007c1a00000| Untracked 
|  27|0x00000007c1b00000, 0x00000007c1c00000, 0x00000007c1c00000|100%| O|  |TAMS 0x00000007c1b00000| PB 0x00000007c1b00000| Untracked 
|  28|0x00000007c1c00000, 0x00000007c1c00000, 0x00000007c1d00000|  0%| F|  |TAMS 0x00000007c1c00000| PB 0x00000007c1c00000| Untracked 
|  29|0x00000007c1d00000, 0x00000007c1d00000, 0x00000007c1e00000|  0%| F|  |TAMS 0x00000007c1d00000| PB 0x00000007c1d00000| Untracked 
|  30|0x00000007c1e00000, 0x00000007c1e00000, 0x00000007c1f00000|  0%| F|  |TAMS 0x00000007c1e00000| PB 0x00000007c1e00000| Untracked 
|  31|0x00000007c1f00000, 0x00000007c1f00000, 0x00000007c2000000|  0%| F|  |TAMS 0x00000007c1f00000| PB 0x00000007c1f00000| Untracked 
|  32|0x00000007c2000000, 0x00000007c2100000, 0x00000007c2100000|100%| O|  |TAMS 0x00000007c2100000| PB 0x00000007c2000000| Untracked 
|  33|0x00000007c2100000, 0x00000007c2200000, 0x00000007c2200000|100%| O|  |TAMS 0x00000007c2200000| PB 0x00000007c2100000| Untracked 
|  34|0x00000007c2200000, 0x00000007c2300000, 0x00000007c2300000|100%| O|  |TAMS 0x00000007c22c63e0| PB 0x00000007c2200000| Untracked 
|  35|0x00000007c2300000, 0x00000007c2300000, 0x00000007c2400000|  0%| F|  |TAMS 0x00000007c2300000| PB 0x00000007c2300000| Untracked 
|  36|0x00000007c2400000, 0x00000007c2500000, 0x00000007c2500000|100%| O|  |TAMS 0x00000007c2400000| PB 0x00000007c2400000| Untracked 
|  37|0x00000007c2500000, 0x00000007c2600000, 0x00000007c2600000|100%| O|  |TAMS 0x00000007c2500000| PB 0x00000007c2500000| Untracked 
|  38|0x00000007c2600000, 0x00000007c2600000, 0x00000007c2700000|  0%| F|  |TAMS 0x00000007c2600000| PB 0x00000007c2600000| Untracked 
|  39|0x00000007c2700000, 0x00000007c2700000, 0x00000007c2800000|  0%| F|  |TAMS 0x00000007c2700000| PB 0x00000007c2700000| Untracked 
|  40|0x00000007c2800000, 0x00000007c2800000, 0x00000007c2900000|  0%| F|  |TAMS 0x00000007c2800000| PB 0x00000007c2800000| Untracked 
|  41|0x00000007c2900000, 0x00000007c29f8840, 0x00000007c2a00000| 97%| S|CS|TAMS 0x00000007c2900000| PB 0x00000007c2900000| Complete 
|  42|0x00000007c2a00000, 0x00000007c2b00000, 0x00000007c2b00000|100%| S|CS|TAMS 0x00000007c2a00000| PB 0x00000007c2a00000| Complete 
|  43|0x00000007c2b00000, 0x00000007c2c00000, 0x00000007c2c00000|100%| S|CS|TAMS 0x00000007c2b00000| PB 0x00000007c2b00000| Complete 
|  44|0x00000007c2c00000, 0x00000007c2c00000, 0x00000007c2d00000|  0%| F|  |TAMS 0x00000007c2c00000| PB 0x00000007c2c00000| Untracked 
|  45|0x00000007c2d00000, 0x00000007c2d00000, 0x00000007c2e00000|  0%| F|  |TAMS 0x00000007c2d00000| PB 0x00000007c2d00000| Untracked 
|  46|0x00000007c2e00000, 0x00000007c2e00000, 0x00000007c2f00000|  0%| F|  |TAMS 0x00000007c2e00000| PB 0x00000007c2e00000| Untracked 
|  47|0x00000007c2f00000, 0x00000007c2f00000, 0x00000007c3000000|  0%| F|  |TAMS 0x00000007c2f00000| PB 0x00000007c2f00000| Untracked 
|  48|0x00000007c3000000, 0x00000007c3000000, 0x00000007c3100000|  0%| F|  |TAMS 0x00000007c3000000| PB 0x00000007c3000000| Untracked 
|  49|0x00000007c3100000, 0x00000007c3100000, 0x00000007c3200000|  0%| F|  |TAMS 0x00000007c3100000| PB 0x00000007c3100000| Untracked 
|  50|0x00000007c3200000, 0x00000007c3200000, 0x00000007c3300000|  0%| F|  |TAMS 0x00000007c3200000| PB 0x00000007c3200000| Untracked 
|  51|0x00000007c3300000, 0x00000007c3300000, 0x00000007c3400000|  0%| F|  |TAMS 0x00000007c3300000| PB 0x00000007c3300000| Untracked 
|  52|0x00000007c3400000, 0x00000007c3400000, 0x00000007c3500000|  0%| F|  |TAMS 0x00000007c3400000| PB 0x00000007c3400000| Untracked 
|  53|0x00000007c3500000, 0x00000007c3500000, 0x00000007c3600000|  0%| F|  |TAMS 0x00000007c3500000| PB 0x00000007c3500000| Untracked 
|  54|0x00000007c3600000, 0x00000007c3600000, 0x00000007c3700000|  0%| F|  |TAMS 0x00000007c3600000| PB 0x00000007c3600000| Untracked 
|  55|0x00000007c3700000, 0x00000007c3700000, 0x00000007c3800000|  0%| F|  |TAMS 0x00000007c3700000| PB 0x00000007c3700000| Untracked 
|  56|0x00000007c3800000, 0x00000007c3800000, 0x00000007c3900000|  0%| F|  |TAMS 0x00000007c3800000| PB 0x00000007c3800000| Untracked 
|  57|0x00000007c3900000, 0x00000007c3900000, 0x00000007c3a00000|  0%| F|  |TAMS 0x00000007c3900000| PB 0x00000007c3900000| Untracked 
|  58|0x00000007c3a00000, 0x00000007c3a00000, 0x00000007c3b00000|  0%| F|  |TAMS 0x00000007c3a00000| PB 0x00000007c3a00000| Untracked 
|  59|0x00000007c3b00000, 0x00000007c3b00000, 0x00000007c3c00000|  0%| F|  |TAMS 0x00000007c3b00000| PB 0x00000007c3b00000| Untracked 
|  60|0x00000007c3c00000, 0x00000007c3c00000, 0x00000007c3d00000|  0%| F|  |TAMS 0x00000007c3c00000| PB 0x00000007c3c00000| Untracked 
|  61|0x00000007c3d00000, 0x00000007c3d00000, 0x00000007c3e00000|  0%| F|  |TAMS 0x00000007c3d00000| PB 0x00000007c3d00000| Untracked 
|  62|0x00000007c3e00000, 0x00000007c3e00000, 0x00000007c3f00000|  0%| F|  |TAMS 0x00000007c3e00000| PB 0x00000007c3e00000| Untracked 
|  63|0x00000007c3f00000, 0x00000007c3f00000, 0x00000007c4000000|  0%| F|  |TAMS 0x00000007c3f00000| PB 0x00000007c3f00000| Untracked 
|  64|0x00000007c4000000, 0x00000007c4000000, 0x00000007c4100000|  0%| F|  |TAMS 0x00000007c4000000| PB 0x00000007c4000000| Untracked 
|  65|0x00000007c4100000, 0x00000007c4100000, 0x00000007c4200000|  0%| F|  |TAMS 0x00000007c4100000| PB 0x00000007c4100000| Untracked 
|  66|0x00000007c4200000, 0x00000007c4200000, 0x00000007c4300000|  0%| F|  |TAMS 0x00000007c4200000| PB 0x00000007c4200000| Untracked 
|  67|0x00000007c4300000, 0x00000007c4300000, 0x00000007c4400000|  0%| F|  |TAMS 0x00000007c4300000| PB 0x00000007c4300000| Untracked 
|  68|0x00000007c4400000, 0x00000007c4400000, 0x00000007c4500000|  0%| F|  |TAMS 0x00000007c4400000| PB 0x00000007c4400000| Untracked 
|  69|0x00000007c4500000, 0x00000007c45718d8, 0x00000007c4600000| 44%| E|  |TAMS 0x00000007c4500000| PB 0x00000007c4500000| Complete 
|1022|0x00000007ffe00000, 0x00000007fff00000, 0x00000007fff00000|100%| O|  |TAMS 0x00000007fff00000| PB 0x00000007ffe00000| Untracked 
|1023|0x00000007fff00000, 0x0000000800000000, 0x0000000800000000|100%| E|CS|TAMS 0x00000007fff00000| PB 0x00000007fff00000| Complete 

Card table byte_map: [0x000000010fb20000,0x000000010fd20000] _byte_map_base: 0x000000010bd20000

Marking Bits: (CMBitMap*) 0x00007f866b03bc10
 Bits: [0x0000000129b42000, 0x000000012ab42000)

Polling page: 0x000000010f6b4000

Metaspace:

Usage:
  Non-class:     62.34 MB used.
      Class:      9.97 MB used.
       Both:     72.32 MB used.

Virtual space:
  Non-class space:       64.00 MB reserved,      62.81 MB ( 98%) committed,  1 nodes.
      Class space:        1.00 GB reserved,      10.31 MB (  1%) committed,  1 nodes.
             Both:        1.06 GB reserved,      73.12 MB (  7%) committed. 

Chunk freelists:
   Non-Class:  1.05 MB
       Class:  5.73 MB
        Both:  6.78 MB

MaxMetaspaceSize: unlimited
CompressedClassSpaceSize: 1.00 GB
Initial GC threshold: 21.00 MB
Current GC threshold: 99.81 MB
CDS: on
 - commit_granule_bytes: 65536.
 - commit_granule_words: 8192.
 - virtual_space_node_default_size: 8388608.
 - enlarge_chunks_in_place: 1.
 - use_allocation_guard: 0.


Internal statistics:

num_allocs_failed_limit: 15.
num_arena_births: 1116.
num_arena_deaths: 0.
num_vsnodes_births: 2.
num_vsnodes_deaths: 0.
num_space_committed: 1170.
num_space_uncommitted: 0.
num_chunks_returned_to_freelist: 15.
num_chunks_taken_from_freelist: 3880.
num_chunk_merges: 15.
num_chunk_splits: 2800.
num_chunks_enlarged: 2128.
num_inconsistent_stats: 0.

CodeHeap 'non-profiled nmethods': size=120032Kb used=3053Kb max_used=3053Kb free=116978Kb
 bounds [0x000000012260a000, 0x000000012290a000, 0x0000000129b42000]
CodeHeap 'profiled nmethods': size=120028Kb used=11614Kb max_used=11614Kb free=108413Kb
 bounds [0x000000011ab42000, 0x000000011b6a2000, 0x0000000122079000]
CodeHeap 'non-nmethods': size=5700Kb used=1633Kb max_used=1668Kb free=4066Kb
 bounds [0x0000000122079000, 0x00000001222e9000, 0x000000012260a000]
 total_blobs=7181 nmethods=6481 adapters=605
 compilation: enabled
              stopped_count=0, restarted_count=0
 full_count=0

Compilation events (20 events):
Event: 248.305 Thread 0x00007f866b07e000 nmethod 7102 0x0000000122901590 code [0x0000000122901720, 0x00000001229017e8]
Event: 248.305 Thread 0x00007f866b07e000 7096       3       org.apache.catalina.connector.RequestFacade::getAttribute (13 bytes)
Event: 248.305 Thread 0x00007f866b07e000 nmethod 7096 0x000000011b697b90 code [0x000000011b697d60, 0x000000011b698078]
Event: 248.305 Thread 0x00007f866b07e000 7094       3       org.springframework.web.util.pattern.PathPattern::hasLength (24 bytes)
Event: 248.308 Thread 0x00007f866b07e000 nmethod 7094 0x000000011b698210 code [0x000000011b6983e0, 0x000000011b698710]
Event: 248.308 Thread 0x00007f866b07e000 7104       3       org.apache.tomcat.util.buf.ByteChunk::setBytes (31 bytes)
Event: 248.308 Thread 0x00007f866b07e000 nmethod 7104 0x000000011b698810 code [0x000000011b6989a0, 0x000000011b698b10]
Event: 248.308 Thread 0x00007f866b07e000 7105       1       org.apache.coyote.Response::isCommitted (5 bytes)
Event: 248.309 Thread 0x00007f866b07e000 nmethod 7105 0x0000000122901890 code [0x0000000122901a20, 0x0000000122901ae8]
Event: 248.309 Thread 0x00007f866b07e000 7095       3       org.springframework.web.util.pattern.PathPattern$MatchingContext::<init> (48 bytes)
Event: 248.309 Thread 0x00007f866b07e000 nmethod 7095 0x000000011b698b90 code [0x000000011b698d60, 0x000000011b6991b0]
Event: 248.312 Thread 0x00007f866b07e000 7107       3       org.apache.tomcat.util.http.MimeHeaders::getName (26 bytes)
Event: 248.313 Thread 0x00007f866b07e000 nmethod 7107 0x000000011b699310 code [0x000000011b6994c0, 0x000000011b6996d8]
Event: 248.313 Thread 0x00007f866b07e000 7111       1       org.apache.tomcat.util.net.SocketWrapperBase::getSocket (5 bytes)
Event: 248.314 Thread 0x00007f866b07e000 nmethod 7111 0x0000000122901b90 code [0x0000000122901d20, 0x0000000122901de8]
Event: 248.314 Thread 0x00007f866b07e000 7112       3       org.apache.tomcat.util.buf.AbstractChunk::recycle (21 bytes)
Event: 248.314 Thread 0x00007f866b07e000 nmethod 7112 0x000000011b699810 code [0x000000011b6999a0, 0x000000011b699ab8]
Event: 248.314 Thread 0x00007f866b07e000 7109       1       java.nio.ByteBuffer::base (5 bytes)
Event: 248.314 Thread 0x00007f866b07e000 nmethod 7109 0x0000000122901e90 code [0x0000000122902020, 0x00000001229020e8]
Event: 248.318 Thread 0x00007f866a812600 nmethod 7082 0x0000000122902190 code [0x0000000122902320, 0x0000000122902570]

GC Heap History (20 events):
Event: 7.113 GC heap before
{Heap before GC invocations=7 (full 0):
 garbage-first heap   total 61440K, used 48127K [0x00000007c0000000, 0x0000000800000000)
  region size 1024K, 34 young (34816K), 4 survivors (4096K)
 Metaspace       used 31404K, committed 31872K, reserved 1114112K
  class space    used 3970K, committed 4160K, reserved 1048576K
}
Event: 7.129 GC heap after
{Heap after GC invocations=8 (full 0):
 garbage-first heap   total 61440K, used 21255K [0x00000007c0000000, 0x0000000800000000)
  region size 1024K, 3 young (3072K), 3 survivors (3072K)
 Metaspace       used 31404K, committed 31872K, reserved 1114112K
  class space    used 3970K, committed 4160K, reserved 1048576K
}
Event: 7.765 GC heap before
{Heap before GC invocations=8 (full 0):
 garbage-first heap   total 61440K, used 37639K [0x00000007c0000000, 0x0000000800000000)
  region size 1024K, 20 young (20480K), 3 survivors (3072K)
 Metaspace       used 35577K, committed 36096K, reserved 1114112K
  class space    used 4576K, committed 4800K, reserved 1048576K
}
Event: 7.773 GC heap after
{Heap after GC invocations=9 (full 0):
 garbage-first heap   total 61440K, used 22243K [0x00000007c0000000, 0x0000000800000000)
  region size 1024K, 2 young (2048K), 2 survivors (2048K)
 Metaspace       used 35577K, committed 36096K, reserved 1114112K
  class space    used 4576K, committed 4800K, reserved 1048576K
}
Event: 9.163 GC heap before
{Heap before GC invocations=10 (full 0):
 garbage-first heap   total 61440K, used 51939K [0x00000007c0000000, 0x0000000800000000)
  region size 1024K, 31 young (31744K), 2 survivors (2048K)
 Metaspace       used 44324K, committed 44864K, reserved 1114112K
  class space    used 5828K, committed 6080K, reserved 1048576K
}
Event: 9.171 GC heap after
{Heap after GC invocations=11 (full 0):
 garbage-first heap   total 61440K, used 24152K [0x00000007c0000000, 0x0000000800000000)
  region size 1024K, 3 young (3072K), 3 survivors (3072K)
 Metaspace       used 44324K, committed 44864K, reserved 1114112K
  class space    used 5828K, committed 6080K, reserved 1048576K
}
Event: 10.113 GC heap before
{Heap before GC invocations=11 (full 0):
 garbage-first heap   total 61440K, used 51800K [0x00000007c0000000, 0x0000000800000000)
  region size 1024K, 31 young (31744K), 3 survivors (3072K)
 Metaspace       used 52437K, committed 53056K, reserved 1114112K
  class space    used 7056K, committed 7360K, reserved 1048576K
}
Event: 10.122 GC heap after
{Heap after GC invocations=12 (full 0):
 garbage-first heap   total 61440K, used 25374K [0x00000007c0000000, 0x0000000800000000)
  region size 1024K, 4 young (4096K), 4 survivors (4096K)
 Metaspace       used 52437K, committed 53056K, reserved 1114112K
  class space    used 7056K, committed 7360K, reserved 1048576K
}
Event: 11.004 GC heap before
{Heap before GC invocations=12 (full 0):
 garbage-first heap   total 61440K, used 51998K [0x00000007c0000000, 0x0000000800000000)
  region size 1024K, 31 young (31744K), 4 survivors (4096K)
 Metaspace       used 58285K, committed 58944K, reserved 1114112K
  class space    used 7826K, committed 8128K, reserved 1048576K
}
Event: 11.013 GC heap after
{Heap after GC invocations=13 (full 0):
 garbage-first heap   total 61440K, used 27286K [0x00000007c0000000, 0x0000000800000000)
  region size 1024K, 4 young (4096K), 4 survivors (4096K)
 Metaspace       used 58285K, committed 58944K, reserved 1114112K
  class space    used 7826K, committed 8128K, reserved 1048576K
}
Event: 11.294 GC heap before
{Heap before GC invocations=13 (full 0):
 garbage-first heap   total 61440K, used 35478K [0x00000007c0000000, 0x0000000800000000)
  region size 1024K, 13 young (13312K), 4 survivors (4096K)
 Metaspace       used 60208K, committed 60800K, reserved 1114112K
  class space    used 8158K, committed 8448K, reserved 1048576K
}
Event: 11.302 GC heap after
{Heap after GC invocations=14 (full 0):
 garbage-first heap   total 73728K, used 28275K [0x00000007c0000000, 0x0000000800000000)
  region size 1024K, 3 young (3072K), 3 survivors (3072K)
 Metaspace       used 60208K, committed 60800K, reserved 1114112K
  class space    used 8158K, committed 8448K, reserved 1048576K
}
Event: 12.253 GC heap before
{Heap before GC invocations=15 (full 0):
 garbage-first heap   total 73728K, used 64115K [0x00000007c0000000, 0x0000000800000000)
  region size 1024K, 39 young (39936K), 3 survivors (3072K)
 Metaspace       used 65014K, committed 65600K, reserved 1114112K
  class space    used 9031K, committed 9280K, reserved 1048576K
}
Event: 12.265 GC heap after
{Heap after GC invocations=16 (full 0):
 garbage-first heap   total 73728K, used 30871K [0x00000007c0000000, 0x0000000800000000)
  region size 1024K, 5 young (5120K), 5 survivors (5120K)
 Metaspace       used 65014K, committed 65600K, reserved 1114112K
  class space    used 9031K, committed 9280K, reserved 1048576K
}
Event: 12.926 GC heap before
{Heap before GC invocations=16 (full 0):
 garbage-first heap   total 73728K, used 62615K [0x00000007c0000000, 0x0000000800000000)
  region size 1024K, 36 young (36864K), 5 survivors (5120K)
 Metaspace       used 67327K, committed 68032K, reserved 1114112K
  class space    used 9315K, committed 9664K, reserved 1048576K
}
Event: 12.939 GC heap after
{Heap after GC invocations=17 (full 0):
 garbage-first heap   total 73728K, used 32536K [0x00000007c0000000, 0x0000000800000000)
  region size 1024K, 2 young (2048K), 2 survivors (2048K)
 Metaspace       used 67327K, committed 68032K, reserved 1114112K
  class space    used 9315K, committed 9664K, reserved 1048576K
}
Event: 13.795 GC heap before
{Heap before GC invocations=17 (full 0):
 garbage-first heap   total 73728K, used 66328K [0x00000007c0000000, 0x0000000800000000)
  region size 1024K, 35 young (35840K), 2 survivors (2048K)
 Metaspace       used 70555K, committed 71296K, reserved 1114112K
  class space    used 9788K, committed 10112K, reserved 1048576K
}
Event: 13.805 GC heap after
{Heap after GC invocations=18 (full 0):
 garbage-first heap   total 73728K, used 35469K [0x00000007c0000000, 0x0000000800000000)
  region size 1024K, 5 young (5120K), 5 survivors (5120K)
 Metaspace       used 70555K, committed 71296K, reserved 1114112K
  class space    used 9788K, committed 10112K, reserved 1048576K
}
Event: 248.190 GC heap before
{Heap before GC invocations=18 (full 0):
 garbage-first heap   total 73728K, used 62093K [0x00000007c0000000, 0x0000000800000000)
  region size 1024K, 32 young (32768K), 5 survivors (5120K)
 Metaspace       used 73737K, committed 74496K, reserved 1114112K
  class space    used 10168K, committed 10496K, reserved 1048576K
}
Event: 248.301 GC heap after
{Heap after GC invocations=19 (full 0):
 garbage-first heap   total 73728K, used 37858K [0x00000007c0000000, 0x0000000800000000)
  region size 1024K, 3 young (3072K), 3 survivors (3072K)
 Metaspace       used 73737K, committed 74496K, reserved 1114112K
  class space    used 10168K, committed 10496K, reserved 1048576K
}

Dll operation events (20 events):
Event: 6.372 Loading shared library /System/Library/Java/Extensions/libtcnative-1.jnilib failed, dlopen(/System/Library/Java/Extensions/libtcnative-1.jnilib, 1): image not found
Event: 6.372 Loading shared library /usr/lib/java/libtcnative-1.dylib failed, dlopen(/usr/lib/java/libtcnative-1.dylib, 1): image not found
Event: 6.372 Loading shared library /usr/lib/java/libtcnative-1.jnilib failed, dlopen(/usr/lib/java/libtcnative-1.jnilib, 1): image not found
Event: 6.373 Loading shared library /Users/macbook/Documents/GitHub/rentacar/libtcnative-1.dylib failed, dlopen(/Users/macbook/Documents/GitHub/rentacar/libtcnative-1.dylib, 1): image not found
Event: 6.373 Loading shared library /Users/macbook/Documents/GitHub/rentacar/libtcnative-1.jnilib failed, dlopen(/Users/macbook/Documents/GitHub/rentacar/libtcnative-1.jnilib, 1): image not found
Event: 6.374 Loading shared library /Users/macbook/Library/Java/JavaVirtualMachines/openjdk-21.0.1/Contents/Home/lib/liblibtcnative-1.dylib failed, dlopen(/Users/macbook/Library/Java/JavaVirtualMachines/openjdk-21.0.1/Contents/Home/lib/liblibtcnative-1.dylib, 1): imag
Event: 6.375 Loading shared library /Users/macbook/Library/Java/JavaVirtualMachines/openjdk-21.0.1/Contents/Home/lib/liblibtcnative-1.jnilib failed, dlopen(/Users/macbook/Library/Java/JavaVirtualMachines/openjdk-21.0.1/Contents/Home/lib/liblibtcnative-1.jnilib, 1): im
Event: 6.375 Loading shared library /Users/macbook/Library/Java/Extensions/liblibtcnative-1.dylib failed, dlopen(/Users/macbook/Library/Java/Extensions/liblibtcnative-1.dylib, 1): image not found
Event: 6.376 Loading shared library /Users/macbook/Library/Java/Extensions/liblibtcnative-1.jnilib failed, dlopen(/Users/macbook/Library/Java/Extensions/liblibtcnative-1.jnilib, 1): image not found
Event: 6.376 Loading shared library /Library/Java/Extensions/liblibtcnative-1.dylib failed, dlopen(/Library/Java/Extensions/liblibtcnative-1.dylib, 1): image not found
Event: 6.377 Loading shared library /Library/Java/Extensions/liblibtcnative-1.jnilib failed, dlopen(/Library/Java/Extensions/liblibtcnative-1.jnilib, 1): image not found
Event: 6.377 Loading shared library /Network/Library/Java/Extensions/liblibtcnative-1.dylib failed, dlopen(/Network/Library/Java/Extensions/liblibtcnative-1.dylib, 1): image not found
Event: 6.378 Loading shared library /Network/Library/Java/Extensions/liblibtcnative-1.jnilib failed, dlopen(/Network/Library/Java/Extensions/liblibtcnative-1.jnilib, 1): image not found
Event: 6.378 Loading shared library /System/Library/Java/Extensions/liblibtcnative-1.dylib failed, dlopen(/System/Library/Java/Extensions/liblibtcnative-1.dylib, 1): image not found
Event: 6.379 Loading shared library /System/Library/Java/Extensions/liblibtcnative-1.jnilib failed, dlopen(/System/Library/Java/Extensions/liblibtcnative-1.jnilib, 1): image not found
Event: 6.379 Loading shared library /usr/lib/java/liblibtcnative-1.dylib failed, dlopen(/usr/lib/java/liblibtcnative-1.dylib, 1): image not found
Event: 6.380 Loading shared library /usr/lib/java/liblibtcnative-1.jnilib failed, dlopen(/usr/lib/java/liblibtcnative-1.jnilib, 1): image not found
Event: 6.381 Loading shared library /Users/macbook/Documents/GitHub/rentacar/liblibtcnative-1.dylib failed, dlopen(/Users/macbook/Documents/GitHub/rentacar/liblibtcnative-1.dylib, 1): image not found
Event: 6.381 Loading shared library /Users/macbook/Documents/GitHub/rentacar/liblibtcnative-1.jnilib failed, dlopen(/Users/macbook/Documents/GitHub/rentacar/liblibtcnative-1.jnilib, 1): image not found
Event: 7.783 Loaded shared library /Users/macbook/Library/Java/JavaVirtualMachines/openjdk-21.0.1/Contents/Home/lib/libverify.dylib

Deoptimization events (20 events):
Event: 248.155 Thread 0x00007f866fbdbc00 DEOPT PACKING pc=0x00000001226a4dd0 sp=0x0000700010ac11a0
Event: 248.155 Thread 0x00007f866fbdbc00 DEOPT UNPACKING pc=0x00000001220ccf99 sp=0x0000700010ac1140 mode 2
Event: 248.170 Thread 0x00007f866fbda800 DEOPT PACKING pc=0x000000011af84bef sp=0x0000700010bc1d70
Event: 248.170 Thread 0x00007f866fbda800 DEOPT UNPACKING pc=0x00000001220cd72f sp=0x0000700010bc1268 mode 0
Event: 248.172 Thread 0x00007f866fd70400 Uncommon trap: trap_request=0xffffffdc fr.pc=0x00000001228fe7a0 relative=0x0000000000000260
Event: 248.172 Thread 0x00007f866fd70400 Uncommon trap: reason=class_check action=make_not_entrant pc=0x00000001228fe7a0 method=java.util.ArrayList.toArray([Ljava/lang/Object;)[Ljava/lang/Object; @ 21 c2
Event: 248.172 Thread 0x00007f866fd70400 DEOPT PACKING pc=0x00000001228fe7a0 sp=0x0000700010cc4f40
Event: 248.172 Thread 0x00007f866fd70400 DEOPT UNPACKING pc=0x00000001220ccf99 sp=0x0000700010cc4ef0 mode 2
Event: 248.305 Thread 0x00007f866fd81a00 Uncommon trap: trap_request=0xffffffc6 fr.pc=0x00000001228ee124 relative=0x0000000000001464
Event: 248.305 Thread 0x00007f866fd81a00 Uncommon trap: reason=bimorphic_or_optimized_type_check action=maybe_recompile pc=0x00000001228ee124 method=java.util.concurrent.ConcurrentHashMap.putVal(Ljava/lang/Object;Ljava/lang/Object;Z)Ljava/lang/Object; @ 159 c2
Event: 248.305 Thread 0x00007f866fd81a00 DEOPT PACKING pc=0x00000001228ee124 sp=0x0000700010eca2b0
Event: 248.305 Thread 0x00007f866fd81a00 DEOPT UNPACKING pc=0x00000001220ccf99 sp=0x0000700010eca230 mode 2
Event: 248.305 Thread 0x00007f866fd81a00 Uncommon trap: trap_request=0xffffffc6 fr.pc=0x00000001228ee124 relative=0x0000000000001464
Event: 248.305 Thread 0x00007f866fd81a00 Uncommon trap: reason=bimorphic_or_optimized_type_check action=maybe_recompile pc=0x00000001228ee124 method=java.util.concurrent.ConcurrentHashMap.putVal(Ljava/lang/Object;Ljava/lang/Object;Z)Ljava/lang/Object; @ 159 c2
Event: 248.305 Thread 0x00007f866fd81a00 DEOPT PACKING pc=0x00000001228ee124 sp=0x0000700010eca2e0
Event: 248.305 Thread 0x00007f866fd81a00 DEOPT UNPACKING pc=0x00000001220ccf99 sp=0x0000700010eca260 mode 2
Event: 248.314 Thread 0x00007f866fd81a00 Uncommon trap: trap_request=0xffffffc6 fr.pc=0x00000001228ee124 relative=0x0000000000001464
Event: 248.314 Thread 0x00007f866fd81a00 Uncommon trap: reason=bimorphic_or_optimized_type_check action=maybe_recompile pc=0x00000001228ee124 method=java.util.concurrent.ConcurrentHashMap.putVal(Ljava/lang/Object;Ljava/lang/Object;Z)Ljava/lang/Object; @ 159 c2
Event: 248.314 Thread 0x00007f866fd81a00 DEOPT PACKING pc=0x00000001228ee124 sp=0x0000700010eca230
Event: 248.314 Thread 0x00007f866fd81a00 DEOPT UNPACKING pc=0x00000001220ccf99 sp=0x0000700010eca1b0 mode 2

Classes loaded (20 events):
Event: 246.603 Loading class java/nio/channels/SelectionKey
Event: 246.604 Loading class java/nio/channels/SelectionKey done
Event: 246.604 Loading class java/nio/channels/spi/AbstractSelectionKey done
Event: 246.604 Loading class sun/nio/ch/SelectionKeyImpl done
Event: 246.612 Loading class java/lang/invoke/ConstantBootstraps
Event: 246.617 Loading class java/lang/invoke/ConstantBootstraps done
Event: 247.023 Loading class java/util/ArrayList$SubList$2
Event: 247.024 Loading class java/util/ArrayList$SubList$2 done
Event: 247.147 Loading class java/util/TreeMap$KeySpliterator
Event: 247.148 Loading class java/util/TreeMap$KeySpliterator done
Event: 247.182 Loading class java/time/format/DateTimeFormatterBuilder$ZoneTextPrinterParser
Event: 247.183 Loading class java/time/format/DateTimeFormatterBuilder$ZoneTextPrinterParser done
Event: 247.184 Loading class java/time/format/DateTimeFormatterBuilder$ReducedPrinterParser
Event: 247.184 Loading class java/time/format/DateTimeFormatterBuilder$ReducedPrinterParser done
Event: 248.172 Loading class java/util/concurrent/locks/ReentrantReadWriteLock$Sync$HoldCounter
Event: 248.172 Loading class java/util/concurrent/locks/ReentrantReadWriteLock$Sync$HoldCounter done
Event: 248.306 Loading class java/util/Collections$SynchronizedSortedMap
Event: 248.310 Loading class java/util/Collections$SynchronizedSortedMap done
Event: 248.317 Loading class java/util/TreeMap$EntrySpliterator
Event: 248.318 Loading class java/util/TreeMap$EntrySpliterator done

Classes unloaded (0 events):
No events

Classes redefined (0 events):
No events

Internal exceptions (20 events):
Event: 10.534 Thread 0x00007f866a9c0e00 Exception <a 'java/lang/NoSuchMethodError'{0x00000007c2d488b8}: 'void java.lang.invoke.DirectMethodHandle$Holder.invokeInterface(java.lang.Object, java.lang.Object)'> (0x00000007c2d488b8) 
thrown [open/src/hotspot/share/interpreter/linkResolver.cpp, line 773]
Event: 10.822 Thread 0x00007f866a9c0e00 Exception <a 'java/lang/IncompatibleClassChangeError'{0x00000007c252e1b0}: Found class java.lang.Object, but interface was expected> (0x00000007c252e1b0) 
thrown [open/src/hotspot/share/interpreter/linkResolver.cpp, line 840]
Event: 10.851 Thread 0x00007f866a9c0e00 Exception <a 'java/lang/IncompatibleClassChangeError'{0x00000007c25c0770}: Found class java.lang.Object, but interface was expected> (0x00000007c25c0770) 
thrown [open/src/hotspot/share/interpreter/linkResolver.cpp, line 840]
Event: 10.908 Thread 0x00007f866a9c0e00 Exception <a 'java/lang/IncompatibleClassChangeError'{0x00000007c23862d8}: Found class java.lang.Object, but interface was expected> (0x00000007c23862d8) 
thrown [open/src/hotspot/share/interpreter/linkResolver.cpp, line 840]
Event: 11.097 Thread 0x00007f866a9c0e00 Exception <a 'java/lang/IncompatibleClassChangeError'{0x00000007c38cdc80}: Found class java.lang.Object, but interface was expected> (0x00000007c38cdc80) 
thrown [open/src/hotspot/share/interpreter/linkResolver.cpp, line 840]
Event: 11.965 Thread 0x00007f866a9c0e00 Exception <a 'java/lang/NoSuchMethodError'{0x00000007c2bf07a0}: 'void java.lang.invoke.Invokers$Holder.invokeExact_MT(java.lang.Object, java.lang.Object, java.lang.Object, java.lang.Object)'> (0x00000007c2bf07a0) 
thrown [open/src/hotspot/share/interpreter/linkResolver.cpp, line 773]
Event: 12.056 Thread 0x00007f866a9c0e00 Exception <a 'java/lang/NoSuchMethodError'{0x00000007c287ec68}: 'long java.lang.invoke.DirectMethodHandle$Holder.invokeVirtual(java.lang.Object, java.lang.Object)'> (0x00000007c287ec68) 
thrown [open/src/hotspot/share/interpreter/linkResolver.cpp, line 773]
Event: 12.064 Thread 0x00007f866a9c0e00 Exception <a 'java/io/FileNotFoundException'{0x00000007c28a8c48}> (0x00000007c28a8c48) 
thrown [open/src/hotspot/share/prims/jni.cpp, line 520]
Event: 12.174 Thread 0x00007f866a9c0e00 Exception <a 'java/lang/IncompatibleClassChangeError'{0x00000007c2413f28}: Found class java.lang.Object, but interface was expected> (0x00000007c2413f28) 
thrown [open/src/hotspot/share/interpreter/linkResolver.cpp, line 840]
Event: 12.668 Thread 0x00007f866a9c0e00 Exception <a 'java/lang/NoSuchMethodError'{0x00000007c327f650}: 'java.lang.Object java.lang.invoke.DirectMethodHandle$Holder.newInvokeSpecial(java.lang.Object, java.lang.Object, java.lang.Object, java.lang.Object, java.lang.Object, java.lang.Object, java.lang.Object, java.lang.Object)'> (0x00000007c327f650) 
thrown [open/src/hotspot/share/interpreter/linkResolver.cpp, line 773]
Event: 12.800 Thread 0x00007f866a9c0e00 Exception <a 'java/lang/NoSuchMethodError'{0x00000007c2b1a2e0}: 'java.lang.Object java.lang.invoke.DirectMethodHandle$Holder.invokeVirtual(java.lang.Object, java.lang.Object, java.lang.Object, java.lang.Object, java.lang.Object, java.lang.Object, java.lang.Object)'> (0x00000007c2b1a2e0) 
thrown [open/src/hotspot/share/interpreter/linkResolver.cpp, line 773]
Event: 13.400 Thread 0x00007f866a9c0e00 Exception <a 'java/lang/IncompatibleClassChangeError'{0x00000007c367d470}: Found class java.lang.Object, but interface was expected> (0x00000007c367d470) 
thrown [open/src/hotspot/share/interpreter/linkResolver.cpp, line 840]
Event: 13.653 Thread 0x00007f866a9c0e00 Exception <a 'java/lang/NoSuchMethodError'{0x00000007c2ce4b58}: 'void java.lang.invoke.DirectMethodHandle$Holder.invokeVirtual(java.lang.Object, java.lang.Object, long)'> (0x00000007c2ce4b58) 
thrown [open/src/hotspot/share/interpreter/linkResolver.cpp, line 773]
Event: 13.816 Thread 0x00007f866a9c0e00 Exception <a 'java/lang/NoSuchMethodError'{0x00000007fff4fca8}: 'java.lang.Object java.lang.invoke.DirectMethodHandle$Holder.invokeVirtual(java.lang.Object, java.lang.Object, java.lang.Object, java.lang.Object, java.lang.Object, java.lang.Object, java.lang.Object, java.lang.Object, java.lang.Object)'> (0x00000007fff4fca8) 
thrown [open/src/hotspot/share/interpreter/linkResolver.cpp, line 773]
Event: 13.873 Thread 0x00007f866a9c0e00 Exception <a 'java/lang/NoSuchMethodError'{0x00000007c44237b0}: 'java.lang.Object java.lang.invoke.DirectMethodHandle$Holder.invokeVirtual(java.lang.Object, java.lang.Object, java.lang.Object, java.lang.Object, java.lang.Object, java.lang.Object, java.lang.Object, java.lang.Object, java.lang.Object, java.lang.Object)'> (0x00000007c44237b0) 
thrown [open/src/hotspot/share/interpreter/linkResolver.cpp, line 773]
Event: 13.945 Thread 0x00007f866a9c0e00 Exception <a 'java/lang/IncompatibleClassChangeError'{0x00000007c42e8d48}: Found class java.lang.Object, but interface was expected> (0x00000007c42e8d48) 
thrown [open/src/hotspot/share/interpreter/linkResolver.cpp, line 840]
Event: 14.130 Thread 0x00007f866a9c0e00 Exception <a 'java/lang/NoSuchMethodError'{0x00000007c39c3288}: 'java.lang.Object java.lang.invoke.DirectMethodHandle$Holder.newInvokeSpecial(java.lang.Object, java.lang.Object, int, java.lang.Object, java.lang.Object)'> (0x00000007c39c3288) 
thrown [open/src/hotspot/share/interpreter/linkResolver.cpp, line 773]
Event: 246.795 Thread 0x00007f8671641a00 Exception <a 'java/lang/NoSuchMethodError'{0x00000007c2f2ea98}: 'java.lang.Object java.lang.invoke.DirectMethodHandle$Holder.invokeSpecial(java.lang.Object, java.lang.Object, java.lang.Object, java.lang.Object, java.lang.Object, long)'> (0x00000007c2f2ea98) 
thrown [open/src/hotspot/share/interpreter/linkResolver.cpp, line 773]
Event: 246.796 Thread 0x00007f8671641a00 Exception <a 'java/lang/NoSuchMethodError'{0x00000007c2f32258}: 'java.lang.Object java.lang.invoke.Invokers$Holder.linkToTargetMethod(java.lang.Object, java.lang.Object, java.lang.Object, long, java.lang.Object)'> (0x00000007c2f32258) 
thrown [open/src/hotspot/share/interpreter/linkResolver.cpp, line 773]
Event: 247.022 Thread 0x00007f8671641a00 Exception <a 'java/lang/NoSuchMethodError'{0x00000007c2ed6020}: 'java.lang.Object java.lang.invoke.DirectMethodHandle$Holder.invokeStatic(java.lang.Object, int, int)'> (0x00000007c2ed6020) 
thrown [open/src/hotspot/share/interpreter/linkResolver.cpp, line 773]

ZGC Phase Switch (0 events):
No events

VM Operations (20 events):
Event: 145.225 Executing VM operation: Cleanup
Event: 145.225 Executing VM operation: Cleanup done
Event: 194.322 Executing VM operation: Cleanup
Event: 194.322 Executing VM operation: Cleanup done
Event: 202.343 Executing VM operation: Cleanup
Event: 202.343 Executing VM operation: Cleanup done
Event: 209.351 Executing VM operation: Cleanup
Event: 209.351 Executing VM operation: Cleanup done
Event: 212.359 Executing VM operation: Cleanup
Event: 212.359 Executing VM operation: Cleanup done
Event: 217.375 Executing VM operation: Cleanup
Event: 217.375 Executing VM operation: Cleanup done
Event: 246.876 Executing VM operation: HandshakeAllThreads (Deoptimize)
Event: 246.876 Executing VM operation: HandshakeAllThreads (Deoptimize) done
Event: 246.876 Executing VM operation: Cleanup
Event: 246.876 Executing VM operation: Cleanup done
Event: 247.876 Executing VM operation: Cleanup
Event: 247.877 Executing VM operation: Cleanup done
Event: 248.185 Executing VM operation: G1CollectForAllocation (G1 Evacuation Pause)
Event: 248.304 Executing VM operation: G1CollectForAllocation (G1 Evacuation Pause) done

Events (20 events):
Event: 14.145 Thread 0x00007f866fd7a000 Thread added: 0x00007f866fd7a000
Event: 14.145 Protecting memory [0x0000700010fd5000,0x0000700010fd9000] with protection modes 0
Event: 14.145 Thread 0x00007f8671641000 Thread added: 0x00007f8671641000
Event: 14.145 Protecting memory [0x00007000110d8000,0x00007000110dc000] with protection modes 0
Event: 14.145 Thread 0x00007f8671644a00 Thread added: 0x00007f8671644a00
Event: 14.145 Protecting memory [0x00007000111db000,0x00007000111df000] with protection modes 0
Event: 14.154 Thread 0x00007f866a25b000 Thread added: 0x00007f866a25b000
Event: 14.154 Protecting memory [0x00007000112de000,0x00007000112e2000] with protection modes 0
Event: 14.156 Thread 0x00007f866fd81200 Thread added: 0x00007f866fd81200
Event: 14.156 Protecting memory [0x00007000113e1000,0x00007000113e5000] with protection modes 0
Event: 14.188 Protecting memory [0x000070000fd9f000,0x000070000fda3000] with protection modes 3
Event: 14.188 Thread 0x00007f866a9c0e00 Thread exited: 0x00007f866a9c0e00
Event: 14.193 Protecting memory [0x000070000fc9c000,0x000070000fca0000] with protection modes 3
Event: 14.193 Thread 0x00007f866a816c00 Thread exited: 0x00007f866a816c00
Event: 14.193 Protecting memory [0x000070000e85d000,0x000070000e861000] with protection modes 3
Event: 14.193 Thread 0x00007f866a808600 Thread exited: 0x00007f866a808600
Event: 14.194 Protecting memory [0x000070000e85d000,0x000070000e861000] with protection modes 0
Event: 14.194 Thread 0x00007f8671645200 Thread added: 0x00007f8671645200
Event: 14.652 Protecting memory [0x00007000102ae000,0x00007000102b2000] with protection modes 3
Event: 14.652 Thread 0x00007f866bb5e200 Thread exited: 0x00007f866bb5e200


Dynamic libraries:
0x00007fff2a81b000 	/usr/lib/libz.1.dylib
0x000000010e3d7000 	/Users/macbook/Library/Java/JavaVirtualMachines/openjdk-21.0.1/Contents/Home/lib/libjli.dylib
0x00007fff35271000 	/System/Library/Frameworks/Cocoa.framework/Versions/A/Cocoa
0x00007fff22597000 	/System/Library/Frameworks/Security.framework/Versions/A/Security
0x00007fff33474000 	/System/Library/Frameworks/ApplicationServices.framework/Versions/A/ApplicationServices
0x00007fff2a8e3000 	/usr/lib/libSystem.B.dylib
0x00007fff2a8dd000 	/usr/lib/system/libcache.dylib
0x00007fff2a899000 	/usr/lib/system/libcommonCrypto.dylib
0x00007fff2a8c3000 	/usr/lib/system/libcompiler_rt.dylib
0x00007fff2a8b8000 	/usr/lib/system/libcopyfile.dylib
0x00007fff2048e000 	/usr/lib/system/libcorecrypto.dylib
0x00007fff20559000 	/usr/lib/system/libdispatch.dylib
0x00007fff2070c000 	/usr/lib/system/libdyld.dylib
0x00007fff2a8d4000 	/usr/lib/system/libkeymgr.dylib
0x00007fff2dceb000 	/usr/lib/system/liblaunch.dylib
0x00007fff2a877000 	/usr/lib/system/libmacho.dylib
0x00007fff2a06f000 	/usr/lib/system/libquarantine.dylib
0x00007fff2a8d1000 	/usr/lib/system/libremovefile.dylib
0x00007fff24f72000 	/usr/lib/system/libsystem_asl.dylib
0x00007fff2043e000 	/usr/lib/system/libsystem_blocks.dylib
0x00007fff205db000 	/usr/lib/system/libsystem_c.dylib
0x00007fff2a8cb000 	/usr/lib/system/libsystem_collections.dylib
0x00007fff29375000 	/usr/lib/system/libsystem_configuration.dylib
0x00007fff28660000 	/usr/lib/system/libsystem_containermanager.dylib
0x00007fff2a61a000 	/usr/lib/system/libsystem_coreservices.dylib
0x00007fff22b4f000 	/usr/lib/system/libsystem_darwin.dylib
0x00007fff2a8d5000 	/usr/lib/system/libsystem_dnssd.dylib
0x00007fff205d8000 	/usr/lib/system/libsystem_featureflags.dylib
0x00007fff20752000 	/usr/lib/system/libsystem_info.dylib
0x00007fff2a82e000 	/usr/lib/system/libsystem_m.dylib
0x00007fff2052c000 	/usr/lib/system/libsystem_malloc.dylib
0x00007fff24f05000 	/usr/lib/system/libsystem_networkextension.dylib
0x00007fff22f6e000 	/usr/lib/system/libsystem_notify.dylib
0x00007fff30187000 	/usr/lib/system/libsystem_product_info_filter.dylib
0x00007fff29379000 	/usr/lib/system/libsystem_sandbox.dylib
0x00007fff2a8ce000 	/usr/lib/system/libsystem_secinit.dylib
0x00007fff206d0000 	/usr/lib/system/libsystem_kernel.dylib
0x00007fff20748000 	/usr/lib/system/libsystem_platform.dylib
0x00007fff20700000 	/usr/lib/system/libsystem_pthread.dylib
0x00007fff26651000 	/usr/lib/system/libsystem_symptoms.dylib
0x00007fff20476000 	/usr/lib/system/libsystem_trace.dylib
0x00007fff2a8a5000 	/usr/lib/system/libunwind.dylib
0x00007fff20440000 	/usr/lib/system/libxpc.dylib
0x00007fff206ba000 	/usr/lib/libc++abi.dylib
0x00007fff2059e000 	/usr/lib/libobjc.A.dylib
0x00007fff2a8b0000 	/usr/lib/liboah.dylib
0x00007fff20664000 	/usr/lib/libc++.1.dylib
0x00007fff2077e000 	/System/Library/Frameworks/CoreFoundation.framework/Versions/A/CoreFoundation
0x00007fff2152f000 	/System/Library/Frameworks/Foundation.framework/Versions/C/Foundation
0x00007fff22fc8000 	/System/Library/Frameworks/AppKit.framework/Versions/C/AppKit
0x00007fff25e8c000 	/System/Library/Frameworks/CoreData.framework/Versions/A/CoreData
0x00007fff23d14000 	/System/Library/PrivateFrameworks/UIFoundation.framework/Versions/A/UIFoundation
0x00007fff2ff1a000 	/System/Library/PrivateFrameworks/RemoteViewServices.framework/Versions/A/RemoteViewServices
0x00007fff28d26000 	/System/Library/PrivateFrameworks/XCTTargetBootstrap.framework/Versions/A/XCTTargetBootstrap
0x00007fff2ba0f000 	/usr/lib/libspindump.dylib
0x00007fff23f63000 	/System/Library/Frameworks/UniformTypeIdentifiers.framework/Versions/A/UniformTypeIdentifiers
0x00007fff2752a000 	/usr/lib/libapp_launch_measurement.dylib
0x00007fff2752d000 	/System/Library/PrivateFrameworks/CoreAutoLayout.framework/Versions/A/CoreAutoLayout
0x00007fff2868d000 	/System/Library/Frameworks/Metal.framework/Versions/A/Metal
0x00007fff29384000 	/usr/lib/liblangid.dylib
0x00007fff28d2a000 	/System/Library/PrivateFrameworks/CoreSVG.framework/Versions/A/CoreSVG
0x00007fff24fa2000 	/System/Library/PrivateFrameworks/SkyLight.framework/Versions/A/SkyLight
0x00007fff25308000 	/System/Library/Frameworks/CoreGraphics.framework/Versions/A/CoreGraphics
0x00007fff30441000 	/System/Library/Frameworks/Accelerate.framework/Versions/A/Accelerate
0x00007fff2b44d000 	/System/Library/PrivateFrameworks/IconServices.framework/Versions/A/IconServices
0x00007fff28671000 	/System/Library/Frameworks/IOSurface.framework/Versions/A/IOSurface
0x00007fff26815000 	/usr/lib/libDiagnosticMessagesClient.dylib
0x00007fff28d12000 	/System/Library/PrivateFrameworks/DFRFoundation.framework/Versions/A/DFRFoundation
0x00007fff228ef000 	/usr/lib/libicucore.A.dylib
0x00007fff2cf54000 	/System/Library/Frameworks/AudioToolbox.framework/Versions/A/AudioToolbox
0x00007fff2c1dc000 	/System/Library/PrivateFrameworks/DataDetectorsCore.framework/Versions/A/DataDetectorsCore
0x00007fff24f15000 	/usr/lib/libMobileGestalt.dylib
0x00007fff28a16000 	/System/Library/Frameworks/Carbon.framework/Versions/A/Frameworks/HIToolbox.framework/Versions/A/HIToolbox
0x00007fff26f6f000 	/System/Library/Frameworks/QuartzCore.framework/Versions/A/QuartzCore
0x00007fff2ff52000 	/System/Library/Frameworks/Carbon.framework/Versions/A/Frameworks/SpeechRecognition.framework/Versions/A/SpeechRecognition
0x00007fff2728f000 	/System/Library/PrivateFrameworks/CoreUI.framework/Versions/A/CoreUI
0x00007fff21f05000 	/System/Library/Frameworks/CoreAudio.framework/Versions/A/CoreAudio
0x00007fff26900000 	/System/Library/Frameworks/DiskArbitration.framework/Versions/A/DiskArbitration
0x00007fff2bddd000 	/System/Library/PrivateFrameworks/MultitouchSupport.framework/Versions/A/MultitouchSupport
0x00007fff2c1d3000 	/System/Library/PrivateFrameworks/InternationalSupport.framework/Versions/A/InternationalSupport
0x00007fff24f14000 	/usr/lib/libenergytrace.dylib
0x00007fff22ebf000 	/System/Library/Frameworks/IOKit.framework/Versions/A/IOKit
0x00007fff30285000 	/System/Library/Frameworks/CoreServices.framework/Versions/A/CoreServices
0x00007fff274bc000 	/System/Library/PrivateFrameworks/PerformanceAnalysis.framework/Versions/A/PerformanceAnalysis
0x00007fff6bc1e000 	/System/Library/Frameworks/OpenGL.framework/Versions/A/OpenGL
0x00007fff2c257000 	/System/Library/PrivateFrameworks/UserActivity.framework/Versions/A/UserActivity
0x00007fff25992000 	/System/Library/Frameworks/ColorSync.framework/Versions/A/ColorSync
0x00007fff28f92000 	/System/Library/Frameworks/CoreImage.framework/Versions/A/CoreImage
0x00007fff21d1f000 	/System/Library/Frameworks/CoreText.framework/Versions/A/CoreText
0x00007fff28d54000 	/System/Library/Frameworks/ImageIO.framework/Versions/A/ImageIO
0x00007fff2a8e9000 	/System/Library/PrivateFrameworks/SoftLinking.framework/Versions/A/SoftLinking
0x00007fff27575000 	/usr/lib/libxml2.2.dylib
0x00007fff2ab5b000 	/usr/lib/libcompression.dylib
0x00007fff2c105000 	/System/Library/PrivateFrameworks/TextureIO.framework/Versions/A/TextureIO
0x00007fff2b18b000 	/usr/lib/libate.dylib
0x00007fff2af6f000 	/usr/lib/liblzma.5.dylib
0x00007fff21243000 	/System/Library/Frameworks/SystemConfiguration.framework/Versions/A/SystemConfiguration
0x00007fff2a8e5000 	/usr/lib/libfakelink.dylib
0x00007fff24a67000 	/System/Library/Frameworks/CFNetwork.framework/Versions/A/CFNetwork
0x00007fff2aa25000 	/usr/lib/libarchive.2.dylib
0x00007fff212c1000 	/usr/lib/libCRFSuite.dylib
0x00007fff2a096000 	/usr/lib/libbsm.0.dylib
0x00007fff243e0000 	/usr/lib/libnetwork.dylib
0x00007fff2a8ea000 	/usr/lib/libpcap.A.dylib
0x00007fff2664a000 	/usr/lib/libdns_services.dylib
0x00007fff2af88000 	/usr/lib/libcoretls_cfhelpers.dylib
0x00007fff2ab24000 	/usr/lib/libapple_nghttp2.dylib
0x00007fff2a87d000 	/usr/lib/system/libkxld.dylib
0x00007fff262c2000 	/usr/lib/libsqlite3.dylib
0x00007fff2a5fd000 	/System/Library/PrivateFrameworks/AppleFSCompression.framework/Versions/A/AppleFSCompression
0x00007fff2a07e000 	/usr/lib/libcoretls.dylib
0x00007fff2ab55000 	/usr/lib/libpam.2.dylib
0x00007fff2b086000 	/usr/lib/libxar.1.dylib
0x00007fff29380000 	/System/Library/PrivateFrameworks/AppleSystemInfo.framework/Versions/A/AppleSystemInfo
0x00007fff29cc0000 	/System/Library/PrivateFrameworks/IOMobileFramebuffer.framework/Versions/A/IOMobileFramebuffer
0x00007fff2a60d000 	/usr/lib/libbz2.1.0.dylib
0x00007fff2a922000 	/usr/lib/libiconv.2.dylib
0x00007fff2a876000 	/usr/lib/libcharset.1.dylib
0x00007fff274f8000 	/System/Library/Frameworks/CoreServices.framework/Versions/A/Frameworks/FSEvents.framework/Versions/A/FSEvents
0x00007fff22b59000 	/System/Library/Frameworks/CoreServices.framework/Versions/A/Frameworks/CarbonCore.framework/Versions/A/CarbonCore
0x00007fff26865000 	/System/Library/Frameworks/CoreServices.framework/Versions/A/Frameworks/Metadata.framework/Versions/A/Metadata
0x00007fff2a61f000 	/System/Library/Frameworks/CoreServices.framework/Versions/A/Frameworks/OSServices.framework/Versions/A/OSServices
0x00007fff2aa97000 	/System/Library/Frameworks/CoreServices.framework/Versions/A/Frameworks/SearchKit.framework/Versions/A/SearchKit
0x00007fff265d5000 	/System/Library/Frameworks/CoreServices.framework/Versions/A/Frameworks/AE.framework/Versions/A/AE
0x00007fff20c1c000 	/System/Library/Frameworks/CoreServices.framework/Versions/A/Frameworks/LaunchServices.framework/Versions/A/LaunchServices
0x00007fff2af1f000 	/System/Library/Frameworks/CoreServices.framework/Versions/A/Frameworks/DictionaryServices.framework/Versions/A/DictionaryServices
0x00007fff27505000 	/System/Library/Frameworks/CoreServices.framework/Versions/A/Frameworks/SharedFileList.framework/Versions/A/SharedFileList
0x00007fff2a072000 	/usr/lib/libCheckFix.dylib
0x00007fff24f89000 	/System/Library/PrivateFrameworks/TCC.framework/Versions/A/TCC
0x00007fff29386000 	/System/Library/PrivateFrameworks/CoreNLP.framework/Versions/A/CoreNLP
0x00007fff26818000 	/System/Library/PrivateFrameworks/MetadataUtilities.framework/Versions/A/MetadataUtilities
0x00007fff212f6000 	/usr/lib/libmecabra.dylib
0x00007fff2a37c000 	/System/Library/Frameworks/MLCompute.framework/Versions/A/MLCompute
0x00007fff2a0a7000 	/usr/lib/libmecab.dylib
0x00007fff2a0f1000 	/usr/lib/libgermantok.dylib
0x00007fff2aaff000 	/usr/lib/libThaiTokenizer.dylib
0x00007fff2b0c2000 	/usr/lib/libChineseTokenizer.dylib
0x00007fff2ab53000 	/System/Library/Frameworks/MetalPerformanceShaders.framework/Versions/A/MetalPerformanceShaders
0x00007fff26907000 	/System/Library/Frameworks/Accelerate.framework/Versions/A/Frameworks/vImage.framework/Versions/A/vImage
0x00007fff3025f000 	/System/Library/Frameworks/Accelerate.framework/Versions/A/Frameworks/vecLib.framework/Versions/A/vecLib
0x00007fff2b0cd000 	/System/Library/Frameworks/Accelerate.framework/Versions/A/Frameworks/vecLib.framework/Versions/A/libvMisc.dylib
0x00007fff29adb000 	/System/Library/Frameworks/Accelerate.framework/Versions/A/Frameworks/vecLib.framework/Versions/A/libvDSP.dylib
0x00007fff20f29000 	/System/Library/Frameworks/Accelerate.framework/Versions/A/Frameworks/vecLib.framework/Versions/A/libBLAS.dylib
0x00007fff2ab81000 	/System/Library/Frameworks/Accelerate.framework/Versions/A/Frameworks/vecLib.framework/Versions/A/libLAPACK.dylib
0x00007fff2a0f7000 	/System/Library/Frameworks/Accelerate.framework/Versions/A/Frameworks/vecLib.framework/Versions/A/libLinearAlgebra.dylib
0x00007fff2ab3c000 	/System/Library/Frameworks/Accelerate.framework/Versions/A/Frameworks/vecLib.framework/Versions/A/libSparseBLAS.dylib
0x00007fff2ab7b000 	/System/Library/Frameworks/Accelerate.framework/Versions/A/Frameworks/vecLib.framework/Versions/A/libQuadrature.dylib
0x00007fff29432000 	/System/Library/Frameworks/Accelerate.framework/Versions/A/Frameworks/vecLib.framework/Versions/A/libBNNS.dylib
0x00007fff211d4000 	/System/Library/Frameworks/Accelerate.framework/Versions/A/Frameworks/vecLib.framework/Versions/A/libSparse.dylib
0x00007fff2930e000 	/System/Library/Frameworks/MetalPerformanceShaders.framework/Versions/A/Frameworks/MPSCore.framework/Versions/A/MPSCore
0x00007fff2a56c000 	/System/Library/Frameworks/MetalPerformanceShaders.framework/Versions/A/Frameworks/MPSImage.framework/Versions/A/MPSImage
0x00007fff2a10d000 	/System/Library/Frameworks/MetalPerformanceShaders.framework/Versions/A/Frameworks/MPSNeuralNetwork.framework/Versions/A/MPSNeuralNetwork
0x00007fff2a4de000 	/System/Library/Frameworks/MetalPerformanceShaders.framework/Versions/A/Frameworks/MPSMatrix.framework/Versions/A/MPSMatrix
0x00007fff2a32c000 	/System/Library/Frameworks/MetalPerformanceShaders.framework/Versions/A/Frameworks/MPSRayIntersector.framework/Versions/A/MPSRayIntersector
0x00007fff2a515000 	/System/Library/Frameworks/MetalPerformanceShaders.framework/Versions/A/Frameworks/MPSNDArray.framework/Versions/A/MPSNDArray
0x00007fff20e54000 	/System/Library/PrivateFrameworks/MetalTools.framework/Versions/A/MetalTools
0x00007fff2937e000 	/System/Library/PrivateFrameworks/AggregateDictionary.framework/Versions/A/AggregateDictionary
0x00007fff267e5000 	/System/Library/PrivateFrameworks/CoreAnalytics.framework/Versions/A/CoreAnalytics
0x00007fff2ab01000 	/System/Library/PrivateFrameworks/AppleSauce.framework/Versions/A/AppleSauce
0x00007fff28683000 	/System/Library/PrivateFrameworks/IOAccelerator.framework/Versions/A/IOAccelerator
0x00007fff6bc12000 	/System/Library/Frameworks/OpenGL.framework/Versions/A/Libraries/libCoreFSCache.dylib
0x00007fff2188e000 	/System/Library/PrivateFrameworks/LanguageModeling.framework/Versions/A/LanguageModeling
0x00007fff29cae000 	/System/Library/PrivateFrameworks/CoreEmoji.framework/Versions/A/CoreEmoji
0x00007fff2942b000 	/System/Library/PrivateFrameworks/LinguisticData.framework/Versions/A/LinguisticData
0x00007fff21186000 	/System/Library/PrivateFrameworks/Lexicon.framework/Versions/A/Lexicon
0x00007fff2aa13000 	/usr/lib/libcmph.dylib
0x00007fff274d8000 	/System/Library/Frameworks/OpenDirectory.framework/Versions/A/Frameworks/CFOpenDirectory.framework/Versions/A/CFOpenDirectory
0x00007fff274c8000 	/System/Library/Frameworks/OpenDirectory.framework/Versions/A/OpenDirectory
0x00007fff2af8a000 	/System/Library/PrivateFrameworks/APFS.framework/Versions/A/APFS
0x00007fff29fd4000 	/System/Library/Frameworks/SecurityFoundation.framework/Versions/A/SecurityFoundation
0x00007fff2b095000 	/usr/lib/libutil.dylib
0x00007fff22e84000 	/System/Library/PrivateFrameworks/CoreServicesStore.framework/Versions/A/CoreServicesStore
0x00007fff2a06a000 	/System/Library/Frameworks/ServiceManagement.framework/Versions/A/ServiceManagement
0x00007fff2b099000 	/usr/lib/libxslt.1.dylib
0x00007fff2a060000 	/System/Library/PrivateFrameworks/BackgroundTaskManagement.framework/Versions/A/BackgroundTaskManagement
0x00007fff2c04f000 	/System/Library/Frameworks/ImageIO.framework/Versions/A/Resources/libRadiance.dylib
0x00007fff2c059000 	/System/Library/Frameworks/ImageIO.framework/Versions/A/Resources/libJPEG.dylib
0x00007fff2bfa7000 	/System/Library/Frameworks/ImageIO.framework/Versions/A/Resources/libPng.dylib
0x00007fff2bfc8000 	/System/Library/Frameworks/ImageIO.framework/Versions/A/Resources/libTIFF.dylib
0x00007fff2c0ae000 	/System/Library/Frameworks/ImageIO.framework/Versions/A/Resources/libGIF.dylib
0x00007fff2bcf9000 	/System/Library/Frameworks/ImageIO.framework/Versions/A/Resources/libJP2.dylib
0x00007fff2b414000 	/usr/lib/libexpat.1.dylib
0x00007fff2bcaf000 	/System/Library/PrivateFrameworks/AppleJPEG.framework/Versions/A/AppleJPEG
0x00007fff288b9000 	/System/Library/PrivateFrameworks/FontServices.framework/libFontParser.dylib
0x00007fff2658c000 	/System/Library/PrivateFrameworks/RunningBoardServices.framework/Versions/A/RunningBoardServices
0x00007fff2bdd9000 	/System/Library/PrivateFrameworks/WatchdogClient.framework/Versions/A/WatchdogClient
0x00007fff21977000 	/System/Library/Frameworks/CoreDisplay.framework/Versions/A/CoreDisplay
0x00007fff287ce000 	/System/Library/Frameworks/CoreMedia.framework/Versions/A/CoreMedia
0x00007fff27658000 	/System/Library/Frameworks/CoreVideo.framework/Versions/A/CoreVideo
0x00007fff2be14000 	/System/Library/Frameworks/VideoToolbox.framework/Versions/A/VideoToolbox
0x00007fff2650c000 	/System/Library/PrivateFrameworks/BaseBoard.framework/Versions/A/BaseBoard
0x00007fff2b559000 	/System/Library/PrivateFrameworks/PersistentConnection.framework/Versions/A/PersistentConnection
0x00007fff262ac000 	/System/Library/PrivateFrameworks/ProtocolBuffer.framework/Versions/A/ProtocolBuffer
0x00007fff264f4000 	/System/Library/PrivateFrameworks/CommonUtilities.framework/Versions/A/CommonUtilities
0x00007fff2bc72000 	/System/Library/PrivateFrameworks/Bom.framework/Versions/A/Bom
0x00007fff2c047000 	/System/Library/PrivateFrameworks/GPUWrangler.framework/Versions/A/GPUWrangler
0x00007fff2c02a000 	/System/Library/PrivateFrameworks/IOPresentment.framework/Versions/A/IOPresentment
0x00007fff2c053000 	/System/Library/PrivateFrameworks/DSExternalDisplay.framework/Versions/A/DSExternalDisplay
0x00007fff2c0b3000 	/System/Library/PrivateFrameworks/CMCaptureCore.framework/Versions/A/CMCaptureCore
0x00007fff2b9f5000 	/System/Library/PrivateFrameworks/AppServerSupport.framework/Versions/A/AppServerSupport
0x00007fff2da8e000 	/System/Library/PrivateFrameworks/perfdata.framework/Versions/A/perfdata
0x00007fff29fc3000 	/System/Library/PrivateFrameworks/AssertionServices.framework/Versions/A/AssertionServices
0x00007fff21aae000 	/System/Library/PrivateFrameworks/AudioToolboxCore.framework/Versions/A/AudioToolboxCore
0x00007fff287b1000 	/System/Library/PrivateFrameworks/caulk.framework/Versions/A/caulk
0x00007fff3cf53000 	/System/Library/PrivateFrameworks/SystemPolicy.framework/Versions/A/SystemPolicy
0x00007fff2b223000 	/usr/lib/libIOReport.dylib
0x00007fff2d2ca000 	/usr/lib/libSMC.dylib
0x00007fff2bf73000 	/usr/lib/libAudioToolboxUtility.dylib
0x00007fff3d8b0000 	/usr/lib/libmis.dylib
0x00007fff6bc6e000 	/System/Library/Frameworks/OpenGL.framework/Versions/A/Libraries/libGLU.dylib
0x00007fff6bc31000 	/System/Library/Frameworks/OpenGL.framework/Versions/A/Libraries/libGFXShared.dylib
0x00007fff6be3f000 	/System/Library/Frameworks/OpenGL.framework/Versions/A/Libraries/libGL.dylib
0x00007fff6bc3a000 	/System/Library/Frameworks/OpenGL.framework/Versions/A/Libraries/libGLImage.dylib
0x00007fff6bc2e000 	/System/Library/Frameworks/OpenGL.framework/Versions/A/Libraries/libCVMSPluginSupport.dylib
0x00007fff6bc19000 	/System/Library/Frameworks/OpenGL.framework/Versions/A/Libraries/libCoreVMClient.dylib
0x00007fff6d289000 	/System/Library/Frameworks/OpenCL.framework/Versions/A/OpenCL
0x00007fff2b582000 	/System/Library/PrivateFrameworks/GraphVisualizer.framework/Versions/A/GraphVisualizer
0x00007fff2b591000 	/System/Library/PrivateFrameworks/FaceCore.framework/Versions/A/FaceCore
0x00007fff2b9ad000 	/System/Library/PrivateFrameworks/OTSVG.framework/Versions/A/OTSVG
0x00007fff2724d000 	/System/Library/Frameworks/ApplicationServices.framework/Versions/A/Frameworks/ATS.framework/Versions/A/Resources/libFontRegistry.dylib
0x00007fff2b9fc000 	/System/Library/PrivateFrameworks/FontServices.framework/libhvf.dylib
0x00007fff2b3c0000 	/System/Library/PrivateFrameworks/AppleVA.framework/Versions/A/AppleVA
0x00007fff2d112000 	/System/Library/Frameworks/ApplicationServices.framework/Versions/A/Frameworks/ATS.framework/Versions/A/ATS
0x00007fff2d425000 	/System/Library/Frameworks/ApplicationServices.framework/Versions/A/Frameworks/ColorSyncLegacy.framework/Versions/A/ColorSyncLegacy
0x00007fff25a8a000 	/System/Library/Frameworks/ApplicationServices.framework/Versions/A/Frameworks/HIServices.framework/Versions/A/HIServices
0x00007fff2d40a000 	/System/Library/Frameworks/ApplicationServices.framework/Versions/A/Frameworks/LangAnalysis.framework/Versions/A/LangAnalysis
0x00007fff2c0bd000 	/System/Library/Frameworks/ApplicationServices.framework/Versions/A/Frameworks/PrintCore.framework/Versions/A/PrintCore
0x00007fff2d42d000 	/System/Library/Frameworks/ApplicationServices.framework/Versions/A/Frameworks/QD.framework/Versions/A/QD
0x00007fff2d102000 	/System/Library/Frameworks/ApplicationServices.framework/Versions/A/Frameworks/SpeechSynthesis.framework/Versions/A/SpeechSynthesis
0x00007fff2c07e000 	/System/Library/Frameworks/ApplicationServices.framework/Versions/A/Frameworks/ATSUI.framework/Versions/A/ATSUI
0x00007fff2d3aa000 	/usr/lib/libcups.2.dylib
0x00007fff2d41a000 	/System/Library/PrivateFrameworks/NetAuth.framework/Versions/A/NetAuth
0x00007fff2daa9000 	/System/Library/Frameworks/Kerberos.framework/Versions/A/Kerberos
0x00007fff2dab9000 	/System/Library/Frameworks/GSS.framework/Versions/A/GSS
0x00007fff2d17f000 	/usr/lib/libresolv.9.dylib
0x00007fff2ba12000 	/System/Library/PrivateFrameworks/Heimdal.framework/Versions/A/Heimdal
0x00007fff33789000 	/System/Library/Frameworks/Kerberos.framework/Versions/A/Libraries/libHeimdalProxy.dylib
0x00007fff26659000 	/System/Library/Frameworks/Network.framework/Versions/A/Network
0x00007fff2b42e000 	/usr/lib/libheimdal-asn1.dylib
0x00007fff2db0a000 	/System/Library/PrivateFrameworks/CommonAuth.framework/Versions/A/CommonAuth
0x00007fff276a6000 	/System/Library/PrivateFrameworks/login.framework/Versions/A/Frameworks/loginsupport.framework/Versions/A/loginsupport
0x00007fff2d089000 	/System/Library/PrivateFrameworks/AudioSession.framework/Versions/A/AudioSession
0x00007fff2d0ef000 	/usr/lib/libAudioStatistics.dylib
0x00007fff2b4ba000 	/System/Library/PrivateFrameworks/MediaExperience.framework/Versions/A/MediaExperience
0x00007fff2cf22000 	/System/Library/PrivateFrameworks/AudioSession.framework/libSessionUtility.dylib
0x00007fff2da9a000 	/usr/lib/libperfcheck.dylib
0x00007fff2d439000 	/System/Library/PrivateFrameworks/AudioResourceArbitration.framework/Versions/A/AudioResourceArbitration
0x00007fff2b438000 	/System/Library/PrivateFrameworks/IconFoundation.framework/Versions/A/IconFoundation
0x00007fff2ff42000 	/System/Library/PrivateFrameworks/SpeechRecognitionCore.framework/Versions/A/SpeechRecognitionCore
0x00007fff5812e000 	/System/Library/CoreServices/Encodings/libLatin5Converter.dylib
0x000000010e403000 	/Users/macbook/Library/Java/JavaVirtualMachines/openjdk-21.0.1/Contents/Home/lib/server/libjvm.dylib
0x000000010f6a4000 	/Users/macbook/Library/Java/JavaVirtualMachines/openjdk-21.0.1/Contents/Home/lib/libjimage.dylib
0x000000010f6b6000 	/Users/macbook/Library/Java/JavaVirtualMachines/openjdk-21.0.1/Contents/Home/lib/libinstrument.dylib
0x000000010f6ca000 	/Users/macbook/Library/Java/JavaVirtualMachines/openjdk-21.0.1/Contents/Home/lib/libjava.dylib
0x000000010fd54000 	/Users/macbook/Library/Java/JavaVirtualMachines/openjdk-21.0.1/Contents/Home/lib/libzip.dylib
0x000000010fd68000 	/Users/macbook/Library/Java/JavaVirtualMachines/openjdk-21.0.1/Contents/Home/lib/libnio.dylib
0x000000010fd84000 	/Users/macbook/Library/Java/JavaVirtualMachines/openjdk-21.0.1/Contents/Home/lib/libnet.dylib
0x000000010fd98000 	/Users/macbook/Library/Java/JavaVirtualMachines/openjdk-21.0.1/Contents/Home/lib/libextnet.dylib
0x000000010fda8000 	/Users/macbook/Library/Java/JavaVirtualMachines/openjdk-21.0.1/Contents/Home/lib/libmanagement.dylib
0x000000010fdb8000 	/Users/macbook/Library/Java/JavaVirtualMachines/openjdk-21.0.1/Contents/Home/lib/libmanagement_ext.dylib
0x000000010fdc8000 	/Users/macbook/Library/Java/JavaVirtualMachines/openjdk-21.0.1/Contents/Home/lib/libverify.dylib


VM Arguments:
jvm_args: -javaagent:/Applications/IntelliJ IDEA CE.app/Contents/lib/idea_rt.jar=53509:/Applications/IntelliJ IDEA CE.app/Contents/bin -Dfile.encoding=UTF-8 -Dsun.stdout.encoding=UTF-8 -Dsun.stderr.encoding=UTF-8 
java_command: com.autorent.rentacar.RentacarApplication
java_class_path (initial): /Users/macbook/Documents/GitHub/rentacar/target/classes:/Users/macbook/.m2/repository/org/springframework/boot/spring-boot-starter-data-jpa/3.3.4/spring-boot-starter-data-jpa-3.3.4.jar:/Users/macbook/.m2/repository/org/springframework/boot/spring-boot-starter-aop/3.3.4/spring-boot-starter-aop-3.3.4.jar:/Users/macbook/.m2/repository/org/aspectj/aspectjweaver/1.9.22.1/aspectjweaver-1.9.22.1.jar:/Users/macbook/.m2/repository/org/springframework/boot/spring-boot-starter-jdbc/3.3.4/spring-boot-starter-jdbc-3.3.4.jar:/Users/macbook/.m2/repository/com/zaxxer/HikariCP/5.1.0/HikariCP-5.1.0.jar:/Users/macbook/.m2/repository/org/springframework/spring-jdbc/6.1.13/spring-jdbc-6.1.13.jar:/Users/macbook/.m2/repository/org/hibernate/orm/hibernate-core/6.5.3.Final/hibernate-core-6.5.3.Final.jar:/Users/macbook/.m2/repository/jakarta/persistence/jakarta.persistence-api/3.1.0/jakarta.persistence-api-3.1.0.jar:/Users/macbook/.m2/repository/jakarta/transaction/jakarta.transaction-api/2.0.1/jakarta.transaction-api-2.0.1.jar:/Users/macbook/.m2/repository/org/jboss/logging/jboss-logging/3.5.3.Final/jboss-logging-3.5.3.Final.jar:/Users/macbook/.m2/repository/org/hibernate/common/hibernate-commons-annotations/6.0.6.Final/hibernate-commons-annotations-6.0.6.Final.jar:/Users/macbook/.m2/repository/io/smallrye/jandex/3.1.2/jandex-3.1.2.jar:/Users/macbook/.m2/repository/com/fasterxml/classmate/1.7.0/classmate-1.7.0.jar:/Users/macbook/.m2/repository/net/bytebuddy/byte-buddy/1.14.19/byte-buddy-1.14.19.jar:/Users/macbook/.m2/repository/org/glassfish/jaxb/jaxb-runtime/4.0.5/jaxb-runtime-4.0.5.jar:/Users/macbook/.m2/repository/org/glassfish/jaxb/jaxb-core/4.0.5/jaxb-core-4.0.5.jar:/Users/macbook/.m2/repository/org/eclipse/angus/angus-activation/2.0.2/angus-activation-2.0.2.jar:/Users/macbook/.m2/repository/org/glassfish/jaxb/txw2/4.0.5/txw2-4.0.5.jar:/Users/macbook/.m2/repository/com/sun/istack/istack-commons-runtime/4.1.2/istack-commons-runtime-4.1.2.jar:/Users/macbook/.m2/repository/jakarta/inject/jakarta.inject-api/2.0.1/jakarta.inject-api-2.0.1.jar:/Users/macbook/.m2/repository/org/antlr/antlr4-runtime/4.13.0/antlr4-runtime-4.13.0.jar:/Users/macbook/.m2/repository/org/springframework/data/spring-data-jpa/3.3.4/spring-data-jpa-3.3.4.jar:/Users/macbook/.m2/repository/org/springframework/data/spring-data-commons/3.3.4/spring-data-commons-3.3.4.jar:/Users/macbook/.m2/repository/org/springframework/spring-orm/6.1.13/spring-orm-6.1.13.jar:/Users/macbook/.m2/repository/org/springframework/spring-context/6.1.13/spring-context-6.1.13.jar:/Users/macbook/.m2/repository/org/springframework/spring-tx/6.1.13/spring-tx-6.1.13.jar:/Users/macbook/.m2/repository/org/springframework/spring-beans/6.1.13/spring-beans-6.1.13.jar:/Users/macbook/.m2/repository/jakarta/annotation/jakarta.annotation-api/2.1.1/jakarta.annotation-api-2.1.1.jar:/Users/macbook/.m2/repository/org/slf4j/slf4j-api/2.0.16/slf4j-api-2.0.16.jar:/Users/macbook/.m2/repository/org/springframework/spring-aspects/6.1.13/spring-aspects-6.1.13.jar:/Users/macbook/.m2/repository/org/springframework/boot/spring-boot-starter-security/3.3.4/spring-boot-starter-security-3.3.4.jar:/Users/macbook/.m2/repository/org/springframework/boot/spring-boot-starter/3.3.4/spring-boot-starter-3.3.4.jar:/Users/macbook/.m2/repository/org/springframework/boot/spring-boot-starter-logging/3.3.4/spring-boot-starter-logging-3.3.4.jar:/Users/macbook/.m2/repository/ch/qos/logback/logback-classic/1.5.8/logback-classic-1.5.8.jar:/Users/macbook/.m2/repository/ch/qos/logback/logback-core/1.5.8/logback-core-1.5.8.jar:/Users/macbook/.m2/repository/org/apache/logging/log4j/log4j-to-slf4j/2.23.1/log4j-to-slf4j-2.23.1.jar:/Users/macbook/.m2/repository/org/apache/logging/log4j/log4j-api/2.23.1/log4j-api-2.23.1.jar:/Users/macbook/.m2/repository/org/slf4j/jul-to-slf4j/2.0.16/jul-to-slf4j-2.0.16.jar:/Users/macbook/.m2/repository/org/yaml/snakeyaml/2.2/snakeyaml-2.2.jar:/Users/macbook/.m2/repository/org/springframework/spring-aop/6.1.13/spring-aop-6.1.13.jar:/Users/macbook/.m2/repository/org/springframework/security/spring-security-config/6.3.3/spring-security-config-6.3.3.jar:/Users/macbook/.m2/repository/org/springframework/security/spring-security-web/6.3.3/spring-security-web-6.3.3.jar:/Users/macbook/.m2/repository/org/springframework/spring-expression/6.1.13/spring-expression-6.1.13.jar:/Users/macbook/.m2/repository/org/springframework/boot/spring-boot-starter-web/3.3.4/spring-boot-starter-web-3.3.4.jar:/Users/macbook/.m2/repository/org/springframework/boot/spring-boot-starter-json/3.3.4/spring-boot-starter-json-3.3.4.jar:/Users/macbook/.m2/repository/com/fasterxml/jackson/core/jackson-databind/2.17.2/jackson-databind-2.17.2.jar:/Users/macbook/.m2/repository/com/fasterxml/jackson/core/jackson-annotations/2.17.2/jackson-annotations-2.17.2.jar:/Users/macbook/.m2/repository/com/fasterxml/jackson/core/jackson-core/2.17.2/jackson-core-2.17.2.jar:/Users/macbook/.m2/repository/com/fasterxml/jackson/datatype/jackson-datatype-jdk8/2.17.2/jackson-datatype-jdk8-2.17.2.jar:/Users/macbook/.m2/repository/com/fasterxml/jackson/datatype/jackson-datatype-jsr310/2.17.2/jackson-datatype-jsr310-2.17.2.jar:/Users/macbook/.m2/repository/com/fasterxml/jackson/module/jackson-module-parameter-names/2.17.2/jackson-module-parameter-names-2.17.2.jar:/Users/macbook/.m2/repository/org/springframework/boot/spring-boot-starter-tomcat/3.3.4/spring-boot-starter-tomcat-3.3.4.jar:/Users/macbook/.m2/repository/org/apache/tomcat/embed/tomcat-embed-core/10.1.30/tomcat-embed-core-10.1.30.jar:/Users/macbook/.m2/repository/org/apache/tomcat/embed/tomcat-embed-el/10.1.30/tomcat-embed-el-10.1.30.jar:/Users/macbook/.m2/repository/org/apache/tomcat/embed/tomcat-embed-websocket/10.1.30/tomcat-embed-websocket-10.1.30.jar:/Users/macbook/.m2/repository/org/springframework/spring-web/6.1.13/spring-web-6.1.13.jar:/Users/macbook/.m2/repository/io/micrometer/micrometer-observation/1.13.4/micrometer-observation-1.13.4.jar:/Users/macbook/.m2/repository/io/micrometer/micrometer-commons/1.13.4/micrometer-commons-1.13.4.jar:/Users/macbook/.m2/repository/org/springframework/spring-webmvc/6.1.13/spring-webmvc-6.1.13.jar:/Users/macbook/.m2/repository/org/springframework/boot/spring-boot-devtools/3.3.4/spring-boot-devtools-3.3.4.jar:/Users/macbook/.m2/repository/org/springframework/boot/spring-boot/3.3.4/spring-boot-3.3.4.jar:/Users/macbook/.m2/repository/org/springframework/boot/spring-boot-autoconfigure/3.3.4/spring-boot-autoconfigure-3.3.4.jar:/Users/macbook/.m2/repository/org/postgresql/postgresql/42.7.4/postgresql-42.7.4.jar:/Users/macbook/.m2/repository/org/checkerframework/checker-qual/3.42.0/checker-qual-3.42.0.jar:/Users/macbook/.m2/repository/org/projectlombok/lombok/1.18.34/lombok-1.18.34.jar:/Users/macbook/.m2/repository/jakarta/xml/bind/jakarta.xml.bind-api/4.0.2/jakarta.xml.bind-api-4.0.2.jar:/Users/macbook/.m2/repository/jakarta/activation/jakarta.activation-api/2.1.3/jakarta.activation-api-2.1.3.jar:/Users/macbook/.m2/repository/org/springframework/spring-core/6.1.13/spring-core-6.1.13.jar:/Users/macbook/.m2/repository/org/springframework/spring-jcl/6.1.13/spring-jcl-6.1.13.jar:/Users/macbook/.m2/repository/org/springframework/security/spring-security-core/6.3.3/spring-security-core-6.3.3.jar:/Users/macbook/.m2/repository/org/springframework/security/spring-security-crypto/6.3.3/spring-security-crypto-6.3.3.jar:/Users/macbook/.m2/repository/org/springdoc/springdoc-openapi-starter-webmvc-ui/2.5.0/springdoc-openapi-starter-webmvc-ui-2.5.0.jar:/Users/macbook/.m2/repository/org/springdoc/springdoc-openapi-starter-webmvc-api/2.5.0/springdoc-openapi-starter-webmvc-api-2.5.0.jar:/Users/macbook/.m2/repository/org/springdoc/springdoc-openapi-starter-common/2.5.0/springdoc-openapi-starter-common-2.5.0.jar:/Users/macbook/.m2/repository/io/swagger/core/v3/swagger-core-jakarta/2.2.21/swagger-core-jakarta-2.2.21.jar:/Users/macbook/.m2/repository/org/apache/commons/commons-lang3/3.14.0/commons-lang3-3.14.0.jar:/Users/macbook/.m2/repository/io/swagger/core/v3/swagger-annotations-jakarta/2.2.21/swagger-annotations-jakarta-2.2.21.jar:/Users/macbook/.m2/repository/io/swagger/core/v3/swagger-models-jakarta/2.2.21/swagger-models-jakarta-2.2.21.jar:/Users/macbook/.m2/repository/jakarta/validation/jakarta.validation-api/3.0.2/jakarta.validation-api-3.0.2.jar:/Users/macbook/.m2/repository/com/fasterxml/jackson/dataformat/jackson-dataformat-yaml/2.17.2/jackson-dataformat-yaml-2.17.2.jar:/Users/macbook/.m2/repository/org/webjars/swagger-ui/5.13.0/swagger-ui-5.13.0.jar:/Users/macbook/.m2/repository/io/jsonwebtoken/jjwt/0.12.5/jjwt-0.12.5.jar:/Users/macbook/.m2/repository/io/jsonwebtoken/jjwt-api/0.12.5/jjwt-api-0.12.5.jar:/Users/macbook/.m2/repository/io/jsonwebtoken/jjwt-impl/0.12.5/jjwt-impl-0.12.5.jar:/Users/macbook/.m2/repository/io/jsonwebtoken/jjwt-jackson/0.12.5/jjwt-jackson-0.12.5.jar:/Users/macbook/.m2/repository/org/mapstruct/mapstruct/1.5.5.Final/mapstruct-1.5.5.Final.jar:/Users/macbook/.m2/repository/org/mapstruct/mapstruct-processor/1.5.5.Final/mapstruct-processor-1.5.5.Final.jar
Launcher Type: SUN_STANDARD

[Global flags]
     intx CICompilerCount                          = 3                                         {product} {ergonomic}
     uint ConcGCThreads                            = 1                                         {product} {ergonomic}
     uint G1ConcRefinementThreads                  = 4                                         {product} {ergonomic}
   size_t G1HeapRegionSize                         = 1048576                                   {product} {ergonomic}
    uintx GCDrainStackTargetSize                   = 64                                        {product} {ergonomic}
   size_t InitialHeapSize                          = 67108864                                  {product} {ergonomic}
   size_t MarkStackSize                            = 4194304                                   {product} {ergonomic}
   size_t MaxHeapSize                              = 1073741824                                {product} {ergonomic}
   size_t MaxNewSize                               = 643825664                                 {product} {ergonomic}
   size_t MinHeapDeltaBytes                        = 1048576                                   {product} {ergonomic}
   size_t MinHeapSize                              = 8388608                                   {product} {ergonomic}
    uintx NonNMethodCodeHeapSize                   = 5832780                                {pd product} {ergonomic}
    uintx NonProfiledCodeHeapSize                  = 122912730                              {pd product} {ergonomic}
    uintx ProfiledCodeHeapSize                     = 122912730                              {pd product} {ergonomic}
    uintx ReservedCodeCacheSize                    = 251658240                              {pd product} {ergonomic}
     bool SegmentedCodeCache                       = true                                      {product} {ergonomic}
   size_t SoftMaxHeapSize                          = 1073741824                             {manageable} {ergonomic}
     bool UseCompressedOops                        = true                           {product lp64_product} {ergonomic}
     bool UseG1GC                                  = true                                      {product} {ergonomic}
     bool UseNUMA                                  = false                                     {product} {ergonomic}
     bool UseNUMAInterleaving                      = false                                     {product} {ergonomic}

Logging:
Log output configuration:
 #0: stdout all=warning uptime,level,tags foldmultilines=false
 #1: stderr all=off uptime,level,tags foldmultilines=false

Environment Variables:
PATH=/usr/local/bin:/usr/bin:/bin:/usr/sbin:/sbin
SHELL=/bin/zsh
LC_CTYPE=tr_TR.UTF-8
TMPDIR=/var/folders/yn/mjsqfk5x02l160hpbybc80ch0000gn/T/

Active Locale:
LC_ALL=C/tr_TR.UTF-8/C/C/C/C
LC_COLLATE=C
LC_CTYPE=tr_TR.UTF-8
LC_MESSAGES=C
LC_MONETARY=C
LC_NUMERIC=C
LC_TIME=C

Signal Handlers:
   SIGSEGV: crash_handler in libjvm.dylib, mask=11100110000111110111111111111111, flags=SA_ONSTACK|SA_RESTART|SA_SIGINFO, unblocked
    SIGBUS: crash_handler in libjvm.dylib, mask=11100110000111110111111111111111, flags=SA_RESTART|SA_SIGINFO, unblocked
    SIGFPE: crash_handler in libjvm.dylib, mask=11100110000111110111111111111111, flags=SA_RESTART|SA_SIGINFO, unblocked
   SIGPIPE: javaSignalHandler in libjvm.dylib, mask=11100110000111110111111111111111, flags=SA_RESTART|SA_SIGINFO, blocked
   SIGXFSZ: javaSignalHandler in libjvm.dylib, mask=11100110000111110111111111111111, flags=SA_RESTART|SA_SIGINFO, blocked
    SIGILL: crash_handler in libjvm.dylib, mask=11100110000111110111111111111111, flags=SA_RESTART|SA_SIGINFO, unblocked
   SIGUSR2: SR_handler in libjvm.dylib, mask=00000000000000000000000000000000, flags=SA_RESTART|SA_SIGINFO, blocked
    SIGHUP: UserHandler in libjvm.dylib, mask=11100110000111110111111111111111, flags=SA_RESTART|SA_SIGINFO, blocked
    SIGINT: UserHandler in libjvm.dylib, mask=11100110000111110111111111111111, flags=SA_RESTART|SA_SIGINFO, blocked
   SIGTERM: UserHandler in libjvm.dylib, mask=11100110000111110111111111111111, flags=SA_RESTART|SA_SIGINFO, blocked
   SIGQUIT: UserHandler in libjvm.dylib, mask=11100110000111110111111111111111, flags=SA_RESTART|SA_SIGINFO, blocked
   SIGTRAP: crash_handler in libjvm.dylib, mask=11100110000111110111111111111111, flags=SA_RESTART|SA_SIGINFO, unblocked


Periodic native trim disabled

---------------  S Y S T E M  ---------------

OS:
uname: Darwin 20.6.0 Darwin Kernel Version 20.6.0: Thu Jul  6 22:12:47 PDT 2023; root:xnu-7195.141.49.702.12~1/RELEASE_X86_64 x86_64
OS uptime: 0 days 7:20 hours
rlimit (soft/hard): STACK 8192k/65532k , CORE 0k/infinity , NPROC 1392/2088 , NOFILE 10240/infinity , AS infinity/infinity , CPU infinity/infinity , DATA infinity/infinity , FSIZE infinity/infinity , MEMLOCK infinity/infinity , RSS infinity/infinity
load average: 3.19 8.33 18.82

CPU: total 4 (initial active 4) (2 cores per cpu, 2 threads per core) family 6 model 69 stepping 1 microcode 0x26, cx8, cmov, fxsr, ht, mmx, sse, sse2, sse3, ssse3, sse4.1, sse4.2, popcnt, lzcnt, tsc, tscinvbit, avx, avx2, aes, erms, clmul, bmi1, bmi2, fma, vzeroupper, clflush, rdtscp, f16c
machdep.cpu.brand_string:Intel(R) Core(TM) i5-4260U CPU @ 1.40GHz
hw.cpufrequency:1400000000
hw.cpufrequency_min:1400000000
hw.cpufrequency_max:1400000000
hw.cachelinesize:64
hw.l1icachesize:32768
hw.l1dcachesize:32768
hw.l2cachesize:262144
hw.l3cachesize:3145728

Memory: 4k page, physical 4194304k(63900k free), swap 2097152k(1425920k free)

vm_info: OpenJDK 64-Bit Server VM (21.0.1+12-29) for bsd-amd64 JRE (21.0.1+12-29), built on 2023-10-05T13:27:09Z by "mach5one" with clang Apple LLVM 12.0.0 (clang-1200.0.32.29)

END.
