#
# A fatal error has been detected by the Java Runtime Environment:
#
#  SIGSEGV (0xb) at pc=0x000000010dd05487, pid=1070, tid=26371
#
# JRE version: OpenJDK Runtime Environment (21.0.1+12) (build 21.0.1+12-29)
# Java VM: OpenJDK 64-Bit Server VM (21.0.1+12-29, mixed mode, sharing, tiered, compressed oops, compressed class ptrs, g1 gc, bsd-amd64)
# Problematic frame:
# V  [libjvm.dylib+0x505487]  void G1ParCopyClosure<(G1Barrier)1, false>::do_oop_work<oopDesc*>(oopDesc**)+0x37
#
# No core dump will be written. Core dumps have been disabled. To enable core dumping, try "ulimit -c unlimited" before starting Java again
#
# If you would like to submit a bug report, please visit:
#   https://bugreport.java.com/bugreport/crash.jsp
#

---------------  S U M M A R Y ------------

Command Line: -javaagent:/Applications/IntelliJ IDEA CE.app/Contents/lib/idea_rt.jar=51208:/Applications/IntelliJ IDEA CE.app/Contents/bin -Dfile.encoding=UTF-8 -Dsun.stdout.encoding=UTF-8 -Dsun.stderr.encoding=UTF-8 com.autorent.rentacar.RentacarApplication

Host: "MacBookAir6,2" x86_64 1400 MHz, 4 cores, 4G, Darwin 20.6.0, macOS 11.7.10 (20G1427)
Time: Sat Oct  5 17:51:03 2024 +03 elapsed time: 401.310769 seconds (0d 0h 6m 41s)

---------------  T H R E A D  ---------------

Current thread (0x00007f82c6ed9be0):  WorkerThread "GC Thread#2"    [id=26371, stack(0x0000700006694000,0x0000700006794000) (1024K)]

Stack: [0x0000700006694000,0x0000700006794000],  sp=0x0000700006793bb0,  free space=1022k
Native frames: (J=compiled Java code, j=interpreted, Vv=VM code, C=native code)
V  [libjvm.dylib+0x505487]  void G1ParCopyClosure<(G1Barrier)1, false>::do_oop_work<oopDesc*>(oopDesc**)+0x37
V  [libjvm.dylib+0x34aa3b]  ClassLoaderData::oops_do(OopClosure*, int, bool)+0xab
V  [libjvm.dylib+0x4ea3bf]  G1CLDScanClosure::do_cld(ClassLoaderData*)+0x3f
V  [libjvm.dylib+0x34e5d2]  ClassLoaderDataGraph::roots_cld_do(CLDClosure*, CLDClosure*)+0x42
V  [libjvm.dylib+0x507380]  G1RootProcessor::process_java_roots(G1RootClosures*, G1GCPhaseTimes*, unsigned int)+0xc0
V  [libjvm.dylib+0x50722e]  G1RootProcessor::evacuate_roots(G1ParScanThreadState*, unsigned int)+0x5e
V  [libjvm.dylib+0x50f27f]  G1EvacuateRegionsTask::scan_roots(G1ParScanThreadState*, unsigned int)+0x1f
V  [libjvm.dylib+0x50f155]  G1EvacuateRegionsBaseTask::work(unsigned int)+0x75
V  [libjvm.dylib+0xbaacfc]  WorkerThread::run()+0x7c
V  [libjvm.dylib+0xae0af5]  Thread::call_run()+0xa5
V  [libjvm.dylib+0x93cf47]  thread_native_entry(Thread*)+0x147
C  [libsystem_pthread.dylib+0x68fc]  _pthread_start+0xe0
C  [libsystem_pthread.dylib+0x2443]  thread_start+0xf

siginfo: si_signo: 11 (SIGSEGV), si_code: 0 (unknown), si_addr: 0x0000000000000000

Registers:
RAX=0x00007f82c800ec00, RBX=0x00007f82ca8b16d0, RCX=0x00007f82c8012e00, RDX=0x61766007636f6c5f
RSP=0x0000700006793bb0, RBP=0x0000700006793be0, RSI=0x0000061766007636, RDI=0x00007f82cbf85578
R8 =0x000000010e60dd70, R9 =0x0000000000000100, R10=0x000000010e631968, R11=0xffffffffff4e6d90
R12=0x00000000696e4820, R13=0x0000000000000001, R14=0x00007f82cbf85578, R15=0x00007f82cbf85578
RIP=0x000000010dd05487, EFLAGS=0x0000000000010207, ERR=0x0000000000000000
  TRAPNO=0x000000000000000d


Register to memory mapping:

RAX=0x00007f82c800ec00 points into unknown readable memory: 0x000000010e5e0968 | 68 09 5e 0e 01 00 00 00
RBX=0x00007f82ca8b16d0 points into unknown readable memory: 0x61766007636f6c5f | 5f 6c 6f 63 07 60 76 61
RCX=0x00007f82c8012e00 points into unknown readable memory: 0x0000000000000000 | 00 00 00 00 00 00 00 00
RDX=0x61766007636f6c5f is an unknown value
RSP=0x0000700006793bb0 points into unknown readable memory: 0x000000010e5e3af8 | f8 3a 5e 0e 01 00 00 00
RBP=0x0000700006793be0 points into unknown readable memory: 0x0000700006793c10 | 10 3c 79 06 00 70 00 00
RSI=0x0000061766007636 is an unknown value
RDI=0x00007f82cbf85578 points into unknown readable memory: 0x000000010e5e3af8 | f8 3a 5e 0e 01 00 00 00
R8 =0x000000010e60dd70: UseCompressedClassPointers+0 in /Users/macbook/Library/Java/JavaVirtualMachines/openjdk-21.0.1/Contents/Home/lib/server/libjvm.dylib at 0x000000010d800000
R9 =0x0000000000000100 is an unknown value
R10=0x000000010e631968: _ZN12BOTConstants14_log_card_sizeE+0 in /Users/macbook/Library/Java/JavaVirtualMachines/openjdk-21.0.1/Contents/Home/lib/server/libjvm.dylib at 0x000000010d800000
R11=0xffffffffff4e6d90 is an unknown value
R12=0x00000000696e4820 is an unknown value
R13=0x0000000000000001 is an unknown value
R14=0x00007f82cbf85578 points into unknown readable memory: 0x000000010e5e3af8 | f8 3a 5e 0e 01 00 00 00
R15=0x00007f82cbf85578 points into unknown readable memory: 0x000000010e5e3af8 | f8 3a 5e 0e 01 00 00 00

Top of Stack: (sp=0x0000700006793bb0)
0x0000700006793bb0:   000000010e5e3af8 00007f82ca8b16d0
0x0000700006793bc0:   00000000696e4820 0000000000000001
0x0000700006793bd0:   00007f82ca8b16d0 00007f82cbf85578
0x0000700006793be0:   0000700006793c10 000000010db4aa3b
0x0000700006793bf0:   00007f82c6e19c80 00007f82cbf85540
0x0000700006793c00:   00007f82cbf855d8 0000000000000000
0x0000700006793c10:   0000700006793c40 000000010dcea3bf
0x0000700006793c20:   00007f82c6e19c80 00007f82cbf85540
0x0000700006793c30:   00007f82cbf855d8 00007f82cbf855d8
0x0000700006793c40:   0000700006793c70 000000010db4e5d2
0x0000700006793c50:   00007f82cbf855d8 00007f82cbf855d8
0x0000700006793c60:   0000700006793c80 00007f82c6c89340
0x0000700006793c70:   0000700006793d10 000000010dd07380
0x0000700006793c80:   000000010e5e28b8 0000005d6118af5b
0x0000700006793c90:   000000babe2f2aac 0000000100000005
0x0000700006793ca0:   00007f82c6c89340 0000000100000001
0x0000700006793cb0:   0000000000000000 0000000000000000
0x0000700006793cc0:   0000700006000000 000000010e2efeb6
0x0000700006793cd0:   000000010e5e28d8 0000700006793d00
0x0000700006793ce0:   0000000106793d10 00007f82cbf84f70
0x0000700006793cf0:   00007f82cbf85540 00007000058631d0
0x0000700006793d00:   0000000000000001 00007f82c6c89340
0x0000700006793d10:   0000700006793e60 000000010dd0722e
0x0000700006793d20:   0000000000000001 000000010e5e28d8
0x0000700006793d30:   0000005d6043f6d1 000000babc85b983
0x0000700006793d40:   0000700000000003 00007f82c6c89340
0x0000700006793d50:   0000000100000001 0000000000000000
0x0000700006793d60:   0000000000000000 0000000000000000
0x0000700006793d70:   0000000000000008 0000000000000005
0x0000700006793d80:   0000700006793d00 0000000000000000
0x0000700006793d90:   0000000000000000 0000000000000000
0x0000700006793da0:   0000000000000000 00007f82cbf84f70 

Instructions: (pc=0x000000010dd05487)
0x000000010dd05387:   00 00 be 05 00 00 00 31 d2 e8 ab 37 c7 ff 49 89
0x000000010dd05397:   c7 48 89 80 00 02 00 00 48 c7 80 08 02 00 00 00
0x000000010dd053a7:   00 00 00 48 c7 80 10 02 00 00 00 00 00 00 4a 8d
0x000000010dd053b7:   44 eb 10 4c 89 38 4a 81 04 eb 18 02 00 00 49 8b
0x000000010dd053c7:   87 00 02 00 00 4c 89 20 49 83 87 00 02 00 00 08
0x000000010dd053d7:   49 8b 5e 10 48 8b 43 10 48 83 b8 b8 02 00 00 00
0x000000010dd053e7:   0f 84 de fe ff ff e8 9e aa 5e 00 49 89 c6 49 89
0x000000010dd053f7:   d7 8b b3 c4 01 00 00 48 89 df e8 aa 6a fe ff e8
0x000000010dd05407:   85 aa 5e 00 4c 29 f0 48 01 83 c8 01 00 00 4c 29
0x000000010dd05417:   fa 48 01 93 d0 01 00 00 48 83 c4 08 5b 41 5c 41
0x000000010dd05427:   5d 41 5e 41 5f 5d c3 66 90 55 48 89 e5 5d e9 16
0x000000010dd05437:   00 00 00 66 0f 1f 44 00 00 55 48 89 e5 5d e9 86
0x000000010dd05447:   02 00 00 66 0f 1f 44 00 00 55 48 89 e5 41 57 41
0x000000010dd05457:   56 41 55 41 54 53 50 48 8b 16 48 85 d2 0f 84 55
0x000000010dd05467:   02 00 00 48 89 f3 49 89 fe 48 8b 47 08 8a 88 b8
0x000000010dd05477:   05 00 00 48 89 d6 48 d3 ee 48 8b 88 a8 05 00 00
0x000000010dd05487:   0f b7 34 71 89 f1 c1 e9 08 84 c9 78 13 48 8b 02
0x000000010dd05497:   89 c1 83 e1 03 83 f9 03 75 64 48 83 e0 fc eb 6a
0x000000010dd054a7:   80 f9 fc 0f 84 e9 00 00 00 80 f9 fd 0f 85 9c 00
0x000000010dd054b7:   00 00 48 8b b0 10 02 00 00 8a 88 18 02 00 00 48
0x000000010dd054c7:   d3 e6 48 29 f2 48 8d 0d 45 8a 93 00 8a 09 48 d3
0x000000010dd054d7:   ea 89 d1 48 8b 80 98 05 00 00 80 7c 48 01 fd 75
0x000000010dd054e7:   6d c6 44 48 01 ff 49 8b 5e 10 48 8b 43 10 48 83
0x000000010dd054f7:   b8 b8 02 00 00 00 0f 85 8a 01 00 00 eb 66 49 8b
0x000000010dd05507:   7e 10 48 89 c1 e8 1f 75 fe ff 48 89 03 49 8b 56
0x000000010dd05517:   08 48 8b b2 10 02 00 00 8a 8a 18 02 00 00 48 d3
0x000000010dd05527:   e6 48 8b 92 f8 01 00 00 48 29 f0 48 8d 0d df 89
0x000000010dd05537:   93 00 8a 09 48 d3 e8 89 c0 48 8b 04 c2 f7 40 3c
0x000000010dd05547:   02 00 00 00 74 08 49 8b 46 20 c6 40 22 01 49 8b
0x000000010dd05557:   5e 10 48 8b 43 10 48 83 b8 b8 02 00 00 00 0f 85
0x000000010dd05567:   22 01 00 00 8b 88 80 00 00 00 2b 88 00 01 00 00
0x000000010dd05577:   81 e1 ff ff 01 00 31 c0 81 f9 ff ff 01 00 0f 45 


Stack slot to memory mapping:

stack at sp + 0 slots: 0x000000010e5e3af8: _ZTV16G1ParCopyClosureIL9G1Barrier1ELb0EE+0x10 in /Users/macbook/Library/Java/JavaVirtualMachines/openjdk-21.0.1/Contents/Home/lib/server/libjvm.dylib at 0x000000010d800000
stack at sp + 1 slots: 0x00007f82ca8b16d0 points into unknown readable memory: 0x61766007636f6c5f | 5f 6c 6f 63 07 60 76 61
stack at sp + 2 slots: 0x00000000696e4820 is an unknown value
stack at sp + 3 slots: 0x0000000000000001 is an unknown value
stack at sp + 4 slots: 0x00007f82ca8b16d0 points into unknown readable memory: 0x61766007636f6c5f | 5f 6c 6f 63 07 60 76 61
stack at sp + 5 slots: 0x00007f82cbf85578 points into unknown readable memory: 0x000000010e5e3af8 | f8 3a 5e 0e 01 00 00 00
stack at sp + 6 slots: 0x0000700006793c10 points into unknown readable memory: 0x0000700006793c40 | 40 3c 79 06 00 70 00 00
stack at sp + 7 slots: 0x000000010db4aa3b: _ZN15ClassLoaderData7oops_doEP10OopClosureib+0xab in /Users/macbook/Library/Java/JavaVirtualMachines/openjdk-21.0.1/Contents/Home/lib/server/libjvm.dylib at 0x000000010d800000


---------------  P R O C E S S  ---------------

Threads class SMR info:
_java_thread_list=0x00007f82cc043c20, length=32, elements={
0x00007f82c784e400, 0x00007f82c8024c00, 0x00007f82c8025400, 0x00007f82c700ce00,
0x00007f82c7852c00, 0x00007f82c9037a00, 0x00007f82c7014c00, 0x00007f82c7854e00,
0x00007f82c9038200, 0x00007f82c7018400, 0x00007f82c81dd600, 0x00007f82c970de00,
0x00007f82c7eba000, 0x00007f82cca5a000, 0x00007f82c7eb7c00, 0x00007f82ce97a800,
0x00007f82cf274a00, 0x00007f82cf26be00, 0x00007f82ce97b000, 0x00007f82ce978200,
0x00007f82ce978a00, 0x00007f82ce979200, 0x00007f82ce979a00, 0x00007f82cf26b400,
0x00007f82ceb5b800, 0x00007f82ceb5c000, 0x00007f82cf26e800, 0x00007f82cd31e800,
0x00007f82cccbbc00, 0x00007f82ce9d7a00, 0x00007f82cd3c9a00, 0x00007f82cf0aa000
}

Java Threads: ( => current thread )
  0x00007f82c784e400 JavaThread "Reference Handler"          daemon [_thread_blocked, id=43267, stack(0x000070000596d000,0x0000700005a6d000) (1024K)]
  0x00007f82c8024c00 JavaThread "Finalizer"                  daemon [_thread_blocked, id=43011, stack(0x0000700005a70000,0x0000700005b70000) (1024K)]
  0x00007f82c8025400 JavaThread "Signal Dispatcher"          daemon [_thread_blocked, id=42499, stack(0x0000700005b73000,0x0000700005c73000) (1024K)]
  0x00007f82c700ce00 JavaThread "Service Thread"             daemon [_thread_blocked, id=41987, stack(0x0000700005c76000,0x0000700005d76000) (1024K)]
  0x00007f82c7852c00 JavaThread "Monitor Deflation Thread"   daemon [_thread_blocked, id=23299, stack(0x0000700005d79000,0x0000700005e79000) (1024K)]
  0x00007f82c9037a00 JavaThread "C2 CompilerThread0"         daemon [_thread_blocked, id=41731, stack(0x0000700005e7c000,0x0000700005f7c000) (1024K)]
  0x00007f82c7014c00 JavaThread "C1 CompilerThread0"         daemon [_thread_blocked, id=41475, stack(0x0000700005f7f000,0x000070000607f000) (1024K)]
  0x00007f82c7854e00 JavaThread "Common-Cleaner"             daemon [_thread_blocked, id=41219, stack(0x0000700006082000,0x0000700006182000) (1024K)]
  0x00007f82c9038200 JavaThread "Monitor Ctrl-Break"         daemon [_thread_in_native, id=24579, stack(0x0000700006185000,0x0000700006285000) (1024K)]
  0x00007f82c7018400 JavaThread "Notification Thread"        daemon [_thread_blocked, id=24835, stack(0x0000700006288000,0x0000700006388000) (1024K)]
  0x00007f82c81dd600 JavaThread "PostgreSQL-JDBC-Cleaner"    daemon [_thread_blocked, id=39691, stack(0x000070000689a000,0x000070000699a000) (1024K)]
  0x00007f82c970de00 JavaThread "HikariPool-1 housekeeper"   daemon [_thread_blocked, id=39427, stack(0x000070000699d000,0x0000700006a9d000) (1024K)]
  0x00007f82c7eba000 JavaThread "Catalina-utility-1"                [_thread_blocked, id=38659, stack(0x0000700006ba3000,0x0000700006ca3000) (1024K)]
  0x00007f82cca5a000 JavaThread "Catalina-utility-2"                [_thread_blocked, id=38403, stack(0x0000700006ca6000,0x0000700006da6000) (1024K)]
  0x00007f82c7eb7c00 JavaThread "container-0"                       [_thread_blocked, id=27651, stack(0x0000700006da9000,0x0000700006ea9000) (1024K)]
  0x00007f82ce97a800 JavaThread "File Watcher"               daemon [_thread_blocked, id=38919, stack(0x0000700006aa0000,0x0000700006ba0000) (1024K)]
  0x00007f82cf274a00 JavaThread "Live Reload Server"         daemon [_thread_in_native, id=37639, stack(0x0000700006eac000,0x0000700006fac000) (1024K)]
  0x00007f82cf26be00 JavaThread "http-nio-8080-exec-1"       daemon [_thread_blocked, id=37379, stack(0x0000700006faf000,0x00007000070af000) (1024K)]
  0x00007f82ce97b000 JavaThread "http-nio-8080-exec-2"       daemon [_thread_blocked, id=37123, stack(0x00007000070b2000,0x00007000071b2000) (1024K)]
  0x00007f82ce978200 JavaThread "http-nio-8080-exec-3"       daemon [_thread_blocked, id=36867, stack(0x00007000071b5000,0x00007000072b5000) (1024K)]
  0x00007f82ce978a00 JavaThread "http-nio-8080-exec-4"       daemon [_thread_blocked, id=36611, stack(0x00007000072b8000,0x00007000073b8000) (1024K)]
  0x00007f82ce979200 JavaThread "http-nio-8080-exec-5"       daemon [_thread_blocked, id=36099, stack(0x00007000073bb000,0x00007000074bb000) (1024K)]
  0x00007f82ce979a00 JavaThread "http-nio-8080-exec-6"       daemon [_thread_blocked, id=35587, stack(0x00007000074be000,0x00007000075be000) (1024K)]
  0x00007f82cf26b400 JavaThread "http-nio-8080-exec-7"       daemon [_thread_blocked, id=28931, stack(0x00007000075c1000,0x00007000076c1000) (1024K)]
  0x00007f82ceb5b800 JavaThread "http-nio-8080-exec-8"       daemon [_thread_blocked, id=29187, stack(0x00007000076c4000,0x00007000077c4000) (1024K)]
  0x00007f82ceb5c000 JavaThread "http-nio-8080-exec-9"       daemon [_thread_blocked, id=29699, stack(0x00007000077c7000,0x00007000078c7000) (1024K)]
  0x00007f82cf26e800 JavaThread "http-nio-8080-exec-10"      daemon [_thread_blocked, id=30211, stack(0x00007000078ca000,0x00007000079ca000) (1024K)]
  0x00007f82cd31e800 JavaThread "http-nio-8080-Poller"       daemon [_thread_in_native, id=30467, stack(0x00007000079cd000,0x0000700007acd000) (1024K)]
  0x00007f82cccbbc00 JavaThread "http-nio-8080-Acceptor"     daemon [_thread_in_native, id=34563, stack(0x0000700007ad0000,0x0000700007bd0000) (1024K)]
  0x00007f82ce9d7a00 JavaThread "DestroyJavaVM"                     [_thread_blocked, id=9731, stack(0x000070000504f000,0x000070000514f000) (1024K)]
  0x00007f82cd3c9a00 JavaThread "SIGINT handler"             daemon [_thread_blocked, id=25607, stack(0x000070000648e000,0x000070000658e000) (1024K)]
  0x00007f82cf0aa000 JavaThread "SpringApplicationShutdownHook"        [_thread_blocked, id=26119, stack(0x0000700006591000,0x0000700006691000) (1024K)]
Total: 32

Other Threads:
  0x00007f82c6f2d850 VMThread "VM Thread"                           [id=17155, stack(0x0000700005764000,0x0000700005864000) (1024K)]
  0x00007f82c6c09570 WatcherThread "VM Periodic Task Thread"        [id=13571, stack(0x0000700005661000,0x0000700005761000) (1024K)]
  0x00007f82c6c087b0 WorkerThread "GC Thread#0"                     [id=12035, stack(0x0000700005152000,0x0000700005252000) (1024K)]
  0x00007f82c6c8dc70 WorkerThread "GC Thread#1"                     [id=25091, stack(0x000070000638b000,0x000070000648b000) (1024K)]
=>0x00007f82c6ed9be0 WorkerThread "GC Thread#2"                     [id=26371, stack(0x0000700006694000,0x0000700006794000) (1024K)]
  0x00007f82c6eda500 WorkerThread "GC Thread#3"                     [id=40195, stack(0x0000700006797000,0x0000700006897000) (1024K)]
  0x00007f82c6e0eaa0 ConcurrentGCThread "G1 Main Marker"            [id=19715, stack(0x0000700005255000,0x0000700005355000) (1024K)]
  0x00007f82c6e0f780 WorkerThread "G1 Conc#0"                       [id=18947, stack(0x0000700005358000,0x0000700005458000) (1024K)]
  0x00007f82c7009400 ConcurrentGCThread "G1 Refine#0"               [id=18435, stack(0x000070000545b000,0x000070000555b000) (1024K)]
  0x00007f82c6e17c40 ConcurrentGCThread "G1 Service"                [id=13059, stack(0x000070000555e000,0x000070000565e000) (1024K)]
Total: 10

Threads with active compile tasks:
C2 CompilerThread0   401344 7413       4       org.springframework.core.ResolvableType::hasGenerics (14 bytes)
Total: 1

VM state: at safepoint (normal execution)

VM Mutex/Monitor currently owned by a thread:  ([mutex/lock_event])
[0x000000010e680ea0] Threads_lock - owner thread: 0x00007f82c6f2d850
[0x000000010e680fa0] Heap_lock - owner thread: 0x00007f82cf0aa000

Heap address: 0x00000007c0000000, size: 1024 MB, Compressed Oops mode: Zero based, Oop shift amount: 3

CDS archive(s) mapped at: [0x000000012a000000-0x000000012aca4000-0x000000012aca4000), size 13254656, SharedBaseAddress: 0x000000012a000000, ArchiveRelocationMode: 1.
Compressed class space mapped at: 0x000000012b000000-0x000000016b000000, reserved size: 1073741824
Narrow klass base: 0x000000012a000000, Narrow klass shift: 0, Narrow klass range: 0x100000000

GC Precious Log:
 CardTable entry size: 512
 Card Set container configuration: InlinePtr #cards 5 size 8 Array Of Cards #cards 12 size 40 Howl #buckets 4 coarsen threshold 1843 Howl Bitmap #cards 512 size 80 coarsen threshold 460 Card regions per heap region 1 cards per card region 2048
 CPUs: 4 total, 4 available
 Memory: 4096M
 Large Page Support: Disabled
 NUMA Support: Disabled
 Compressed Oops: Enabled (Zero based)
 Heap Region Size: 1M
 Heap Min Capacity: 8M
 Heap Initial Capacity: 64M
 Heap Max Capacity: 1G
 Pre-touch: Disabled
 Parallel Workers: 4
 Concurrent Workers: 1
 Concurrent Refinement Workers: 4
 Periodic GC: Disabled

Heap:
 garbage-first heap   total 73728K, used 64863K [0x00000007c0000000, 0x0000000800000000)
  region size 1024K, 29 young (29696K), 2 survivors (2048K)
 Metaspace       used 78773K, committed 79680K, reserved 1179648K
  class space    used 10909K, committed 11328K, reserved 1048576K

Heap Regions: E=young(eden), S=young(survivor), O=old, HS=humongous(starts), HC=humongous(continues), CS=collection set, F=free, TAMS=top-at-mark-start, PB=parsable bottom
|   0|0x00000007c0000000, 0x00000007c0100000, 0x00000007c0100000|100%|HS|  |TAMS 0x00000007c0000000| PB 0x00000007c0000000| Complete 
|   1|0x00000007c0100000, 0x00000007c0200000, 0x00000007c0200000|100%| O|  |TAMS 0x00000007c0100000| PB 0x00000007c0100000| Untracked 
|   2|0x00000007c0200000, 0x00000007c0300000, 0x00000007c0300000|100%| O|  |TAMS 0x00000007c0200000| PB 0x00000007c0200000| Untracked 
|   3|0x00000007c0300000, 0x00000007c0400000, 0x00000007c0400000|100%| O|  |TAMS 0x00000007c0300000| PB 0x00000007c0300000| Untracked 
|   4|0x00000007c0400000, 0x00000007c0500000, 0x00000007c0500000|100%| O|  |TAMS 0x00000007c0400000| PB 0x00000007c0400000| Untracked 
|   5|0x00000007c0500000, 0x00000007c0600000, 0x00000007c0600000|100%| O|  |TAMS 0x00000007c0500000| PB 0x00000007c0500000| Untracked 
|   6|0x00000007c0600000, 0x00000007c0700000, 0x00000007c0700000|100%| O|  |TAMS 0x00000007c0600000| PB 0x00000007c0600000| Untracked 
|   7|0x00000007c0700000, 0x00000007c0800000, 0x00000007c0800000|100%| O|  |TAMS 0x00000007c0700000| PB 0x00000007c0700000| Untracked 
|   8|0x00000007c0800000, 0x00000007c0900000, 0x00000007c0900000|100%| O|  |TAMS 0x00000007c0800000| PB 0x00000007c0800000| Untracked 
|   9|0x00000007c0900000, 0x00000007c0a00000, 0x00000007c0a00000|100%| O|  |TAMS 0x00000007c0900000| PB 0x00000007c0900000| Untracked 
|  10|0x00000007c0a00000, 0x00000007c0b00000, 0x00000007c0b00000|100%| O|  |TAMS 0x00000007c0a00000| PB 0x00000007c0a00000| Untracked 
|  11|0x00000007c0b00000, 0x00000007c0c00000, 0x00000007c0c00000|100%| O|  |TAMS 0x00000007c0b00000| PB 0x00000007c0b00000| Untracked 
|  12|0x00000007c0c00000, 0x00000007c0d00000, 0x00000007c0d00000|100%| O|  |TAMS 0x00000007c0c00000| PB 0x00000007c0c00000| Untracked 
|  13|0x00000007c0d00000, 0x00000007c0e00000, 0x00000007c0e00000|100%| O|  |TAMS 0x00000007c0d00000| PB 0x00000007c0d00000| Untracked 
|  14|0x00000007c0e00000, 0x00000007c0f00000, 0x00000007c0f00000|100%| O|  |TAMS 0x00000007c0e00000| PB 0x00000007c0e00000| Untracked 
|  15|0x00000007c0f00000, 0x00000007c1000000, 0x00000007c1000000|100%| O|  |TAMS 0x00000007c0f00000| PB 0x00000007c0f00000| Untracked 
|  16|0x00000007c1000000, 0x00000007c1100000, 0x00000007c1100000|100%| O|  |TAMS 0x00000007c1000000| PB 0x00000007c1000000| Untracked 
|  17|0x00000007c1100000, 0x00000007c1200000, 0x00000007c1200000|100%| O|  |TAMS 0x00000007c1100000| PB 0x00000007c1100000| Untracked 
|  18|0x00000007c1200000, 0x00000007c1300000, 0x00000007c1300000|100%| O|  |TAMS 0x00000007c1200000| PB 0x00000007c1200000| Untracked 
|  19|0x00000007c1300000, 0x00000007c1400000, 0x00000007c1400000|100%| O|  |TAMS 0x00000007c1300000| PB 0x00000007c1300000| Untracked 
|  20|0x00000007c1400000, 0x00000007c1500000, 0x00000007c1500000|100%| O|  |TAMS 0x00000007c1400000| PB 0x00000007c1400000| Untracked 
|  21|0x00000007c1500000, 0x00000007c1600000, 0x00000007c1600000|100%| O|  |TAMS 0x00000007c1500000| PB 0x00000007c1500000| Untracked 
|  22|0x00000007c1600000, 0x00000007c1700000, 0x00000007c1700000|100%| O|  |TAMS 0x00000007c1600000| PB 0x00000007c1600000| Untracked 
|  23|0x00000007c1700000, 0x00000007c1800000, 0x00000007c1800000|100%| O|  |TAMS 0x00000007c1700000| PB 0x00000007c1700000| Untracked 
|  24|0x00000007c1800000, 0x00000007c1900000, 0x00000007c1900000|100%| O|  |TAMS 0x00000007c1800000| PB 0x00000007c1800000| Untracked 
|  25|0x00000007c1900000, 0x00000007c1a00000, 0x00000007c1a00000|100%| O|  |TAMS 0x00000007c1900000| PB 0x00000007c1900000| Untracked 
|  26|0x00000007c1a00000, 0x00000007c1b00000, 0x00000007c1b00000|100%| O|  |TAMS 0x00000007c1a00000| PB 0x00000007c1a00000| Untracked 
|  27|0x00000007c1b00000, 0x00000007c1c00000, 0x00000007c1c00000|100%| O|  |TAMS 0x00000007c1b00000| PB 0x00000007c1b00000| Untracked 
|  28|0x00000007c1c00000, 0x00000007c1d00000, 0x00000007c1d00000|100%| O|  |TAMS 0x00000007c1c00000| PB 0x00000007c1c00000| Untracked 
|  29|0x00000007c1d00000, 0x00000007c1e00000, 0x00000007c1e00000|100%| O|  |TAMS 0x00000007c1d00000| PB 0x00000007c1d00000| Untracked 
|  30|0x00000007c1e00000, 0x00000007c1f00000, 0x00000007c1f00000|100%| O|  |TAMS 0x00000007c1e00000| PB 0x00000007c1e00000| Untracked 
|  31|0x00000007c1f00000, 0x00000007c2000000, 0x00000007c2000000|100%| O|  |TAMS 0x00000007c1f00000| PB 0x00000007c1f00000| Untracked 
|  32|0x00000007c2000000, 0x00000007c2100000, 0x00000007c2100000|100%| O|  |TAMS 0x00000007c2000000| PB 0x00000007c2000000| Untracked 
|  33|0x00000007c2100000, 0x00000007c2200000, 0x00000007c2200000|100%| O|  |TAMS 0x00000007c2100000| PB 0x00000007c2100000| Untracked 
|  34|0x00000007c2200000, 0x00000007c2300000, 0x00000007c2300000|100%| O|Cm|TAMS 0x00000007c2200000| PB 0x00000007c2200000| Complete 
|  35|0x00000007c2300000, 0x00000007c2327908, 0x00000007c2400000| 15%| O|  |TAMS 0x00000007c2300000| PB 0x00000007c2300000| Untracked 
|  36|0x00000007c2400000, 0x00000007c2400000, 0x00000007c2500000|  0%| F|  |TAMS 0x00000007c2400000| PB 0x00000007c2400000| Untracked 
|  37|0x00000007c2500000, 0x00000007c2500000, 0x00000007c2600000|  0%| F|  |TAMS 0x00000007c2500000| PB 0x00000007c2500000| Untracked 
|  38|0x00000007c2600000, 0x00000007c2600000, 0x00000007c2700000|  0%| F|  |TAMS 0x00000007c2600000| PB 0x00000007c2600000| Untracked 
|  39|0x00000007c2700000, 0x00000007c27645d8, 0x00000007c2800000| 39%| S|  |TAMS 0x00000007c2700000| PB 0x00000007c2700000| Complete 
|  40|0x00000007c2800000, 0x00000007c2900000, 0x00000007c2900000|100%| S|  |TAMS 0x00000007c2800000| PB 0x00000007c2800000| Complete 
|  41|0x00000007c2900000, 0x00000007c2990270, 0x00000007c2a00000| 56%| E|CS|TAMS 0x00000007c2900000| PB 0x00000007c2900000| Complete 
|  42|0x00000007c2a00000, 0x00000007c2b00000, 0x00000007c2b00000|100%| E|CS|TAMS 0x00000007c2a00000| PB 0x00000007c2a00000| Complete 
|  43|0x00000007c2b00000, 0x00000007c2c00000, 0x00000007c2c00000|100%| E|CS|TAMS 0x00000007c2b00000| PB 0x00000007c2b00000| Complete 
|  44|0x00000007c2c00000, 0x00000007c2d00000, 0x00000007c2d00000|100%| E|CS|TAMS 0x00000007c2c00000| PB 0x00000007c2c00000| Complete 
|  45|0x00000007c2d00000, 0x00000007c2e00000, 0x00000007c2e00000|100%| E|CS|TAMS 0x00000007c2d00000| PB 0x00000007c2d00000| Complete 
|  46|0x00000007c2e00000, 0x00000007c2f00000, 0x00000007c2f00000|100%| E|CS|TAMS 0x00000007c2e00000| PB 0x00000007c2e00000| Complete 
|  47|0x00000007c2f00000, 0x00000007c3000000, 0x00000007c3000000|100%| E|CS|TAMS 0x00000007c2f00000| PB 0x00000007c2f00000| Complete 
|  48|0x00000007c3000000, 0x00000007c3100000, 0x00000007c3100000|100%| E|CS|TAMS 0x00000007c3000000| PB 0x00000007c3000000| Complete 
|  49|0x00000007c3100000, 0x00000007c3200000, 0x00000007c3200000|100%| E|CS|TAMS 0x00000007c3100000| PB 0x00000007c3100000| Complete 
|  50|0x00000007c3200000, 0x00000007c3300000, 0x00000007c3300000|100%| E|CS|TAMS 0x00000007c3200000| PB 0x00000007c3200000| Complete 
|  51|0x00000007c3300000, 0x00000007c3400000, 0x00000007c3400000|100%| E|CS|TAMS 0x00000007c3300000| PB 0x00000007c3300000| Complete 
|  52|0x00000007c3400000, 0x00000007c3500000, 0x00000007c3500000|100%| E|CS|TAMS 0x00000007c3400000| PB 0x00000007c3400000| Complete 
|  53|0x00000007c3500000, 0x00000007c3600000, 0x00000007c3600000|100%| E|CS|TAMS 0x00000007c3500000| PB 0x00000007c3500000| Complete 
|  54|0x00000007c3600000, 0x00000007c3700000, 0x00000007c3700000|100%| E|CS|TAMS 0x00000007c3600000| PB 0x00000007c3600000| Complete 
|  55|0x00000007c3700000, 0x00000007c3800000, 0x00000007c3800000|100%| E|CS|TAMS 0x00000007c3700000| PB 0x00000007c3700000| Complete 
|  56|0x00000007c3800000, 0x00000007c3900000, 0x00000007c3900000|100%| E|CS|TAMS 0x00000007c3800000| PB 0x00000007c3800000| Complete 
|  57|0x00000007c3900000, 0x00000007c3a00000, 0x00000007c3a00000|100%| E|CS|TAMS 0x00000007c3900000| PB 0x00000007c3900000| Complete 
|  58|0x00000007c3a00000, 0x00000007c3b00000, 0x00000007c3b00000|100%| E|CS|TAMS 0x00000007c3a00000| PB 0x00000007c3a00000| Complete 
|  59|0x00000007c3b00000, 0x00000007c3c00000, 0x00000007c3c00000|100%| E|CS|TAMS 0x00000007c3b00000| PB 0x00000007c3b00000| Complete 
|  60|0x00000007c3c00000, 0x00000007c3d00000, 0x00000007c3d00000|100%| E|CS|TAMS 0x00000007c3c00000| PB 0x00000007c3c00000| Complete 
|  61|0x00000007c3d00000, 0x00000007c3e00000, 0x00000007c3e00000|100%| E|CS|TAMS 0x00000007c3d00000| PB 0x00000007c3d00000| Complete 
|  62|0x00000007c3e00000, 0x00000007c3f00000, 0x00000007c3f00000|100%| E|CS|TAMS 0x00000007c3e00000| PB 0x00000007c3e00000| Complete 
|  63|0x00000007c3f00000, 0x00000007c4000000, 0x00000007c4000000|100%| E|CS|TAMS 0x00000007c3f00000| PB 0x00000007c3f00000| Complete 
|  64|0x00000007c4000000, 0x00000007c4100000, 0x00000007c4100000|100%| E|CS|TAMS 0x00000007c4000000| PB 0x00000007c4000000| Complete 
|  65|0x00000007c4100000, 0x00000007c4200000, 0x00000007c4200000|100%| E|CS|TAMS 0x00000007c4100000| PB 0x00000007c4100000| Complete 
|  66|0x00000007c4200000, 0x00000007c4300000, 0x00000007c4300000|100%| E|CS|TAMS 0x00000007c4200000| PB 0x00000007c4200000| Complete 
|  67|0x00000007c4300000, 0x00000007c4400000, 0x00000007c4400000|100%| E|CS|TAMS 0x00000007c4300000| PB 0x00000007c4300000| Complete 
|  68|0x00000007c4400000, 0x00000007c4500000, 0x00000007c4500000|100%| E|CS|TAMS 0x00000007c4400000| PB 0x00000007c4400000| Complete 
|  69|0x00000007c4500000, 0x00000007c4600000, 0x00000007c4600000|100%| E|CS|TAMS 0x00000007c4500000| PB 0x00000007c4500000| Complete 
|1022|0x00000007ffe00000, 0x00000007fff00000, 0x00000007fff00000|100%| O|  |TAMS 0x00000007ffe00000| PB 0x00000007ffe00000| Untracked 
|1023|0x00000007fff00000, 0x0000000800000000, 0x0000000800000000|100%| E|CS|TAMS 0x00000007fff00000| PB 0x00000007fff00000| Complete 

Card table byte_map: [0x000000010eaa0000,0x000000010eca0000] _byte_map_base: 0x000000010aca0000

Marking Bits: (CMBitMap*) 0x00007f82c7008c10
 Bits: [0x000000010eca0000, 0x000000010fca0000)

Polling page: 0x000000010b2b7000

Metaspace:

Usage:
  Non-class:     66.27 MB used.
      Class:     10.65 MB used.
       Both:     76.93 MB used.

Virtual space:
  Non-class space:      128.00 MB reserved,      66.75 MB ( 52%) committed,  2 nodes.
      Class space:        1.00 GB reserved,      11.06 MB (  1%) committed,  1 nodes.
             Both:        1.12 GB reserved,      77.81 MB (  7%) committed. 

Chunk freelists:
   Non-Class:  12.36 MB
       Class:  4.80 MB
        Both:  17.16 MB

MaxMetaspaceSize: unlimited
CompressedClassSpaceSize: 1.00 GB
Initial GC threshold: 21.00 MB
Current GC threshold: 123.06 MB
CDS: on
 - commit_granule_bytes: 65536.
 - commit_granule_words: 8192.
 - virtual_space_node_default_size: 8388608.
 - enlarge_chunks_in_place: 1.
 - use_allocation_guard: 0.


Internal statistics:

num_allocs_failed_limit: 12.
num_arena_births: 1178.
num_arena_deaths: 0.
num_vsnodes_births: 3.
num_vsnodes_deaths: 0.
num_space_committed: 1245.
num_space_uncommitted: 0.
num_chunks_returned_to_freelist: 12.
num_chunks_taken_from_freelist: 4075.
num_chunk_merges: 12.
num_chunk_splits: 2963.
num_chunks_enlarged: 2302.
num_inconsistent_stats: 0.

CodeHeap 'non-profiled nmethods': size=120032Kb used=3082Kb max_used=3082Kb free=116949Kb
 bounds [0x000000012250f000, 0x000000012281f000, 0x0000000129a47000]
CodeHeap 'profiled nmethods': size=120028Kb used=11294Kb max_used=11360Kb free=108733Kb
 bounds [0x000000011aa47000, 0x000000011b567000, 0x0000000121f7e000]
CodeHeap 'non-nmethods': size=5700Kb used=1650Kb max_used=1696Kb free=4049Kb
 bounds [0x0000000121f7e000, 0x00000001221ee000, 0x000000012250f000]
 total_blobs=7239 nmethods=6528 adapters=616
 compilation: enabled
              stopped_count=0, restarted_count=0
 full_count=0

Compilation events (20 events):
Event: 395.901 Thread 0x00007f82c9037a00 nmethod 7401 0x0000000122810d10 code [0x0000000122810ea0, 0x0000000122811150]
Event: 397.887 Thread 0x00007f82c9037a00 7402       4       java.util.concurrent.ConcurrentHashMap$Traverser::<init> (36 bytes)
Event: 397.890 Thread 0x00007f82c7014c00 7406   !   3       sun.nio.ch.KQueueSelectorImpl::processUpdateQueue (274 bytes)
Event: 397.894 Thread 0x00007f82c9037a00 nmethod 7402 0x0000000122811310 code [0x0000000122811480, 0x0000000122811668]
Event: 397.920 Thread 0x00007f82c7014c00 nmethod 7406 0x000000011ae84190 code [0x000000011ae84460, 0x000000011ae855c0]
Event: 397.921 Thread 0x00007f82c7014c00 7403       3       sun.nio.ch.SelectorImpl::select (35 bytes)
Event: 397.924 Thread 0x00007f82c7014c00 nmethod 7403 0x000000011ae83c10 code [0x000000011ae83de0, 0x000000011ae840b0]
Event: 397.924 Thread 0x00007f82c7014c00 7404   !   3       sun.nio.ch.SelectorImpl::lockAndDoSelect (87 bytes)
Event: 397.932 Thread 0x00007f82c7014c00 nmethod 7404 0x000000011b1e0b90 code [0x000000011b1e0da0, 0x000000011b1e1450]
Event: 397.932 Thread 0x00007f82c7014c00 7405   !   3       sun.nio.ch.KQueueSelectorImpl::doSelect (233 bytes)
Event: 397.938 Thread 0x00007f82c7014c00 nmethod 7405 0x000000011b1df190 code [0x000000011b1df4a0, 0x000000011b1e03c8]
Event: 398.890 Thread 0x00007f82c7014c00 7409   !   3       org.apache.tomcat.util.net.NioEndpoint$Poller::timeout (501 bytes)
Event: 399.004 Thread 0x00007f82c7014c00 nmethod 7409 0x000000011aaefe90 code [0x000000011aaf0340, 0x000000011aaf3030]
Event: 400.612 Thread 0x00007f82c9037a00 7410       4       java.lang.invoke.MemberName::initResolved (53 bytes)
Event: 400.616 Thread 0x00007f82c9037a00 nmethod 7410 0x0000000122811710 code [0x0000000122811880, 0x0000000122811968]
Event: 400.641 Thread 0x00007f82c7014c00 7411       3       org.springframework.context.event.GenericApplicationListenerAdapter::resolveDeclaredEventType (57 bytes)
Event: 400.684 Thread 0x00007f82c7014c00 nmethod 7411 0x000000011ab3f590 code [0x000000011ab3f7a0, 0x000000011ab3fe70]
Event: 400.810 Thread 0x00007f82c7014c00 7412       3       org.springframework.context.event.AbstractApplicationEventMulticaster::supportsEvent (56 bytes)
Event: 400.819 Thread 0x00007f82c7014c00 nmethod 7412 0x000000011ab3e790 code [0x000000011ab3e9c0, 0x000000011ab3f310]
Event: 400.977 Thread 0x00007f82c9037a00 7413       4       org.springframework.core.ResolvableType::hasGenerics (14 bytes)

GC Heap History (20 events):
Event: 7.439 GC heap after
{Heap after GC invocations=7 (full 0):
 garbage-first heap   total 61440K, used 17821K [0x00000007c0000000, 0x0000000800000000)
  region size 1024K, 4 young (4096K), 4 survivors (4096K)
 Metaspace       used 26489K, committed 26944K, reserved 1114112K
  class space    used 3299K, committed 3520K, reserved 1048576K
}
Event: 8.503 GC heap before
{Heap before GC invocations=7 (full 0):
 garbage-first heap   total 61440K, used 47517K [0x00000007c0000000, 0x0000000800000000)
  region size 1024K, 34 young (34816K), 4 survivors (4096K)
 Metaspace       used 31269K, committed 31744K, reserved 1114112K
  class space    used 3959K, committed 4160K, reserved 1048576K
}
Event: 8.558 GC heap after
{Heap after GC invocations=8 (full 0):
 garbage-first heap   total 61440K, used 20900K [0x00000007c0000000, 0x0000000800000000)
  region size 1024K, 3 young (3072K), 3 survivors (3072K)
 Metaspace       used 31269K, committed 31744K, reserved 1114112K
  class space    used 3959K, committed 4160K, reserved 1048576K
}
Event: 9.255 GC heap before
{Heap before GC invocations=8 (full 0):
 garbage-first heap   total 61440K, used 37284K [0x00000007c0000000, 0x0000000800000000)
  region size 1024K, 21 young (21504K), 3 survivors (3072K)
 Metaspace       used 35559K, committed 36096K, reserved 1114112K
  class space    used 4575K, committed 4800K, reserved 1048576K
}
Event: 9.264 GC heap after
{Heap after GC invocations=9 (full 0):
 garbage-first heap   total 73728K, used 21923K [0x00000007c0000000, 0x0000000800000000)
  region size 1024K, 2 young (2048K), 2 survivors (2048K)
 Metaspace       used 35559K, committed 36096K, reserved 1114112K
  class space    used 4575K, committed 4800K, reserved 1048576K
}
Event: 11.352 GC heap before
{Heap before GC invocations=10 (full 0):
 garbage-first heap   total 73728K, used 61859K [0x00000007c0000000, 0x0000000800000000)
  region size 1024K, 41 young (41984K), 2 survivors (2048K)
 Metaspace       used 46479K, committed 47104K, reserved 1114112K
  class space    used 6108K, committed 6400K, reserved 1048576K
}
Event: 11.361 GC heap after
{Heap after GC invocations=11 (full 0):
 garbage-first heap   total 73728K, used 24479K [0x00000007c0000000, 0x0000000800000000)
  region size 1024K, 4 young (4096K), 4 survivors (4096K)
 Metaspace       used 46479K, committed 47104K, reserved 1114112K
  class space    used 6108K, committed 6400K, reserved 1048576K
}
Event: 14.214 GC heap before
{Heap before GC invocations=11 (full 0):
 garbage-first heap   total 73728K, used 62367K [0x00000007c0000000, 0x0000000800000000)
  region size 1024K, 42 young (43008K), 4 survivors (4096K)
 Metaspace       used 56799K, committed 57472K, reserved 1114112K
  class space    used 7674K, committed 7936K, reserved 1048576K
}
Event: 14.225 GC heap after
{Heap after GC invocations=12 (full 0):
 garbage-first heap   total 73728K, used 26605K [0x00000007c0000000, 0x0000000800000000)
  region size 1024K, 5 young (5120K), 5 survivors (5120K)
 Metaspace       used 56799K, committed 57472K, reserved 1114112K
  class space    used 7674K, committed 7936K, reserved 1048576K
}
Event: 14.803 GC heap before
{Heap before GC invocations=12 (full 0):
 garbage-first heap   total 73728K, used 41965K [0x00000007c0000000, 0x0000000800000000)
  region size 1024K, 21 young (21504K), 5 survivors (5120K)
 Metaspace       used 60174K, committed 60736K, reserved 1114112K
  class space    used 8148K, committed 8384K, reserved 1048576K
}
Event: 14.815 GC heap after
{Heap after GC invocations=13 (full 0):
 garbage-first heap   total 73728K, used 27910K [0x00000007c0000000, 0x0000000800000000)
  region size 1024K, 4 young (4096K), 4 survivors (4096K)
 Metaspace       used 60174K, committed 60736K, reserved 1114112K
  class space    used 8148K, committed 8384K, reserved 1048576K
}
Event: 15.926 GC heap before
{Heap before GC invocations=14 (full 0):
 garbage-first heap   total 73728K, used 62726K [0x00000007c0000000, 0x0000000800000000)
  region size 1024K, 38 young (38912K), 4 survivors (4096K)
 Metaspace       used 65008K, committed 65600K, reserved 1114112K
  class space    used 9035K, committed 9280K, reserved 1048576K
}
Event: 15.939 GC heap after
{Heap after GC invocations=15 (full 0):
 garbage-first heap   total 73728K, used 30745K [0x00000007c0000000, 0x0000000800000000)
  region size 1024K, 5 young (5120K), 5 survivors (5120K)
 Metaspace       used 65008K, committed 65600K, reserved 1114112K
  class space    used 9035K, committed 9280K, reserved 1048576K
}
Event: 16.949 GC heap before
{Heap before GC invocations=15 (full 0):
 garbage-first heap   total 73728K, used 62489K [0x00000007c0000000, 0x0000000800000000)
  region size 1024K, 36 young (36864K), 5 survivors (5120K)
 Metaspace       used 67083K, committed 67776K, reserved 1114112K
  class space    used 9293K, committed 9600K, reserved 1048576K
}
Event: 16.965 GC heap after
{Heap after GC invocations=16 (full 0):
 garbage-first heap   total 73728K, used 32373K [0x00000007c0000000, 0x0000000800000000)
  region size 1024K, 2 young (2048K), 2 survivors (2048K)
 Metaspace       used 67083K, committed 67776K, reserved 1114112K
  class space    used 9293K, committed 9600K, reserved 1048576K
}
Event: 18.145 GC heap before
{Heap before GC invocations=16 (full 0):
 garbage-first heap   total 73728K, used 64117K [0x00000007c0000000, 0x0000000800000000)
  region size 1024K, 33 young (33792K), 2 survivors (2048K)
 Metaspace       used 70265K, committed 70912K, reserved 1114112K
  class space    used 9754K, committed 10048K, reserved 1048576K
}
Event: 18.159 GC heap after
{Heap after GC invocations=17 (full 0):
 garbage-first heap   total 73728K, used 35147K [0x00000007c0000000, 0x0000000800000000)
  region size 1024K, 5 young (5120K), 5 survivors (5120K)
 Metaspace       used 70265K, committed 70912K, reserved 1114112K
  class space    used 9754K, committed 10048K, reserved 1048576K
}
Event: 38.019 GC heap before
{Heap before GC invocations=17 (full 0):
 garbage-first heap   total 73728K, used 61771K [0x00000007c0000000, 0x0000000800000000)
  region size 1024K, 32 young (32768K), 5 survivors (5120K)
 Metaspace       used 74168K, committed 74944K, reserved 1114112K
  class space    used 10289K, committed 10688K, reserved 1048576K
}
Event: 38.046 GC heap after
{Heap after GC invocations=18 (full 0):
 garbage-first heap   total 73728K, used 37215K [0x00000007c0000000, 0x0000000800000000)
  region size 1024K, 3 young (3072K), 3 survivors (3072K)
 Metaspace       used 74168K, committed 74944K, reserved 1114112K
  class space    used 10289K, committed 10688K, reserved 1048576K
}
Event: 401.039 GC heap before
{Heap before GC invocations=19 (full 0):
 garbage-first heap   total 73728K, used 64863K [0x00000007c0000000, 0x0000000800000000)
  region size 1024K, 30 young (30720K), 3 survivors (3072K)
 Metaspace       used 78773K, committed 79680K, reserved 1179648K
  class space    used 10909K, committed 11328K, reserved 1048576K
}

Dll operation events (20 events):
Event: 7.701 Loading shared library /System/Library/Java/Extensions/libtcnative-1.jnilib failed, dlopen(/System/Library/Java/Extensions/libtcnative-1.jnilib, 1): image not found
Event: 7.702 Loading shared library /usr/lib/java/libtcnative-1.dylib failed, dlopen(/usr/lib/java/libtcnative-1.dylib, 1): image not found
Event: 7.702 Loading shared library /usr/lib/java/libtcnative-1.jnilib failed, dlopen(/usr/lib/java/libtcnative-1.jnilib, 1): image not found
Event: 7.703 Loading shared library /Users/macbook/Documents/GitHub/rentacar/libtcnative-1.dylib failed, dlopen(/Users/macbook/Documents/GitHub/rentacar/libtcnative-1.dylib, 1): image not found
Event: 7.703 Loading shared library /Users/macbook/Documents/GitHub/rentacar/libtcnative-1.jnilib failed, dlopen(/Users/macbook/Documents/GitHub/rentacar/libtcnative-1.jnilib, 1): image not found
Event: 7.704 Loading shared library /Users/macbook/Library/Java/JavaVirtualMachines/openjdk-21.0.1/Contents/Home/lib/liblibtcnative-1.dylib failed, dlopen(/Users/macbook/Library/Java/JavaVirtualMachines/openjdk-21.0.1/Contents/Home/lib/liblibtcnative-1.dylib, 1): imag
Event: 7.705 Loading shared library /Users/macbook/Library/Java/JavaVirtualMachines/openjdk-21.0.1/Contents/Home/lib/liblibtcnative-1.jnilib failed, dlopen(/Users/macbook/Library/Java/JavaVirtualMachines/openjdk-21.0.1/Contents/Home/lib/liblibtcnative-1.jnilib, 1): im
Event: 7.705 Loading shared library /Users/macbook/Library/Java/Extensions/liblibtcnative-1.dylib failed, dlopen(/Users/macbook/Library/Java/Extensions/liblibtcnative-1.dylib, 1): image not found
Event: 7.706 Loading shared library /Users/macbook/Library/Java/Extensions/liblibtcnative-1.jnilib failed, dlopen(/Users/macbook/Library/Java/Extensions/liblibtcnative-1.jnilib, 1): image not found
Event: 7.706 Loading shared library /Library/Java/Extensions/liblibtcnative-1.dylib failed, dlopen(/Library/Java/Extensions/liblibtcnative-1.dylib, 1): image not found
Event: 7.707 Loading shared library /Library/Java/Extensions/liblibtcnative-1.jnilib failed, dlopen(/Library/Java/Extensions/liblibtcnative-1.jnilib, 1): image not found
Event: 7.707 Loading shared library /Network/Library/Java/Extensions/liblibtcnative-1.dylib failed, dlopen(/Network/Library/Java/Extensions/liblibtcnative-1.dylib, 1): image not found
Event: 7.707 Loading shared library /Network/Library/Java/Extensions/liblibtcnative-1.jnilib failed, dlopen(/Network/Library/Java/Extensions/liblibtcnative-1.jnilib, 1): image not found
Event: 7.708 Loading shared library /System/Library/Java/Extensions/liblibtcnative-1.dylib failed, dlopen(/System/Library/Java/Extensions/liblibtcnative-1.dylib, 1): image not found
Event: 7.708 Loading shared library /System/Library/Java/Extensions/liblibtcnative-1.jnilib failed, dlopen(/System/Library/Java/Extensions/liblibtcnative-1.jnilib, 1): image not found
Event: 7.709 Loading shared library /usr/lib/java/liblibtcnative-1.dylib failed, dlopen(/usr/lib/java/liblibtcnative-1.dylib, 1): image not found
Event: 7.709 Loading shared library /usr/lib/java/liblibtcnative-1.jnilib failed, dlopen(/usr/lib/java/liblibtcnative-1.jnilib, 1): image not found
Event: 7.710 Loading shared library /Users/macbook/Documents/GitHub/rentacar/liblibtcnative-1.dylib failed, dlopen(/Users/macbook/Documents/GitHub/rentacar/liblibtcnative-1.dylib, 1): image not found
Event: 7.710 Loading shared library /Users/macbook/Documents/GitHub/rentacar/liblibtcnative-1.jnilib failed, dlopen(/Users/macbook/Documents/GitHub/rentacar/liblibtcnative-1.jnilib, 1): image not found
Event: 9.277 Loaded shared library /Users/macbook/Library/Java/JavaVirtualMachines/openjdk-21.0.1/Contents/Home/lib/libverify.dylib

Deoptimization events (20 events):
Event: 116.284 Thread 0x00007f82ce978200 Uncommon trap: trap_request=0xffffffde fr.pc=0x0000000122732c88 relative=0x0000000000000f28
Event: 116.284 Thread 0x00007f82ce978200 Uncommon trap: reason=class_check action=maybe_recompile pc=0x0000000122732c88 method=java.security.MessageDigest$Delegate.engineDigest()[B @ 4 c2
Event: 116.284 Thread 0x00007f82ce978200 DEOPT PACKING pc=0x0000000122732c88 sp=0x00007000072b1cb0
Event: 116.284 Thread 0x00007f82ce978200 DEOPT UNPACKING pc=0x0000000121fd1f99 sp=0x00007000072b1bf0 mode 2
Event: 116.285 Thread 0x00007f82ce978200 DEOPT PACKING pc=0x000000011ab5d263 sp=0x00007000072b1f50
Event: 116.285 Thread 0x00007f82ce978200 DEOPT UNPACKING pc=0x0000000121fd272f sp=0x00007000072b13e0 mode 0
Event: 116.286 Thread 0x00007f82ce978200 Uncommon trap: trap_request=0xffffffde fr.pc=0x0000000122732c88 relative=0x0000000000000f28
Event: 116.286 Thread 0x00007f82ce978200 Uncommon trap: reason=class_check action=maybe_recompile pc=0x0000000122732c88 method=java.security.MessageDigest$Delegate.engineDigest()[B @ 4 c2
Event: 116.286 Thread 0x00007f82ce978200 DEOPT PACKING pc=0x0000000122732c88 sp=0x00007000072b1c40
Event: 116.286 Thread 0x00007f82ce978200 DEOPT UNPACKING pc=0x0000000121fd1f99 sp=0x00007000072b1b80 mode 2
Event: 116.334 Thread 0x00007f82ce978200 Uncommon trap: trap_request=0xffffffcc fr.pc=0x0000000122727d04 relative=0x0000000000000344
Event: 116.334 Thread 0x00007f82ce978200 Uncommon trap: reason=intrinsic_or_type_checked_inlining action=make_not_entrant pc=0x0000000122727d04 method=java.util.Arrays.copyOf([Ljava/lang/Object;ILjava/lang/Class;)[Ljava/lang/Object; @ 35 c2
Event: 116.334 Thread 0x00007f82ce978200 DEOPT PACKING pc=0x0000000122727d04 sp=0x00007000072b1010
Event: 116.334 Thread 0x00007f82ce978200 DEOPT UNPACKING pc=0x0000000121fd1f99 sp=0x00007000072b0fa0 mode 2
Event: 139.716 Thread 0x00007f82ce978a00 Uncommon trap: trap_request=0xffffffde fr.pc=0x0000000122732c88 relative=0x0000000000000f28
Event: 139.716 Thread 0x00007f82ce978a00 Uncommon trap: reason=class_check action=maybe_recompile pc=0x0000000122732c88 method=java.security.MessageDigest$Delegate.engineDigest()[B @ 4 c2
Event: 139.716 Thread 0x00007f82ce978a00 DEOPT PACKING pc=0x0000000122732c88 sp=0x00007000073b4d20
Event: 139.716 Thread 0x00007f82ce978a00 DEOPT UNPACKING pc=0x0000000121fd1f99 sp=0x00007000073b4c60 mode 2
Event: 139.834 Thread 0x00007f82ce978a00 DEOPT PACKING pc=0x000000011ab5d263 sp=0x00007000073b6680
Event: 139.834 Thread 0x00007f82ce978a00 DEOPT UNPACKING pc=0x0000000121fd272f sp=0x00007000073b5b10 mode 0

Classes loaded (20 events):
Event: 39.094 Loading class jdk/internal/reflect/MethodHandleLongFieldAccessorImpl
Event: 39.094 Loading class jdk/internal/reflect/MethodHandleLongFieldAccessorImpl done
Event: 39.228 Loading class java/util/stream/LongStream
Event: 39.229 Loading class java/util/stream/LongStream done
Event: 39.229 Loading class java/util/stream/DoubleStream
Event: 39.229 Loading class java/util/stream/DoubleStream done
Event: 139.822 Loading class jdk/internal/loader/BootLoader$PackageHelper
Event: 139.823 Loading class jdk/internal/loader/BootLoader$PackageHelper done
Event: 139.870 Loading class java/util/stream/ReferencePipeline$4
Event: 139.871 Loading class java/util/stream/ReferencePipeline$4 done
Event: 139.871 Loading class java/util/function/IntBinaryOperator
Event: 139.872 Loading class java/util/function/IntBinaryOperator done
Event: 139.872 Loading class java/util/stream/ReduceOps$7
Event: 139.873 Loading class java/util/stream/ReduceOps$7 done
Event: 139.873 Loading class java/util/stream/ReduceOps$6ReducingSink
Event: 139.873 Loading class java/util/stream/ReduceOps$6ReducingSink done
Event: 139.874 Loading class java/util/stream/ReferencePipeline$4$1
Event: 139.874 Loading class java/util/stream/ReferencePipeline$4$1 done
Event: 400.390 Loading class jdk/internal/misc/Signal$1
Event: 400.424 Loading class jdk/internal/misc/Signal$1 done

Classes unloaded (0 events):
No events

Classes redefined (0 events):
No events

Internal exceptions (20 events):
Event: 18.007 Thread 0x00007f82c7992000 Exception <a 'java/lang/NoSuchMethodError'{0x00000007c2bf72a8}: 'void java.lang.invoke.DirectMethodHandle$Holder.invokeVirtual(java.lang.Object, java.lang.Object, long)'> (0x00000007c2bf72a8) 
thrown [open/src/hotspot/share/interpreter/linkResolver.cpp, line 773]
Event: 18.311 Thread 0x00007f82c7992000 Exception <a 'java/lang/NoSuchMethodError'{0x00000007c435a140}: 'java.lang.Object java.lang.invoke.DirectMethodHandle$Holder.invokeVirtual(java.lang.Object, java.lang.Object, java.lang.Object, java.lang.Object, java.lang.Object, java.lang.Object, java.lang.Object, java.lang.Object, java.lang.Object)'> (0x00000007c435a140) 
thrown [open/src/hotspot/share/interpreter/linkResolver.cpp, line 773]
Event: 18.383 Thread 0x00007f82c7992000 Exception <a 'java/lang/NoSuchMethodError'{0x00000007c4134a68}: 'java.lang.Object java.lang.invoke.DirectMethodHandle$Holder.invokeVirtual(java.lang.Object, java.lang.Object, java.lang.Object, java.lang.Object, java.lang.Object, java.lang.Object, java.lang.Object, java.lang.Object, java.lang.Object, java.lang.Object)'> (0x00000007c4134a68) 
thrown [open/src/hotspot/share/interpreter/linkResolver.cpp, line 773]
Event: 18.462 Thread 0x00007f82c7992000 Exception <a 'java/lang/IncompatibleClassChangeError'{0x00000007c3e1b778}: Found class java.lang.Object, but interface was expected> (0x00000007c3e1b778) 
thrown [open/src/hotspot/share/interpreter/linkResolver.cpp, line 840]
Event: 18.684 Thread 0x00007f82c7992000 Exception <a 'java/lang/NoSuchMethodError'{0x00000007c36c6240}: 'java.lang.Object java.lang.invoke.DirectMethodHandle$Holder.newInvokeSpecial(java.lang.Object, java.lang.Object, int, java.lang.Object, java.lang.Object)'> (0x00000007c36c6240) 
thrown [open/src/hotspot/share/interpreter/linkResolver.cpp, line 773]
Event: 37.726 Thread 0x00007f82cf26be00 Exception <a 'java/lang/NoSuchMethodError'{0x00000007c31b87b0}: 'java.lang.Object java.lang.invoke.DirectMethodHandle$Holder.invokeSpecial(java.lang.Object, java.lang.Object, java.lang.Object, java.lang.Object, java.lang.Object, long)'> (0x00000007c31b87b0) 
thrown [open/src/hotspot/share/interpreter/linkResolver.cpp, line 773]
Event: 37.726 Thread 0x00007f82cf26be00 Exception <a 'java/lang/NoSuchMethodError'{0x00000007c31bbf70}: 'java.lang.Object java.lang.invoke.Invokers$Holder.linkToTargetMethod(java.lang.Object, java.lang.Object, java.lang.Object, long, java.lang.Object)'> (0x00000007c31bbf70) 
thrown [open/src/hotspot/share/interpreter/linkResolver.cpp, line 773]
Event: 38.410 Thread 0x00007f82cf26be00 Exception <a 'java/lang/NoSuchMethodError'{0x00000007c3fa9368}: 'void java.lang.invoke.DirectMethodHandle$Holder.invokeSpecialIFC(java.lang.Object, java.lang.Object, int, java.lang.Object, java.lang.Object, java.lang.Object, java.lang.Object)'> (0x00000007c3fa9368) 
thrown [open/src/hotspot/share/interpreter/linkResolver.cpp, line 773]
Event: 38.758 Thread 0x00007f82cf26be00 Exception <a 'java/lang/NoSuchMethodError'{0x00000007c3acd800}: 'long java.lang.invoke.DirectMethodHandle$Holder.invokeStatic(java.lang.Object, java.lang.Object, int)'> (0x00000007c3acd800) 
thrown [open/src/hotspot/share/interpreter/linkResolver.cpp, line 773]
Event: 38.760 Thread 0x00007f82cf26be00 Exception <a 'java/lang/NoSuchMethodError'{0x00000007c3ad7ea8}: 'void java.lang.invoke.DelegatingMethodHandle$Holder.reinvoke_L(java.lang.Object, java.lang.Object, long)'> (0x00000007c3ad7ea8) 
thrown [open/src/hotspot/share/interpreter/linkResolver.cpp, line 773]
Event: 38.823 Thread 0x00007f82cf26be00 Exception <a 'java/lang/NoSuchMethodError'{0x00000007c3806b88}: 'java.lang.Object java.lang.invoke.DirectMethodHandle$Holder.invokeInterface(java.lang.Object, java.lang.Object, java.lang.Object, java.lang.Object)'> (0x00000007c3806b88) 
thrown [open/src/hotspot/share/interpreter/linkResolver.cpp, line 773]
Event: 38.826 Thread 0x00007f82cf26be00 Exception <a 'java/lang/NoSuchMethodError'{0x00000007c381b498}: 'java.lang.Object java.lang.invoke.DirectMethodHandle$Holder.invokeInterface(java.lang.Object, java.lang.Object, java.lang.Object, java.lang.Object, java.lang.Object)'> (0x00000007c381b498) 
thrown [open/src/hotspot/share/interpreter/linkResolver.cpp, line 773]
Event: 38.886 Thread 0x00007f82cf26be00 Exception <a 'java/lang/NoSuchMethodError'{0x00000007c386b100}: 'double java.lang.invoke.DelegatingMethodHandle$Holder.reinvoke_L(java.lang.Object, java.lang.Object)'> (0x00000007c386b100) 
thrown [open/src/hotspot/share/interpreter/linkResolver.cpp, line 773]
Event: 38.887 Thread 0x00007f82cf26be00 Exception <a 'java/lang/NoSuchMethodError'{0x00000007c3876068}: 'void java.lang.invoke.DelegatingMethodHandle$Holder.reinvoke_L(java.lang.Object, java.lang.Object, double)'> (0x00000007c3876068) 
thrown [open/src/hotspot/share/interpreter/linkResolver.cpp, line 773]
Event: 38.934 Thread 0x00007f82cf26be00 Exception <a 'java/lang/NoSuchMethodError'{0x00000007c38d3170}: 'double java.lang.invoke.Invokers$Holder.invokeExact_MT(java.lang.Object, java.lang.Object, java.lang.Object)'> (0x00000007c38d3170) 
thrown [open/src/hotspot/share/interpreter/linkResolver.cpp, line 773]
Event: 38.953 Thread 0x00007f82cf26be00 Exception <a 'java/lang/NoSuchMethodError'{0x00000007c3752288}: 'int java.lang.invoke.DirectMethodHandle$Holder.invokeStatic(java.lang.Object, java.lang.Object, int, java.lang.Object)'> (0x00000007c3752288) 
thrown [open/src/hotspot/share/interpreter/linkResolver.cpp, line 773]
Event: 39.091 Thread 0x00007f82cf26be00 Exception <a 'java/lang/NoSuchMethodError'{0x00000007c3609cc8}: 'int java.lang.invoke.Invokers$Holder.invokeExact_MT(java.lang.Object, java.lang.Object, java.lang.Object)'> (0x00000007c3609cc8) 
thrown [open/src/hotspot/share/interpreter/linkResolver.cpp, line 773]
Event: 39.094 Thread 0x00007f82cf26be00 Exception <a 'java/lang/NoSuchMethodError'{0x00000007c360ffa0}: 'long java.lang.invoke.DelegatingMethodHandle$Holder.reinvoke_L(java.lang.Object, java.lang.Object)'> (0x00000007c360ffa0) 
thrown [open/src/hotspot/share/interpreter/linkResolver.cpp, line 773]
Event: 39.096 Thread 0x00007f82cf26be00 Exception <a 'java/lang/NoSuchMethodError'{0x00000007c361a408}: 'long java.lang.invoke.Invokers$Holder.invokeExact_MT(java.lang.Object, java.lang.Object, java.lang.Object)'> (0x00000007c361a408) 
thrown [open/src/hotspot/share/interpreter/linkResolver.cpp, line 773]
Event: 39.101 Thread 0x00007f82cf26be00 Exception <a 'java/lang/NoSuchMethodError'{0x00000007c3636fd8}: 'int java.lang.invoke.DirectMethodHandle$Holder.invokeStatic(java.lang.Object, java.lang.Object, int, int)'> (0x00000007c3636fd8) 
thrown [open/src/hotspot/share/interpreter/linkResolver.cpp, line 773]

ZGC Phase Switch (0 events):
No events

VM Operations (20 events):
Event: 201.719 Executing VM operation: Cleanup done
Event: 206.733 Executing VM operation: Cleanup
Event: 206.733 Executing VM operation: Cleanup done
Event: 214.788 Executing VM operation: Cleanup
Event: 214.788 Executing VM operation: Cleanup done
Event: 215.791 Executing VM operation: Cleanup
Event: 215.791 Executing VM operation: Cleanup done
Event: 216.799 Executing VM operation: Cleanup
Event: 216.799 Executing VM operation: Cleanup done
Event: 218.805 Executing VM operation: Cleanup
Event: 218.806 Executing VM operation: Cleanup done
Event: 220.814 Executing VM operation: Cleanup
Event: 220.814 Executing VM operation: Cleanup done
Event: 265.932 Executing VM operation: Cleanup
Event: 265.932 Executing VM operation: Cleanup done
Event: 317.135 Executing VM operation: Cleanup
Event: 317.135 Executing VM operation: Cleanup done
Event: 400.418 Executing VM operation: Cleanup
Event: 400.431 Executing VM operation: Cleanup done
Event: 401.038 Executing VM operation: G1CollectForAllocation (G1 Evacuation Pause)

Events (20 events):
Event: 38.235 Thread 0x00007f82c6f2d850 flushing nmethod 0x0000000122619990
Event: 38.235 Thread 0x00007f82c6f2d850 flushing nmethod 0x0000000122628590
Event: 38.235 Thread 0x00007f82c6f2d850 flushing nmethod 0x00000001225fcf90
Event: 38.235 Thread 0x00007f82c6f2d850 flushing nmethod 0x00000001225e8610
Event: 38.235 Thread 0x00007f82c6f2d850 flushing nmethod 0x00000001225d2790
Event: 38.235 Thread 0x00007f82c6f2d850 flushing nmethod 0x00000001225c7610
Event: 38.235 Thread 0x00007f82c6f2d850 flushing nmethod 0x00000001225bef10
Event: 38.235 Thread 0x00007f82c6f2d850 flushing nmethod 0x000000012258ef90
Event: 38.235 Thread 0x00007f82c6f2d850 flushing nmethod 0x000000012258d810
Event: 38.235 Thread 0x00007f82c6f2d850 flushing nmethod 0x0000000122562d10
Event: 38.235 Thread 0x00007f82c6f2d850 flushing nmethod 0x0000000122548c10
Event: 38.235 Thread 0x00007f82c6f2d850 flushing nmethod 0x0000000122520690
Event: 400.434 Thread 0x00007f82cd3c9a00 Thread added: 0x00007f82cd3c9a00
Event: 400.435 Protecting memory [0x000070000648e000,0x0000700006492000] with protection modes 0
Event: 400.503 Thread 0x00007f82cf0aa000 Thread added: 0x00007f82cf0aa000
Event: 400.504 Protecting memory [0x0000700006591000,0x0000700006595000] with protection modes 0
Event: 400.522 Thread 0x00007f82cf4a0800 Thread added: 0x00007f82cf4a0800
Event: 400.523 Protecting memory [0x0000700007bd3000,0x0000700007bd7000] with protection modes 0
Event: 400.569 Protecting memory [0x0000700007bd3000,0x0000700007bd7000] with protection modes 3
Event: 400.569 Thread 0x00007f82cf4a0800 Thread exited: 0x00007f82cf4a0800


Dynamic libraries:
0x00007fff2a732000 	/usr/lib/libz.1.dylib
0x000000010b2b9000 	/Users/macbook/Library/Java/JavaVirtualMachines/openjdk-21.0.1/Contents/Home/lib/libjli.dylib
0x00007fff35188000 	/System/Library/Frameworks/Cocoa.framework/Versions/A/Cocoa
0x00007fff224ae000 	/System/Library/Frameworks/Security.framework/Versions/A/Security
0x00007fff3338b000 	/System/Library/Frameworks/ApplicationServices.framework/Versions/A/ApplicationServices
0x00007fff2a7fa000 	/usr/lib/libSystem.B.dylib
0x00007fff2a7f4000 	/usr/lib/system/libcache.dylib
0x00007fff2a7b0000 	/usr/lib/system/libcommonCrypto.dylib
0x00007fff2a7da000 	/usr/lib/system/libcompiler_rt.dylib
0x00007fff2a7cf000 	/usr/lib/system/libcopyfile.dylib
0x00007fff203a5000 	/usr/lib/system/libcorecrypto.dylib
0x00007fff20470000 	/usr/lib/system/libdispatch.dylib
0x00007fff20623000 	/usr/lib/system/libdyld.dylib
0x00007fff2a7eb000 	/usr/lib/system/libkeymgr.dylib
0x00007fff2dc02000 	/usr/lib/system/liblaunch.dylib
0x00007fff2a78e000 	/usr/lib/system/libmacho.dylib
0x00007fff29f86000 	/usr/lib/system/libquarantine.dylib
0x00007fff2a7e8000 	/usr/lib/system/libremovefile.dylib
0x00007fff24e89000 	/usr/lib/system/libsystem_asl.dylib
0x00007fff20355000 	/usr/lib/system/libsystem_blocks.dylib
0x00007fff204f2000 	/usr/lib/system/libsystem_c.dylib
0x00007fff2a7e2000 	/usr/lib/system/libsystem_collections.dylib
0x00007fff2928c000 	/usr/lib/system/libsystem_configuration.dylib
0x00007fff28577000 	/usr/lib/system/libsystem_containermanager.dylib
0x00007fff2a531000 	/usr/lib/system/libsystem_coreservices.dylib
0x00007fff22a66000 	/usr/lib/system/libsystem_darwin.dylib
0x00007fff2a7ec000 	/usr/lib/system/libsystem_dnssd.dylib
0x00007fff204ef000 	/usr/lib/system/libsystem_featureflags.dylib
0x00007fff20669000 	/usr/lib/system/libsystem_info.dylib
0x00007fff2a745000 	/usr/lib/system/libsystem_m.dylib
0x00007fff20443000 	/usr/lib/system/libsystem_malloc.dylib
0x00007fff24e1c000 	/usr/lib/system/libsystem_networkextension.dylib
0x00007fff22e85000 	/usr/lib/system/libsystem_notify.dylib
0x00007fff3009e000 	/usr/lib/system/libsystem_product_info_filter.dylib
0x00007fff29290000 	/usr/lib/system/libsystem_sandbox.dylib
0x00007fff2a7e5000 	/usr/lib/system/libsystem_secinit.dylib
0x00007fff205e7000 	/usr/lib/system/libsystem_kernel.dylib
0x00007fff2065f000 	/usr/lib/system/libsystem_platform.dylib
0x00007fff20617000 	/usr/lib/system/libsystem_pthread.dylib
0x00007fff26568000 	/usr/lib/system/libsystem_symptoms.dylib
0x00007fff2038d000 	/usr/lib/system/libsystem_trace.dylib
0x00007fff2a7bc000 	/usr/lib/system/libunwind.dylib
0x00007fff20357000 	/usr/lib/system/libxpc.dylib
0x00007fff205d1000 	/usr/lib/libc++abi.dylib
0x00007fff204b5000 	/usr/lib/libobjc.A.dylib
0x00007fff2a7c7000 	/usr/lib/liboah.dylib
0x00007fff2057b000 	/usr/lib/libc++.1.dylib
0x00007fff20695000 	/System/Library/Frameworks/CoreFoundation.framework/Versions/A/CoreFoundation
0x00007fff21446000 	/System/Library/Frameworks/Foundation.framework/Versions/C/Foundation
0x00007fff22edf000 	/System/Library/Frameworks/AppKit.framework/Versions/C/AppKit
0x00007fff25da3000 	/System/Library/Frameworks/CoreData.framework/Versions/A/CoreData
0x00007fff23c2b000 	/System/Library/PrivateFrameworks/UIFoundation.framework/Versions/A/UIFoundation
0x00007fff2fe31000 	/System/Library/PrivateFrameworks/RemoteViewServices.framework/Versions/A/RemoteViewServices
0x00007fff28c3d000 	/System/Library/PrivateFrameworks/XCTTargetBootstrap.framework/Versions/A/XCTTargetBootstrap
0x00007fff2b926000 	/usr/lib/libspindump.dylib
0x00007fff23e7a000 	/System/Library/Frameworks/UniformTypeIdentifiers.framework/Versions/A/UniformTypeIdentifiers
0x00007fff27441000 	/usr/lib/libapp_launch_measurement.dylib
0x00007fff27444000 	/System/Library/PrivateFrameworks/CoreAutoLayout.framework/Versions/A/CoreAutoLayout
0x00007fff285a4000 	/System/Library/Frameworks/Metal.framework/Versions/A/Metal
0x00007fff2929b000 	/usr/lib/liblangid.dylib
0x00007fff28c41000 	/System/Library/PrivateFrameworks/CoreSVG.framework/Versions/A/CoreSVG
0x00007fff24eb9000 	/System/Library/PrivateFrameworks/SkyLight.framework/Versions/A/SkyLight
0x00007fff2521f000 	/System/Library/Frameworks/CoreGraphics.framework/Versions/A/CoreGraphics
0x00007fff30358000 	/System/Library/Frameworks/Accelerate.framework/Versions/A/Accelerate
0x00007fff2b364000 	/System/Library/PrivateFrameworks/IconServices.framework/Versions/A/IconServices
0x00007fff28588000 	/System/Library/Frameworks/IOSurface.framework/Versions/A/IOSurface
0x00007fff2672c000 	/usr/lib/libDiagnosticMessagesClient.dylib
0x00007fff28c29000 	/System/Library/PrivateFrameworks/DFRFoundation.framework/Versions/A/DFRFoundation
0x00007fff22806000 	/usr/lib/libicucore.A.dylib
0x00007fff2ce6b000 	/System/Library/Frameworks/AudioToolbox.framework/Versions/A/AudioToolbox
0x00007fff2c0f3000 	/System/Library/PrivateFrameworks/DataDetectorsCore.framework/Versions/A/DataDetectorsCore
0x00007fff24e2c000 	/usr/lib/libMobileGestalt.dylib
0x00007fff2892d000 	/System/Library/Frameworks/Carbon.framework/Versions/A/Frameworks/HIToolbox.framework/Versions/A/HIToolbox
0x00007fff26e86000 	/System/Library/Frameworks/QuartzCore.framework/Versions/A/QuartzCore
0x00007fff2fe69000 	/System/Library/Frameworks/Carbon.framework/Versions/A/Frameworks/SpeechRecognition.framework/Versions/A/SpeechRecognition
0x00007fff271a6000 	/System/Library/PrivateFrameworks/CoreUI.framework/Versions/A/CoreUI
0x00007fff21e1c000 	/System/Library/Frameworks/CoreAudio.framework/Versions/A/CoreAudio
0x00007fff26817000 	/System/Library/Frameworks/DiskArbitration.framework/Versions/A/DiskArbitration
0x00007fff2bcf4000 	/System/Library/PrivateFrameworks/MultitouchSupport.framework/Versions/A/MultitouchSupport
0x00007fff2c0ea000 	/System/Library/PrivateFrameworks/InternationalSupport.framework/Versions/A/InternationalSupport
0x00007fff24e2b000 	/usr/lib/libenergytrace.dylib
0x00007fff22dd6000 	/System/Library/Frameworks/IOKit.framework/Versions/A/IOKit
0x00007fff3019c000 	/System/Library/Frameworks/CoreServices.framework/Versions/A/CoreServices
0x00007fff273d3000 	/System/Library/PrivateFrameworks/PerformanceAnalysis.framework/Versions/A/PerformanceAnalysis
0x00007fff6bb35000 	/System/Library/Frameworks/OpenGL.framework/Versions/A/OpenGL
0x00007fff2c16e000 	/System/Library/PrivateFrameworks/UserActivity.framework/Versions/A/UserActivity
0x00007fff258a9000 	/System/Library/Frameworks/ColorSync.framework/Versions/A/ColorSync
0x00007fff28ea9000 	/System/Library/Frameworks/CoreImage.framework/Versions/A/CoreImage
0x00007fff21c36000 	/System/Library/Frameworks/CoreText.framework/Versions/A/CoreText
0x00007fff28c6b000 	/System/Library/Frameworks/ImageIO.framework/Versions/A/ImageIO
0x00007fff2a800000 	/System/Library/PrivateFrameworks/SoftLinking.framework/Versions/A/SoftLinking
0x00007fff2748c000 	/usr/lib/libxml2.2.dylib
0x00007fff2aa72000 	/usr/lib/libcompression.dylib
0x00007fff2c01c000 	/System/Library/PrivateFrameworks/TextureIO.framework/Versions/A/TextureIO
0x00007fff2b0a2000 	/usr/lib/libate.dylib
0x00007fff2ae86000 	/usr/lib/liblzma.5.dylib
0x00007fff2115a000 	/System/Library/Frameworks/SystemConfiguration.framework/Versions/A/SystemConfiguration
0x00007fff2a7fc000 	/usr/lib/libfakelink.dylib
0x00007fff2497e000 	/System/Library/Frameworks/CFNetwork.framework/Versions/A/CFNetwork
0x00007fff2a93c000 	/usr/lib/libarchive.2.dylib
0x00007fff211d8000 	/usr/lib/libCRFSuite.dylib
0x00007fff29fad000 	/usr/lib/libbsm.0.dylib
0x00007fff242f7000 	/usr/lib/libnetwork.dylib
0x00007fff2a801000 	/usr/lib/libpcap.A.dylib
0x00007fff26561000 	/usr/lib/libdns_services.dylib
0x00007fff2ae9f000 	/usr/lib/libcoretls_cfhelpers.dylib
0x00007fff2aa3b000 	/usr/lib/libapple_nghttp2.dylib
0x00007fff2a794000 	/usr/lib/system/libkxld.dylib
0x00007fff261d9000 	/usr/lib/libsqlite3.dylib
0x00007fff2a514000 	/System/Library/PrivateFrameworks/AppleFSCompression.framework/Versions/A/AppleFSCompression
0x00007fff29f95000 	/usr/lib/libcoretls.dylib
0x00007fff2aa6c000 	/usr/lib/libpam.2.dylib
0x00007fff2af9d000 	/usr/lib/libxar.1.dylib
0x00007fff29297000 	/System/Library/PrivateFrameworks/AppleSystemInfo.framework/Versions/A/AppleSystemInfo
0x00007fff29bd7000 	/System/Library/PrivateFrameworks/IOMobileFramebuffer.framework/Versions/A/IOMobileFramebuffer
0x00007fff2a524000 	/usr/lib/libbz2.1.0.dylib
0x00007fff2a839000 	/usr/lib/libiconv.2.dylib
0x00007fff2a78d000 	/usr/lib/libcharset.1.dylib
0x00007fff2740f000 	/System/Library/Frameworks/CoreServices.framework/Versions/A/Frameworks/FSEvents.framework/Versions/A/FSEvents
0x00007fff22a70000 	/System/Library/Frameworks/CoreServices.framework/Versions/A/Frameworks/CarbonCore.framework/Versions/A/CarbonCore
0x00007fff2677c000 	/System/Library/Frameworks/CoreServices.framework/Versions/A/Frameworks/Metadata.framework/Versions/A/Metadata
0x00007fff2a536000 	/System/Library/Frameworks/CoreServices.framework/Versions/A/Frameworks/OSServices.framework/Versions/A/OSServices
0x00007fff2a9ae000 	/System/Library/Frameworks/CoreServices.framework/Versions/A/Frameworks/SearchKit.framework/Versions/A/SearchKit
0x00007fff264ec000 	/System/Library/Frameworks/CoreServices.framework/Versions/A/Frameworks/AE.framework/Versions/A/AE
0x00007fff20b33000 	/System/Library/Frameworks/CoreServices.framework/Versions/A/Frameworks/LaunchServices.framework/Versions/A/LaunchServices
0x00007fff2ae36000 	/System/Library/Frameworks/CoreServices.framework/Versions/A/Frameworks/DictionaryServices.framework/Versions/A/DictionaryServices
0x00007fff2741c000 	/System/Library/Frameworks/CoreServices.framework/Versions/A/Frameworks/SharedFileList.framework/Versions/A/SharedFileList
0x00007fff29f89000 	/usr/lib/libCheckFix.dylib
0x00007fff24ea0000 	/System/Library/PrivateFrameworks/TCC.framework/Versions/A/TCC
0x00007fff2929d000 	/System/Library/PrivateFrameworks/CoreNLP.framework/Versions/A/CoreNLP
0x00007fff2672f000 	/System/Library/PrivateFrameworks/MetadataUtilities.framework/Versions/A/MetadataUtilities
0x00007fff2120d000 	/usr/lib/libmecabra.dylib
0x00007fff2a293000 	/System/Library/Frameworks/MLCompute.framework/Versions/A/MLCompute
0x00007fff29fbe000 	/usr/lib/libmecab.dylib
0x00007fff2a008000 	/usr/lib/libgermantok.dylib
0x00007fff2aa16000 	/usr/lib/libThaiTokenizer.dylib
0x00007fff2afd9000 	/usr/lib/libChineseTokenizer.dylib
0x00007fff2aa6a000 	/System/Library/Frameworks/MetalPerformanceShaders.framework/Versions/A/MetalPerformanceShaders
0x00007fff2681e000 	/System/Library/Frameworks/Accelerate.framework/Versions/A/Frameworks/vImage.framework/Versions/A/vImage
0x00007fff30176000 	/System/Library/Frameworks/Accelerate.framework/Versions/A/Frameworks/vecLib.framework/Versions/A/vecLib
0x00007fff2afe4000 	/System/Library/Frameworks/Accelerate.framework/Versions/A/Frameworks/vecLib.framework/Versions/A/libvMisc.dylib
0x00007fff299f2000 	/System/Library/Frameworks/Accelerate.framework/Versions/A/Frameworks/vecLib.framework/Versions/A/libvDSP.dylib
0x00007fff20e40000 	/System/Library/Frameworks/Accelerate.framework/Versions/A/Frameworks/vecLib.framework/Versions/A/libBLAS.dylib
0x00007fff2aa98000 	/System/Library/Frameworks/Accelerate.framework/Versions/A/Frameworks/vecLib.framework/Versions/A/libLAPACK.dylib
0x00007fff2a00e000 	/System/Library/Frameworks/Accelerate.framework/Versions/A/Frameworks/vecLib.framework/Versions/A/libLinearAlgebra.dylib
0x00007fff2aa53000 	/System/Library/Frameworks/Accelerate.framework/Versions/A/Frameworks/vecLib.framework/Versions/A/libSparseBLAS.dylib
0x00007fff2aa92000 	/System/Library/Frameworks/Accelerate.framework/Versions/A/Frameworks/vecLib.framework/Versions/A/libQuadrature.dylib
0x00007fff29349000 	/System/Library/Frameworks/Accelerate.framework/Versions/A/Frameworks/vecLib.framework/Versions/A/libBNNS.dylib
0x00007fff210eb000 	/System/Library/Frameworks/Accelerate.framework/Versions/A/Frameworks/vecLib.framework/Versions/A/libSparse.dylib
0x00007fff29225000 	/System/Library/Frameworks/MetalPerformanceShaders.framework/Versions/A/Frameworks/MPSCore.framework/Versions/A/MPSCore
0x00007fff2a483000 	/System/Library/Frameworks/MetalPerformanceShaders.framework/Versions/A/Frameworks/MPSImage.framework/Versions/A/MPSImage
0x00007fff2a024000 	/System/Library/Frameworks/MetalPerformanceShaders.framework/Versions/A/Frameworks/MPSNeuralNetwork.framework/Versions/A/MPSNeuralNetwork
0x00007fff2a3f5000 	/System/Library/Frameworks/MetalPerformanceShaders.framework/Versions/A/Frameworks/MPSMatrix.framework/Versions/A/MPSMatrix
0x00007fff2a243000 	/System/Library/Frameworks/MetalPerformanceShaders.framework/Versions/A/Frameworks/MPSRayIntersector.framework/Versions/A/MPSRayIntersector
0x00007fff2a42c000 	/System/Library/Frameworks/MetalPerformanceShaders.framework/Versions/A/Frameworks/MPSNDArray.framework/Versions/A/MPSNDArray
0x00007fff20d6b000 	/System/Library/PrivateFrameworks/MetalTools.framework/Versions/A/MetalTools
0x00007fff29295000 	/System/Library/PrivateFrameworks/AggregateDictionary.framework/Versions/A/AggregateDictionary
0x00007fff266fc000 	/System/Library/PrivateFrameworks/CoreAnalytics.framework/Versions/A/CoreAnalytics
0x00007fff2aa18000 	/System/Library/PrivateFrameworks/AppleSauce.framework/Versions/A/AppleSauce
0x00007fff2859a000 	/System/Library/PrivateFrameworks/IOAccelerator.framework/Versions/A/IOAccelerator
0x00007fff6bb29000 	/System/Library/Frameworks/OpenGL.framework/Versions/A/Libraries/libCoreFSCache.dylib
0x00007fff217a5000 	/System/Library/PrivateFrameworks/LanguageModeling.framework/Versions/A/LanguageModeling
0x00007fff29bc5000 	/System/Library/PrivateFrameworks/CoreEmoji.framework/Versions/A/CoreEmoji
0x00007fff29342000 	/System/Library/PrivateFrameworks/LinguisticData.framework/Versions/A/LinguisticData
0x00007fff2109d000 	/System/Library/PrivateFrameworks/Lexicon.framework/Versions/A/Lexicon
0x00007fff2a92a000 	/usr/lib/libcmph.dylib
0x00007fff273ef000 	/System/Library/Frameworks/OpenDirectory.framework/Versions/A/Frameworks/CFOpenDirectory.framework/Versions/A/CFOpenDirectory
0x00007fff273df000 	/System/Library/Frameworks/OpenDirectory.framework/Versions/A/OpenDirectory
0x00007fff2aea1000 	/System/Library/PrivateFrameworks/APFS.framework/Versions/A/APFS
0x00007fff29eeb000 	/System/Library/Frameworks/SecurityFoundation.framework/Versions/A/SecurityFoundation
0x00007fff2afac000 	/usr/lib/libutil.dylib
0x00007fff22d9b000 	/System/Library/PrivateFrameworks/CoreServicesStore.framework/Versions/A/CoreServicesStore
0x00007fff29f81000 	/System/Library/Frameworks/ServiceManagement.framework/Versions/A/ServiceManagement
0x00007fff2afb0000 	/usr/lib/libxslt.1.dylib
0x00007fff29f77000 	/System/Library/PrivateFrameworks/BackgroundTaskManagement.framework/Versions/A/BackgroundTaskManagement
0x00007fff2bf66000 	/System/Library/Frameworks/ImageIO.framework/Versions/A/Resources/libRadiance.dylib
0x00007fff2bf70000 	/System/Library/Frameworks/ImageIO.framework/Versions/A/Resources/libJPEG.dylib
0x00007fff2bebe000 	/System/Library/Frameworks/ImageIO.framework/Versions/A/Resources/libPng.dylib
0x00007fff2bedf000 	/System/Library/Frameworks/ImageIO.framework/Versions/A/Resources/libTIFF.dylib
0x00007fff2bfc5000 	/System/Library/Frameworks/ImageIO.framework/Versions/A/Resources/libGIF.dylib
0x00007fff2bc10000 	/System/Library/Frameworks/ImageIO.framework/Versions/A/Resources/libJP2.dylib
0x00007fff2b32b000 	/usr/lib/libexpat.1.dylib
0x00007fff2bbc6000 	/System/Library/PrivateFrameworks/AppleJPEG.framework/Versions/A/AppleJPEG
0x00007fff287d0000 	/System/Library/PrivateFrameworks/FontServices.framework/libFontParser.dylib
0x00007fff264a3000 	/System/Library/PrivateFrameworks/RunningBoardServices.framework/Versions/A/RunningBoardServices
0x00007fff2bcf0000 	/System/Library/PrivateFrameworks/WatchdogClient.framework/Versions/A/WatchdogClient
0x00007fff2188e000 	/System/Library/Frameworks/CoreDisplay.framework/Versions/A/CoreDisplay
0x00007fff286e5000 	/System/Library/Frameworks/CoreMedia.framework/Versions/A/CoreMedia
0x00007fff2756f000 	/System/Library/Frameworks/CoreVideo.framework/Versions/A/CoreVideo
0x00007fff2bd2b000 	/System/Library/Frameworks/VideoToolbox.framework/Versions/A/VideoToolbox
0x00007fff26423000 	/System/Library/PrivateFrameworks/BaseBoard.framework/Versions/A/BaseBoard
0x00007fff2b470000 	/System/Library/PrivateFrameworks/PersistentConnection.framework/Versions/A/PersistentConnection
0x00007fff261c3000 	/System/Library/PrivateFrameworks/ProtocolBuffer.framework/Versions/A/ProtocolBuffer
0x00007fff2640b000 	/System/Library/PrivateFrameworks/CommonUtilities.framework/Versions/A/CommonUtilities
0x00007fff2bb89000 	/System/Library/PrivateFrameworks/Bom.framework/Versions/A/Bom
0x00007fff2bf5e000 	/System/Library/PrivateFrameworks/GPUWrangler.framework/Versions/A/GPUWrangler
0x00007fff2bf41000 	/System/Library/PrivateFrameworks/IOPresentment.framework/Versions/A/IOPresentment
0x00007fff2bf6a000 	/System/Library/PrivateFrameworks/DSExternalDisplay.framework/Versions/A/DSExternalDisplay
0x00007fff2bfca000 	/System/Library/PrivateFrameworks/CMCaptureCore.framework/Versions/A/CMCaptureCore
0x00007fff2b90c000 	/System/Library/PrivateFrameworks/AppServerSupport.framework/Versions/A/AppServerSupport
0x00007fff2d9a5000 	/System/Library/PrivateFrameworks/perfdata.framework/Versions/A/perfdata
0x00007fff29eda000 	/System/Library/PrivateFrameworks/AssertionServices.framework/Versions/A/AssertionServices
0x00007fff219c5000 	/System/Library/PrivateFrameworks/AudioToolboxCore.framework/Versions/A/AudioToolboxCore
0x00007fff286c8000 	/System/Library/PrivateFrameworks/caulk.framework/Versions/A/caulk
0x00007fff3ce6a000 	/System/Library/PrivateFrameworks/SystemPolicy.framework/Versions/A/SystemPolicy
0x00007fff2b13a000 	/usr/lib/libIOReport.dylib
0x00007fff2d1e1000 	/usr/lib/libSMC.dylib
0x00007fff2be8a000 	/usr/lib/libAudioToolboxUtility.dylib
0x00007fff3d7c7000 	/usr/lib/libmis.dylib
0x00007fff6bb85000 	/System/Library/Frameworks/OpenGL.framework/Versions/A/Libraries/libGLU.dylib
0x00007fff6bb48000 	/System/Library/Frameworks/OpenGL.framework/Versions/A/Libraries/libGFXShared.dylib
0x00007fff6bd56000 	/System/Library/Frameworks/OpenGL.framework/Versions/A/Libraries/libGL.dylib
0x00007fff6bb51000 	/System/Library/Frameworks/OpenGL.framework/Versions/A/Libraries/libGLImage.dylib
0x00007fff6bb45000 	/System/Library/Frameworks/OpenGL.framework/Versions/A/Libraries/libCVMSPluginSupport.dylib
0x00007fff6bb30000 	/System/Library/Frameworks/OpenGL.framework/Versions/A/Libraries/libCoreVMClient.dylib
0x00007fff6d1a0000 	/System/Library/Frameworks/OpenCL.framework/Versions/A/OpenCL
0x00007fff2b499000 	/System/Library/PrivateFrameworks/GraphVisualizer.framework/Versions/A/GraphVisualizer
0x00007fff2b4a8000 	/System/Library/PrivateFrameworks/FaceCore.framework/Versions/A/FaceCore
0x00007fff2b8c4000 	/System/Library/PrivateFrameworks/OTSVG.framework/Versions/A/OTSVG
0x00007fff27164000 	/System/Library/Frameworks/ApplicationServices.framework/Versions/A/Frameworks/ATS.framework/Versions/A/Resources/libFontRegistry.dylib
0x00007fff2b913000 	/System/Library/PrivateFrameworks/FontServices.framework/libhvf.dylib
0x00007fff2b2d7000 	/System/Library/PrivateFrameworks/AppleVA.framework/Versions/A/AppleVA
0x00007fff2d029000 	/System/Library/Frameworks/ApplicationServices.framework/Versions/A/Frameworks/ATS.framework/Versions/A/ATS
0x00007fff2d33c000 	/System/Library/Frameworks/ApplicationServices.framework/Versions/A/Frameworks/ColorSyncLegacy.framework/Versions/A/ColorSyncLegacy
0x00007fff259a1000 	/System/Library/Frameworks/ApplicationServices.framework/Versions/A/Frameworks/HIServices.framework/Versions/A/HIServices
0x00007fff2d321000 	/System/Library/Frameworks/ApplicationServices.framework/Versions/A/Frameworks/LangAnalysis.framework/Versions/A/LangAnalysis
0x00007fff2bfd4000 	/System/Library/Frameworks/ApplicationServices.framework/Versions/A/Frameworks/PrintCore.framework/Versions/A/PrintCore
0x00007fff2d344000 	/System/Library/Frameworks/ApplicationServices.framework/Versions/A/Frameworks/QD.framework/Versions/A/QD
0x00007fff2d019000 	/System/Library/Frameworks/ApplicationServices.framework/Versions/A/Frameworks/SpeechSynthesis.framework/Versions/A/SpeechSynthesis
0x00007fff2bf95000 	/System/Library/Frameworks/ApplicationServices.framework/Versions/A/Frameworks/ATSUI.framework/Versions/A/ATSUI
0x00007fff2d2c1000 	/usr/lib/libcups.2.dylib
0x00007fff2d331000 	/System/Library/PrivateFrameworks/NetAuth.framework/Versions/A/NetAuth
0x00007fff2d9c0000 	/System/Library/Frameworks/Kerberos.framework/Versions/A/Kerberos
0x00007fff2d9d0000 	/System/Library/Frameworks/GSS.framework/Versions/A/GSS
0x00007fff2d096000 	/usr/lib/libresolv.9.dylib
0x00007fff2b929000 	/System/Library/PrivateFrameworks/Heimdal.framework/Versions/A/Heimdal
0x00007fff336a0000 	/System/Library/Frameworks/Kerberos.framework/Versions/A/Libraries/libHeimdalProxy.dylib
0x00007fff26570000 	/System/Library/Frameworks/Network.framework/Versions/A/Network
0x00007fff2b345000 	/usr/lib/libheimdal-asn1.dylib
0x00007fff2da21000 	/System/Library/PrivateFrameworks/CommonAuth.framework/Versions/A/CommonAuth
0x00007fff275bd000 	/System/Library/PrivateFrameworks/login.framework/Versions/A/Frameworks/loginsupport.framework/Versions/A/loginsupport
0x00007fff2cfa0000 	/System/Library/PrivateFrameworks/AudioSession.framework/Versions/A/AudioSession
0x00007fff2d006000 	/usr/lib/libAudioStatistics.dylib
0x00007fff2b3d1000 	/System/Library/PrivateFrameworks/MediaExperience.framework/Versions/A/MediaExperience
0x00007fff2ce39000 	/System/Library/PrivateFrameworks/AudioSession.framework/libSessionUtility.dylib
0x00007fff2d9b1000 	/usr/lib/libperfcheck.dylib
0x00007fff2d350000 	/System/Library/PrivateFrameworks/AudioResourceArbitration.framework/Versions/A/AudioResourceArbitration
0x00007fff2b34f000 	/System/Library/PrivateFrameworks/IconFoundation.framework/Versions/A/IconFoundation
0x00007fff2fe59000 	/System/Library/PrivateFrameworks/SpeechRecognitionCore.framework/Versions/A/SpeechRecognitionCore
0x00007fff58045000 	/System/Library/CoreServices/Encodings/libLatin5Converter.dylib
0x000000010d800000 	/Users/macbook/Library/Java/JavaVirtualMachines/openjdk-21.0.1/Contents/Home/lib/server/libjvm.dylib
0x000000010b2e2000 	/Users/macbook/Library/Java/JavaVirtualMachines/openjdk-21.0.1/Contents/Home/lib/libjimage.dylib
0x000000010b2f2000 	/Users/macbook/Library/Java/JavaVirtualMachines/openjdk-21.0.1/Contents/Home/lib/libinstrument.dylib
0x000000010b306000 	/Users/macbook/Library/Java/JavaVirtualMachines/openjdk-21.0.1/Contents/Home/lib/libjava.dylib
0x000000010b790000 	/Users/macbook/Library/Java/JavaVirtualMachines/openjdk-21.0.1/Contents/Home/lib/libzip.dylib
0x000000010b7a4000 	/Users/macbook/Library/Java/JavaVirtualMachines/openjdk-21.0.1/Contents/Home/lib/libnio.dylib
0x000000010b7c0000 	/Users/macbook/Library/Java/JavaVirtualMachines/openjdk-21.0.1/Contents/Home/lib/libnet.dylib
0x000000010b7d4000 	/Users/macbook/Library/Java/JavaVirtualMachines/openjdk-21.0.1/Contents/Home/lib/libextnet.dylib
0x000000010b7e4000 	/Users/macbook/Library/Java/JavaVirtualMachines/openjdk-21.0.1/Contents/Home/lib/libmanagement.dylib
0x0000000111ca0000 	/Users/macbook/Library/Java/JavaVirtualMachines/openjdk-21.0.1/Contents/Home/lib/libmanagement_ext.dylib
0x0000000111cb0000 	/Users/macbook/Library/Java/JavaVirtualMachines/openjdk-21.0.1/Contents/Home/lib/libverify.dylib


VM Arguments:
jvm_args: -javaagent:/Applications/IntelliJ IDEA CE.app/Contents/lib/idea_rt.jar=51208:/Applications/IntelliJ IDEA CE.app/Contents/bin -Dfile.encoding=UTF-8 -Dsun.stdout.encoding=UTF-8 -Dsun.stderr.encoding=UTF-8 
java_command: com.autorent.rentacar.RentacarApplication
java_class_path (initial): /Users/macbook/Documents/GitHub/rentacar/target/classes:/Users/macbook/.m2/repository/org/springframework/boot/spring-boot-starter-data-jpa/3.3.4/spring-boot-starter-data-jpa-3.3.4.jar:/Users/macbook/.m2/repository/org/springframework/boot/spring-boot-starter-aop/3.3.4/spring-boot-starter-aop-3.3.4.jar:/Users/macbook/.m2/repository/org/aspectj/aspectjweaver/1.9.22.1/aspectjweaver-1.9.22.1.jar:/Users/macbook/.m2/repository/org/springframework/boot/spring-boot-starter-jdbc/3.3.4/spring-boot-starter-jdbc-3.3.4.jar:/Users/macbook/.m2/repository/com/zaxxer/HikariCP/5.1.0/HikariCP-5.1.0.jar:/Users/macbook/.m2/repository/org/springframework/spring-jdbc/6.1.13/spring-jdbc-6.1.13.jar:/Users/macbook/.m2/repository/org/hibernate/orm/hibernate-core/6.5.3.Final/hibernate-core-6.5.3.Final.jar:/Users/macbook/.m2/repository/jakarta/persistence/jakarta.persistence-api/3.1.0/jakarta.persistence-api-3.1.0.jar:/Users/macbook/.m2/repository/jakarta/transaction/jakarta.transaction-api/2.0.1/jakarta.transaction-api-2.0.1.jar:/Users/macbook/.m2/repository/org/jboss/logging/jboss-logging/3.5.3.Final/jboss-logging-3.5.3.Final.jar:/Users/macbook/.m2/repository/org/hibernate/common/hibernate-commons-annotations/6.0.6.Final/hibernate-commons-annotations-6.0.6.Final.jar:/Users/macbook/.m2/repository/io/smallrye/jandex/3.1.2/jandex-3.1.2.jar:/Users/macbook/.m2/repository/com/fasterxml/classmate/1.7.0/classmate-1.7.0.jar:/Users/macbook/.m2/repository/net/bytebuddy/byte-buddy/1.14.19/byte-buddy-1.14.19.jar:/Users/macbook/.m2/repository/org/glassfish/jaxb/jaxb-runtime/4.0.5/jaxb-runtime-4.0.5.jar:/Users/macbook/.m2/repository/org/glassfish/jaxb/jaxb-core/4.0.5/jaxb-core-4.0.5.jar:/Users/macbook/.m2/repository/org/eclipse/angus/angus-activation/2.0.2/angus-activation-2.0.2.jar:/Users/macbook/.m2/repository/org/glassfish/jaxb/txw2/4.0.5/txw2-4.0.5.jar:/Users/macbook/.m2/repository/com/sun/istack/istack-commons-runtime/4.1.2/istack-commons-runtime-4.1.2.jar:/Users/macbook/.m2/repository/jakarta/inject/jakarta.inject-api/2.0.1/jakarta.inject-api-2.0.1.jar:/Users/macbook/.m2/repository/org/antlr/antlr4-runtime/4.13.0/antlr4-runtime-4.13.0.jar:/Users/macbook/.m2/repository/org/springframework/data/spring-data-jpa/3.3.4/spring-data-jpa-3.3.4.jar:/Users/macbook/.m2/repository/org/springframework/data/spring-data-commons/3.3.4/spring-data-commons-3.3.4.jar:/Users/macbook/.m2/repository/org/springframework/spring-orm/6.1.13/spring-orm-6.1.13.jar:/Users/macbook/.m2/repository/org/springframework/spring-context/6.1.13/spring-context-6.1.13.jar:/Users/macbook/.m2/repository/org/springframework/spring-tx/6.1.13/spring-tx-6.1.13.jar:/Users/macbook/.m2/repository/org/springframework/spring-beans/6.1.13/spring-beans-6.1.13.jar:/Users/macbook/.m2/repository/jakarta/annotation/jakarta.annotation-api/2.1.1/jakarta.annotation-api-2.1.1.jar:/Users/macbook/.m2/repository/org/slf4j/slf4j-api/2.0.16/slf4j-api-2.0.16.jar:/Users/macbook/.m2/repository/org/springframework/spring-aspects/6.1.13/spring-aspects-6.1.13.jar:/Users/macbook/.m2/repository/org/springframework/boot/spring-boot-starter-security/3.3.4/spring-boot-starter-security-3.3.4.jar:/Users/macbook/.m2/repository/org/springframework/boot/spring-boot-starter/3.3.4/spring-boot-starter-3.3.4.jar:/Users/macbook/.m2/repository/org/springframework/boot/spring-boot-starter-logging/3.3.4/spring-boot-starter-logging-3.3.4.jar:/Users/macbook/.m2/repository/ch/qos/logback/logback-classic/1.5.8/logback-classic-1.5.8.jar:/Users/macbook/.m2/repository/ch/qos/logback/logback-core/1.5.8/logback-core-1.5.8.jar:/Users/macbook/.m2/repository/org/apache/logging/log4j/log4j-to-slf4j/2.23.1/log4j-to-slf4j-2.23.1.jar:/Users/macbook/.m2/repository/org/apache/logging/log4j/log4j-api/2.23.1/log4j-api-2.23.1.jar:/Users/macbook/.m2/repository/org/slf4j/jul-to-slf4j/2.0.16/jul-to-slf4j-2.0.16.jar:/Users/macbook/.m2/repository/org/yaml/snakeyaml/2.2/snakeyaml-2.2.jar:/Users/macbook/.m2/repository/org/springframework/spring-aop/6.1.13/spring-aop-6.1.13.jar:/Users/macbook/.m2/repository/org/springframework/security/spring-security-config/6.3.3/spring-security-config-6.3.3.jar:/Users/macbook/.m2/repository/org/springframework/security/spring-security-web/6.3.3/spring-security-web-6.3.3.jar:/Users/macbook/.m2/repository/org/springframework/spring-expression/6.1.13/spring-expression-6.1.13.jar:/Users/macbook/.m2/repository/org/springframework/boot/spring-boot-starter-web/3.3.4/spring-boot-starter-web-3.3.4.jar:/Users/macbook/.m2/repository/org/springframework/boot/spring-boot-starter-json/3.3.4/spring-boot-starter-json-3.3.4.jar:/Users/macbook/.m2/repository/com/fasterxml/jackson/core/jackson-databind/2.17.2/jackson-databind-2.17.2.jar:/Users/macbook/.m2/repository/com/fasterxml/jackson/core/jackson-annotations/2.17.2/jackson-annotations-2.17.2.jar:/Users/macbook/.m2/repository/com/fasterxml/jackson/core/jackson-core/2.17.2/jackson-core-2.17.2.jar:/Users/macbook/.m2/repository/com/fasterxml/jackson/datatype/jackson-datatype-jdk8/2.17.2/jackson-datatype-jdk8-2.17.2.jar:/Users/macbook/.m2/repository/com/fasterxml/jackson/datatype/jackson-datatype-jsr310/2.17.2/jackson-datatype-jsr310-2.17.2.jar:/Users/macbook/.m2/repository/com/fasterxml/jackson/module/jackson-module-parameter-names/2.17.2/jackson-module-parameter-names-2.17.2.jar:/Users/macbook/.m2/repository/org/springframework/boot/spring-boot-starter-tomcat/3.3.4/spring-boot-starter-tomcat-3.3.4.jar:/Users/macbook/.m2/repository/org/apache/tomcat/embed/tomcat-embed-core/10.1.30/tomcat-embed-core-10.1.30.jar:/Users/macbook/.m2/repository/org/apache/tomcat/embed/tomcat-embed-el/10.1.30/tomcat-embed-el-10.1.30.jar:/Users/macbook/.m2/repository/org/apache/tomcat/embed/tomcat-embed-websocket/10.1.30/tomcat-embed-websocket-10.1.30.jar:/Users/macbook/.m2/repository/org/springframework/spring-web/6.1.13/spring-web-6.1.13.jar:/Users/macbook/.m2/repository/io/micrometer/micrometer-observation/1.13.4/micrometer-observation-1.13.4.jar:/Users/macbook/.m2/repository/io/micrometer/micrometer-commons/1.13.4/micrometer-commons-1.13.4.jar:/Users/macbook/.m2/repository/org/springframework/spring-webmvc/6.1.13/spring-webmvc-6.1.13.jar:/Users/macbook/.m2/repository/org/springframework/boot/spring-boot-devtools/3.3.4/spring-boot-devtools-3.3.4.jar:/Users/macbook/.m2/repository/org/springframework/boot/spring-boot/3.3.4/spring-boot-3.3.4.jar:/Users/macbook/.m2/repository/org/springframework/boot/spring-boot-autoconfigure/3.3.4/spring-boot-autoconfigure-3.3.4.jar:/Users/macbook/.m2/repository/org/postgresql/postgresql/42.7.4/postgresql-42.7.4.jar:/Users/macbook/.m2/repository/org/checkerframework/checker-qual/3.42.0/checker-qual-3.42.0.jar:/Users/macbook/.m2/repository/org/projectlombok/lombok/1.18.34/lombok-1.18.34.jar:/Users/macbook/.m2/repository/jakarta/xml/bind/jakarta.xml.bind-api/4.0.2/jakarta.xml.bind-api-4.0.2.jar:/Users/macbook/.m2/repository/jakarta/activation/jakarta.activation-api/2.1.3/jakarta.activation-api-2.1.3.jar:/Users/macbook/.m2/repository/org/springframework/spring-core/6.1.13/spring-core-6.1.13.jar:/Users/macbook/.m2/repository/org/springframework/spring-jcl/6.1.13/spring-jcl-6.1.13.jar:/Users/macbook/.m2/repository/org/springframework/security/spring-security-core/6.3.3/spring-security-core-6.3.3.jar:/Users/macbook/.m2/repository/org/springframework/security/spring-security-crypto/6.3.3/spring-security-crypto-6.3.3.jar:/Users/macbook/.m2/repository/org/springdoc/springdoc-openapi-starter-webmvc-ui/2.5.0/springdoc-openapi-starter-webmvc-ui-2.5.0.jar:/Users/macbook/.m2/repository/org/springdoc/springdoc-openapi-starter-webmvc-api/2.5.0/springdoc-openapi-starter-webmvc-api-2.5.0.jar:/Users/macbook/.m2/repository/org/springdoc/springdoc-openapi-starter-common/2.5.0/springdoc-openapi-starter-common-2.5.0.jar:/Users/macbook/.m2/repository/io/swagger/core/v3/swagger-core-jakarta/2.2.21/swagger-core-jakarta-2.2.21.jar:/Users/macbook/.m2/repository/org/apache/commons/commons-lang3/3.14.0/commons-lang3-3.14.0.jar:/Users/macbook/.m2/repository/io/swagger/core/v3/swagger-annotations-jakarta/2.2.21/swagger-annotations-jakarta-2.2.21.jar:/Users/macbook/.m2/repository/io/swagger/core/v3/swagger-models-jakarta/2.2.21/swagger-models-jakarta-2.2.21.jar:/Users/macbook/.m2/repository/jakarta/validation/jakarta.validation-api/3.0.2/jakarta.validation-api-3.0.2.jar:/Users/macbook/.m2/repository/com/fasterxml/jackson/dataformat/jackson-dataformat-yaml/2.17.2/jackson-dataformat-yaml-2.17.2.jar:/Users/macbook/.m2/repository/org/webjars/swagger-ui/5.13.0/swagger-ui-5.13.0.jar:/Users/macbook/.m2/repository/io/jsonwebtoken/jjwt/0.12.5/jjwt-0.12.5.jar:/Users/macbook/.m2/repository/io/jsonwebtoken/jjwt-api/0.12.5/jjwt-api-0.12.5.jar:/Users/macbook/.m2/repository/io/jsonwebtoken/jjwt-impl/0.12.5/jjwt-impl-0.12.5.jar:/Users/macbook/.m2/repository/io/jsonwebtoken/jjwt-jackson/0.12.5/jjwt-jackson-0.12.5.jar:/Users/macbook/.m2/repository/org/mapstruct/mapstruct/1.5.5.Final/mapstruct-1.5.5.Final.jar:/Users/macbook/.m2/repository/org/mapstruct/mapstruct-processor/1.5.5.Final/mapstruct-processor-1.5.5.Final.jar
Launcher Type: SUN_STANDARD

[Global flags]
     intx CICompilerCount                          = 3                                         {product} {ergonomic}
     uint ConcGCThreads                            = 1                                         {product} {ergonomic}
     uint G1ConcRefinementThreads                  = 4                                         {product} {ergonomic}
   size_t G1HeapRegionSize                         = 1048576                                   {product} {ergonomic}
    uintx GCDrainStackTargetSize                   = 64                                        {product} {ergonomic}
   size_t InitialHeapSize                          = 67108864                                  {product} {ergonomic}
   size_t MarkStackSize                            = 4194304                                   {product} {ergonomic}
   size_t MaxHeapSize                              = 1073741824                                {product} {ergonomic}
   size_t MaxNewSize                               = 643825664                                 {product} {ergonomic}
   size_t MinHeapDeltaBytes                        = 1048576                                   {product} {ergonomic}
   size_t MinHeapSize                              = 8388608                                   {product} {ergonomic}
    uintx NonNMethodCodeHeapSize                   = 5832780                                {pd product} {ergonomic}
    uintx NonProfiledCodeHeapSize                  = 122912730                              {pd product} {ergonomic}
    uintx ProfiledCodeHeapSize                     = 122912730                              {pd product} {ergonomic}
    uintx ReservedCodeCacheSize                    = 251658240                              {pd product} {ergonomic}
     bool SegmentedCodeCache                       = true                                      {product} {ergonomic}
   size_t SoftMaxHeapSize                          = 1073741824                             {manageable} {ergonomic}
     bool UseCompressedOops                        = true                           {product lp64_product} {ergonomic}
     bool UseG1GC                                  = true                                      {product} {ergonomic}
     bool UseNUMA                                  = false                                     {product} {ergonomic}
     bool UseNUMAInterleaving                      = false                                     {product} {ergonomic}

Logging:
Log output configuration:
 #0: stdout all=warning uptime,level,tags foldmultilines=false
 #1: stderr all=off uptime,level,tags foldmultilines=false

Environment Variables:
PATH=/usr/local/bin:/usr/bin:/bin:/usr/sbin:/sbin
SHELL=/bin/zsh
LC_CTYPE=tr_TR.UTF-8
TMPDIR=/var/folders/yn/mjsqfk5x02l160hpbybc80ch0000gn/T/

Active Locale:
LC_ALL=C/tr_TR.UTF-8/C/C/C/C
LC_COLLATE=C
LC_CTYPE=tr_TR.UTF-8
LC_MESSAGES=C
LC_MONETARY=C
LC_NUMERIC=C
LC_TIME=C

Signal Handlers:
   SIGSEGV: crash_handler in libjvm.dylib, mask=11100110000111110111111111111111, flags=SA_ONSTACK|SA_RESTART|SA_SIGINFO, unblocked
    SIGBUS: crash_handler in libjvm.dylib, mask=11100110000111110111111111111111, flags=SA_RESTART|SA_SIGINFO, unblocked
    SIGFPE: crash_handler in libjvm.dylib, mask=11100110000111110111111111111111, flags=SA_RESTART|SA_SIGINFO, unblocked
   SIGPIPE: javaSignalHandler in libjvm.dylib, mask=11100110000111110111111111111111, flags=SA_RESTART|SA_SIGINFO, blocked
   SIGXFSZ: javaSignalHandler in libjvm.dylib, mask=11100110000111110111111111111111, flags=SA_RESTART|SA_SIGINFO, blocked
    SIGILL: crash_handler in libjvm.dylib, mask=11100110000111110111111111111111, flags=SA_RESTART|SA_SIGINFO, unblocked
   SIGUSR2: SR_handler in libjvm.dylib, mask=00000000000000000000000000000000, flags=SA_RESTART|SA_SIGINFO, blocked
    SIGHUP: UserHandler in libjvm.dylib, mask=11100110000111110111111111111111, flags=SA_RESTART|SA_SIGINFO, blocked
    SIGINT: UserHandler in libjvm.dylib, mask=11100110000111110111111111111111, flags=SA_RESTART|SA_SIGINFO, blocked
   SIGTERM: UserHandler in libjvm.dylib, mask=11100110000111110111111111111111, flags=SA_RESTART|SA_SIGINFO, blocked
   SIGQUIT: UserHandler in libjvm.dylib, mask=11100110000111110111111111111111, flags=SA_RESTART|SA_SIGINFO, blocked
   SIGTRAP: crash_handler in libjvm.dylib, mask=11100110000111110111111111111111, flags=SA_RESTART|SA_SIGINFO, unblocked


Periodic native trim disabled

---------------  S Y S T E M  ---------------

OS:
uname: Darwin 20.6.0 Darwin Kernel Version 20.6.0: Thu Jul  6 22:12:47 PDT 2023; root:xnu-7195.141.49.702.12~1/RELEASE_X86_64 x86_64
OS uptime: 0 days 0:24 hours
rlimit (soft/hard): STACK 8192k/65532k , CORE 0k/infinity , NPROC 1392/2088 , NOFILE 10240/infinity , AS infinity/infinity , CPU infinity/infinity , DATA infinity/infinity , FSIZE infinity/infinity , MEMLOCK infinity/infinity , RSS infinity/infinity
load average: 18.11 12.01 12.60

CPU: total 4 (initial active 4) (2 cores per cpu, 2 threads per core) family 6 model 69 stepping 1 microcode 0x26, cx8, cmov, fxsr, ht, mmx, sse, sse2, sse3, ssse3, sse4.1, sse4.2, popcnt, lzcnt, tsc, tscinvbit, avx, avx2, aes, erms, clmul, bmi1, bmi2, fma, vzeroupper, clflush, rdtscp, f16c
machdep.cpu.brand_string:Intel(R) Core(TM) i5-4260U CPU @ 1.40GHz
hw.cpufrequency:1400000000
hw.cpufrequency_min:1400000000
hw.cpufrequency_max:1400000000
hw.cachelinesize:64
hw.l1icachesize:32768
hw.l1dcachesize:32768
hw.l2cachesize:262144
hw.l3cachesize:3145728

Memory: 4k page, physical 4194304k(16856k free), swap 2097152k(912896k free)

vm_info: OpenJDK 64-Bit Server VM (21.0.1+12-29) for bsd-amd64 JRE (21.0.1+12-29), built on 2023-10-05T13:27:09Z by "mach5one" with clang Apple LLVM 12.0.0 (clang-1200.0.32.29)

END.
