#
# A fatal error has been detected by the Java Runtime Environment:
#
#  SIGSEGV (0xb) at pc=0x00000001054ed022, pid=8761, tid=25347
#
# JRE version: OpenJDK Runtime Environment (21.0.1+12) (build 21.0.1+12-29)
# Java VM: OpenJDK 64-Bit Server VM (21.0.1+12-29, mixed mode, sharing, tiered, compressed oops, compressed class ptrs, g1 gc, bsd-amd64)
# Problematic frame:
# V  [libjvm.dylib+0x4ed022]  G1ParScanThreadState::do_copy_to_survivor_space(G1HeapRegionAttr, oopDesc*, markWord)+0x72
#
# No core dump will be written. Core dumps have been disabled. To enable core dumping, try "ulimit -c unlimited" before starting Java again
#
# If you would like to submit a bug report, please visit:
#   https://bugreport.java.com/bugreport/crash.jsp
#

---------------  S U M M A R Y ------------

Command Line: -javaagent:/Applications/IntelliJ IDEA CE.app/Contents/lib/idea_rt.jar=61840:/Applications/IntelliJ IDEA CE.app/Contents/bin -Dfile.encoding=UTF-8 -Dsun.stdout.encoding=UTF-8 -Dsun.stderr.encoding=UTF-8 com.autorent.rentacar.RentacarApplication

Host: "MacBookAir6,2" x86_64 1400 MHz, 4 cores, 4G, Darwin 20.6.0, macOS 11.7.10 (20G1427)
Time: Wed Oct 23 10:35:19 2024 +03 elapsed time: 1560.136741 seconds (0d 0h 26m 0s)

---------------  T H R E A D  ---------------

Current thread (0x00007ff0be304490):  WorkerThread "GC Thread#2"    [id=25347, stack(0x000070000c777000,0x000070000c877000) (1024K)]

Stack: [0x000070000c777000,0x000070000c877000],  sp=0x000070000c876b60,  free space=1022k
Native frames: (J=compiled Java code, j=interpreted, Vv=VM code, C=native code)
V  [libjvm.dylib+0x4ed022]  G1ParScanThreadState::do_copy_to_survivor_space(G1HeapRegionAttr, oopDesc*, markWord)+0x72
V  [libjvm.dylib+0x4ec341]  G1ParScanThreadState::trim_queue_to_threshold(unsigned int)+0x491
V  [libjvm.dylib+0x4f8c52]  G1ScanHRForRegionClosure::scan_memregion(unsigned int, MemRegion)+0xd2
V  [libjvm.dylib+0x4f8b10]  G1ScanHRForRegionClosure::scan_heap_roots(HeapRegion*)+0x370
V  [libjvm.dylib+0x4f8780]  G1ScanHRForRegionClosure::do_heap_region(HeapRegion*)+0x50
V  [libjvm.dylib+0x4f7388]  G1RemSet::scan_heap_roots(G1ParScanThreadState*, unsigned int, G1GCPhaseTimes::GCParPhases, G1GCPhaseTimes::GCParPhases, bool)+0x148
V  [libjvm.dylib+0x50f2a8]  G1EvacuateRegionsTask::scan_roots(G1ParScanThreadState*, unsigned int)+0x48
V  [libjvm.dylib+0x50f155]  G1EvacuateRegionsBaseTask::work(unsigned int)+0x75
V  [libjvm.dylib+0xbaacfc]  WorkerThread::run()+0x7c
V  [libjvm.dylib+0xae0af5]  Thread::call_run()+0xa5
V  [libjvm.dylib+0x93cf47]  thread_native_entry(Thread*)+0x147
C  [libsystem_pthread.dylib+0x68fc]  _pthread_start+0xe0
C  [libsystem_pthread.dylib+0x2443]  thread_start+0xf

siginfo: si_signo: 11 (SIGSEGV), si_code: 1 (SEGV_MAPERR), si_addr: 0x0000000000000100

Registers:
RAX=0x0000000000000000, RBX=0x0000000125000000, RCX=0x0000000000000000, RDX=0x0000000105e0b940
RSP=0x000070000c876b60, RBP=0x000070000c876bd0, RSI=0x00000007c2712668, RDI=0x0000000125000000
R8 =0x0000000000000003, R9 =0x00000007c2712668, R10=0x0101010101010101, R11=0x0000000000441240
R12=0x0000000000000000, R13=0x0000000000000000, R14=0x0000000000000001, R15=0x00007ff0c0ca3200
RIP=0x00000001054ed022, EFLAGS=0x0000000000010246, ERR=0x0000000000000004
  TRAPNO=0x000000000000000e


Register to memory mapping:

RAX=0x0 is null
RBX=0x0000000125000000 is pointing into metadata
RCX=0x0 is null
RDX=0x0000000105e0b940: _ZN23CompressedKlassPointers13_narrow_klassE+0 in /Users/macbook/Library/Java/JavaVirtualMachines/openjdk-21.0.1/Contents/Home/lib/server/libjvm.dylib at 0x0000000105000000
RSP=0x000070000c876b60 points into unknown readable memory: 0x0000000000000000 | 00 00 00 00 00 00 00 00
RBP=0x000070000c876bd0 points into unknown readable memory: 0x000070000c876c20 | 20 6c 87 0c 00 70 00 00
RSI=
[error occurred during error reporting (printing register info), id 0xb, SIGSEGV (0xb) at pc=0x000000010549bad0]
RDI=0x0000000125000000 is pointing into metadata
R8 =0x0000000000000003 is an unknown value
R9 =
[error occurred during error reporting (printing register info, attempt 2), id 0xb, SIGSEGV (0xb) at pc=0x000000010549bad0]
R10=0x0101010101010101 is an unknown value
R11=0x0000000000441240 is an unknown value
R12=0x0 is null
R13=0x0 is null
R14=0x0000000000000001 is an unknown value
R15=0x00007ff0c0ca3200 points into unknown readable memory: 0x0000000105de32a0 | a0 32 de 05 01 00 00 00

Top of Stack: (sp=0x000070000c876b60)
0x000070000c876b60:   0000000000000000 00007ff0bb5153e0
0x000070000c876b70:   00000001c2b4935c 0000000125040ce8
0x000070000c876b80:   00007ff0c0ca3200 0000000000000009
0x000070000c876b90:   0000000000000009 00000007c2712668
0x000070000c876ba0:   000170000c876bd0 00000007c2b53880
0x000070000c876bb0:   00007ff0c0ca3200 00007ff0bb713520
0x000070000c876bc0:   0000000000000040 0000016b3c346795
0x000070000c876bd0:   000070000c876c20 00000001054ec341
0x000070000c876be0:   000070000c876bf0 000000400593d3b9
0x000070000c876bf0:   00007ff0c0ca3218 00007ff0c0ca3200
0x000070000c876c00:   000002d6764a4870 000070000c876de8
0x000070000c876c10:   00000007c06e4a00 0000016b3c346795
0x000070000c876c20:   000070000c876c80 00000001054f8c52
0x000070000c876c30:   0000000105de36d8 0000000000000000
0x000070000c876c40:   00007ff0bd809000 00007ff0c0ca3200
0x000070000c876c50:   000070000c876de8 00000001064a3740
0x000070000c876c60:   00000007c06e4800 00000001064a3725
0x000070000c876c70:   0000000000000001 00007ff0bb7144c0
0x000070000c876c80:   000070000c876d00 00000001054f8b10
0x000070000c876c90:   0000000000000018 00007ff0be304830
0x000070000c876ca0:   00007ff0bb555ef0 00000000000003d8
0x000070000c876cb0:   00007ff0bb555f00 00007ff0bb5562d8
0x000070000c876cc0:   0000000000000000 000070000c876d98
0x000070000c876cd0:   0000000000000006 000070000c876d98
0x000070000c876ce0:   00007ff0bb7144c0 0000000000000011
0x000070000c876cf0:   00007ff0bb50e060 000070000c876d18
0x000070000c876d00:   000070000c876d60 00000001054f8780
0x000070000c876d10:   000070000c876e60 00007ff0c0ca3200
0x000070000c876d20:   0000016b3c17a0bf 000002d67610b9f3
0x000070000c876d30:   000070000c876df0 000070000c876e00
0x000070000c876d40:   0000700000000000 0000000000000016
0x000070000c876d50:   00007ff0bd809000 000070000c876d98 

Instructions: (pc=0x00000001054ed022)
0x00000001054ecf22:   00 44 39 00 74 0e eb 1b 48 8d 05 57 3a 96 00 44
0x00000001054ecf32:   39 00 76 0f 49 8d bf 00 02 00 00 4c 89 ce e8 8b
0x00000001054ecf42:   ea 51 00 31 c0 45 84 f6 0f 94 c0 41 89 87 a8 01
0x00000001054ecf52:   00 00 49 81 c7 88 01 00 00 48 63 43 0c 48 8d 0d
0x00000001054ecf62:   b2 03 92 00 4c 89 ff 4c 89 e6 48 89 da ff 14 c1
0x00000001054ecf72:   4d 89 e6 4c 89 f0 48 83 c4 48 5b 41 5c 41 5d 41
0x00000001054ecf82:   5e 41 5f 5d c3 90 10 fd ff ff 09 fd ff ff 00 fd
0x00000001054ecf92:   ff ff f7 fc ff ff ee fc ff ff e5 fc ff ff dc fc
0x00000001054ecfa2:   ff ff d3 fc ff ff ca fc ff ff 0f 1f 40 00 55 48
0x00000001054ecfb2:   89 e5 41 57 41 56 41 55 41 54 53 48 83 ec 48 49
0x00000001054ecfc2:   89 cc 49 89 d1 41 89 f6 49 89 ff 48 8d 05 9c 0d
0x00000001054ecfd2:   92 00 8a 00 84 c0 74 29 41 8b 59 08 48 8d 15 5b
0x00000001054ecfe2:   e9 91 00 8a 4a 08 48 d3 e3 48 03 1a 44 8b 6b 08
0x00000001054ecff2:   45 85 ed 4c 89 4d c8 7e 19 41 f6 c5 01 75 18 eb
0x00000001054ed002:   62 49 8b 59 08 44 8b 6b 08 45 85 ed 4c 89 4d c8
0x00000001054ed012:   7f e7 45 85 ed 78 18 48 8b 03 48 89 df 4c 89 ce
0x00000001054ed022:   ff 90 00 01 00 00 4c 8b 4d c8 49 89 c5 eb 38 31
0x00000001054ed032:   c9 84 c0 0f 94 c1 49 63 44 89 0c 44 89 e9 48 d3
0x00000001054ed042:   e0 41 c1 ed 10 41 0f b6 cd 48 01 c1 48 8d 05 03
0x00000001054ed052:   0b 92 00 48 63 00 48 8d 4c 08 ff f7 d8 4c 63 e8
0x00000001054ed062:   49 21 cd 49 c1 ed 03 4c 89 65 c0 41 0f b7 c6 3d
0x00000001054ed072:   ff 00 00 00 48 89 5d a8 89 45 a4 4c 89 65 b8 77
0x00000001054ed082:   64 44 89 e0 83 e0 03 48 8d 0d 7c 14 92 00 31 d2
0x00000001054ed092:   83 f8 02 0f 94 c2 31 c0 41 f6 c4 01 0f 94 c0 83
0x00000001054ed0a2:   39 02 0f 45 d0 4d 89 e0 80 fa 01 75 10 48 8d 7d
0x00000001054ed0b2:   c0 e8 f8 79 3b 00 4c 8b 4d c8 49 89 c0 41 c1 e8
0x00000001054ed0c2:   03 41 83 e0 0f 44 89 f2 81 e2 00 ff ff ff 31 c9
0x00000001054ed0d2:   45 3b 87 80 01 00 00 41 0f 42 ce b8 00 01 00 00
0x00000001054ed0e2:   0f 42 c2 eb 09 66 b8 00 01 45 31 c0 31 c9 09 c8
0x00000001054ed0f2:   66 89 45 d6 49 8b 57 08 4c 89 7d b0 49 8b 77 70
0x00000001054ed102:   48 8b ba 10 02 00 00 8a 8a 18 02 00 00 48 d3 e7
0x00000001054ed112:   48 8b 92 f8 01 00 00 4c 89 cb 48 29 fb 4c 8d 35 


Stack slot to memory mapping:

stack at sp + 0 slots: 0x0 is null
stack at sp + 1 slots: 0x00007ff0bb5153e0 points into unknown readable memory: 0x00000007c2700000 | 00 00 70 c2 07 00 00 00
stack at sp + 2 slots: 0x00000001c2b4935c is an unknown value
stack at sp + 3 slots: 0x0000000125040ce8 is a pointer to class: 
java.lang.ref.ReferenceQueue {0x0000000125040ce8}
 - instance size:     4
 - klass size:        74
 - access:            public synchronized 
 - flags:             rewritten has_nonstatic_fields is_shared_boot_class has_localvariable_table has_final_method 
 - state:             fully_initialized
 - name:              'java/lang/ref/ReferenceQueue'
 - super:             'java/lang/Object'
 - sub:               'net/bytebuddy/TypeCache'   'java/lang/ref/ReferenceQueue$Null'   'java/lang/ref/NativeReferenceQueue'   
 - arrays:            null
 - methods:           Array<T>(0x0000000125ba5a50)
 - method ordering:   Array<T>(0x0000000125ba5a08)
 - default_methods:   Array<T>(0x0000000000000000)
 - local interfaces:  Array<T>(0x0000000125620bb0)
 - trans. interfaces: Array<T>(0x0000000125620bb0)
 - constants:         constant pool [183] {0x0000000125861f20} for 'java/lang/ref/ReferenceQueue' cache=0x000000012519fd88
 - class loader data:  loader data: 0x00007ff0bb51f860 of 'bootstrap'
 - source file:       'ReferenceQueue.java'
 - class annotations:       Array<T>(0x0000000000000000)
 - class type annotations:  Array<T>(0x0000000000000000)
 - field annotations:       Array<T>(0x0000000000000000)
 - field type annotations:  Array<T>(0x0000000000000000)
 - generic signature: '<T:Ljava/lang/Object;>Ljava/lang/Object;'
 - inner classes:     Array<T>(0x0000000125ba60a8)
 - nest members:     Array<T>(0x0000000125ba59c8)
 - permitted subclasses:     Array<T>(0x0000000125620b38)
 - java mirror:       a 'java/lang/Class'{0x00000007ffe8a078} = 'java/lang/ref/ReferenceQueue'
 - vtable length      13  (start addr: 0x0000000125040eb0)
 - itable length      2 (start addr: 0x0000000125040f18)
 - ---- static fields (2 words):
 - static final 'NULL' 'Ljava/lang/ref/ReferenceQueue;' @112 
 - static final 'ENQUEUED' 'Ljava/lang/ref/ReferenceQueue;' @116 
 - static final synthetic '$assertionsDisabled' 'Z' @120 
 - ---- non-static fields (5 words):
 - private volatile 'head' 'Ljava/lang/ref/Reference;' @12 
 - private 'queueLength' 'J' @16 
 - private final 'lock' 'Ljava/util/concurrent/locks/ReentrantLock;' @24 
 - private final 'notEmpty' 'Ljava/util/concurrent/locks/Condition;' @28 
 - non-static oop maps: 12-12 24-28 
stack at sp + 4 slots: 0x00007ff0c0ca3200 points into unknown readable memory: 0x0000000105de32a0 | a0 32 de 05 01 00 00 00
stack at sp + 5 slots: 0x0000000000000009 is an unknown value
stack at sp + 6 slots: 0x0000000000000009 is an unknown value
stack at sp + 7 slots: 
[error occurred during error reporting (inspecting top of stack), id 0xb, SIGSEGV (0xb) at pc=0x000000010549bad0]


---------------  P R O C E S S  ---------------

Threads class SMR info:
_java_thread_list=0x00007ff0bf35df60, length=30, elements={
0x00007ff0bc065800, 0x00007ff0bc068e00, 0x00007ff0bd82c200, 0x00007ff0bc808200,
0x00007ff0bb81ee00, 0x00007ff0bd82ca00, 0x00007ff0bc06a000, 0x00007ff0bd831600,
0x00007ff0bd833c00, 0x00007ff0bb812e00, 0x00007ff0bc1c0200, 0x00007ff0bc402e00,
0x00007ff0c29a5e00, 0x00007ff0bfaa8a00, 0x00007ff0c10f4e00, 0x00007ff0c293fa00,
0x00007ff0bba48400, 0x00007ff0bfabc400, 0x00007ff0c2942400, 0x00007ff0c2b3d400,
0x00007ff0c2b3dc00, 0x00007ff0c2b3e400, 0x00007ff0c2b41800, 0x00007ff0c2b42000,
0x00007ff0c2b42800, 0x00007ff0c2b43000, 0x00007ff0c2b43800, 0x00007ff0c2b4bc00,
0x00007ff0c11e0400, 0x00007ff0c2b4b000
}

Java Threads: ( => current thread )
  0x00007ff0bc065800 JavaThread "Reference Handler"          daemon [_thread_blocked, id=22531, stack(0x000070000ba50000,0x000070000bb50000) (1024K)]
  0x00007ff0bc068e00 JavaThread "Finalizer"                  daemon [_thread_blocked, id=22787, stack(0x000070000bb53000,0x000070000bc53000) (1024K)]
  0x00007ff0bd82c200 JavaThread "Signal Dispatcher"          daemon [_thread_blocked, id=23299, stack(0x000070000bc56000,0x000070000bd56000) (1024K)]
  0x00007ff0bc808200 JavaThread "Service Thread"             daemon [_thread_blocked, id=42499, stack(0x000070000bd59000,0x000070000be59000) (1024K)]
  0x00007ff0bb81ee00 JavaThread "Monitor Deflation Thread"   daemon [_thread_blocked, id=23555, stack(0x000070000be5c000,0x000070000bf5c000) (1024K)]
  0x00007ff0bd82ca00 JavaThread "C2 CompilerThread0"         daemon [_thread_blocked, id=24067, stack(0x000070000bf5f000,0x000070000c05f000) (1024K)]
  0x00007ff0bc06a000 JavaThread "C1 CompilerThread0"         daemon [_thread_blocked, id=41731, stack(0x000070000c062000,0x000070000c162000) (1024K)]
  0x00007ff0bd831600 JavaThread "Common-Cleaner"             daemon [_thread_blocked, id=41219, stack(0x000070000c165000,0x000070000c265000) (1024K)]
  0x00007ff0bd833c00 JavaThread "Monitor Ctrl-Break"         daemon [_thread_in_native, id=24579, stack(0x000070000c268000,0x000070000c368000) (1024K)]
  0x00007ff0bb812e00 JavaThread "Notification Thread"        daemon [_thread_blocked, id=40707, stack(0x000070000c36b000,0x000070000c46b000) (1024K)]
  0x00007ff0bc1c0200 JavaThread "PostgreSQL-JDBC-Cleaner"    daemon [_thread_blocked, id=25867, stack(0x000070000c97d000,0x000070000ca7d000) (1024K)]
  0x00007ff0bc402e00 JavaThread "HikariPool-1 housekeeper"   daemon [_thread_blocked, id=38659, stack(0x000070000ca80000,0x000070000cb80000) (1024K)]
  0x00007ff0c29a5e00 JavaThread "Catalina-utility-1"                [_thread_blocked, id=38147, stack(0x000070000cc86000,0x000070000cd86000) (1024K)]
  0x00007ff0bfaa8a00 JavaThread "Catalina-utility-2"                [_thread_blocked, id=27139, stack(0x000070000cd89000,0x000070000ce89000) (1024K)]
  0x00007ff0c10f4e00 JavaThread "container-0"                       [_thread_blocked, id=27651, stack(0x000070000ce8c000,0x000070000cf8c000) (1024K)]
  0x00007ff0c293fa00 JavaThread "File Watcher"               daemon [_thread_blocked, id=26631, stack(0x000070000cb83000,0x000070000cc83000) (1024K)]
  0x00007ff0bba48400 JavaThread "Live Reload Server"         daemon [_thread_in_native, id=37895, stack(0x000070000cf8f000,0x000070000d08f000) (1024K)]
  0x00007ff0bfabc400 JavaThread "http-nio-8080-exec-1"       daemon [_thread_blocked, id=37379, stack(0x000070000d092000,0x000070000d192000) (1024K)]
  0x00007ff0c2942400 JavaThread "http-nio-8080-exec-2"       daemon [_thread_blocked, id=28163, stack(0x000070000d195000,0x000070000d295000) (1024K)]
  0x00007ff0c2b3d400 JavaThread "http-nio-8080-exec-3"       daemon [_thread_blocked, id=36867, stack(0x000070000d298000,0x000070000d398000) (1024K)]
  0x00007ff0c2b3dc00 JavaThread "http-nio-8080-exec-4"       daemon [_thread_blocked, id=36355, stack(0x000070000d39b000,0x000070000d49b000) (1024K)]
  0x00007ff0c2b3e400 JavaThread "http-nio-8080-exec-5"       daemon [_thread_blocked, id=28675, stack(0x000070000d49e000,0x000070000d59e000) (1024K)]
  0x00007ff0c2b41800 JavaThread "http-nio-8080-exec-6"       daemon [_thread_blocked, id=35843, stack(0x000070000d5a1000,0x000070000d6a1000) (1024K)]
  0x00007ff0c2b42000 JavaThread "http-nio-8080-exec-7"       daemon [_thread_blocked, id=29187, stack(0x000070000d6a4000,0x000070000d7a4000) (1024K)]
  0x00007ff0c2b42800 JavaThread "http-nio-8080-exec-8"       daemon [_thread_blocked, id=35075, stack(0x000070000d7a7000,0x000070000d8a7000) (1024K)]
  0x00007ff0c2b43000 JavaThread "http-nio-8080-exec-9"       daemon [_thread_blocked, id=29443, stack(0x000070000d8aa000,0x000070000d9aa000) (1024K)]
  0x00007ff0c2b43800 JavaThread "http-nio-8080-exec-10"      daemon [_thread_blocked, id=34307, stack(0x000070000d9ad000,0x000070000daad000) (1024K)]
  0x00007ff0c2b4bc00 JavaThread "http-nio-8080-Poller"       daemon [_thread_in_native, id=29955, stack(0x000070000dab0000,0x000070000dbb0000) (1024K)]
  0x00007ff0c11e0400 JavaThread "http-nio-8080-Acceptor"     daemon [_thread_in_native, id=33795, stack(0x000070000dbb3000,0x000070000dcb3000) (1024K)]
  0x00007ff0c2b4b000 JavaThread "DestroyJavaVM"                     [_thread_blocked, id=10499, stack(0x000070000b132000,0x000070000b232000) (1024K)]
Total: 30

Other Threads:
  0x00007ff0bb429f00 VMThread "VM Thread"                           [id=16643, stack(0x000070000b847000,0x000070000b947000) (1024K)]
  0x00007ff0bb4150e0 WatcherThread "VM Periodic Task Thread"        [id=17923, stack(0x000070000b744000,0x000070000b844000) (1024K)]
  0x00007ff0bb714550 WorkerThread "GC Thread#0"                     [id=20227, stack(0x000070000b235000,0x000070000b335000) (1024K)]
  0x00007ff0bb7af3d0 WorkerThread "GC Thread#1"                     [id=25091, stack(0x000070000c46e000,0x000070000c56e000) (1024K)]
=>0x00007ff0be304490 WorkerThread "GC Thread#2"                     [id=25347, stack(0x000070000c777000,0x000070000c877000) (1024K)]
  0x00007ff0be304e70 WorkerThread "GC Thread#3"                     [id=38915, stack(0x000070000c87a000,0x000070000c97a000) (1024K)]
  0x00007ff0bb715340 ConcurrentGCThread "G1 Main Marker"            [id=12547, stack(0x000070000b338000,0x000070000b438000) (1024K)]
  0x00007ff0bb50ac40 WorkerThread "G1 Conc#0"                       [id=19203, stack(0x000070000b43b000,0x000070000b53b000) (1024K)]
  0x00007ff0bc05ae00 ConcurrentGCThread "G1 Refine#0"               [id=18947, stack(0x000070000b53e000,0x000070000b63e000) (1024K)]
  0x00007ff0bb51b6b0 ConcurrentGCThread "G1 Service"                [id=13315, stack(0x000070000b641000,0x000070000b741000) (1024K)]
Total: 10

Threads with active compile tasks:
Total: 0

VM state: at safepoint (normal execution)

VM Mutex/Monitor currently owned by a thread:  ([mutex/lock_event])
[0x0000000105e80ea0] Threads_lock - owner thread: 0x00007ff0bb429f00
[0x0000000105e80fa0] Heap_lock - owner thread: 0x00007ff0c293fa00

Heap address: 0x00000007c0000000, size: 1024 MB, Compressed Oops mode: Zero based, Oop shift amount: 3

CDS archive(s) mapped at: [0x0000000125000000-0x0000000125ca4000-0x0000000125ca4000), size 13254656, SharedBaseAddress: 0x0000000125000000, ArchiveRelocationMode: 1.
Compressed class space mapped at: 0x0000000126000000-0x0000000166000000, reserved size: 1073741824
Narrow klass base: 0x0000000125000000, Narrow klass shift: 0, Narrow klass range: 0x100000000

GC Precious Log:
 CardTable entry size: 512
 Card Set container configuration: InlinePtr #cards 5 size 8 Array Of Cards #cards 12 size 40 Howl #buckets 4 coarsen threshold 1843 Howl Bitmap #cards 512 size 80 coarsen threshold 460 Card regions per heap region 1 cards per card region 2048
 CPUs: 4 total, 4 available
 Memory: 4096M
 Large Page Support: Disabled
 NUMA Support: Disabled
 Compressed Oops: Enabled (Zero based)
 Heap Region Size: 1M
 Heap Min Capacity: 8M
 Heap Initial Capacity: 64M
 Heap Max Capacity: 1G
 Pre-touch: Disabled
 Parallel Workers: 4
 Concurrent Workers: 1
 Concurrent Refinement Workers: 4
 Periodic GC: Disabled

Heap:
 garbage-first heap   total 78848K, used 70869K [0x00000007c0000000, 0x0000000800000000)
  region size 1024K, 33 young (33792K), 2 survivors (2048K)
 Metaspace       used 79860K, committed 80576K, reserved 1179648K
  class space    used 11013K, committed 11328K, reserved 1048576K

Heap Regions: E=young(eden), S=young(survivor), O=old, HS=humongous(starts), HC=humongous(continues), CS=collection set, F=free, TAMS=top-at-mark-start, PB=parsable bottom
|   0|0x00000007c0000000, 0x00000007c0100000, 0x00000007c0100000|100%|HS|  |TAMS 0x00000007c0000000| PB 0x00000007c0000000| Complete 
|   1|0x00000007c0100000, 0x00000007c0200000, 0x00000007c0200000|100%| O|  |TAMS 0x00000007c0100000| PB 0x00000007c0100000| Untracked 
|   2|0x00000007c0200000, 0x00000007c0300000, 0x00000007c0300000|100%| O|  |TAMS 0x00000007c0200000| PB 0x00000007c0200000| Untracked 
|   3|0x00000007c0300000, 0x00000007c0400000, 0x00000007c0400000|100%| O|  |TAMS 0x00000007c0300000| PB 0x00000007c0300000| Untracked 
|   4|0x00000007c0400000, 0x00000007c0500000, 0x00000007c0500000|100%| O|  |TAMS 0x00000007c0400000| PB 0x00000007c0400000| Untracked 
|   5|0x00000007c0500000, 0x00000007c0600000, 0x00000007c0600000|100%| O|  |TAMS 0x00000007c0500000| PB 0x00000007c0500000| Untracked 
|   6|0x00000007c0600000, 0x00000007c0700000, 0x00000007c0700000|100%| O|  |TAMS 0x00000007c0600000| PB 0x00000007c0600000| Untracked 
|   7|0x00000007c0700000, 0x00000007c0800000, 0x00000007c0800000|100%| O|  |TAMS 0x00000007c0700000| PB 0x00000007c0700000| Untracked 
|   8|0x00000007c0800000, 0x00000007c0900000, 0x00000007c0900000|100%| O|  |TAMS 0x00000007c0800000| PB 0x00000007c0800000| Untracked 
|   9|0x00000007c0900000, 0x00000007c0a00000, 0x00000007c0a00000|100%| O|  |TAMS 0x00000007c0900000| PB 0x00000007c0900000| Untracked 
|  10|0x00000007c0a00000, 0x00000007c0b00000, 0x00000007c0b00000|100%| O|  |TAMS 0x00000007c0a00000| PB 0x00000007c0a00000| Untracked 
|  11|0x00000007c0b00000, 0x00000007c0c00000, 0x00000007c0c00000|100%| O|Cm|TAMS 0x00000007c0b00000| PB 0x00000007c0b00000| Complete 
|  12|0x00000007c0c00000, 0x00000007c0d00000, 0x00000007c0d00000|100%| O|  |TAMS 0x00000007c0c00000| PB 0x00000007c0c00000| Untracked 
|  13|0x00000007c0d00000, 0x00000007c0e00000, 0x00000007c0e00000|100%| O|  |TAMS 0x00000007c0d00000| PB 0x00000007c0d00000| Untracked 
|  14|0x00000007c0e00000, 0x00000007c0f00000, 0x00000007c0f00000|100%| O|  |TAMS 0x00000007c0e00000| PB 0x00000007c0e00000| Untracked 
|  15|0x00000007c0f00000, 0x00000007c1000000, 0x00000007c1000000|100%| O|  |TAMS 0x00000007c0f00000| PB 0x00000007c0f00000| Untracked 
|  16|0x00000007c1000000, 0x00000007c1100000, 0x00000007c1100000|100%| O|  |TAMS 0x00000007c1000000| PB 0x00000007c1000000| Untracked 
|  17|0x00000007c1100000, 0x00000007c1200000, 0x00000007c1200000|100%| O|Cm|TAMS 0x00000007c1100000| PB 0x00000007c1100000| Complete 
|  18|0x00000007c1200000, 0x00000007c1300000, 0x00000007c1300000|100%| O|  |TAMS 0x00000007c1200000| PB 0x00000007c1200000| Untracked 
|  19|0x00000007c1300000, 0x00000007c1400000, 0x00000007c1400000|100%| O|  |TAMS 0x00000007c1300000| PB 0x00000007c1300000| Untracked 
|  20|0x00000007c1400000, 0x00000007c1500000, 0x00000007c1500000|100%| O|  |TAMS 0x00000007c1400000| PB 0x00000007c1400000| Untracked 
|  21|0x00000007c1500000, 0x00000007c1600000, 0x00000007c1600000|100%| O|  |TAMS 0x00000007c1500000| PB 0x00000007c1500000| Untracked 
|  22|0x00000007c1600000, 0x00000007c1700000, 0x00000007c1700000|100%| O|  |TAMS 0x00000007c1600000| PB 0x00000007c1600000| Untracked 
|  23|0x00000007c1700000, 0x00000007c1800000, 0x00000007c1800000|100%| O|  |TAMS 0x00000007c1700000| PB 0x00000007c1700000| Untracked 
|  24|0x00000007c1800000, 0x00000007c1900000, 0x00000007c1900000|100%| O|  |TAMS 0x00000007c1800000| PB 0x00000007c1800000| Untracked 
|  25|0x00000007c1900000, 0x00000007c1a00000, 0x00000007c1a00000|100%| O|  |TAMS 0x00000007c1900000| PB 0x00000007c1900000| Untracked 
|  26|0x00000007c1a00000, 0x00000007c1b00000, 0x00000007c1b00000|100%| O|  |TAMS 0x00000007c1a00000| PB 0x00000007c1a00000| Untracked 
|  27|0x00000007c1b00000, 0x00000007c1c00000, 0x00000007c1c00000|100%| O|  |TAMS 0x00000007c1b00000| PB 0x00000007c1b00000| Untracked 
|  28|0x00000007c1c00000, 0x00000007c1d00000, 0x00000007c1d00000|100%| O|  |TAMS 0x00000007c1c00000| PB 0x00000007c1c00000| Untracked 
|  29|0x00000007c1d00000, 0x00000007c1e00000, 0x00000007c1e00000|100%| O|  |TAMS 0x00000007c1d00000| PB 0x00000007c1d00000| Untracked 
|  30|0x00000007c1e00000, 0x00000007c1f00000, 0x00000007c1f00000|100%| O|  |TAMS 0x00000007c1e00000| PB 0x00000007c1e00000| Untracked 
|  31|0x00000007c1f00000, 0x00000007c2000000, 0x00000007c2000000|100%| O|  |TAMS 0x00000007c1f00000| PB 0x00000007c1f00000| Untracked 
|  32|0x00000007c2000000, 0x00000007c2100000, 0x00000007c2100000|100%| O|  |TAMS 0x00000007c2000000| PB 0x00000007c2000000| Untracked 
|  33|0x00000007c2100000, 0x00000007c2200000, 0x00000007c2200000|100%| O|  |TAMS 0x00000007c2100000| PB 0x00000007c2100000| Untracked 
|  34|0x00000007c2200000, 0x00000007c2300000, 0x00000007c2300000|100%| O|  |TAMS 0x00000007c2200000| PB 0x00000007c2200000| Untracked 
|  35|0x00000007c2300000, 0x00000007c239ee60, 0x00000007c2400000| 62%| O|  |TAMS 0x00000007c2300000| PB 0x00000007c2300000| Untracked 
|  36|0x00000007c2400000, 0x00000007c2400000, 0x00000007c2500000|  0%| F|  |TAMS 0x00000007c2400000| PB 0x00000007c2400000| Untracked 
|  37|0x00000007c2500000, 0x00000007c2500000, 0x00000007c2600000|  0%| F|  |TAMS 0x00000007c2500000| PB 0x00000007c2500000| Untracked 
|  38|0x00000007c2600000, 0x00000007c2600000, 0x00000007c2700000|  0%| F|  |TAMS 0x00000007c2600000| PB 0x00000007c2600000| Untracked 
|  39|0x00000007c2700000, 0x00000007c2796910, 0x00000007c2800000| 58%| E|CS|TAMS 0x00000007c2700000| PB 0x00000007c2700000| Complete 
|  40|0x00000007c2800000, 0x00000007c2900000, 0x00000007c2900000|100%| E|CS|TAMS 0x00000007c2800000| PB 0x00000007c2800000| Complete 
|  41|0x00000007c2900000, 0x00000007c2900000, 0x00000007c2a00000|  0%| F|  |TAMS 0x00000007c2900000| PB 0x00000007c2900000| Untracked 
|  42|0x00000007c2a00000, 0x00000007c2a00000, 0x00000007c2b00000|  0%| F|  |TAMS 0x00000007c2a00000| PB 0x00000007c2a00000| Untracked 
|  43|0x00000007c2b00000, 0x00000007c2bcbfa0, 0x00000007c2c00000| 79%| S|  |TAMS 0x00000007c2b00000| PB 0x00000007c2b00000| Complete 
|  44|0x00000007c2c00000, 0x00000007c2d00000, 0x00000007c2d00000|100%| S|  |TAMS 0x00000007c2c00000| PB 0x00000007c2c00000| Complete 
|  45|0x00000007c2d00000, 0x00000007c2e00000, 0x00000007c2e00000|100%| E|CS|TAMS 0x00000007c2d00000| PB 0x00000007c2d00000| Complete 
|  46|0x00000007c2e00000, 0x00000007c2f00000, 0x00000007c2f00000|100%| E|CS|TAMS 0x00000007c2e00000| PB 0x00000007c2e00000| Complete 
|  47|0x00000007c2f00000, 0x00000007c3000000, 0x00000007c3000000|100%| E|CS|TAMS 0x00000007c2f00000| PB 0x00000007c2f00000| Complete 
|  48|0x00000007c3000000, 0x00000007c3100000, 0x00000007c3100000|100%| E|CS|TAMS 0x00000007c3000000| PB 0x00000007c3000000| Complete 
|  49|0x00000007c3100000, 0x00000007c3200000, 0x00000007c3200000|100%| E|CS|TAMS 0x00000007c3100000| PB 0x00000007c3100000| Complete 
|  50|0x00000007c3200000, 0x00000007c3300000, 0x00000007c3300000|100%| E|CS|TAMS 0x00000007c3200000| PB 0x00000007c3200000| Complete 
|  51|0x00000007c3300000, 0x00000007c3400000, 0x00000007c3400000|100%| E|CS|TAMS 0x00000007c3300000| PB 0x00000007c3300000| Complete 
|  52|0x00000007c3400000, 0x00000007c3500000, 0x00000007c3500000|100%| E|CS|TAMS 0x00000007c3400000| PB 0x00000007c3400000| Complete 
|  53|0x00000007c3500000, 0x00000007c3600000, 0x00000007c3600000|100%| E|CS|TAMS 0x00000007c3500000| PB 0x00000007c3500000| Complete 
|  54|0x00000007c3600000, 0x00000007c3700000, 0x00000007c3700000|100%| E|CS|TAMS 0x00000007c3600000| PB 0x00000007c3600000| Complete 
|  55|0x00000007c3700000, 0x00000007c3800000, 0x00000007c3800000|100%| E|CS|TAMS 0x00000007c3700000| PB 0x00000007c3700000| Complete 
|  56|0x00000007c3800000, 0x00000007c3900000, 0x00000007c3900000|100%| E|CS|TAMS 0x00000007c3800000| PB 0x00000007c3800000| Complete 
|  57|0x00000007c3900000, 0x00000007c3a00000, 0x00000007c3a00000|100%| E|CS|TAMS 0x00000007c3900000| PB 0x00000007c3900000| Complete 
|  58|0x00000007c3a00000, 0x00000007c3b00000, 0x00000007c3b00000|100%| E|CS|TAMS 0x00000007c3a00000| PB 0x00000007c3a00000| Complete 
|  59|0x00000007c3b00000, 0x00000007c3c00000, 0x00000007c3c00000|100%| E|CS|TAMS 0x00000007c3b00000| PB 0x00000007c3b00000| Complete 
|  60|0x00000007c3c00000, 0x00000007c3d00000, 0x00000007c3d00000|100%| E|CS|TAMS 0x00000007c3c00000| PB 0x00000007c3c00000| Complete 
|  61|0x00000007c3d00000, 0x00000007c3e00000, 0x00000007c3e00000|100%| E|CS|TAMS 0x00000007c3d00000| PB 0x00000007c3d00000| Complete 
|  62|0x00000007c3e00000, 0x00000007c3f00000, 0x00000007c3f00000|100%| E|CS|TAMS 0x00000007c3e00000| PB 0x00000007c3e00000| Complete 
|  63|0x00000007c3f00000, 0x00000007c4000000, 0x00000007c4000000|100%| E|CS|TAMS 0x00000007c3f00000| PB 0x00000007c3f00000| Complete 
|  64|0x00000007c4000000, 0x00000007c4100000, 0x00000007c4100000|100%| E|CS|TAMS 0x00000007c4000000| PB 0x00000007c4000000| Complete 
|  65|0x00000007c4100000, 0x00000007c4200000, 0x00000007c4200000|100%| E|CS|TAMS 0x00000007c4100000| PB 0x00000007c4100000| Complete 
|  66|0x00000007c4200000, 0x00000007c4300000, 0x00000007c4300000|100%| E|CS|TAMS 0x00000007c4200000| PB 0x00000007c4200000| Complete 
|  67|0x00000007c4300000, 0x00000007c4400000, 0x00000007c4400000|100%| E|CS|TAMS 0x00000007c4300000| PB 0x00000007c4300000| Complete 
|  68|0x00000007c4400000, 0x00000007c4500000, 0x00000007c4500000|100%| E|CS|TAMS 0x00000007c4400000| PB 0x00000007c4400000| Complete 
|  69|0x00000007c4500000, 0x00000007c4600000, 0x00000007c4600000|100%| E|CS|TAMS 0x00000007c4500000| PB 0x00000007c4500000| Complete 
|  70|0x00000007c4600000, 0x00000007c4700000, 0x00000007c4700000|100%| E|CS|TAMS 0x00000007c4600000| PB 0x00000007c4600000| Complete 
|  71|0x00000007c4700000, 0x00000007c4800000, 0x00000007c4800000|100%| E|CS|TAMS 0x00000007c4700000| PB 0x00000007c4700000| Complete 
|  72|0x00000007c4800000, 0x00000007c4900000, 0x00000007c4900000|100%| E|CS|TAMS 0x00000007c4800000| PB 0x00000007c4800000| Complete 
|  73|0x00000007c4900000, 0x00000007c4a00000, 0x00000007c4a00000|100%| E|CS|TAMS 0x00000007c4900000| PB 0x00000007c4900000| Complete 
|  74|0x00000007c4a00000, 0x00000007c4b00000, 0x00000007c4b00000|100%| E|CS|TAMS 0x00000007c4a00000| PB 0x00000007c4a00000| Complete 
|1022|0x00000007ffe00000, 0x00000007fff00000, 0x00000007fff00000|100%| O|  |TAMS 0x00000007ffe00000| PB 0x00000007ffe00000| Untracked 
|1023|0x00000007fff00000, 0x0000000800000000, 0x0000000800000000|100%| E|CS|TAMS 0x00000007fff00000| PB 0x00000007fff00000| Complete 

Card table byte_map: [0x00000001064a0000,0x00000001066a0000] _byte_map_base: 0x00000001026a0000

Marking Bits: (CMBitMap*) 0x00007ff0bd822610
 Bits: [0x00000001066a0000, 0x00000001076a0000)

Polling page: 0x0000000102c44000

Metaspace:

Usage:
  Non-class:     67.23 MB used.
      Class:     10.76 MB used.
       Both:     77.99 MB used.

Virtual space:
  Non-class space:      128.00 MB reserved,      67.62 MB ( 53%) committed,  2 nodes.
      Class space:        1.00 GB reserved,      11.06 MB (  1%) committed,  1 nodes.
             Both:        1.12 GB reserved,      78.69 MB (  7%) committed. 

Chunk freelists:
   Non-Class:  11.52 MB
       Class:  4.94 MB
        Both:  16.45 MB

MaxMetaspaceSize: unlimited
CompressedClassSpaceSize: 1.00 GB
Initial GC threshold: 21.00 MB
Current GC threshold: 129.69 MB
CDS: on
 - commit_granule_bytes: 65536.
 - commit_granule_words: 8192.
 - virtual_space_node_default_size: 8388608.
 - enlarge_chunks_in_place: 1.
 - use_allocation_guard: 0.


Internal statistics:

num_allocs_failed_limit: 15.
num_arena_births: 1118.
num_arena_deaths: 6.
num_vsnodes_births: 3.
num_vsnodes_deaths: 0.
num_space_committed: 1259.
num_space_uncommitted: 0.
num_chunks_returned_to_freelist: 24.
num_chunks_taken_from_freelist: 4065.
num_chunk_merges: 16.
num_chunk_splits: 2949.
num_chunks_enlarged: 2294.
num_inconsistent_stats: 0.

CodeHeap 'non-profiled nmethods': size=120032Kb used=3262Kb max_used=3262Kb free=116769Kb
 bounds [0x000000011d5d1000, 0x000000011d901000, 0x0000000124b09000]
CodeHeap 'profiled nmethods': size=120028Kb used=12296Kb max_used=12296Kb free=107731Kb
 bounds [0x0000000115b09000, 0x0000000116719000, 0x000000011d040000]
CodeHeap 'non-nmethods': size=5700Kb used=1653Kb max_used=1693Kb free=4047Kb
 bounds [0x000000011d040000, 0x000000011d2b0000, 0x000000011d5d1000]
 total_blobs=7968 nmethods=7255 adapters=616
 compilation: enabled
              stopped_count=0, restarted_count=0
 full_count=0

Compilation events (20 events):
Event: 1387.561 Thread 0x00007ff0bc06a000 nmethod 8253 0x0000000116705910 code [0x0000000116705b60, 0x0000000116706398]
Event: 1387.561 Thread 0x00007ff0bc06a000 8254       3       com.fasterxml.jackson.core.json.JsonWriteContext::writeValue (90 bytes)
Event: 1387.561 Thread 0x00007ff0bc06a000 nmethod 8254 0x0000000116706610 code [0x00000001167067e0, 0x0000000116706b40]
Event: 1387.561 Thread 0x00007ff0bc06a000 8255       3       org.hibernate.resource.transaction.backend.jdbc.internal.JdbcResourceLocalTransactionCoordinatorImpl::pulse (1 bytes)
Event: 1387.562 Thread 0x00007ff0bc06a000 nmethod 8255 0x0000000115e87490 code [0x0000000115e87620, 0x0000000115e87728]
Event: 1387.589 Thread 0x00007ff0bd82ca00 nmethod 8252 0x000000011d8fe790 code [0x000000011d8fea40, 0x000000011d8ff3f0]
Event: 1407.194 Thread 0x00007ff0bd82ca00 8256       4       java.util.concurrent.ScheduledThreadPoolExecutor::canRunInCurrentRunState (61 bytes)
Event: 1407.198 Thread 0x00007ff0bd82ca00 nmethod 8256 0x000000011d8ffb10 code [0x000000011d8ffca0, 0x000000011d8ffd70]
Event: 1407.680 Thread 0x00007ff0bd82ca00 8257       4       java.util.HashMap::entrySet (27 bytes)
Event: 1407.683 Thread 0x00007ff0bd82ca00 nmethod 8257 0x000000011d8ffe90 code [0x000000011d900020, 0x000000011d900200]
Event: 1443.551 Thread 0x00007ff0bc06a000 8258   !   3       org.apache.catalina.core.StandardContext::getManager (38 bytes)
Event: 1443.557 Thread 0x00007ff0bc06a000 nmethod 8258 0x0000000116706c10 code [0x0000000116706e40, 0x0000000116707580]
Event: 1455.433 Thread 0x00007ff0bd82ca00 8259       4       java.util.HashSet::size (8 bytes)
Event: 1455.440 Thread 0x00007ff0bd82ca00 nmethod 8259 0x000000011d900290 code [0x000000011d900400, 0x000000011d9004a0]
Event: 1455.450 Thread 0x00007ff0bd82ca00 8260       4       java.util.concurrent.locks.ReentrantLock$NonfairSync::tryAcquire (27 bytes)
Event: 1455.461 Thread 0x00007ff0bd82ca00 nmethod 8260 0x000000011d900590 code [0x000000011d900700, 0x000000011d900888]
Event: 1553.684 Thread 0x00007ff0bc06a000 8261   !   3       org.apache.catalina.core.StandardContext::bind (168 bytes)
Event: 1553.760 Thread 0x00007ff0bc06a000 nmethod 8261 0x0000000116707890 code [0x0000000116707c00, 0x0000000116709620]
Event: 1553.760 Thread 0x00007ff0bc06a000 8262   !   3       org.apache.catalina.core.StandardContext::unbind (92 bytes)
Event: 1553.766 Thread 0x00007ff0bc06a000 nmethod 8262 0x0000000116709e10 code [0x000000011670a0e0, 0x000000011670b328]

GC Heap History (20 events):
Event: 7.906 GC heap after
{Heap after GC invocations=8 (full 0):
 garbage-first heap   total 65536K, used 21699K [0x00000007c0000000, 0x0000000800000000)
  region size 1024K, 3 young (3072K), 3 survivors (3072K)
 Metaspace       used 31759K, committed 32320K, reserved 1114112K
  class space    used 4037K, committed 4288K, reserved 1048576K
}
Event: 8.360 GC heap before
{Heap before GC invocations=8 (full 0):
 garbage-first heap   total 65536K, used 33987K [0x00000007c0000000, 0x0000000800000000)
  region size 1024K, 16 young (16384K), 3 survivors (3072K)
 Metaspace       used 35709K, committed 36160K, reserved 1114112K
  class space    used 4592K, committed 4800K, reserved 1048576K
}
Event: 8.367 GC heap after
{Heap after GC invocations=9 (full 0):
 garbage-first heap   total 65536K, used 22778K [0x00000007c0000000, 0x0000000800000000)
  region size 1024K, 1 young (1024K), 1 survivors (1024K)
 Metaspace       used 35709K, committed 36160K, reserved 1114112K
  class space    used 4592K, committed 4800K, reserved 1048576K
}
Event: 9.678 GC heap before
{Heap before GC invocations=10 (full 0):
 garbage-first heap   total 65536K, used 55546K [0x00000007c0000000, 0x0000000800000000)
  region size 1024K, 33 young (33792K), 1 survivors (1024K)
 Metaspace       used 44922K, committed 45504K, reserved 1114112K
  class space    used 5923K, committed 6208K, reserved 1048576K
}
Event: 9.702 GC heap after
{Heap after GC invocations=11 (full 0):
 garbage-first heap   total 65536K, used 24828K [0x00000007c0000000, 0x0000000800000000)
  region size 1024K, 3 young (3072K), 3 survivors (3072K)
 Metaspace       used 44922K, committed 45504K, reserved 1114112K
  class space    used 5923K, committed 6208K, reserved 1048576K
}
Event: 10.772 GC heap before
{Heap before GC invocations=11 (full 0):
 garbage-first heap   total 65536K, used 55548K [0x00000007c0000000, 0x0000000800000000)
  region size 1024K, 34 young (34816K), 3 survivors (3072K)
 Metaspace       used 53576K, committed 54144K, reserved 1114112K
  class space    used 7225K, committed 7488K, reserved 1048576K
}
Event: 10.779 GC heap after
{Heap after GC invocations=12 (full 0):
 garbage-first heap   total 65536K, used 26382K [0x00000007c0000000, 0x0000000800000000)
  region size 1024K, 4 young (4096K), 4 survivors (4096K)
 Metaspace       used 53576K, committed 54144K, reserved 1114112K
  class space    used 7225K, committed 7488K, reserved 1048576K
}
Event: 11.692 GC heap before
{Heap before GC invocations=12 (full 0):
 garbage-first heap   total 65536K, used 55054K [0x00000007c0000000, 0x0000000800000000)
  region size 1024K, 33 young (33792K), 4 survivors (4096K)
 Metaspace       used 60523K, committed 61120K, reserved 1114112K
  class space    used 8173K, committed 8448K, reserved 1048576K
}
Event: 11.728 GC heap after
{Heap after GC invocations=13 (full 0):
 garbage-first heap   total 65536K, used 28631K [0x00000007c0000000, 0x0000000800000000)
  region size 1024K, 4 young (4096K), 4 survivors (4096K)
 Metaspace       used 60523K, committed 61120K, reserved 1114112K
  class space    used 8173K, committed 8448K, reserved 1048576K
}
Event: 12.569 GC heap before
{Heap before GC invocations=14 (full 0):
 garbage-first heap   total 65536K, used 55255K [0x00000007c0000000, 0x0000000800000000)
  region size 1024K, 31 young (31744K), 4 survivors (4096K)
 Metaspace       used 64516K, committed 65152K, reserved 1114112K
  class space    used 8978K, committed 9280K, reserved 1048576K
}
Event: 12.580 GC heap after
{Heap after GC invocations=15 (full 0):
 garbage-first heap   total 65536K, used 31216K [0x00000007c0000000, 0x0000000800000000)
  region size 1024K, 3 young (3072K), 3 survivors (3072K)
 Metaspace       used 64516K, committed 65152K, reserved 1114112K
  class space    used 8978K, committed 9280K, reserved 1048576K
}
Event: 13.060 GC heap before
{Heap before GC invocations=15 (full 0):
 garbage-first heap   total 65536K, used 57840K [0x00000007c0000000, 0x0000000800000000)
  region size 1024K, 29 young (29696K), 3 survivors (3072K)
 Metaspace       used 65797K, committed 66496K, reserved 1114112K
  class space    used 9127K, committed 9472K, reserved 1048576K
}
Event: 13.071 GC heap after
{Heap after GC invocations=16 (full 0):
 garbage-first heap   total 78848K, used 32146K [0x00000007c0000000, 0x0000000800000000)
  region size 1024K, 2 young (2048K), 2 survivors (2048K)
 Metaspace       used 65797K, committed 66496K, reserved 1114112K
  class space    used 9127K, committed 9472K, reserved 1048576K
}
Event: 14.481 GC heap before
{Heap before GC invocations=16 (full 0):
 garbage-first heap   total 78848K, used 67986K [0x00000007c0000000, 0x0000000800000000)
  region size 1024K, 37 young (37888K), 2 survivors (2048K)
 Metaspace       used 69843K, committed 70528K, reserved 1114112K
  class space    used 9675K, committed 9984K, reserved 1048576K
}
Event: 14.497 GC heap after
{Heap after GC invocations=17 (full 0):
 garbage-first heap   total 78848K, used 34822K [0x00000007c0000000, 0x0000000800000000)
  region size 1024K, 5 young (5120K), 5 survivors (5120K)
 Metaspace       used 69843K, committed 70528K, reserved 1114112K
  class space    used 9675K, committed 9984K, reserved 1048576K
}
Event: 15.531 GC heap before
{Heap before GC invocations=17 (full 0):
 garbage-first heap   total 78848K, used 66566K [0x00000007c0000000, 0x0000000800000000)
  region size 1024K, 37 young (37888K), 5 survivors (5120K)
 Metaspace       used 73269K, committed 73984K, reserved 1114112K
  class space    used 10126K, committed 10432K, reserved 1048576K
}
Event: 15.545 GC heap after
{Heap after GC invocations=18 (full 0):
 garbage-first heap   total 78848K, used 37698K [0x00000007c0000000, 0x0000000800000000)
  region size 1024K, 3 young (3072K), 3 survivors (3072K)
 Metaspace       used 73269K, committed 73984K, reserved 1114112K
  class space    used 10126K, committed 10432K, reserved 1048576K
}
Event: 514.788 GC heap before
{Heap before GC invocations=18 (full 0):
 garbage-first heap   total 78848K, used 69442K [0x00000007c0000000, 0x0000000800000000)
  region size 1024K, 35 young (35840K), 3 survivors (3072K)
 Metaspace       used 78922K, committed 79680K, reserved 1179648K
  class space    used 10914K, committed 11264K, reserved 1048576K
}
Event: 514.962 GC heap after
{Heap after GC invocations=19 (full 0):
 garbage-first heap   total 78848K, used 39125K [0x00000007c0000000, 0x0000000800000000)
  region size 1024K, 2 young (2048K), 2 survivors (2048K)
 Metaspace       used 78922K, committed 79680K, reserved 1179648K
  class space    used 10914K, committed 11264K, reserved 1048576K
}
Event: 1559.967 GC heap before
{Heap before GC invocations=20 (full 0):
 garbage-first heap   total 78848K, used 70869K [0x00000007c0000000, 0x0000000800000000)
  region size 1024K, 33 young (33792K), 2 survivors (2048K)
 Metaspace       used 79860K, committed 80576K, reserved 1179648K
  class space    used 11013K, committed 11328K, reserved 1048576K
}

Dll operation events (20 events):
Event: 6.585 Loading shared library /System/Library/Java/Extensions/libtcnative-1.jnilib failed, dlopen(/System/Library/Java/Extensions/libtcnative-1.jnilib, 1): image not found
Event: 6.585 Loading shared library /usr/lib/java/libtcnative-1.dylib failed, dlopen(/usr/lib/java/libtcnative-1.dylib, 1): image not found
Event: 6.585 Loading shared library /usr/lib/java/libtcnative-1.jnilib failed, dlopen(/usr/lib/java/libtcnative-1.jnilib, 1): image not found
Event: 6.586 Loading shared library /Users/macbook/Documents/GitHub/rentacar/libtcnative-1.dylib failed, dlopen(/Users/macbook/Documents/GitHub/rentacar/libtcnative-1.dylib, 1): image not found
Event: 6.586 Loading shared library /Users/macbook/Documents/GitHub/rentacar/libtcnative-1.jnilib failed, dlopen(/Users/macbook/Documents/GitHub/rentacar/libtcnative-1.jnilib, 1): image not found
Event: 6.587 Loading shared library /Users/macbook/Library/Java/JavaVirtualMachines/openjdk-21.0.1/Contents/Home/lib/liblibtcnative-1.dylib failed, dlopen(/Users/macbook/Library/Java/JavaVirtualMachines/openjdk-21.0.1/Contents/Home/lib/liblibtcnative-1.dylib, 1): imag
Event: 6.588 Loading shared library /Users/macbook/Library/Java/JavaVirtualMachines/openjdk-21.0.1/Contents/Home/lib/liblibtcnative-1.jnilib failed, dlopen(/Users/macbook/Library/Java/JavaVirtualMachines/openjdk-21.0.1/Contents/Home/lib/liblibtcnative-1.jnilib, 1): im
Event: 6.588 Loading shared library /Users/macbook/Library/Java/Extensions/liblibtcnative-1.dylib failed, dlopen(/Users/macbook/Library/Java/Extensions/liblibtcnative-1.dylib, 1): image not found
Event: 6.589 Loading shared library /Users/macbook/Library/Java/Extensions/liblibtcnative-1.jnilib failed, dlopen(/Users/macbook/Library/Java/Extensions/liblibtcnative-1.jnilib, 1): image not found
Event: 6.590 Loading shared library /Library/Java/Extensions/liblibtcnative-1.dylib failed, dlopen(/Library/Java/Extensions/liblibtcnative-1.dylib, 1): image not found
Event: 6.591 Loading shared library /Library/Java/Extensions/liblibtcnative-1.jnilib failed, dlopen(/Library/Java/Extensions/liblibtcnative-1.jnilib, 1): image not found
Event: 6.591 Loading shared library /Network/Library/Java/Extensions/liblibtcnative-1.dylib failed, dlopen(/Network/Library/Java/Extensions/liblibtcnative-1.dylib, 1): image not found
Event: 6.592 Loading shared library /Network/Library/Java/Extensions/liblibtcnative-1.jnilib failed, dlopen(/Network/Library/Java/Extensions/liblibtcnative-1.jnilib, 1): image not found
Event: 6.592 Loading shared library /System/Library/Java/Extensions/liblibtcnative-1.dylib failed, dlopen(/System/Library/Java/Extensions/liblibtcnative-1.dylib, 1): image not found
Event: 6.592 Loading shared library /System/Library/Java/Extensions/liblibtcnative-1.jnilib failed, dlopen(/System/Library/Java/Extensions/liblibtcnative-1.jnilib, 1): image not found
Event: 6.593 Loading shared library /usr/lib/java/liblibtcnative-1.dylib failed, dlopen(/usr/lib/java/liblibtcnative-1.dylib, 1): image not found
Event: 6.593 Loading shared library /usr/lib/java/liblibtcnative-1.jnilib failed, dlopen(/usr/lib/java/liblibtcnative-1.jnilib, 1): image not found
Event: 6.594 Loading shared library /Users/macbook/Documents/GitHub/rentacar/liblibtcnative-1.dylib failed, dlopen(/Users/macbook/Documents/GitHub/rentacar/liblibtcnative-1.dylib, 1): image not found
Event: 6.595 Loading shared library /Users/macbook/Documents/GitHub/rentacar/liblibtcnative-1.jnilib failed, dlopen(/Users/macbook/Documents/GitHub/rentacar/liblibtcnative-1.jnilib, 1): image not found
Event: 8.345 Loaded shared library /Users/macbook/Library/Java/JavaVirtualMachines/openjdk-21.0.1/Contents/Home/lib/libverify.dylib

Deoptimization events (20 events):
Event: 1362.627 Thread 0x00007ff0c2b3dc00 DEOPT PACKING pc=0x0000000115e8bd0d sp=0x000070000d496810
Event: 1362.627 Thread 0x00007ff0c2b3dc00 DEOPT UNPACKING pc=0x000000011d09472f sp=0x000070000d495d10 mode 0
Event: 1362.633 Thread 0x00007ff0c2b3dc00 DEOPT PACKING pc=0x0000000115e8bd0d sp=0x000070000d496810
Event: 1362.633 Thread 0x00007ff0c2b3dc00 DEOPT UNPACKING pc=0x000000011d09472f sp=0x000070000d495d10 mode 0
Event: 1362.634 Thread 0x00007ff0c2b3dc00 DEOPT PACKING pc=0x0000000115e8bd0d sp=0x000070000d496810
Event: 1362.634 Thread 0x00007ff0c2b3dc00 DEOPT UNPACKING pc=0x000000011d09472f sp=0x000070000d495d10 mode 0
Event: 1362.635 Thread 0x00007ff0c2b3dc00 DEOPT PACKING pc=0x0000000115e8bd0d sp=0x000070000d496810
Event: 1362.635 Thread 0x00007ff0c2b3dc00 DEOPT UNPACKING pc=0x000000011d09472f sp=0x000070000d495d10 mode 0
Event: 1362.642 Thread 0x00007ff0c2b3dc00 DEOPT PACKING pc=0x0000000115e8bd0d sp=0x000070000d496810
Event: 1362.642 Thread 0x00007ff0c2b3dc00 DEOPT UNPACKING pc=0x000000011d09472f sp=0x000070000d495d10 mode 0
Event: 1362.643 Thread 0x00007ff0c2b3dc00 DEOPT PACKING pc=0x0000000115e8bd0d sp=0x000070000d496810
Event: 1362.643 Thread 0x00007ff0c2b3dc00 DEOPT UNPACKING pc=0x000000011d09472f sp=0x000070000d495d10 mode 0
Event: 1363.245 Thread 0x00007ff0c2b3dc00 Uncommon trap: trap_request=0xffffff45 fr.pc=0x000000011d6eb080 relative=0x00000000000001e0
Event: 1363.245 Thread 0x00007ff0c2b3dc00 Uncommon trap: reason=unstable_if action=reinterpret pc=0x000000011d6eb080 method=java.util.IdentityHashMap.maskNull(Ljava/lang/Object;)Ljava/lang/Object; @ 1 c2
Event: 1363.245 Thread 0x00007ff0c2b3dc00 DEOPT PACKING pc=0x000000011d6eb080 sp=0x000070000d495f20
Event: 1363.245 Thread 0x00007ff0c2b3dc00 DEOPT UNPACKING pc=0x000000011d093f99 sp=0x000070000d495e68 mode 2
Event: 1372.572 Thread 0x00007ff0c2b43000 DEOPT PACKING pc=0x000000011616384d sp=0x000070000d9a6790
Event: 1372.572 Thread 0x00007ff0c2b43000 DEOPT UNPACKING pc=0x000000011d09472f sp=0x000070000d9a5c60 mode 0
Event: 1372.724 Thread 0x00007ff0c2b43800 DEOPT PACKING pc=0x0000000116354b0a sp=0x000070000daa9240
Event: 1372.724 Thread 0x00007ff0c2b43800 DEOPT UNPACKING pc=0x000000011d09472f sp=0x000070000daa8708 mode 0

Classes loaded (20 events):
Event: 84.064 Loading class org/w3c/dom/Node
Event: 84.065 Loading class org/w3c/dom/Node done
Event: 84.065 Loading class org/w3c/dom/Document
Event: 84.066 Loading class org/w3c/dom/Document done
Event: 151.542 Loading class java/lang/foreign/MemorySegment
Event: 151.570 Loading class java/lang/foreign/MemorySegment done
Event: 1328.794 Loading class jdk/internal/loader/BootLoader$PackageHelper
Event: 1328.802 Loading class jdk/internal/loader/BootLoader$PackageHelper done
Event: 1328.899 Loading class java/util/stream/ReferencePipeline$4
Event: 1328.909 Loading class java/util/stream/ReferencePipeline$4 done
Event: 1328.910 Loading class java/util/function/IntBinaryOperator
Event: 1328.912 Loading class java/util/function/IntBinaryOperator done
Event: 1328.913 Loading class java/util/stream/ReduceOps$7
Event: 1328.916 Loading class java/util/stream/ReduceOps$7 done
Event: 1328.916 Loading class java/util/stream/ReduceOps$6ReducingSink
Event: 1328.917 Loading class java/util/stream/ReduceOps$6ReducingSink done
Event: 1328.917 Loading class java/util/stream/ReferencePipeline$4$1
Event: 1328.919 Loading class java/util/stream/ReferencePipeline$4$1 done
Event: 1362.177 Loading class java/io/PushbackInputStream
Event: 1362.182 Loading class java/io/PushbackInputStream done

Classes unloaded (3 events):
Event: 515.181 Thread 0x00007ff0bb429f00 Unloading class 0x000000012693c000 'jdk/internal/reflect/GeneratedSerializationConstructorAccessor3'
Event: 515.182 Thread 0x00007ff0bb429f00 Unloading class 0x000000012692c400 'jdk/internal/reflect/GeneratedSerializationConstructorAccessor2'
Event: 515.182 Thread 0x00007ff0bb429f00 Unloading class 0x000000012692c000 'jdk/internal/reflect/GeneratedSerializationConstructorAccessor1'

Classes redefined (0 events):
No events

Internal exceptions (20 events):
Event: 15.305 Thread 0x00007ff0bc1d3a00 Exception <a 'java/lang/NoSuchMethodError'{0x00000007c2fbea78}: 'java.lang.Object java.lang.invoke.DirectMethodHandle$Holder.invokeInterface(java.lang.Object, java.lang.Object, int)'> (0x00000007c2fbea78) 
thrown [open/src/hotspot/share/interpreter/linkResolver.cpp, line 773]
Event: 15.309 Thread 0x00007ff0bc1d3a00 Exception <a 'java/lang/IncompatibleClassChangeError'{0x00000007c2fd1758}: Found class java.lang.Object, but interface was expected> (0x00000007c2fd1758) 
thrown [open/src/hotspot/share/interpreter/linkResolver.cpp, line 840]
Event: 15.420 Thread 0x00007ff0bc1d3a00 Exception <a 'java/lang/NoSuchMethodError'{0x00000007c2d93808}: 'void java.lang.invoke.DirectMethodHandle$Holder.invokeSpecialIFC(java.lang.Object, java.lang.Object, int, java.lang.Object, java.lang.Object, java.lang.Object, java.lang.Object)'> (0x00000007c2d93808) 
thrown [open/src/hotspot/share/interpreter/linkResolver.cpp, line 773]
Event: 82.906 Thread 0x00007ff0bfabc400 Exception <a 'java/lang/NoSuchMethodError'{0x00000007c469ba98}: 'java.lang.Object java.lang.invoke.DirectMethodHandle$Holder.invokeSpecial(java.lang.Object, java.lang.Object, java.lang.Object, java.lang.Object, java.lang.Object, long)'> (0x00000007c469ba98) 
thrown [open/src/hotspot/share/interpreter/linkResolver.cpp, line 773]
Event: 82.907 Thread 0x00007ff0bfabc400 Exception <a 'java/lang/NoSuchMethodError'{0x00000007c469f5c8}: 'java.lang.Object java.lang.invoke.Invokers$Holder.linkToTargetMethod(java.lang.Object, java.lang.Object, java.lang.Object, long, java.lang.Object)'> (0x00000007c469f5c8) 
thrown [open/src/hotspot/share/interpreter/linkResolver.cpp, line 773]
Event: 83.667 Thread 0x00007ff0c2942400 Exception <a 'java/lang/NoSuchMethodError'{0x00000007c3cacf60}: 'double java.lang.invoke.DirectMethodHandle$Holder.invokeVirtual(java.lang.Object, java.lang.Object)'> (0x00000007c3cacf60) 
thrown [open/src/hotspot/share/interpreter/linkResolver.cpp, line 773]
Event: 83.668 Thread 0x00007ff0c2942400 Exception <a 'java/lang/NoSuchMethodError'{0x00000007c3cb4610}: 'double java.lang.invoke.DelegatingMethodHandle$Holder.reinvoke_L(java.lang.Object, java.lang.Object)'> (0x00000007c3cb4610) 
thrown [open/src/hotspot/share/interpreter/linkResolver.cpp, line 773]
Event: 83.670 Thread 0x00007ff0c2942400 Exception <a 'java/lang/NoSuchMethodError'{0x00000007c3cc07f0}: 'void java.lang.invoke.DirectMethodHandle$Holder.invokeVirtual(java.lang.Object, java.lang.Object, double)'> (0x00000007c3cc07f0) 
thrown [open/src/hotspot/share/interpreter/linkResolver.cpp, line 773]
Event: 83.675 Thread 0x00007ff0c2942400 Exception <a 'java/lang/NoSuchMethodError'{0x00000007c3ccb508}: 'double java.lang.invoke.DelegatingMethodHandle$Holder.reinvoke_L(java.lang.Object, java.lang.Object, int)'> (0x00000007c3ccb508) 
thrown [open/src/hotspot/share/interpreter/linkResolver.cpp, line 773]
Event: 83.687 Thread 0x00007ff0c2942400 Exception <a 'java/lang/NoSuchMethodError'{0x00000007c3cd56e8}: 'void java.lang.invoke.DelegatingMethodHandle$Holder.reinvoke_L(java.lang.Object, java.lang.Object, double)'> (0x00000007c3cd56e8) 
thrown [open/src/hotspot/share/interpreter/linkResolver.cpp, line 773]
Event: 83.753 Thread 0x00007ff0c2942400 Exception <a 'sun/nio/fs/UnixException'{0x00000007c3bcc090}> (0x00000007c3bcc090) 
thrown [open/src/hotspot/share/prims/jni.cpp, line 520]
Event: 83.755 Thread 0x00007ff0c2942400 Exception <a 'sun/nio/fs/UnixException'{0x00000007c3bcf198}> (0x00000007c3bcf198) 
thrown [open/src/hotspot/share/prims/jni.cpp, line 520]
Event: 83.795 Thread 0x00007ff0c2942400 Exception <a 'java/lang/NoSuchMethodError'{0x00000007c3a74a58}: 'double java.lang.invoke.Invokers$Holder.invokeExact_MT(java.lang.Object, java.lang.Object, java.lang.Object)'> (0x00000007c3a74a58) 
thrown [open/src/hotspot/share/interpreter/linkResolver.cpp, line 773]
Event: 83.816 Thread 0x00007ff0c2942400 Exception <a 'java/lang/NoSuchMethodError'{0x00000007c3adeac8}: 'int java.lang.invoke.DirectMethodHandle$Holder.invokeStatic(java.lang.Object, java.lang.Object, int, int)'> (0x00000007c3adeac8) 
thrown [open/src/hotspot/share/interpreter/linkResolver.cpp, line 773]
Event: 83.906 Thread 0x00007ff0c2942400 Exception <a 'java/lang/NoSuchMethodError'{0x00000007c3947ac0}: 'java.lang.Object java.lang.invoke.DirectMethodHandle$Holder.invokeInterface(java.lang.Object, java.lang.Object, java.lang.Object, java.lang.Object)'> (0x00000007c3947ac0) 
thrown [open/src/hotspot/share/interpreter/linkResolver.cpp, line 773]
Event: 84.191 Thread 0x00007ff0c2b3dc00 Exception <a 'java/lang/IncompatibleClassChangeError'{0x00000007c37c2fd8}: Found class java.lang.Object, but interface was expected> (0x00000007c37c2fd8) 
thrown [open/src/hotspot/share/interpreter/linkResolver.cpp, line 840]
Event: 123.387 Thread 0x00007ff0c2b3e400 Exception <a 'java/lang/NoSuchMethodError'{0x00000007c350f9a0}: 'java.lang.Object java.lang.invoke.DirectMethodHandle$Holder.invokeInterface(java.lang.Object, java.lang.Object, java.lang.Object, java.lang.Object, java.lang.Object)'> (0x00000007c350f9a0) 
thrown [open/src/hotspot/share/interpreter/linkResolver.cpp, line 773]
Event: 152.605 Thread 0x00007ff0c2b43800 Exception <a 'java/lang/IncompatibleClassChangeError'{0x00000007c332c588}: Found class java.lang.Object, but interface was expected> (0x00000007c332c588) 
thrown [open/src/hotspot/share/interpreter/linkResolver.cpp, line 840]
Event: 1328.820 Thread 0x00007ff0c2b3dc00 Implicit null exception at 0x000000011d885081 to 0x000000011d885180
Event: 1363.245 Thread 0x00007ff0c2b3dc00 Implicit null exception at 0x000000011d6eaedd to 0x000000011d6eb06c

ZGC Phase Switch (0 events):
No events

VM Operations (20 events):
Event: 1363.471 Executing VM operation: Cleanup done
Event: 1364.475 Executing VM operation: Cleanup
Event: 1364.475 Executing VM operation: Cleanup done
Event: 1373.501 Executing VM operation: Cleanup
Event: 1373.501 Executing VM operation: Cleanup done
Event: 1383.414 Executing VM operation: HandshakeAllThreads (HandshakeForDeflation)
Event: 1383.414 Executing VM operation: HandshakeAllThreads (HandshakeForDeflation) done
Event: 1383.414 Executing VM operation: Cleanup
Event: 1383.414 Executing VM operation: Cleanup done
Event: 1383.415 Executing VM operation: RendezvousGCThreads
Event: 1383.415 Executing VM operation: RendezvousGCThreads done
Event: 1387.430 Executing VM operation: Cleanup
Event: 1387.431 Executing VM operation: Cleanup done
Event: 1388.433 Executing VM operation: Cleanup
Event: 1388.433 Executing VM operation: Cleanup done
Event: 1409.492 Executing VM operation: Cleanup
Event: 1409.493 Executing VM operation: Cleanup done
Event: 1456.870 Executing VM operation: Cleanup
Event: 1456.871 Executing VM operation: Cleanup done
Event: 1559.912 Executing VM operation: G1CollectForAllocation (G1 Evacuation Pause)

Events (20 events):
Event: 515.510 Thread 0x00007ff0bb429f00 flushing nmethod 0x000000011d746010
Event: 515.510 Thread 0x00007ff0bb429f00 flushing nmethod 0x000000011d746f90
Event: 515.510 Thread 0x00007ff0bb429f00 flushing nmethod 0x000000011d725810
Event: 515.510 Thread 0x00007ff0bb429f00 flushing nmethod 0x000000011d706090
Event: 515.510 Thread 0x00007ff0bb429f00 flushing nmethod 0x000000011d71f810
Event: 515.510 Thread 0x00007ff0bb429f00 flushing nmethod 0x000000011d6ec490
Event: 515.510 Thread 0x00007ff0bb429f00 flushing nmethod 0x000000011d6dac10
Event: 515.510 Thread 0x00007ff0bb429f00 flushing nmethod 0x000000011d6c4810
Event: 515.510 Thread 0x00007ff0bb429f00 flushing nmethod 0x000000011d693510
Event: 515.511 Thread 0x00007ff0bb429f00 flushing nmethod 0x000000011d692810
Event: 515.511 Thread 0x00007ff0bb429f00 flushing nmethod 0x000000011d677010
Event: 515.511 Thread 0x00007ff0bb429f00 flushing nmethod 0x000000011d675710
Event: 515.511 Thread 0x00007ff0bb429f00 flushing nmethod 0x000000011d64d810
Event: 515.511 Thread 0x00007ff0bb429f00 flushing nmethod 0x000000011d638790
Event: 515.511 Thread 0x00007ff0bb429f00 flushing nmethod 0x000000011d63a810
Event: 515.511 Thread 0x00007ff0bb429f00 flushing nmethod 0x000000011d632a10
Event: 515.511 Thread 0x00007ff0bb429f00 flushing nmethod 0x000000011d626d90
Event: 515.511 Thread 0x00007ff0bb429f00 flushing nmethod 0x000000011d631a90
Event: 515.511 Thread 0x00007ff0bb429f00 flushing nmethod 0x000000011d610e10
Event: 515.511 Thread 0x00007ff0bb429f00 flushing nmethod 0x000000011d5df810


Dynamic libraries:
0x00007fff2a89d000 	/usr/lib/libz.1.dylib
0x0000000102c09000 	/Users/macbook/Library/Java/JavaVirtualMachines/openjdk-21.0.1/Contents/Home/lib/libjli.dylib
0x00007fff352f3000 	/System/Library/Frameworks/Cocoa.framework/Versions/A/Cocoa
0x00007fff22619000 	/System/Library/Frameworks/Security.framework/Versions/A/Security
0x00007fff334f6000 	/System/Library/Frameworks/ApplicationServices.framework/Versions/A/ApplicationServices
0x00007fff2a965000 	/usr/lib/libSystem.B.dylib
0x00007fff2a95f000 	/usr/lib/system/libcache.dylib
0x00007fff2a91b000 	/usr/lib/system/libcommonCrypto.dylib
0x00007fff2a945000 	/usr/lib/system/libcompiler_rt.dylib
0x00007fff2a93a000 	/usr/lib/system/libcopyfile.dylib
0x00007fff20510000 	/usr/lib/system/libcorecrypto.dylib
0x00007fff205db000 	/usr/lib/system/libdispatch.dylib
0x00007fff2078e000 	/usr/lib/system/libdyld.dylib
0x00007fff2a956000 	/usr/lib/system/libkeymgr.dylib
0x00007fff2dd6d000 	/usr/lib/system/liblaunch.dylib
0x00007fff2a8f9000 	/usr/lib/system/libmacho.dylib
0x00007fff2a0f1000 	/usr/lib/system/libquarantine.dylib
0x00007fff2a953000 	/usr/lib/system/libremovefile.dylib
0x00007fff24ff4000 	/usr/lib/system/libsystem_asl.dylib
0x00007fff204c0000 	/usr/lib/system/libsystem_blocks.dylib
0x00007fff2065d000 	/usr/lib/system/libsystem_c.dylib
0x00007fff2a94d000 	/usr/lib/system/libsystem_collections.dylib
0x00007fff293f7000 	/usr/lib/system/libsystem_configuration.dylib
0x00007fff286e2000 	/usr/lib/system/libsystem_containermanager.dylib
0x00007fff2a69c000 	/usr/lib/system/libsystem_coreservices.dylib
0x00007fff22bd1000 	/usr/lib/system/libsystem_darwin.dylib
0x00007fff2a957000 	/usr/lib/system/libsystem_dnssd.dylib
0x00007fff2065a000 	/usr/lib/system/libsystem_featureflags.dylib
0x00007fff207d4000 	/usr/lib/system/libsystem_info.dylib
0x00007fff2a8b0000 	/usr/lib/system/libsystem_m.dylib
0x00007fff205ae000 	/usr/lib/system/libsystem_malloc.dylib
0x00007fff24f87000 	/usr/lib/system/libsystem_networkextension.dylib
0x00007fff22ff0000 	/usr/lib/system/libsystem_notify.dylib
0x00007fff30209000 	/usr/lib/system/libsystem_product_info_filter.dylib
0x00007fff293fb000 	/usr/lib/system/libsystem_sandbox.dylib
0x00007fff2a950000 	/usr/lib/system/libsystem_secinit.dylib
0x00007fff20752000 	/usr/lib/system/libsystem_kernel.dylib
0x00007fff207ca000 	/usr/lib/system/libsystem_platform.dylib
0x00007fff20782000 	/usr/lib/system/libsystem_pthread.dylib
0x00007fff266d3000 	/usr/lib/system/libsystem_symptoms.dylib
0x00007fff204f8000 	/usr/lib/system/libsystem_trace.dylib
0x00007fff2a927000 	/usr/lib/system/libunwind.dylib
0x00007fff204c2000 	/usr/lib/system/libxpc.dylib
0x00007fff2073c000 	/usr/lib/libc++abi.dylib
0x00007fff20620000 	/usr/lib/libobjc.A.dylib
0x00007fff2a932000 	/usr/lib/liboah.dylib
0x00007fff206e6000 	/usr/lib/libc++.1.dylib
0x00007fff20800000 	/System/Library/Frameworks/CoreFoundation.framework/Versions/A/CoreFoundation
0x00007fff215b1000 	/System/Library/Frameworks/Foundation.framework/Versions/C/Foundation
0x00007fff2304a000 	/System/Library/Frameworks/AppKit.framework/Versions/C/AppKit
0x00007fff25f0e000 	/System/Library/Frameworks/CoreData.framework/Versions/A/CoreData
0x00007fff23d96000 	/System/Library/PrivateFrameworks/UIFoundation.framework/Versions/A/UIFoundation
0x00007fff2ff9c000 	/System/Library/PrivateFrameworks/RemoteViewServices.framework/Versions/A/RemoteViewServices
0x00007fff28da8000 	/System/Library/PrivateFrameworks/XCTTargetBootstrap.framework/Versions/A/XCTTargetBootstrap
0x00007fff2ba91000 	/usr/lib/libspindump.dylib
0x00007fff23fe5000 	/System/Library/Frameworks/UniformTypeIdentifiers.framework/Versions/A/UniformTypeIdentifiers
0x00007fff275ac000 	/usr/lib/libapp_launch_measurement.dylib
0x00007fff275af000 	/System/Library/PrivateFrameworks/CoreAutoLayout.framework/Versions/A/CoreAutoLayout
0x00007fff2870f000 	/System/Library/Frameworks/Metal.framework/Versions/A/Metal
0x00007fff29406000 	/usr/lib/liblangid.dylib
0x00007fff28dac000 	/System/Library/PrivateFrameworks/CoreSVG.framework/Versions/A/CoreSVG
0x00007fff25024000 	/System/Library/PrivateFrameworks/SkyLight.framework/Versions/A/SkyLight
0x00007fff2538a000 	/System/Library/Frameworks/CoreGraphics.framework/Versions/A/CoreGraphics
0x00007fff304c3000 	/System/Library/Frameworks/Accelerate.framework/Versions/A/Accelerate
0x00007fff2b4cf000 	/System/Library/PrivateFrameworks/IconServices.framework/Versions/A/IconServices
0x00007fff286f3000 	/System/Library/Frameworks/IOSurface.framework/Versions/A/IOSurface
0x00007fff26897000 	/usr/lib/libDiagnosticMessagesClient.dylib
0x00007fff28d94000 	/System/Library/PrivateFrameworks/DFRFoundation.framework/Versions/A/DFRFoundation
0x00007fff22971000 	/usr/lib/libicucore.A.dylib
0x00007fff2cfd6000 	/System/Library/Frameworks/AudioToolbox.framework/Versions/A/AudioToolbox
0x00007fff2c25e000 	/System/Library/PrivateFrameworks/DataDetectorsCore.framework/Versions/A/DataDetectorsCore
0x00007fff24f97000 	/usr/lib/libMobileGestalt.dylib
0x00007fff28a98000 	/System/Library/Frameworks/Carbon.framework/Versions/A/Frameworks/HIToolbox.framework/Versions/A/HIToolbox
0x00007fff26ff1000 	/System/Library/Frameworks/QuartzCore.framework/Versions/A/QuartzCore
0x00007fff2ffd4000 	/System/Library/Frameworks/Carbon.framework/Versions/A/Frameworks/SpeechRecognition.framework/Versions/A/SpeechRecognition
0x00007fff27311000 	/System/Library/PrivateFrameworks/CoreUI.framework/Versions/A/CoreUI
0x00007fff21f87000 	/System/Library/Frameworks/CoreAudio.framework/Versions/A/CoreAudio
0x00007fff26982000 	/System/Library/Frameworks/DiskArbitration.framework/Versions/A/DiskArbitration
0x00007fff2be5f000 	/System/Library/PrivateFrameworks/MultitouchSupport.framework/Versions/A/MultitouchSupport
0x00007fff2c255000 	/System/Library/PrivateFrameworks/InternationalSupport.framework/Versions/A/InternationalSupport
0x00007fff24f96000 	/usr/lib/libenergytrace.dylib
0x00007fff22f41000 	/System/Library/Frameworks/IOKit.framework/Versions/A/IOKit
0x00007fff30307000 	/System/Library/Frameworks/CoreServices.framework/Versions/A/CoreServices
0x00007fff2753e000 	/System/Library/PrivateFrameworks/PerformanceAnalysis.framework/Versions/A/PerformanceAnalysis
0x00007fff6bca0000 	/System/Library/Frameworks/OpenGL.framework/Versions/A/OpenGL
0x00007fff2c2d9000 	/System/Library/PrivateFrameworks/UserActivity.framework/Versions/A/UserActivity
0x00007fff25a14000 	/System/Library/Frameworks/ColorSync.framework/Versions/A/ColorSync
0x00007fff29014000 	/System/Library/Frameworks/CoreImage.framework/Versions/A/CoreImage
0x00007fff21da1000 	/System/Library/Frameworks/CoreText.framework/Versions/A/CoreText
0x00007fff28dd6000 	/System/Library/Frameworks/ImageIO.framework/Versions/A/ImageIO
0x00007fff2a96b000 	/System/Library/PrivateFrameworks/SoftLinking.framework/Versions/A/SoftLinking
0x00007fff275f7000 	/usr/lib/libxml2.2.dylib
0x00007fff2abdd000 	/usr/lib/libcompression.dylib
0x00007fff2c187000 	/System/Library/PrivateFrameworks/TextureIO.framework/Versions/A/TextureIO
0x00007fff2b20d000 	/usr/lib/libate.dylib
0x00007fff2aff1000 	/usr/lib/liblzma.5.dylib
0x00007fff212c5000 	/System/Library/Frameworks/SystemConfiguration.framework/Versions/A/SystemConfiguration
0x00007fff2a967000 	/usr/lib/libfakelink.dylib
0x00007fff24ae9000 	/System/Library/Frameworks/CFNetwork.framework/Versions/A/CFNetwork
0x00007fff2aaa7000 	/usr/lib/libarchive.2.dylib
0x00007fff21343000 	/usr/lib/libCRFSuite.dylib
0x00007fff2a118000 	/usr/lib/libbsm.0.dylib
0x00007fff24462000 	/usr/lib/libnetwork.dylib
0x00007fff2a96c000 	/usr/lib/libpcap.A.dylib
0x00007fff266cc000 	/usr/lib/libdns_services.dylib
0x00007fff2b00a000 	/usr/lib/libcoretls_cfhelpers.dylib
0x00007fff2aba6000 	/usr/lib/libapple_nghttp2.dylib
0x00007fff2a8ff000 	/usr/lib/system/libkxld.dylib
0x00007fff26344000 	/usr/lib/libsqlite3.dylib
0x00007fff2a67f000 	/System/Library/PrivateFrameworks/AppleFSCompression.framework/Versions/A/AppleFSCompression
0x00007fff2a100000 	/usr/lib/libcoretls.dylib
0x00007fff2abd7000 	/usr/lib/libpam.2.dylib
0x00007fff2b108000 	/usr/lib/libxar.1.dylib
0x00007fff29402000 	/System/Library/PrivateFrameworks/AppleSystemInfo.framework/Versions/A/AppleSystemInfo
0x00007fff29d42000 	/System/Library/PrivateFrameworks/IOMobileFramebuffer.framework/Versions/A/IOMobileFramebuffer
0x00007fff2a68f000 	/usr/lib/libbz2.1.0.dylib
0x00007fff2a9a4000 	/usr/lib/libiconv.2.dylib
0x00007fff2a8f8000 	/usr/lib/libcharset.1.dylib
0x00007fff2757a000 	/System/Library/Frameworks/CoreServices.framework/Versions/A/Frameworks/FSEvents.framework/Versions/A/FSEvents
0x00007fff22bdb000 	/System/Library/Frameworks/CoreServices.framework/Versions/A/Frameworks/CarbonCore.framework/Versions/A/CarbonCore
0x00007fff268e7000 	/System/Library/Frameworks/CoreServices.framework/Versions/A/Frameworks/Metadata.framework/Versions/A/Metadata
0x00007fff2a6a1000 	/System/Library/Frameworks/CoreServices.framework/Versions/A/Frameworks/OSServices.framework/Versions/A/OSServices
0x00007fff2ab19000 	/System/Library/Frameworks/CoreServices.framework/Versions/A/Frameworks/SearchKit.framework/Versions/A/SearchKit
0x00007fff26657000 	/System/Library/Frameworks/CoreServices.framework/Versions/A/Frameworks/AE.framework/Versions/A/AE
0x00007fff20c9e000 	/System/Library/Frameworks/CoreServices.framework/Versions/A/Frameworks/LaunchServices.framework/Versions/A/LaunchServices
0x00007fff2afa1000 	/System/Library/Frameworks/CoreServices.framework/Versions/A/Frameworks/DictionaryServices.framework/Versions/A/DictionaryServices
0x00007fff27587000 	/System/Library/Frameworks/CoreServices.framework/Versions/A/Frameworks/SharedFileList.framework/Versions/A/SharedFileList
0x00007fff2a0f4000 	/usr/lib/libCheckFix.dylib
0x00007fff2500b000 	/System/Library/PrivateFrameworks/TCC.framework/Versions/A/TCC
0x00007fff29408000 	/System/Library/PrivateFrameworks/CoreNLP.framework/Versions/A/CoreNLP
0x00007fff2689a000 	/System/Library/PrivateFrameworks/MetadataUtilities.framework/Versions/A/MetadataUtilities
0x00007fff21378000 	/usr/lib/libmecabra.dylib
0x00007fff2a3fe000 	/System/Library/Frameworks/MLCompute.framework/Versions/A/MLCompute
0x00007fff2a129000 	/usr/lib/libmecab.dylib
0x00007fff2a173000 	/usr/lib/libgermantok.dylib
0x00007fff2ab81000 	/usr/lib/libThaiTokenizer.dylib
0x00007fff2b144000 	/usr/lib/libChineseTokenizer.dylib
0x00007fff2abd5000 	/System/Library/Frameworks/MetalPerformanceShaders.framework/Versions/A/MetalPerformanceShaders
0x00007fff26989000 	/System/Library/Frameworks/Accelerate.framework/Versions/A/Frameworks/vImage.framework/Versions/A/vImage
0x00007fff302e1000 	/System/Library/Frameworks/Accelerate.framework/Versions/A/Frameworks/vecLib.framework/Versions/A/vecLib
0x00007fff2b14f000 	/System/Library/Frameworks/Accelerate.framework/Versions/A/Frameworks/vecLib.framework/Versions/A/libvMisc.dylib
0x00007fff29b5d000 	/System/Library/Frameworks/Accelerate.framework/Versions/A/Frameworks/vecLib.framework/Versions/A/libvDSP.dylib
0x00007fff20fab000 	/System/Library/Frameworks/Accelerate.framework/Versions/A/Frameworks/vecLib.framework/Versions/A/libBLAS.dylib
0x00007fff2ac03000 	/System/Library/Frameworks/Accelerate.framework/Versions/A/Frameworks/vecLib.framework/Versions/A/libLAPACK.dylib
0x00007fff2a179000 	/System/Library/Frameworks/Accelerate.framework/Versions/A/Frameworks/vecLib.framework/Versions/A/libLinearAlgebra.dylib
0x00007fff2abbe000 	/System/Library/Frameworks/Accelerate.framework/Versions/A/Frameworks/vecLib.framework/Versions/A/libSparseBLAS.dylib
0x00007fff2abfd000 	/System/Library/Frameworks/Accelerate.framework/Versions/A/Frameworks/vecLib.framework/Versions/A/libQuadrature.dylib
0x00007fff294b4000 	/System/Library/Frameworks/Accelerate.framework/Versions/A/Frameworks/vecLib.framework/Versions/A/libBNNS.dylib
0x00007fff21256000 	/System/Library/Frameworks/Accelerate.framework/Versions/A/Frameworks/vecLib.framework/Versions/A/libSparse.dylib
0x00007fff29390000 	/System/Library/Frameworks/MetalPerformanceShaders.framework/Versions/A/Frameworks/MPSCore.framework/Versions/A/MPSCore
0x00007fff2a5ee000 	/System/Library/Frameworks/MetalPerformanceShaders.framework/Versions/A/Frameworks/MPSImage.framework/Versions/A/MPSImage
0x00007fff2a18f000 	/System/Library/Frameworks/MetalPerformanceShaders.framework/Versions/A/Frameworks/MPSNeuralNetwork.framework/Versions/A/MPSNeuralNetwork
0x00007fff2a560000 	/System/Library/Frameworks/MetalPerformanceShaders.framework/Versions/A/Frameworks/MPSMatrix.framework/Versions/A/MPSMatrix
0x00007fff2a3ae000 	/System/Library/Frameworks/MetalPerformanceShaders.framework/Versions/A/Frameworks/MPSRayIntersector.framework/Versions/A/MPSRayIntersector
0x00007fff2a597000 	/System/Library/Frameworks/MetalPerformanceShaders.framework/Versions/A/Frameworks/MPSNDArray.framework/Versions/A/MPSNDArray
0x00007fff20ed6000 	/System/Library/PrivateFrameworks/MetalTools.framework/Versions/A/MetalTools
0x00007fff29400000 	/System/Library/PrivateFrameworks/AggregateDictionary.framework/Versions/A/AggregateDictionary
0x00007fff26867000 	/System/Library/PrivateFrameworks/CoreAnalytics.framework/Versions/A/CoreAnalytics
0x00007fff2ab83000 	/System/Library/PrivateFrameworks/AppleSauce.framework/Versions/A/AppleSauce
0x00007fff28705000 	/System/Library/PrivateFrameworks/IOAccelerator.framework/Versions/A/IOAccelerator
0x00007fff6bc94000 	/System/Library/Frameworks/OpenGL.framework/Versions/A/Libraries/libCoreFSCache.dylib
0x00007fff21910000 	/System/Library/PrivateFrameworks/LanguageModeling.framework/Versions/A/LanguageModeling
0x00007fff29d30000 	/System/Library/PrivateFrameworks/CoreEmoji.framework/Versions/A/CoreEmoji
0x00007fff294ad000 	/System/Library/PrivateFrameworks/LinguisticData.framework/Versions/A/LinguisticData
0x00007fff21208000 	/System/Library/PrivateFrameworks/Lexicon.framework/Versions/A/Lexicon
0x00007fff2aa95000 	/usr/lib/libcmph.dylib
0x00007fff2755a000 	/System/Library/Frameworks/OpenDirectory.framework/Versions/A/Frameworks/CFOpenDirectory.framework/Versions/A/CFOpenDirectory
0x00007fff2754a000 	/System/Library/Frameworks/OpenDirectory.framework/Versions/A/OpenDirectory
0x00007fff2b00c000 	/System/Library/PrivateFrameworks/APFS.framework/Versions/A/APFS
0x00007fff2a056000 	/System/Library/Frameworks/SecurityFoundation.framework/Versions/A/SecurityFoundation
0x00007fff2b117000 	/usr/lib/libutil.dylib
0x00007fff22f06000 	/System/Library/PrivateFrameworks/CoreServicesStore.framework/Versions/A/CoreServicesStore
0x00007fff2a0ec000 	/System/Library/Frameworks/ServiceManagement.framework/Versions/A/ServiceManagement
0x00007fff2b11b000 	/usr/lib/libxslt.1.dylib
0x00007fff2a0e2000 	/System/Library/PrivateFrameworks/BackgroundTaskManagement.framework/Versions/A/BackgroundTaskManagement
0x00007fff2c0d1000 	/System/Library/Frameworks/ImageIO.framework/Versions/A/Resources/libRadiance.dylib
0x00007fff2c0db000 	/System/Library/Frameworks/ImageIO.framework/Versions/A/Resources/libJPEG.dylib
0x00007fff2c029000 	/System/Library/Frameworks/ImageIO.framework/Versions/A/Resources/libPng.dylib
0x00007fff2c04a000 	/System/Library/Frameworks/ImageIO.framework/Versions/A/Resources/libTIFF.dylib
0x00007fff2c130000 	/System/Library/Frameworks/ImageIO.framework/Versions/A/Resources/libGIF.dylib
0x00007fff2bd7b000 	/System/Library/Frameworks/ImageIO.framework/Versions/A/Resources/libJP2.dylib
0x00007fff2b496000 	/usr/lib/libexpat.1.dylib
0x00007fff2bd31000 	/System/Library/PrivateFrameworks/AppleJPEG.framework/Versions/A/AppleJPEG
0x00007fff2893b000 	/System/Library/PrivateFrameworks/FontServices.framework/libFontParser.dylib
0x00007fff2660e000 	/System/Library/PrivateFrameworks/RunningBoardServices.framework/Versions/A/RunningBoardServices
0x00007fff2be5b000 	/System/Library/PrivateFrameworks/WatchdogClient.framework/Versions/A/WatchdogClient
0x00007fff219f9000 	/System/Library/Frameworks/CoreDisplay.framework/Versions/A/CoreDisplay
0x00007fff28850000 	/System/Library/Frameworks/CoreMedia.framework/Versions/A/CoreMedia
0x00007fff276da000 	/System/Library/Frameworks/CoreVideo.framework/Versions/A/CoreVideo
0x00007fff2be96000 	/System/Library/Frameworks/VideoToolbox.framework/Versions/A/VideoToolbox
0x00007fff2658e000 	/System/Library/PrivateFrameworks/BaseBoard.framework/Versions/A/BaseBoard
0x00007fff2b5db000 	/System/Library/PrivateFrameworks/PersistentConnection.framework/Versions/A/PersistentConnection
0x00007fff2632e000 	/System/Library/PrivateFrameworks/ProtocolBuffer.framework/Versions/A/ProtocolBuffer
0x00007fff26576000 	/System/Library/PrivateFrameworks/CommonUtilities.framework/Versions/A/CommonUtilities
0x00007fff2bcf4000 	/System/Library/PrivateFrameworks/Bom.framework/Versions/A/Bom
0x00007fff2c0c9000 	/System/Library/PrivateFrameworks/GPUWrangler.framework/Versions/A/GPUWrangler
0x00007fff2c0ac000 	/System/Library/PrivateFrameworks/IOPresentment.framework/Versions/A/IOPresentment
0x00007fff2c0d5000 	/System/Library/PrivateFrameworks/DSExternalDisplay.framework/Versions/A/DSExternalDisplay
0x00007fff2c135000 	/System/Library/PrivateFrameworks/CMCaptureCore.framework/Versions/A/CMCaptureCore
0x00007fff2ba77000 	/System/Library/PrivateFrameworks/AppServerSupport.framework/Versions/A/AppServerSupport
0x00007fff2db10000 	/System/Library/PrivateFrameworks/perfdata.framework/Versions/A/perfdata
0x00007fff2a045000 	/System/Library/PrivateFrameworks/AssertionServices.framework/Versions/A/AssertionServices
0x00007fff21b30000 	/System/Library/PrivateFrameworks/AudioToolboxCore.framework/Versions/A/AudioToolboxCore
0x00007fff28833000 	/System/Library/PrivateFrameworks/caulk.framework/Versions/A/caulk
0x00007fff3cfd5000 	/System/Library/PrivateFrameworks/SystemPolicy.framework/Versions/A/SystemPolicy
0x00007fff2b2a5000 	/usr/lib/libIOReport.dylib
0x00007fff2d34c000 	/usr/lib/libSMC.dylib
0x00007fff2bff5000 	/usr/lib/libAudioToolboxUtility.dylib
0x00007fff3d932000 	/usr/lib/libmis.dylib
0x00007fff6bcf0000 	/System/Library/Frameworks/OpenGL.framework/Versions/A/Libraries/libGLU.dylib
0x00007fff6bcb3000 	/System/Library/Frameworks/OpenGL.framework/Versions/A/Libraries/libGFXShared.dylib
0x00007fff6bec1000 	/System/Library/Frameworks/OpenGL.framework/Versions/A/Libraries/libGL.dylib
0x00007fff6bcbc000 	/System/Library/Frameworks/OpenGL.framework/Versions/A/Libraries/libGLImage.dylib
0x00007fff6bcb0000 	/System/Library/Frameworks/OpenGL.framework/Versions/A/Libraries/libCVMSPluginSupport.dylib
0x00007fff6bc9b000 	/System/Library/Frameworks/OpenGL.framework/Versions/A/Libraries/libCoreVMClient.dylib
0x00007fff6d30b000 	/System/Library/Frameworks/OpenCL.framework/Versions/A/OpenCL
0x00007fff2b604000 	/System/Library/PrivateFrameworks/GraphVisualizer.framework/Versions/A/GraphVisualizer
0x00007fff2b613000 	/System/Library/PrivateFrameworks/FaceCore.framework/Versions/A/FaceCore
0x00007fff2ba2f000 	/System/Library/PrivateFrameworks/OTSVG.framework/Versions/A/OTSVG
0x00007fff272cf000 	/System/Library/Frameworks/ApplicationServices.framework/Versions/A/Frameworks/ATS.framework/Versions/A/Resources/libFontRegistry.dylib
0x00007fff2ba7e000 	/System/Library/PrivateFrameworks/FontServices.framework/libhvf.dylib
0x00007fff2b442000 	/System/Library/PrivateFrameworks/AppleVA.framework/Versions/A/AppleVA
0x00007fff2d194000 	/System/Library/Frameworks/ApplicationServices.framework/Versions/A/Frameworks/ATS.framework/Versions/A/ATS
0x00007fff2d4a7000 	/System/Library/Frameworks/ApplicationServices.framework/Versions/A/Frameworks/ColorSyncLegacy.framework/Versions/A/ColorSyncLegacy
0x00007fff25b0c000 	/System/Library/Frameworks/ApplicationServices.framework/Versions/A/Frameworks/HIServices.framework/Versions/A/HIServices
0x00007fff2d48c000 	/System/Library/Frameworks/ApplicationServices.framework/Versions/A/Frameworks/LangAnalysis.framework/Versions/A/LangAnalysis
0x00007fff2c13f000 	/System/Library/Frameworks/ApplicationServices.framework/Versions/A/Frameworks/PrintCore.framework/Versions/A/PrintCore
0x00007fff2d4af000 	/System/Library/Frameworks/ApplicationServices.framework/Versions/A/Frameworks/QD.framework/Versions/A/QD
0x00007fff2d184000 	/System/Library/Frameworks/ApplicationServices.framework/Versions/A/Frameworks/SpeechSynthesis.framework/Versions/A/SpeechSynthesis
0x00007fff2c100000 	/System/Library/Frameworks/ApplicationServices.framework/Versions/A/Frameworks/ATSUI.framework/Versions/A/ATSUI
0x00007fff2d42c000 	/usr/lib/libcups.2.dylib
0x00007fff2d49c000 	/System/Library/PrivateFrameworks/NetAuth.framework/Versions/A/NetAuth
0x00007fff2db2b000 	/System/Library/Frameworks/Kerberos.framework/Versions/A/Kerberos
0x00007fff2db3b000 	/System/Library/Frameworks/GSS.framework/Versions/A/GSS
0x00007fff2d201000 	/usr/lib/libresolv.9.dylib
0x00007fff2ba94000 	/System/Library/PrivateFrameworks/Heimdal.framework/Versions/A/Heimdal
0x00007fff3380b000 	/System/Library/Frameworks/Kerberos.framework/Versions/A/Libraries/libHeimdalProxy.dylib
0x00007fff266db000 	/System/Library/Frameworks/Network.framework/Versions/A/Network
0x00007fff2b4b0000 	/usr/lib/libheimdal-asn1.dylib
0x00007fff2db8c000 	/System/Library/PrivateFrameworks/CommonAuth.framework/Versions/A/CommonAuth
0x00007fff27728000 	/System/Library/PrivateFrameworks/login.framework/Versions/A/Frameworks/loginsupport.framework/Versions/A/loginsupport
0x00007fff2d10b000 	/System/Library/PrivateFrameworks/AudioSession.framework/Versions/A/AudioSession
0x00007fff2d171000 	/usr/lib/libAudioStatistics.dylib
0x00007fff2b53c000 	/System/Library/PrivateFrameworks/MediaExperience.framework/Versions/A/MediaExperience
0x00007fff2cfa4000 	/System/Library/PrivateFrameworks/AudioSession.framework/libSessionUtility.dylib
0x00007fff2db1c000 	/usr/lib/libperfcheck.dylib
0x00007fff2d4bb000 	/System/Library/PrivateFrameworks/AudioResourceArbitration.framework/Versions/A/AudioResourceArbitration
0x00007fff2b4ba000 	/System/Library/PrivateFrameworks/IconFoundation.framework/Versions/A/IconFoundation
0x00007fff2ffc4000 	/System/Library/PrivateFrameworks/SpeechRecognitionCore.framework/Versions/A/SpeechRecognitionCore
0x00007fff581b0000 	/System/Library/CoreServices/Encodings/libLatin5Converter.dylib
0x0000000105000000 	/Users/macbook/Library/Java/JavaVirtualMachines/openjdk-21.0.1/Contents/Home/lib/server/libjvm.dylib
0x0000000102c34000 	/Users/macbook/Library/Java/JavaVirtualMachines/openjdk-21.0.1/Contents/Home/lib/libjimage.dylib
0x0000000102c46000 	/Users/macbook/Library/Java/JavaVirtualMachines/openjdk-21.0.1/Contents/Home/lib/libinstrument.dylib
0x0000000102c5a000 	/Users/macbook/Library/Java/JavaVirtualMachines/openjdk-21.0.1/Contents/Home/lib/libjava.dylib
0x0000000102ee4000 	/Users/macbook/Library/Java/JavaVirtualMachines/openjdk-21.0.1/Contents/Home/lib/libzip.dylib
0x0000000102ef8000 	/Users/macbook/Library/Java/JavaVirtualMachines/openjdk-21.0.1/Contents/Home/lib/libnio.dylib
0x0000000102f14000 	/Users/macbook/Library/Java/JavaVirtualMachines/openjdk-21.0.1/Contents/Home/lib/libnet.dylib
0x0000000102f28000 	/Users/macbook/Library/Java/JavaVirtualMachines/openjdk-21.0.1/Contents/Home/lib/libextnet.dylib
0x0000000102f38000 	/Users/macbook/Library/Java/JavaVirtualMachines/openjdk-21.0.1/Contents/Home/lib/libmanagement.dylib
0x0000000102f48000 	/Users/macbook/Library/Java/JavaVirtualMachines/openjdk-21.0.1/Contents/Home/lib/libmanagement_ext.dylib
0x0000000102f58000 	/Users/macbook/Library/Java/JavaVirtualMachines/openjdk-21.0.1/Contents/Home/lib/libverify.dylib


VM Arguments:
jvm_args: -javaagent:/Applications/IntelliJ IDEA CE.app/Contents/lib/idea_rt.jar=61840:/Applications/IntelliJ IDEA CE.app/Contents/bin -Dfile.encoding=UTF-8 -Dsun.stdout.encoding=UTF-8 -Dsun.stderr.encoding=UTF-8 
java_command: com.autorent.rentacar.RentacarApplication
java_class_path (initial): /Users/macbook/Documents/GitHub/rentacar/target/classes:/Users/macbook/.m2/repository/org/springframework/boot/spring-boot-starter-data-jpa/3.3.4/spring-boot-starter-data-jpa-3.3.4.jar:/Users/macbook/.m2/repository/org/springframework/boot/spring-boot-starter-aop/3.3.4/spring-boot-starter-aop-3.3.4.jar:/Users/macbook/.m2/repository/org/aspectj/aspectjweaver/1.9.22.1/aspectjweaver-1.9.22.1.jar:/Users/macbook/.m2/repository/org/springframework/boot/spring-boot-starter-jdbc/3.3.4/spring-boot-starter-jdbc-3.3.4.jar:/Users/macbook/.m2/repository/com/zaxxer/HikariCP/5.1.0/HikariCP-5.1.0.jar:/Users/macbook/.m2/repository/org/springframework/spring-jdbc/6.1.13/spring-jdbc-6.1.13.jar:/Users/macbook/.m2/repository/org/hibernate/orm/hibernate-core/6.5.3.Final/hibernate-core-6.5.3.Final.jar:/Users/macbook/.m2/repository/jakarta/persistence/jakarta.persistence-api/3.1.0/jakarta.persistence-api-3.1.0.jar:/Users/macbook/.m2/repository/jakarta/transaction/jakarta.transaction-api/2.0.1/jakarta.transaction-api-2.0.1.jar:/Users/macbook/.m2/repository/org/jboss/logging/jboss-logging/3.5.3.Final/jboss-logging-3.5.3.Final.jar:/Users/macbook/.m2/repository/org/hibernate/common/hibernate-commons-annotations/6.0.6.Final/hibernate-commons-annotations-6.0.6.Final.jar:/Users/macbook/.m2/repository/io/smallrye/jandex/3.1.2/jandex-3.1.2.jar:/Users/macbook/.m2/repository/com/fasterxml/classmate/1.7.0/classmate-1.7.0.jar:/Users/macbook/.m2/repository/net/bytebuddy/byte-buddy/1.14.19/byte-buddy-1.14.19.jar:/Users/macbook/.m2/repository/org/glassfish/jaxb/jaxb-runtime/4.0.5/jaxb-runtime-4.0.5.jar:/Users/macbook/.m2/repository/org/glassfish/jaxb/jaxb-core/4.0.5/jaxb-core-4.0.5.jar:/Users/macbook/.m2/repository/org/eclipse/angus/angus-activation/2.0.2/angus-activation-2.0.2.jar:/Users/macbook/.m2/repository/org/glassfish/jaxb/txw2/4.0.5/txw2-4.0.5.jar:/Users/macbook/.m2/repository/com/sun/istack/istack-commons-runtime/4.1.2/istack-commons-runtime-4.1.2.jar:/Users/macbook/.m2/repository/jakarta/inject/jakarta.inject-api/2.0.1/jakarta.inject-api-2.0.1.jar:/Users/macbook/.m2/repository/org/antlr/antlr4-runtime/4.13.0/antlr4-runtime-4.13.0.jar:/Users/macbook/.m2/repository/org/springframework/data/spring-data-jpa/3.3.4/spring-data-jpa-3.3.4.jar:/Users/macbook/.m2/repository/org/springframework/data/spring-data-commons/3.3.4/spring-data-commons-3.3.4.jar:/Users/macbook/.m2/repository/org/springframework/spring-orm/6.1.13/spring-orm-6.1.13.jar:/Users/macbook/.m2/repository/org/springframework/spring-context/6.1.13/spring-context-6.1.13.jar:/Users/macbook/.m2/repository/org/springframework/spring-tx/6.1.13/spring-tx-6.1.13.jar:/Users/macbook/.m2/repository/org/springframework/spring-beans/6.1.13/spring-beans-6.1.13.jar:/Users/macbook/.m2/repository/jakarta/annotation/jakarta.annotation-api/2.1.1/jakarta.annotation-api-2.1.1.jar:/Users/macbook/.m2/repository/org/slf4j/slf4j-api/2.0.16/slf4j-api-2.0.16.jar:/Users/macbook/.m2/repository/org/springframework/spring-aspects/6.1.13/spring-aspects-6.1.13.jar:/Users/macbook/.m2/repository/org/springframework/boot/spring-boot-starter-security/3.3.4/spring-boot-starter-security-3.3.4.jar:/Users/macbook/.m2/repository/org/springframework/boot/spring-boot-starter/3.3.4/spring-boot-starter-3.3.4.jar:/Users/macbook/.m2/repository/org/springframework/boot/spring-boot-starter-logging/3.3.4/spring-boot-starter-logging-3.3.4.jar:/Users/macbook/.m2/repository/ch/qos/logback/logback-classic/1.5.8/logback-classic-1.5.8.jar:/Users/macbook/.m2/repository/ch/qos/logback/logback-core/1.5.8/logback-core-1.5.8.jar:/Users/macbook/.m2/repository/org/apache/logging/log4j/log4j-to-slf4j/2.23.1/log4j-to-slf4j-2.23.1.jar:/Users/macbook/.m2/repository/org/apache/logging/log4j/log4j-api/2.23.1/log4j-api-2.23.1.jar:/Users/macbook/.m2/repository/org/slf4j/jul-to-slf4j/2.0.16/jul-to-slf4j-2.0.16.jar:/Users/macbook/.m2/repository/org/yaml/snakeyaml/2.2/snakeyaml-2.2.jar:/Users/macbook/.m2/repository/org/springframework/spring-aop/6.1.13/spring-aop-6.1.13.jar:/Users/macbook/.m2/repository/org/springframework/security/spring-security-config/6.3.3/spring-security-config-6.3.3.jar:/Users/macbook/.m2/repository/org/springframework/security/spring-security-web/6.3.3/spring-security-web-6.3.3.jar:/Users/macbook/.m2/repository/org/springframework/spring-expression/6.1.13/spring-expression-6.1.13.jar:/Users/macbook/.m2/repository/org/springframework/boot/spring-boot-starter-web/3.3.4/spring-boot-starter-web-3.3.4.jar:/Users/macbook/.m2/repository/org/springframework/boot/spring-boot-starter-json/3.3.4/spring-boot-starter-json-3.3.4.jar:/Users/macbook/.m2/repository/com/fasterxml/jackson/core/jackson-databind/2.17.2/jackson-databind-2.17.2.jar:/Users/macbook/.m2/repository/com/fasterxml/jackson/core/jackson-annotations/2.17.2/jackson-annotations-2.17.2.jar:/Users/macbook/.m2/repository/com/fasterxml/jackson/core/jackson-core/2.17.2/jackson-core-2.17.2.jar:/Users/macbook/.m2/repository/com/fasterxml/jackson/datatype/jackson-datatype-jdk8/2.17.2/jackson-datatype-jdk8-2.17.2.jar:/Users/macbook/.m2/repository/com/fasterxml/jackson/datatype/jackson-datatype-jsr310/2.17.2/jackson-datatype-jsr310-2.17.2.jar:/Users/macbook/.m2/repository/com/fasterxml/jackson/module/jackson-module-parameter-names/2.17.2/jackson-module-parameter-names-2.17.2.jar:/Users/macbook/.m2/repository/org/springframework/boot/spring-boot-starter-tomcat/3.3.4/spring-boot-starter-tomcat-3.3.4.jar:/Users/macbook/.m2/repository/org/apache/tomcat/embed/tomcat-embed-core/10.1.30/tomcat-embed-core-10.1.30.jar:/Users/macbook/.m2/repository/org/apache/tomcat/embed/tomcat-embed-el/10.1.30/tomcat-embed-el-10.1.30.jar:/Users/macbook/.m2/repository/org/apache/tomcat/embed/tomcat-embed-websocket/10.1.30/tomcat-embed-websocket-10.1.30.jar:/Users/macbook/.m2/repository/org/springframework/spring-web/6.1.13/spring-web-6.1.13.jar:/Users/macbook/.m2/repository/io/micrometer/micrometer-observation/1.13.4/micrometer-observation-1.13.4.jar:/Users/macbook/.m2/repository/io/micrometer/micrometer-commons/1.13.4/micrometer-commons-1.13.4.jar:/Users/macbook/.m2/repository/org/springframework/spring-webmvc/6.1.13/spring-webmvc-6.1.13.jar:/Users/macbook/.m2/repository/org/springframework/boot/spring-boot-devtools/3.3.4/spring-boot-devtools-3.3.4.jar:/Users/macbook/.m2/repository/org/springframework/boot/spring-boot/3.3.4/spring-boot-3.3.4.jar:/Users/macbook/.m2/repository/org/springframework/boot/spring-boot-autoconfigure/3.3.4/spring-boot-autoconfigure-3.3.4.jar:/Users/macbook/.m2/repository/org/postgresql/postgresql/42.7.4/postgresql-42.7.4.jar:/Users/macbook/.m2/repository/org/checkerframework/checker-qual/3.42.0/checker-qual-3.42.0.jar:/Users/macbook/.m2/repository/org/projectlombok/lombok/1.18.34/lombok-1.18.34.jar:/Users/macbook/.m2/repository/jakarta/xml/bind/jakarta.xml.bind-api/4.0.2/jakarta.xml.bind-api-4.0.2.jar:/Users/macbook/.m2/repository/jakarta/activation/jakarta.activation-api/2.1.3/jakarta.activation-api-2.1.3.jar:/Users/macbook/.m2/repository/org/springframework/spring-core/6.1.13/spring-core-6.1.13.jar:/Users/macbook/.m2/repository/org/springframework/spring-jcl/6.1.13/spring-jcl-6.1.13.jar:/Users/macbook/.m2/repository/org/springframework/security/spring-security-core/6.3.3/spring-security-core-6.3.3.jar:/Users/macbook/.m2/repository/org/springframework/security/spring-security-crypto/6.3.3/spring-security-crypto-6.3.3.jar:/Users/macbook/.m2/repository/org/springdoc/springdoc-openapi-starter-webmvc-ui/2.5.0/springdoc-openapi-starter-webmvc-ui-2.5.0.jar:/Users/macbook/.m2/repository/org/springdoc/springdoc-openapi-starter-webmvc-api/2.5.0/springdoc-openapi-starter-webmvc-api-2.5.0.jar:/Users/macbook/.m2/repository/org/springdoc/springdoc-openapi-starter-common/2.5.0/springdoc-openapi-starter-common-2.5.0.jar:/Users/macbook/.m2/repository/io/swagger/core/v3/swagger-core-jakarta/2.2.21/swagger-core-jakarta-2.2.21.jar:/Users/macbook/.m2/repository/org/apache/commons/commons-lang3/3.14.0/commons-lang3-3.14.0.jar:/Users/macbook/.m2/repository/io/swagger/core/v3/swagger-annotations-jakarta/2.2.21/swagger-annotations-jakarta-2.2.21.jar:/Users/macbook/.m2/repository/io/swagger/core/v3/swagger-models-jakarta/2.2.21/swagger-models-jakarta-2.2.21.jar:/Users/macbook/.m2/repository/jakarta/validation/jakarta.validation-api/3.0.2/jakarta.validation-api-3.0.2.jar:/Users/macbook/.m2/repository/com/fasterxml/jackson/dataformat/jackson-dataformat-yaml/2.17.2/jackson-dataformat-yaml-2.17.2.jar:/Users/macbook/.m2/repository/org/webjars/swagger-ui/5.13.0/swagger-ui-5.13.0.jar:/Users/macbook/.m2/repository/io/jsonwebtoken/jjwt/0.12.5/jjwt-0.12.5.jar:/Users/macbook/.m2/repository/io/jsonwebtoken/jjwt-api/0.12.5/jjwt-api-0.12.5.jar:/Users/macbook/.m2/repository/io/jsonwebtoken/jjwt-impl/0.12.5/jjwt-impl-0.12.5.jar:/Users/macbook/.m2/repository/io/jsonwebtoken/jjwt-jackson/0.12.5/jjwt-jackson-0.12.5.jar:/Users/macbook/.m2/repository/org/mapstruct/mapstruct/1.5.5.Final/mapstruct-1.5.5.Final.jar:/Users/macbook/.m2/repository/org/mapstruct/mapstruct-processor/1.5.5.Final/mapstruct-processor-1.5.5.Final.jar
Launcher Type: SUN_STANDARD

[Global flags]
     intx CICompilerCount                          = 3                                         {product} {ergonomic}
     uint ConcGCThreads                            = 1                                         {product} {ergonomic}
     uint G1ConcRefinementThreads                  = 4                                         {product} {ergonomic}
   size_t G1HeapRegionSize                         = 1048576                                   {product} {ergonomic}
    uintx GCDrainStackTargetSize                   = 64                                        {product} {ergonomic}
   size_t InitialHeapSize                          = 67108864                                  {product} {ergonomic}
   size_t MarkStackSize                            = 4194304                                   {product} {ergonomic}
   size_t MaxHeapSize                              = 1073741824                                {product} {ergonomic}
   size_t MaxNewSize                               = 643825664                                 {product} {ergonomic}
   size_t MinHeapDeltaBytes                        = 1048576                                   {product} {ergonomic}
   size_t MinHeapSize                              = 8388608                                   {product} {ergonomic}
    uintx NonNMethodCodeHeapSize                   = 5832780                                {pd product} {ergonomic}
    uintx NonProfiledCodeHeapSize                  = 122912730                              {pd product} {ergonomic}
    uintx ProfiledCodeHeapSize                     = 122912730                              {pd product} {ergonomic}
    uintx ReservedCodeCacheSize                    = 251658240                              {pd product} {ergonomic}
     bool SegmentedCodeCache                       = true                                      {product} {ergonomic}
   size_t SoftMaxHeapSize                          = 1073741824                             {manageable} {ergonomic}
     bool UseCompressedOops                        = true                           {product lp64_product} {ergonomic}
     bool UseG1GC                                  = true                                      {product} {ergonomic}
     bool UseNUMA                                  = false                                     {product} {ergonomic}
     bool UseNUMAInterleaving                      = false                                     {product} {ergonomic}

Logging:
Log output configuration:
 #0: stdout all=warning uptime,level,tags foldmultilines=false
 #1: stderr all=off uptime,level,tags foldmultilines=false

Environment Variables:
PATH=/usr/local/bin:/usr/bin:/bin:/usr/sbin:/sbin
SHELL=/bin/zsh
LC_CTYPE=tr_TR.UTF-8
TMPDIR=/var/folders/yn/mjsqfk5x02l160hpbybc80ch0000gn/T/

Active Locale:
LC_ALL=C/tr_TR.UTF-8/C/C/C/C
LC_COLLATE=C
LC_CTYPE=tr_TR.UTF-8
LC_MESSAGES=C
LC_MONETARY=C
LC_NUMERIC=C
LC_TIME=C

Signal Handlers:
   SIGSEGV: crash_handler in libjvm.dylib, mask=11100110000111110111111111111111, flags=SA_ONSTACK|SA_RESTART|SA_SIGINFO, unblocked
    SIGBUS: crash_handler in libjvm.dylib, mask=11100110000111110111111111111111, flags=SA_RESTART|SA_SIGINFO, unblocked
    SIGFPE: crash_handler in libjvm.dylib, mask=11100110000111110111111111111111, flags=SA_RESTART|SA_SIGINFO, unblocked
   SIGPIPE: javaSignalHandler in libjvm.dylib, mask=11100110000111110111111111111111, flags=SA_RESTART|SA_SIGINFO, blocked
   SIGXFSZ: javaSignalHandler in libjvm.dylib, mask=11100110000111110111111111111111, flags=SA_RESTART|SA_SIGINFO, blocked
    SIGILL: crash_handler in libjvm.dylib, mask=11100110000111110111111111111111, flags=SA_RESTART|SA_SIGINFO, unblocked
   SIGUSR2: SR_handler in libjvm.dylib, mask=00000000000000000000000000000000, flags=SA_RESTART|SA_SIGINFO, blocked
    SIGHUP: UserHandler in libjvm.dylib, mask=11100110000111110111111111111111, flags=SA_RESTART|SA_SIGINFO, blocked
    SIGINT: UserHandler in libjvm.dylib, mask=11100110000111110111111111111111, flags=SA_RESTART|SA_SIGINFO, blocked
   SIGTERM: UserHandler in libjvm.dylib, mask=11100110000111110111111111111111, flags=SA_RESTART|SA_SIGINFO, blocked
   SIGQUIT: UserHandler in libjvm.dylib, mask=11100110000111110111111111111111, flags=SA_RESTART|SA_SIGINFO, blocked
   SIGTRAP: crash_handler in libjvm.dylib, mask=11100110000111110111111111111111, flags=SA_RESTART|SA_SIGINFO, unblocked


Periodic native trim disabled

---------------  S Y S T E M  ---------------

OS:
uname: Darwin 20.6.0 Darwin Kernel Version 20.6.0: Thu Jul  6 22:12:47 PDT 2023; root:xnu-7195.141.49.702.12~1/RELEASE_X86_64 x86_64
OS uptime: 0 days 16:43 hours
rlimit (soft/hard): STACK 8192k/65532k , CORE 0k/infinity , NPROC 1392/2088 , NOFILE 10240/infinity , AS infinity/infinity , CPU infinity/infinity , DATA infinity/infinity , FSIZE infinity/infinity , MEMLOCK infinity/infinity , RSS infinity/infinity
load average: 6.95 8.02 7.61

CPU: total 4 (initial active 4) (2 cores per cpu, 2 threads per core) family 6 model 69 stepping 1 microcode 0x26, cx8, cmov, fxsr, ht, mmx, sse, sse2, sse3, ssse3, sse4.1, sse4.2, popcnt, lzcnt, tsc, tscinvbit, avx, avx2, aes, erms, clmul, bmi1, bmi2, fma, vzeroupper, clflush, rdtscp, f16c
machdep.cpu.brand_string:Intel(R) Core(TM) i5-4260U CPU @ 1.40GHz
hw.cpufrequency:1400000000
hw.cpufrequency_min:1400000000
hw.cpufrequency_max:1400000000
hw.cachelinesize:64
hw.l1icachesize:32768
hw.l1dcachesize:32768
hw.l2cachesize:262144
hw.l3cachesize:3145728

Memory: 4k page, physical 4194304k(76936k free), swap 3145728k(1331200k free)

vm_info: OpenJDK 64-Bit Server VM (21.0.1+12-29) for bsd-amd64 JRE (21.0.1+12-29), built on 2023-10-05T13:27:09Z by "mach5one" with clang Apple LLVM 12.0.0 (clang-1200.0.32.29)

END.
